2025-01-23 18:14:16,191 - AITerm - INFO - logger:48 - Logger initialized. Log file: logs/aiterm_20250123_181416.log
2025-01-23 18:14:31,159 - AITerm - INFO - logger:54 - Executing command: ls
2025-01-23 18:14:31,159 - AITerm - DEBUG - logger:51 - Added command to history. Total commands: 1
2025-01-23 18:14:40,756 - AITerm - INFO - logger:54 - Executing command: more requirements
2025-01-23 18:14:40,757 - AITerm - DEBUG - logger:51 - Added command to history. Total commands: 2
2025-01-23 18:14:40,758 - AITerm - INFO - logger:54 - Starting interactive mode for command: more requirements
2025-01-23 18:14:40,758 - AITerm - DEBUG - logger:51 - Starting PTY mode with command: more requirements
2025-01-23 18:14:40,759 - AITerm - INFO - logger:54 - Initializing PseudoTerminal
2025-01-23 18:14:40,759 - AITerm - DEBUG - logger:51 - Starting PTY with command: more requirements
2025-01-23 18:14:40,770 - AITerm - DEBUG - logger:51 - PTY started successfully
2025-01-23 18:14:40,784 - AITerm - DEBUG - logger:51 - Stopping pseudo-terminal
2025-01-23 18:14:40,784 - AITerm - DEBUG - logger:51 - Attempting graceful process termination
2025-01-23 18:14:40,784 - AITerm - DEBUG - logger:51 - Process terminated gracefully
2025-01-23 18:14:40,784 - AITerm - DEBUG - logger:51 - Closed master file descriptor
2025-01-23 18:14:40,785 - AITerm - DEBUG - logger:51 - PTY process exited
2025-01-23 18:14:50,429 - AITerm - INFO - logger:54 - Executing command: cd home
2025-01-23 18:14:50,429 - AITerm - DEBUG - logger:51 - Added command to history. Total commands: 3
2025-01-23 18:14:50,430 - AITerm - DEBUG - logger:51 - Interpreted cd command: cd ~
2025-01-23 18:14:52,849 - AITerm - INFO - logger:54 - Executing command: pwd
2025-01-23 18:14:52,850 - AITerm - DEBUG - logger:51 - Added command to history. Total commands: 4
2025-01-23 18:14:56,067 - AITerm - INFO - logger:54 - Executing command: cd root
2025-01-23 18:14:56,067 - AITerm - DEBUG - logger:51 - Added command to history. Total commands: 5
2025-01-23 18:14:56,068 - AITerm - DEBUG - logger:51 - Interpreted cd command: cd /
2025-01-23 18:15:10,702 - AITerm - INFO - logger:54 - Executing command: cd
2025-01-23 18:15:10,702 - AITerm - DEBUG - logger:51 - Added command to history. Total commands: 6
2025-01-23 18:15:10,703 - AITerm - DEBUG - logger:51 - Interpreted cd command: cd ~
