2025-01-23 20:33:58,323 - AITerm - INFO - logger:48 - Logger initialized. Log file: logs/aiterm_20250123_203358.log
2025-01-23 20:33:58,537 - AITerm - INFO - logger:54 - Initialized TerminalCompleter with 46 commands
2025-01-23 20:33:58,537 - AITerm - INFO - logger:54 - Initializing SuggestionDropdown
2025-01-23 20:33:58,567 - AITerm - INFO - logger:54 - SuggestionDropdown initialized and hidden
2025-01-23 20:34:02,373 - AITerm - DEBUG - logger:51 - Key released: p, current text: pw
2025-01-23 20:34:02,373 - AITerm - INFO - logger:54 - Updating suggestions for text: 'pw'
2025-01-23 20:34:02,373 - AITerm - INFO - logger:54 - Getting suggestions for text: 'pw'
2025-01-23 20:34:02,373 - AITerm - INFO - logger:54 - Prefix matches for 'pw': ['pwd']
2025-01-23 20:34:02,374 - AITerm - INFO - logger:54 - Fuzzy matches for 'pw': ['pwd', 'wc', 'ps', 'cp']
2025-01-23 20:34:02,374 - AITerm - INFO - logger:54 - New fuzzy matches: ['wc', 'ps', 'cp']
2025-01-23 20:34:02,374 - AITerm - INFO - logger:54 - Final suggestions: ['pwd', 'wc', 'ps', 'cp']
2025-01-23 20:34:02,374 - AITerm - INFO - logger:54 - Got suggestions: ['pwd', 'wc', 'ps', 'cp']
2025-01-23 20:34:02,374 - AITerm - INFO - logger:54 - Showing dropdown with 4 suggestions at (134, 672)
2025-01-23 20:34:02,374 - AITerm - INFO - logger:54 - Setting geometry to: 1x1+34+59
2025-01-23 20:34:02,379 - AITerm - INFO - logger:54 - Dropdown shown and configured
2025-01-23 20:34:02,551 - AITerm - DEBUG - logger:51 - Key released: w, current text: pwd
2025-01-23 20:34:02,551 - AITerm - INFO - logger:54 - Updating suggestions for text: 'pwd'
2025-01-23 20:34:02,551 - AITerm - INFO - logger:54 - Getting suggestions for text: 'pwd'
2025-01-23 20:34:02,551 - AITerm - INFO - logger:54 - Prefix matches for 'pwd': ['pwd']
2025-01-23 20:34:02,552 - AITerm - INFO - logger:54 - Fuzzy matches for 'pwd': ['pwd', 'wc', 'ps', 'du']
2025-01-23 20:34:02,552 - AITerm - INFO - logger:54 - New fuzzy matches: ['wc', 'ps', 'du']
2025-01-23 20:34:02,552 - AITerm - INFO - logger:54 - Final suggestions: ['pwd', 'wc', 'ps', 'du']
2025-01-23 20:34:02,552 - AITerm - INFO - logger:54 - Got suggestions: ['pwd', 'wc', 'ps', 'du']
2025-01-23 20:34:02,552 - AITerm - INFO - logger:54 - Showing dropdown with 4 suggestions at (134, 672)
2025-01-23 20:34:02,553 - AITerm - INFO - logger:54 - Setting geometry to: 404x184+134+672
2025-01-23 20:34:02,554 - AITerm - INFO - logger:54 - Dropdown shown and configured
2025-01-23 20:34:02,607 - AITerm - DEBUG - logger:51 - Key released: d, current text: pwd
2025-01-23 20:34:02,607 - AITerm - INFO - logger:54 - Updating suggestions for text: 'pwd'
2025-01-23 20:34:02,607 - AITerm - INFO - logger:54 - Getting suggestions for text: 'pwd'
2025-01-23 20:34:02,607 - AITerm - INFO - logger:54 - Prefix matches for 'pwd': ['pwd']
2025-01-23 20:34:02,607 - AITerm - INFO - logger:54 - Fuzzy matches for 'pwd': ['pwd', 'wc', 'ps', 'du']
2025-01-23 20:34:02,607 - AITerm - INFO - logger:54 - New fuzzy matches: ['wc', 'ps', 'du']
2025-01-23 20:34:02,607 - AITerm - INFO - logger:54 - Final suggestions: ['pwd', 'wc', 'ps', 'du']
2025-01-23 20:34:02,607 - AITerm - INFO - logger:54 - Got suggestions: ['pwd', 'wc', 'ps', 'du']
2025-01-23 20:34:02,607 - AITerm - INFO - logger:54 - Showing dropdown with 4 suggestions at (134, 672)
2025-01-23 20:34:02,608 - AITerm - INFO - logger:54 - Setting geometry to: 404x184+134+672
2025-01-23 20:34:02,609 - AITerm - INFO - logger:54 - Dropdown shown and configured
2025-01-23 20:34:02,619 - AITerm - INFO - logger:54 - Hiding dropdown
2025-01-23 20:34:03,340 - AITerm - INFO - logger:54 - Interpreted command 'pwd' as 'pwd'
2025-01-23 20:34:03,341 - AITerm - INFO - logger:54 - Executing command: pwd in /Volumes/wd/code/Python/AITerm
2025-01-23 20:34:03,357 - AITerm - DEBUG - logger:51 - Command stdout: /Volumes/wd/code/Python/AITerm

2025-01-23 20:34:03,357 - AITerm - DEBUG - logger:51 - Command stderr: 
2025-01-23 20:34:03,359 - AITerm - DEBUG - logger:51 - Key released: Return, current text: 
2025-01-23 20:34:03,359 - AITerm - INFO - logger:54 - Updating suggestions for text: ''
2025-01-23 20:34:03,359 - AITerm - INFO - logger:54 - No text to get suggestions for
2025-01-23 20:34:03,359 - AITerm - INFO - logger:54 - Got suggestions: []
2025-01-23 20:34:05,870 - AITerm - DEBUG - logger:51 - Key released: o, current text: go
2025-01-23 20:34:05,870 - AITerm - INFO - logger:54 - Updating suggestions for text: 'go'
2025-01-23 20:34:05,870 - AITerm - INFO - logger:54 - Getting suggestions for text: 'go'
2025-01-23 20:34:05,870 - AITerm - INFO - logger:54 - Prefix matches for 'go': []
2025-01-23 20:34:05,870 - AITerm - INFO - logger:54 - Fuzzy matches for 'go': ['top', 'git', 'wget', 'sort', 'ping']
2025-01-23 20:34:05,871 - AITerm - INFO - logger:54 - New fuzzy matches: ['top', 'git', 'wget', 'sort', 'ping']
2025-01-23 20:34:05,871 - AITerm - INFO - logger:54 - Final suggestions: ['top', 'git', 'wget', 'sort', 'ping']
2025-01-23 20:34:05,871 - AITerm - INFO - logger:54 - Got suggestions: ['top', 'git', 'wget', 'sort', 'ping']
2025-01-23 20:34:05,871 - AITerm - INFO - logger:54 - Showing dropdown with 5 suggestions at (134, 672)
2025-01-23 20:34:05,871 - AITerm - INFO - logger:54 - Setting geometry to: 404x184+134+672
2025-01-23 20:34:05,875 - AITerm - INFO - logger:54 - Dropdown shown and configured
2025-01-23 20:34:05,880 - AITerm - DEBUG - logger:51 - Key released: g, current text: go
2025-01-23 20:34:05,880 - AITerm - INFO - logger:54 - Updating suggestions for text: 'go'
2025-01-23 20:34:05,880 - AITerm - INFO - logger:54 - Getting suggestions for text: 'go'
2025-01-23 20:34:05,880 - AITerm - INFO - logger:54 - Prefix matches for 'go': []
2025-01-23 20:34:05,881 - AITerm - INFO - logger:54 - Fuzzy matches for 'go': ['top', 'git', 'wget', 'sort', 'ping']
2025-01-23 20:34:05,881 - AITerm - INFO - logger:54 - New fuzzy matches: ['top', 'git', 'wget', 'sort', 'ping']
2025-01-23 20:34:05,881 - AITerm - INFO - logger:54 - Final suggestions: ['top', 'git', 'wget', 'sort', 'ping']
2025-01-23 20:34:05,881 - AITerm - INFO - logger:54 - Got suggestions: ['top', 'git', 'wget', 'sort', 'ping']
2025-01-23 20:34:05,881 - AITerm - INFO - logger:54 - Showing dropdown with 5 suggestions at (134, 672)
2025-01-23 20:34:05,882 - AITerm - INFO - logger:54 - Setting geometry to: 404x184+134+672
2025-01-23 20:34:05,883 - AITerm - INFO - logger:54 - Dropdown shown and configured
2025-01-23 20:34:06,118 - AITerm - DEBUG - logger:51 - Key released: space, current text: go 
2025-01-23 20:34:06,118 - AITerm - INFO - logger:54 - Updating suggestions for text: 'go '
2025-01-23 20:34:06,118 - AITerm - INFO - logger:54 - Getting suggestions for text: 'go'
2025-01-23 20:34:06,118 - AITerm - INFO - logger:54 - Prefix matches for 'go': []
2025-01-23 20:34:06,118 - AITerm - INFO - logger:54 - Fuzzy matches for 'go': ['top', 'git', 'wget', 'sort', 'ping']
2025-01-23 20:34:06,118 - AITerm - INFO - logger:54 - New fuzzy matches: ['top', 'git', 'wget', 'sort', 'ping']
2025-01-23 20:34:06,118 - AITerm - INFO - logger:54 - Final suggestions: ['top', 'git', 'wget', 'sort', 'ping']
2025-01-23 20:34:06,118 - AITerm - INFO - logger:54 - Got suggestions: ['top', 'git', 'wget', 'sort', 'ping']
2025-01-23 20:34:06,118 - AITerm - INFO - logger:54 - Showing dropdown with 5 suggestions at (134, 672)
2025-01-23 20:34:06,120 - AITerm - INFO - logger:54 - Setting geometry to: 404x184+134+672
2025-01-23 20:34:06,121 - AITerm - INFO - logger:54 - Dropdown shown and configured
2025-01-23 20:34:06,275 - AITerm - DEBUG - logger:51 - Key released: t, current text: go to
2025-01-23 20:34:06,275 - AITerm - INFO - logger:54 - Updating suggestions for text: 'go to'
2025-01-23 20:34:06,275 - AITerm - INFO - logger:54 - Getting suggestions for text: 'go'
2025-01-23 20:34:06,275 - AITerm - INFO - logger:54 - Trying path completion for: ./to*
2025-01-23 20:34:06,276 - AITerm - INFO - logger:54 - Final suggestions: []
2025-01-23 20:34:06,276 - AITerm - INFO - logger:54 - Got suggestions: []
2025-01-23 20:34:06,276 - AITerm - INFO - logger:54 - Hiding dropdown
2025-01-23 20:34:06,320 - AITerm - DEBUG - logger:51 - Key released: o, current text: go to
2025-01-23 20:34:06,320 - AITerm - INFO - logger:54 - Updating suggestions for text: 'go to'
2025-01-23 20:34:06,320 - AITerm - INFO - logger:54 - Getting suggestions for text: 'go'
2025-01-23 20:34:06,320 - AITerm - INFO - logger:54 - Trying path completion for: ./to*
2025-01-23 20:34:06,320 - AITerm - INFO - logger:54 - Final suggestions: []
2025-01-23 20:34:06,320 - AITerm - INFO - logger:54 - Got suggestions: []
2025-01-23 20:34:06,556 - AITerm - DEBUG - logger:51 - Key released: space, current text: go to 
2025-01-23 20:34:06,556 - AITerm - INFO - logger:54 - Updating suggestions for text: 'go to '
2025-01-23 20:34:06,556 - AITerm - INFO - logger:54 - Getting suggestions for text: 'go'
2025-01-23 20:34:06,557 - AITerm - INFO - logger:54 - Trying path completion for: ./to*
2025-01-23 20:34:06,557 - AITerm - INFO - logger:54 - Final suggestions: []
2025-01-23 20:34:06,557 - AITerm - INFO - logger:54 - Got suggestions: []
2025-01-23 20:34:06,736 - AITerm - DEBUG - logger:51 - Key released: h, current text: go to ho
2025-01-23 20:34:06,737 - AITerm - INFO - logger:54 - Updating suggestions for text: 'go to ho'
2025-01-23 20:34:06,737 - AITerm - INFO - logger:54 - Getting suggestions for text: 'go'
2025-01-23 20:34:06,737 - AITerm - INFO - logger:54 - Trying path completion for: ./ho*
2025-01-23 20:34:06,737 - AITerm - INFO - logger:54 - Final suggestions: []
2025-01-23 20:34:06,737 - AITerm - INFO - logger:54 - Got suggestions: []
2025-01-23 20:34:06,893 - AITerm - DEBUG - logger:51 - Key released: o, current text: go to hom
2025-01-23 20:34:06,893 - AITerm - INFO - logger:54 - Updating suggestions for text: 'go to hom'
2025-01-23 20:34:06,893 - AITerm - INFO - logger:54 - Getting suggestions for text: 'go'
2025-01-23 20:34:06,893 - AITerm - INFO - logger:54 - Trying path completion for: ./hom*
2025-01-23 20:34:06,894 - AITerm - INFO - logger:54 - Final suggestions: []
2025-01-23 20:34:06,894 - AITerm - INFO - logger:54 - Got suggestions: []
2025-01-23 20:34:06,995 - AITerm - DEBUG - logger:51 - Key released: m, current text: go to hom
2025-01-23 20:34:06,995 - AITerm - INFO - logger:54 - Updating suggestions for text: 'go to hom'
2025-01-23 20:34:06,995 - AITerm - INFO - logger:54 - Getting suggestions for text: 'go'
2025-01-23 20:34:06,995 - AITerm - INFO - logger:54 - Trying path completion for: ./hom*
2025-01-23 20:34:06,996 - AITerm - INFO - logger:54 - Final suggestions: []
2025-01-23 20:34:06,996 - AITerm - INFO - logger:54 - Got suggestions: []
2025-01-23 20:34:07,175 - AITerm - DEBUG - logger:51 - Key released: e, current text: go to home
2025-01-23 20:34:07,175 - AITerm - INFO - logger:54 - Updating suggestions for text: 'go to home'
2025-01-23 20:34:07,175 - AITerm - INFO - logger:54 - Getting suggestions for text: 'go'
2025-01-23 20:34:07,175 - AITerm - INFO - logger:54 - Trying path completion for: ./home*
2025-01-23 20:34:07,175 - AITerm - INFO - logger:54 - Final suggestions: []
2025-01-23 20:34:07,176 - AITerm - INFO - logger:54 - Got suggestions: []
2025-01-23 20:34:07,333 - AITerm - DEBUG - logger:51 - Key released: space, current text: go to home 
2025-01-23 20:34:07,333 - AITerm - INFO - logger:54 - Updating suggestions for text: 'go to home '
2025-01-23 20:34:07,333 - AITerm - INFO - logger:54 - Getting suggestions for text: 'go'
2025-01-23 20:34:07,333 - AITerm - INFO - logger:54 - Trying path completion for: ./home*
2025-01-23 20:34:07,333 - AITerm - INFO - logger:54 - Final suggestions: []
2025-01-23 20:34:07,333 - AITerm - INFO - logger:54 - Got suggestions: []
2025-01-23 20:34:07,579 - AITerm - DEBUG - logger:51 - Key released: d, current text: go to home di
2025-01-23 20:34:07,579 - AITerm - INFO - logger:54 - Updating suggestions for text: 'go to home di'
2025-01-23 20:34:07,579 - AITerm - INFO - logger:54 - Getting suggestions for text: 'go'
2025-01-23 20:34:07,579 - AITerm - INFO - logger:54 - Trying path completion for: ./di*
2025-01-23 20:34:07,580 - AITerm - INFO - logger:54 - Final suggestions: []
2025-01-23 20:34:07,580 - AITerm - INFO - logger:54 - Got suggestions: []
2025-01-23 20:34:07,648 - AITerm - DEBUG - logger:51 - Key released: i, current text: go to home di
2025-01-23 20:34:07,648 - AITerm - INFO - logger:54 - Updating suggestions for text: 'go to home di'
2025-01-23 20:34:07,648 - AITerm - INFO - logger:54 - Getting suggestions for text: 'go'
2025-01-23 20:34:07,648 - AITerm - INFO - logger:54 - Trying path completion for: ./di*
2025-01-23 20:34:07,648 - AITerm - INFO - logger:54 - Final suggestions: []
2025-01-23 20:34:07,648 - AITerm - INFO - logger:54 - Got suggestions: []
2025-01-23 20:34:07,850 - AITerm - DEBUG - logger:51 - Key released: r, current text: go to home dire
2025-01-23 20:34:07,850 - AITerm - INFO - logger:54 - Updating suggestions for text: 'go to home dire'
2025-01-23 20:34:07,850 - AITerm - INFO - logger:54 - Getting suggestions for text: 'go'
2025-01-23 20:34:07,850 - AITerm - INFO - logger:54 - Trying path completion for: ./dire*
2025-01-23 20:34:07,851 - AITerm - INFO - logger:54 - Final suggestions: []
2025-01-23 20:34:07,851 - AITerm - INFO - logger:54 - Got suggestions: []
2025-01-23 20:34:07,883 - AITerm - DEBUG - logger:51 - Key released: e, current text: go to home dire
2025-01-23 20:34:07,883 - AITerm - INFO - logger:54 - Updating suggestions for text: 'go to home dire'
2025-01-23 20:34:07,883 - AITerm - INFO - logger:54 - Getting suggestions for text: 'go'
2025-01-23 20:34:07,883 - AITerm - INFO - logger:54 - Trying path completion for: ./dire*
2025-01-23 20:34:07,883 - AITerm - INFO - logger:54 - Final suggestions: []
2025-01-23 20:34:07,883 - AITerm - INFO - logger:54 - Got suggestions: []
2025-01-23 20:34:08,087 - AITerm - DEBUG - logger:51 - Key released: c, current text: go to home direc
2025-01-23 20:34:08,087 - AITerm - INFO - logger:54 - Updating suggestions for text: 'go to home direc'
2025-01-23 20:34:08,088 - AITerm - INFO - logger:54 - Getting suggestions for text: 'go'
2025-01-23 20:34:08,088 - AITerm - INFO - logger:54 - Trying path completion for: ./direc*
2025-01-23 20:34:08,088 - AITerm - INFO - logger:54 - Final suggestions: []
2025-01-23 20:34:08,088 - AITerm - INFO - logger:54 - Got suggestions: []
2025-01-23 20:34:08,289 - AITerm - DEBUG - logger:51 - Key released: t, current text: go to home directo
2025-01-23 20:34:08,289 - AITerm - INFO - logger:54 - Updating suggestions for text: 'go to home directo'
2025-01-23 20:34:08,289 - AITerm - INFO - logger:54 - Getting suggestions for text: 'go'
2025-01-23 20:34:08,289 - AITerm - INFO - logger:54 - Trying path completion for: ./directo*
2025-01-23 20:34:08,290 - AITerm - INFO - logger:54 - Final suggestions: []
2025-01-23 20:34:08,290 - AITerm - INFO - logger:54 - Got suggestions: []
2025-01-23 20:34:08,390 - AITerm - DEBUG - logger:51 - Key released: o, current text: go to home director
2025-01-23 20:34:08,390 - AITerm - INFO - logger:54 - Updating suggestions for text: 'go to home director'
2025-01-23 20:34:08,390 - AITerm - INFO - logger:54 - Getting suggestions for text: 'go'
2025-01-23 20:34:08,390 - AITerm - INFO - logger:54 - Trying path completion for: ./director*
2025-01-23 20:34:08,391 - AITerm - INFO - logger:54 - Final suggestions: []
2025-01-23 20:34:08,391 - AITerm - INFO - logger:54 - Got suggestions: []
2025-01-23 20:34:08,536 - AITerm - DEBUG - logger:51 - Key released: r, current text: go to home director
2025-01-23 20:34:08,536 - AITerm - INFO - logger:54 - Updating suggestions for text: 'go to home director'
2025-01-23 20:34:08,536 - AITerm - INFO - logger:54 - Getting suggestions for text: 'go'
2025-01-23 20:34:08,537 - AITerm - INFO - logger:54 - Trying path completion for: ./director*
2025-01-23 20:34:08,537 - AITerm - INFO - logger:54 - Final suggestions: []
2025-01-23 20:34:08,537 - AITerm - INFO - logger:54 - Got suggestions: []
2025-01-23 20:34:08,693 - AITerm - DEBUG - logger:51 - Key released: y, current text: go to home directory
2025-01-23 20:34:08,693 - AITerm - INFO - logger:54 - Updating suggestions for text: 'go to home directory'
2025-01-23 20:34:08,693 - AITerm - INFO - logger:54 - Getting suggestions for text: 'go'
2025-01-23 20:34:08,694 - AITerm - INFO - logger:54 - Trying path completion for: ./directory*
2025-01-23 20:34:08,694 - AITerm - INFO - logger:54 - Final suggestions: []
2025-01-23 20:34:08,694 - AITerm - INFO - logger:54 - Got suggestions: []
2025-01-23 20:34:09,486 - AITerm - INFO - logger:54 - Interpreted command 'go to home directory' as 'cd /Users/daryl'
2025-01-23 20:34:09,486 - AITerm - INFO - logger:54 - Executing command: cd /Users/daryl in /Volumes/wd/code/Python/AITerm
2025-01-23 20:34:09,505 - AITerm - DEBUG - logger:51 - Command stdout: 
2025-01-23 20:34:09,505 - AITerm - DEBUG - logger:51 - Command stderr: 
2025-01-23 20:34:09,506 - AITerm - DEBUG - logger:51 - Key released: Return, current text: 
2025-01-23 20:34:09,507 - AITerm - INFO - logger:54 - Updating suggestions for text: ''
2025-01-23 20:34:09,507 - AITerm - INFO - logger:54 - No text to get suggestions for
2025-01-23 20:34:09,507 - AITerm - INFO - logger:54 - Got suggestions: []
