2025-01-23 19:09:44,644 - AITerm - INFO - logger:48 - Logger initialized. Log file: logs/aiterm_20250123_190944.log
2025-01-23 19:09:44,936 - AITerm - INFO - logger:54 - Initialized TerminalCompleter with 46 commands
2025-01-23 19:09:44,936 - AITerm - INFO - logger:54 - Initializing SuggestionDropdown
2025-01-23 19:09:44,969 - AITerm - INFO - logger:54 - SuggestionDropdown initialized and hidden
2025-01-23 19:09:46,776 - AITerm - DEBUG - logger:51 - Key released: s, current text: sh
2025-01-23 19:09:46,776 - AITerm - INFO - logger:54 - Updating suggestions for text: 'sh'
2025-01-23 19:09:46,776 - AITerm - INFO - logger:54 - Getting suggestions for text: 'sh'
2025-01-23 19:09:46,776 - AITerm - INFO - logger:54 - Prefix matches for 'sh': []
2025-01-23 19:09:46,776 - AITerm - INFO - logger:54 - Fuzzy matches for 'sh': ['ssh', 'ps', 'ls', 'svn', 'sed']
2025-01-23 19:09:46,776 - AITerm - INFO - logger:54 - New fuzzy matches: ['ssh', 'ps', 'ls', 'svn', 'sed']
2025-01-23 19:09:46,776 - AITerm - INFO - logger:54 - Final suggestions: ['ssh', 'ps', 'ls', 'svn', 'sed']
2025-01-23 19:09:46,776 - AITerm - INFO - logger:54 - Got suggestions: ['ssh', 'ps', 'ls', 'svn', 'sed']
2025-01-23 19:09:46,776 - AITerm - INFO - logger:54 - Showing dropdown with 5 suggestions at (134, 672)
2025-01-23 19:09:46,777 - AITerm - INFO - logger:54 - Setting geometry to: 1x1+34+59
2025-01-23 19:09:46,782 - AITerm - INFO - logger:54 - Dropdown shown and configured
2025-01-23 19:09:46,877 - AITerm - DEBUG - logger:51 - Key released: h, current text: sho
2025-01-23 19:09:46,877 - AITerm - INFO - logger:54 - Updating suggestions for text: 'sho'
2025-01-23 19:09:46,877 - AITerm - INFO - logger:54 - Getting suggestions for text: 'sho'
2025-01-23 19:09:46,877 - AITerm - INFO - logger:54 - Prefix matches for 'sho': []
2025-01-23 19:09:46,877 - AITerm - INFO - logger:54 - Fuzzy matches for 'sho': ['ssh', 'sort', 'echo', 'python', 'ps']
2025-01-23 19:09:46,877 - AITerm - INFO - logger:54 - New fuzzy matches: ['ssh', 'sort', 'echo', 'python', 'ps']
2025-01-23 19:09:46,877 - AITerm - INFO - logger:54 - Final suggestions: ['ssh', 'sort', 'echo', 'python', 'ps']
2025-01-23 19:09:46,877 - AITerm - INFO - logger:54 - Got suggestions: ['ssh', 'sort', 'echo', 'python', 'ps']
2025-01-23 19:09:46,877 - AITerm - INFO - logger:54 - Showing dropdown with 5 suggestions at (134, 672)
2025-01-23 19:09:46,879 - AITerm - INFO - logger:54 - Setting geometry to: 404x184+134+672
2025-01-23 19:09:46,880 - AITerm - INFO - logger:54 - Dropdown shown and configured
2025-01-23 19:09:46,922 - AITerm - DEBUG - logger:51 - Key released: o, current text: show
2025-01-23 19:09:46,922 - AITerm - INFO - logger:54 - Updating suggestions for text: 'show'
2025-01-23 19:09:46,922 - AITerm - INFO - logger:54 - Getting suggestions for text: 'show'
2025-01-23 19:09:46,922 - AITerm - INFO - logger:54 - Prefix matches for 'show': []
2025-01-23 19:09:46,923 - AITerm - INFO - logger:54 - Fuzzy matches for 'show': ['ssh', 'sort', 'echo', 'python', 'wc']
2025-01-23 19:09:46,923 - AITerm - INFO - logger:54 - New fuzzy matches: ['ssh', 'sort', 'echo', 'python', 'wc']
2025-01-23 19:09:46,923 - AITerm - INFO - logger:54 - Final suggestions: ['ssh', 'sort', 'echo', 'python', 'wc']
2025-01-23 19:09:46,923 - AITerm - INFO - logger:54 - Got suggestions: ['ssh', 'sort', 'echo', 'python', 'wc']
2025-01-23 19:09:46,923 - AITerm - INFO - logger:54 - Showing dropdown with 5 suggestions at (134, 672)
2025-01-23 19:09:46,925 - AITerm - INFO - logger:54 - Setting geometry to: 404x184+134+672
2025-01-23 19:09:46,926 - AITerm - INFO - logger:54 - Dropdown shown and configured
2025-01-23 19:09:47,034 - AITerm - DEBUG - logger:51 - Key released: w, current text: show
2025-01-23 19:09:47,034 - AITerm - INFO - logger:54 - Updating suggestions for text: 'show'
2025-01-23 19:09:47,034 - AITerm - INFO - logger:54 - Getting suggestions for text: 'show'
2025-01-23 19:09:47,034 - AITerm - INFO - logger:54 - Prefix matches for 'show': []
2025-01-23 19:09:47,034 - AITerm - INFO - logger:54 - Fuzzy matches for 'show': ['ssh', 'sort', 'echo', 'python', 'wc']
2025-01-23 19:09:47,034 - AITerm - INFO - logger:54 - New fuzzy matches: ['ssh', 'sort', 'echo', 'python', 'wc']
2025-01-23 19:09:47,034 - AITerm - INFO - logger:54 - Final suggestions: ['ssh', 'sort', 'echo', 'python', 'wc']
2025-01-23 19:09:47,034 - AITerm - INFO - logger:54 - Got suggestions: ['ssh', 'sort', 'echo', 'python', 'wc']
2025-01-23 19:09:47,034 - AITerm - INFO - logger:54 - Showing dropdown with 5 suggestions at (134, 672)
2025-01-23 19:09:47,036 - AITerm - INFO - logger:54 - Setting geometry to: 404x184+134+672
2025-01-23 19:09:47,037 - AITerm - INFO - logger:54 - Dropdown shown and configured
2025-01-23 19:09:47,146 - AITerm - DEBUG - logger:51 - Key released: space, current text: show 
2025-01-23 19:09:47,146 - AITerm - INFO - logger:54 - Updating suggestions for text: 'show '
2025-01-23 19:09:47,146 - AITerm - INFO - logger:54 - Getting suggestions for text: 'show'
2025-01-23 19:09:47,146 - AITerm - INFO - logger:54 - Prefix matches for 'show': []
2025-01-23 19:09:47,147 - AITerm - INFO - logger:54 - Fuzzy matches for 'show': ['ssh', 'sort', 'echo', 'python', 'wc']
2025-01-23 19:09:47,147 - AITerm - INFO - logger:54 - New fuzzy matches: ['ssh', 'sort', 'echo', 'python', 'wc']
2025-01-23 19:09:47,147 - AITerm - INFO - logger:54 - Final suggestions: ['ssh', 'sort', 'echo', 'python', 'wc']
2025-01-23 19:09:47,147 - AITerm - INFO - logger:54 - Got suggestions: ['ssh', 'sort', 'echo', 'python', 'wc']
2025-01-23 19:09:47,147 - AITerm - INFO - logger:54 - Showing dropdown with 5 suggestions at (134, 672)
2025-01-23 19:09:47,148 - AITerm - INFO - logger:54 - Setting geometry to: 404x184+134+672
2025-01-23 19:09:47,149 - AITerm - INFO - logger:54 - Dropdown shown and configured
2025-01-23 19:09:47,461 - AITerm - DEBUG - logger:51 - Key released: c, current text: show c
2025-01-23 19:09:47,461 - AITerm - INFO - logger:54 - Updating suggestions for text: 'show c'
2025-01-23 19:09:47,461 - AITerm - INFO - logger:54 - Getting suggestions for text: 'show'
2025-01-23 19:09:47,461 - AITerm - INFO - logger:54 - Trying path completion for: ./c*
2025-01-23 19:09:47,462 - AITerm - INFO - logger:54 - Path suggestions: ['show ./config.py']
2025-01-23 19:09:47,462 - AITerm - INFO - logger:54 - Final suggestions: ['show ./config.py']
2025-01-23 19:09:47,462 - AITerm - INFO - logger:54 - Got suggestions: ['show ./config.py']
2025-01-23 19:09:47,462 - AITerm - INFO - logger:54 - Showing dropdown with 1 suggestions at (134, 672)
2025-01-23 19:09:47,463 - AITerm - INFO - logger:54 - Setting geometry to: 404x184+134+672
2025-01-23 19:09:47,463 - AITerm - INFO - logger:54 - Dropdown shown and configured
2025-01-23 19:09:47,541 - AITerm - DEBUG - logger:51 - Key released: u, current text: show cu
2025-01-23 19:09:47,541 - AITerm - INFO - logger:54 - Updating suggestions for text: 'show cu'
2025-01-23 19:09:47,541 - AITerm - INFO - logger:54 - Getting suggestions for text: 'show'
2025-01-23 19:09:47,542 - AITerm - INFO - logger:54 - Trying path completion for: ./cu*
2025-01-23 19:09:47,542 - AITerm - INFO - logger:54 - Final suggestions: []
2025-01-23 19:09:47,542 - AITerm - INFO - logger:54 - Got suggestions: []
2025-01-23 19:09:47,542 - AITerm - INFO - logger:54 - Hiding dropdown
2025-01-23 19:09:47,743 - AITerm - DEBUG - logger:51 - Key released: r, current text: show cur
2025-01-23 19:09:47,743 - AITerm - INFO - logger:54 - Updating suggestions for text: 'show cur'
2025-01-23 19:09:47,743 - AITerm - INFO - logger:54 - Getting suggestions for text: 'show'
2025-01-23 19:09:47,743 - AITerm - INFO - logger:54 - Trying path completion for: ./cur*
2025-01-23 19:09:47,744 - AITerm - INFO - logger:54 - Final suggestions: []
2025-01-23 19:09:47,744 - AITerm - INFO - logger:54 - Got suggestions: []
2025-01-23 19:09:47,956 - AITerm - DEBUG - logger:51 - Key released: r, current text: show curre
2025-01-23 19:09:47,956 - AITerm - INFO - logger:54 - Updating suggestions for text: 'show curre'
2025-01-23 19:09:47,957 - AITerm - INFO - logger:54 - Getting suggestions for text: 'show'
2025-01-23 19:09:47,957 - AITerm - INFO - logger:54 - Trying path completion for: ./curre*
2025-01-23 19:09:47,957 - AITerm - INFO - logger:54 - Final suggestions: []
2025-01-23 19:09:47,957 - AITerm - INFO - logger:54 - Got suggestions: []
2025-01-23 19:09:48,058 - AITerm - DEBUG - logger:51 - Key released: e, current text: show curren
2025-01-23 19:09:48,058 - AITerm - INFO - logger:54 - Updating suggestions for text: 'show curren'
2025-01-23 19:09:48,058 - AITerm - INFO - logger:54 - Getting suggestions for text: 'show'
2025-01-23 19:09:48,058 - AITerm - INFO - logger:54 - Trying path completion for: ./curren*
2025-01-23 19:09:48,059 - AITerm - INFO - logger:54 - Final suggestions: []
2025-01-23 19:09:48,059 - AITerm - INFO - logger:54 - Got suggestions: []
2025-01-23 19:09:48,136 - AITerm - DEBUG - logger:51 - Key released: n, current text: show current
2025-01-23 19:09:48,136 - AITerm - INFO - logger:54 - Updating suggestions for text: 'show current'
2025-01-23 19:09:48,136 - AITerm - INFO - logger:54 - Getting suggestions for text: 'show'
2025-01-23 19:09:48,136 - AITerm - INFO - logger:54 - Trying path completion for: ./current*
2025-01-23 19:09:48,137 - AITerm - INFO - logger:54 - Final suggestions: []
2025-01-23 19:09:48,137 - AITerm - INFO - logger:54 - Got suggestions: []
2025-01-23 19:09:48,295 - AITerm - DEBUG - logger:51 - Key released: t, current text: show current 
2025-01-23 19:09:48,295 - AITerm - INFO - logger:54 - Updating suggestions for text: 'show current '
2025-01-23 19:09:48,295 - AITerm - INFO - logger:54 - Getting suggestions for text: 'show'
2025-01-23 19:09:48,295 - AITerm - INFO - logger:54 - Trying path completion for: ./current*
2025-01-23 19:09:48,295 - AITerm - INFO - logger:54 - Final suggestions: []
2025-01-23 19:09:48,295 - AITerm - INFO - logger:54 - Got suggestions: []
2025-01-23 19:09:48,385 - AITerm - DEBUG - logger:51 - Key released: space, current text: show current 
2025-01-23 19:09:48,385 - AITerm - INFO - logger:54 - Updating suggestions for text: 'show current '
2025-01-23 19:09:48,385 - AITerm - INFO - logger:54 - Getting suggestions for text: 'show'
2025-01-23 19:09:48,385 - AITerm - INFO - logger:54 - Trying path completion for: ./current*
2025-01-23 19:09:48,385 - AITerm - INFO - logger:54 - Final suggestions: []
2025-01-23 19:09:48,386 - AITerm - INFO - logger:54 - Got suggestions: []
2025-01-23 19:09:48,575 - AITerm - DEBUG - logger:51 - Key released: d, current text: show current di
2025-01-23 19:09:48,575 - AITerm - INFO - logger:54 - Updating suggestions for text: 'show current di'
2025-01-23 19:09:48,575 - AITerm - INFO - logger:54 - Getting suggestions for text: 'show'
2025-01-23 19:09:48,575 - AITerm - INFO - logger:54 - Trying path completion for: ./di*
2025-01-23 19:09:48,576 - AITerm - INFO - logger:54 - Final suggestions: []
2025-01-23 19:09:48,576 - AITerm - INFO - logger:54 - Got suggestions: []
2025-01-23 19:09:48,621 - AITerm - DEBUG - logger:51 - Key released: i, current text: show current di
2025-01-23 19:09:48,621 - AITerm - INFO - logger:54 - Updating suggestions for text: 'show current di'
2025-01-23 19:09:48,621 - AITerm - INFO - logger:54 - Getting suggestions for text: 'show'
2025-01-23 19:09:48,621 - AITerm - INFO - logger:54 - Trying path completion for: ./di*
2025-01-23 19:09:48,622 - AITerm - INFO - logger:54 - Final suggestions: []
2025-01-23 19:09:48,622 - AITerm - INFO - logger:54 - Got suggestions: []
2025-01-23 19:09:48,824 - AITerm - DEBUG - logger:51 - Key released: r, current text: show current dire
2025-01-23 19:09:48,824 - AITerm - INFO - logger:54 - Updating suggestions for text: 'show current dire'
2025-01-23 19:09:48,824 - AITerm - INFO - logger:54 - Getting suggestions for text: 'show'
2025-01-23 19:09:48,824 - AITerm - INFO - logger:54 - Trying path completion for: ./dire*
2025-01-23 19:09:48,824 - AITerm - INFO - logger:54 - Final suggestions: []
2025-01-23 19:09:48,825 - AITerm - INFO - logger:54 - Got suggestions: []
2025-01-23 19:09:48,880 - AITerm - DEBUG - logger:51 - Key released: e, current text: show current dire
2025-01-23 19:09:48,880 - AITerm - INFO - logger:54 - Updating suggestions for text: 'show current dire'
2025-01-23 19:09:48,880 - AITerm - INFO - logger:54 - Getting suggestions for text: 'show'
2025-01-23 19:09:48,880 - AITerm - INFO - logger:54 - Trying path completion for: ./dire*
2025-01-23 19:09:48,881 - AITerm - INFO - logger:54 - Final suggestions: []
2025-01-23 19:09:48,881 - AITerm - INFO - logger:54 - Got suggestions: []
2025-01-23 19:09:49,105 - AITerm - DEBUG - logger:51 - Key released: c, current text: show current direc
2025-01-23 19:09:49,105 - AITerm - INFO - logger:54 - Updating suggestions for text: 'show current direc'
2025-01-23 19:09:49,105 - AITerm - INFO - logger:54 - Getting suggestions for text: 'show'
2025-01-23 19:09:49,105 - AITerm - INFO - logger:54 - Trying path completion for: ./direc*
2025-01-23 19:09:49,106 - AITerm - INFO - logger:54 - Final suggestions: []
2025-01-23 19:09:49,106 - AITerm - INFO - logger:54 - Got suggestions: []
2025-01-23 19:09:49,274 - AITerm - DEBUG - logger:51 - Key released: t, current text: show current directo
2025-01-23 19:09:49,274 - AITerm - INFO - logger:54 - Updating suggestions for text: 'show current directo'
2025-01-23 19:09:49,274 - AITerm - INFO - logger:54 - Getting suggestions for text: 'show'
2025-01-23 19:09:49,274 - AITerm - INFO - logger:54 - Trying path completion for: ./directo*
2025-01-23 19:09:49,274 - AITerm - INFO - logger:54 - Final suggestions: []
2025-01-23 19:09:49,275 - AITerm - INFO - logger:54 - Got suggestions: []
2025-01-23 19:09:49,375 - AITerm - DEBUG - logger:51 - Key released: o, current text: show current director
2025-01-23 19:09:49,375 - AITerm - INFO - logger:54 - Updating suggestions for text: 'show current director'
2025-01-23 19:09:49,375 - AITerm - INFO - logger:54 - Getting suggestions for text: 'show'
2025-01-23 19:09:49,375 - AITerm - INFO - logger:54 - Trying path completion for: ./director*
2025-01-23 19:09:49,375 - AITerm - INFO - logger:54 - Final suggestions: []
2025-01-23 19:09:49,375 - AITerm - INFO - logger:54 - Got suggestions: []
2025-01-23 19:09:49,498 - AITerm - DEBUG - logger:51 - Key released: r, current text: show current directory
2025-01-23 19:09:49,498 - AITerm - INFO - logger:54 - Updating suggestions for text: 'show current directory'
2025-01-23 19:09:49,499 - AITerm - INFO - logger:54 - Getting suggestions for text: 'show'
2025-01-23 19:09:49,499 - AITerm - INFO - logger:54 - Trying path completion for: ./directory*
2025-01-23 19:09:49,499 - AITerm - INFO - logger:54 - Final suggestions: []
2025-01-23 19:09:49,499 - AITerm - INFO - logger:54 - Got suggestions: []
2025-01-23 19:09:49,555 - AITerm - DEBUG - logger:51 - Key released: y, current text: show current directory
2025-01-23 19:09:49,555 - AITerm - INFO - logger:54 - Updating suggestions for text: 'show current directory'
2025-01-23 19:09:49,555 - AITerm - INFO - logger:54 - Getting suggestions for text: 'show'
2025-01-23 19:09:49,555 - AITerm - INFO - logger:54 - Trying path completion for: ./directory*
2025-01-23 19:09:49,555 - AITerm - INFO - logger:54 - Final suggestions: []
2025-01-23 19:09:49,555 - AITerm - INFO - logger:54 - Got suggestions: []
2025-01-23 19:09:49,724 - AITerm - INFO - logger:54 - Executing command: show current directory in /Volumes/wd/code/Python/AITerm
2025-01-23 19:09:49,741 - AITerm - DEBUG - logger:51 - Command stdout: 
2025-01-23 19:09:49,741 - AITerm - DEBUG - logger:51 - Command stderr: /bin/sh: show: command not found

2025-01-23 19:09:49,825 - AITerm - DEBUG - logger:51 - Key released: Return, current text: 
2025-01-23 19:09:49,825 - AITerm - INFO - logger:54 - Updating suggestions for text: ''
2025-01-23 19:09:49,825 - AITerm - INFO - logger:54 - No text to get suggestions for
2025-01-23 19:09:49,825 - AITerm - INFO - logger:54 - Got suggestions: []
