INFO - Initialized TerminalCompleter with 46 commands
INFO - Initializing SuggestionDropdown
INFO - SuggestionDropdown initialized and hidden
INFO - Key release event - keysym: s, char: s, keycode: 16777331
INFO - Current text: 'sh'
INFO - Getting suggestions for text: 'sh'
INFO - Prefix matches for 'sh': []
INFO - Fuzzy matches for 'sh': ['ssh', 'ps', 'ls', 'svn', 'sed']
INFO - New fuzzy matches: ['ssh', 'ps', 'ls', 'svn', 'sed']
INFO - Final suggestions: ['ssh', 'ps', 'ls', 'svn', 'sed']
INFO - Got suggestions: ['ssh', 'ps', 'ls', 'svn', 'sed']
INFO - Showing dropdown at position (134, 672)
INFO - Showing dropdown with 5 suggestions at (134, 672)
INFO - Setting geometry to: 1x1+34+59
INFO - Dropdown shown and configured
INFO - Dropdown visible: True
INFO - Dropdown geometry: 404x184+134+672
INFO - Key release event - keysym: h, char: h, keycode: 67108968
INFO - Current text: 'show'
INFO - Getting suggestions for text: 'show'
INFO - Prefix matches for 'show': []
INFO - Fuzzy matches for 'show': ['ssh', 'sort', 'echo', 'python', 'wc']
INFO - New fuzzy matches: ['ssh', 'sort', 'echo', 'python', 'wc']
INFO - Final suggestions: ['ssh', 'sort', 'echo', 'python', 'wc']
INFO - Got suggestions: ['ssh', 'sort', 'echo', 'python', 'wc']
INFO - Showing dropdown at position (134, 672)
INFO - Showing dropdown with 5 suggestions at (134, 672)
INFO - Setting geometry to: 404x184+134+672
INFO - Dropdown shown and configured
INFO - Dropdown visible: True
INFO - Dropdown geometry: 404x184+134+672
INFO - Key release event - keysym: o, char: o, keycode: 520093807
INFO - Current text: 'show'
INFO - Getting suggestions for text: 'show'
INFO - Prefix matches for 'show': []
INFO - Fuzzy matches for 'show': ['ssh', 'sort', 'echo', 'python', 'wc']
INFO - New fuzzy matches: ['ssh', 'sort', 'echo', 'python', 'wc']
INFO - Final suggestions: ['ssh', 'sort', 'echo', 'python', 'wc']
INFO - Got suggestions: ['ssh', 'sort', 'echo', 'python', 'wc']
INFO - Showing dropdown at position (134, 672)
INFO - Showing dropdown with 5 suggestions at (134, 672)
INFO - Setting geometry to: 404x184+134+672
INFO - Dropdown shown and configured
INFO - Dropdown visible: True
INFO - Dropdown geometry: 404x184+134+672
INFO - Key release event - keysym: w, char: w, keycode: 218103927
INFO - Current text: 'show'
INFO - Getting suggestions for text: 'show'
INFO - Prefix matches for 'show': []
INFO - Fuzzy matches for 'show': ['ssh', 'sort', 'echo', 'python', 'wc']
INFO - New fuzzy matches: ['ssh', 'sort', 'echo', 'python', 'wc']
INFO - Final suggestions: ['ssh', 'sort', 'echo', 'python', 'wc']
INFO - Got suggestions: ['ssh', 'sort', 'echo', 'python', 'wc']
INFO - Showing dropdown at position (134, 672)
INFO - Showing dropdown with 5 suggestions at (134, 672)
INFO - Setting geometry to: 404x184+134+672
INFO - Dropdown shown and configured
INFO - Dropdown visible: True
INFO - Dropdown geometry: 404x184+134+672
INFO - Key release event - keysym: space, char:  , keycode: 822083616
INFO - Current text: 'show '
INFO - Getting suggestions for text: 'show'
INFO - Prefix matches for 'show': []
INFO - Fuzzy matches for 'show': ['ssh', 'sort', 'echo', 'python', 'wc']
INFO - New fuzzy matches: ['ssh', 'sort', 'echo', 'python', 'wc']
INFO - Final suggestions: ['ssh', 'sort', 'echo', 'python', 'wc']
INFO - Got suggestions: ['ssh', 'sort', 'echo', 'python', 'wc']
INFO - Showing dropdown at position (134, 672)
INFO - Showing dropdown with 5 suggestions at (134, 672)
INFO - Setting geometry to: 404x184+134+672
INFO - Dropdown shown and configured
INFO - Dropdown visible: True
INFO - Dropdown geometry: 404x184+134+672
INFO - Key release event - keysym: l, char: l, keycode: 620757100
INFO - Current text: 'show l'
INFO - Getting suggestions for text: 'show'
INFO - Trying path completion for: ./l*
INFO - Path suggestions: ['show ./logs/']
INFO - Final suggestions: ['show ./logs/']
INFO - Got suggestions: ['show ./logs/']
INFO - Showing dropdown at position (134, 672)
INFO - Showing dropdown with 1 suggestions at (134, 672)
INFO - Setting geometry to: 404x184+134+672
INFO - Dropdown shown and configured
INFO - Dropdown visible: True
INFO - Dropdown geometry: 404x184+134+672
INFO - Key release event - keysym: a, char: a, keycode: 97
INFO - Current text: 'show las'
INFO - Getting suggestions for text: 'show'
INFO - Trying path completion for: ./las*
INFO - Final suggestions: []
INFO - Got suggestions: []
INFO - No suggestions, hiding dropdown
INFO - Hiding dropdown
INFO - Key release event - keysym: s, char: s, keycode: 16777331
INFO - Current text: 'show last'
INFO - Getting suggestions for text: 'show'
INFO - Got suggestions: ['show commits', 'show changes']
INFO - Showing dropdown at position (134, 672)
INFO - Showing dropdown with 2 suggestions at (134, 672)
INFO - Setting geometry to: 404x184+134+672
INFO - Dropdown shown and configured
INFO - Dropdown visible: True
INFO - Dropdown geometry: 404x184+134+672
INFO - Key release event - keysym: t, char: t, keycode: 285212788
INFO - Current text: 'show last'
INFO - Getting suggestions for text: 'show'
INFO - Got suggestions: ['show commits', 'show changes']
INFO - Showing dropdown at position (134, 672)
INFO - Showing dropdown with 2 suggestions at (134, 672)
INFO - Setting geometry to: 404x184+134+672
INFO - Dropdown shown and configured
INFO - Dropdown visible: True
INFO - Dropdown geometry: 404x184+134+672
INFO - Key release event - keysym: space, char:  , keycode: 822083616
INFO - Current text: 'show last 2'
INFO - Getting suggestions for text: 'show'
INFO - Got suggestions: ['show commits', 'show changes']
INFO - Showing dropdown at position (134, 672)
INFO - Showing dropdown with 2 suggestions at (134, 672)
INFO - Setting geometry to: 404x184+134+672
INFO - Dropdown shown and configured
INFO - Dropdown visible: True
INFO - Dropdown geometry: 404x184+134+672
INFO - Key release event - keysym: 2, char: 2, keycode: 318767154
INFO - Current text: 'show last 2'
INFO - Getting suggestions for text: 'show'
INFO - Got suggestions: ['show commits', 'show changes']
INFO - Showing dropdown at position (134, 672)
INFO - Showing dropdown with 2 suggestions at (134, 672)
INFO - Setting geometry to: 404x184+134+672
INFO - Dropdown shown and configured
INFO - Dropdown visible: True
INFO - Dropdown geometry: 404x184+134+672
INFO - Key release event - keysym: space, char:  , keycode: 822083616
INFO - Current text: 'show last 2 '
INFO - Getting suggestions for text: 'show'
INFO - Got suggestions: ['show commits', 'show changes']
INFO - Showing dropdown at position (134, 672)
INFO - Showing dropdown with 2 suggestions at (134, 672)
INFO - Setting geometry to: 404x184+134+672
INFO - Dropdown shown and configured
INFO - Dropdown visible: True
INFO - Dropdown geometry: 404x184+134+672
INFO - Key release event - keysym: c, char: c, keycode: 134217827
INFO - Current text: 'show last 2 c'
INFO - Getting suggestions for text: 'show'
INFO - Got suggestions: ['show commits', 'show changes']
INFO - Showing dropdown at position (134, 672)
INFO - Showing dropdown with 2 suggestions at (134, 672)
INFO - Setting geometry to: 404x184+134+672
INFO - Dropdown shown and configured
INFO - Dropdown visible: True
INFO - Dropdown geometry: 404x184+134+672
INFO - Key release event - keysym: o, char: o, keycode: 520093807
INFO - Current text: 'show last 2 co'
INFO - Getting suggestions for text: 'show'
INFO - Got suggestions: ['show commits', 'show changes']
INFO - Showing dropdown at position (134, 672)
INFO - Showing dropdown with 2 suggestions at (134, 672)
INFO - Setting geometry to: 404x184+134+672
INFO - Dropdown shown and configured
INFO - Dropdown visible: True
INFO - Dropdown geometry: 404x184+134+672
INFO - Key release event - keysym: m, char: m, keycode: 771752045
INFO - Current text: 'show last 2 com'
INFO - Getting suggestions for text: 'show'
INFO - Got suggestions: ['show commits', 'show changes']
INFO - Showing dropdown at position (134, 672)
INFO - Showing dropdown with 2 suggestions at (134, 672)
INFO - Setting geometry to: 404x184+134+672
INFO - Dropdown shown and configured
INFO - Dropdown visible: True
INFO - Dropdown geometry: 404x184+134+672
INFO - Key release event - keysym: m, char: m, keycode: 771752045
INFO - Current text: 'show last 2 comm'
INFO - Getting suggestions for text: 'show'
INFO - Got suggestions: ['show commits', 'show changes']
INFO - Showing dropdown at position (134, 672)
INFO - Showing dropdown with 2 suggestions at (134, 672)
INFO - Setting geometry to: 404x184+134+672
INFO - Dropdown shown and configured
INFO - Dropdown visible: True
INFO - Dropdown geometry: 404x184+134+672
INFO - Key release event - keysym: i, char: i, keycode: 570425449
INFO - Current text: 'show last 2 commi'
INFO - Getting suggestions for text: 'show'
INFO - Got suggestions: ['show commits', 'show changes']
INFO - Showing dropdown at position (134, 672)
INFO - Showing dropdown with 2 suggestions at (134, 672)
INFO - Setting geometry to: 404x184+134+672
INFO - Dropdown shown and configured
INFO - Dropdown visible: True
INFO - Dropdown geometry: 404x184+134+672
INFO - Key release event - keysym: t, char: t, keycode: 285212788
INFO - Current text: 'show last 2 commits'
INFO - Getting suggestions for text: 'show'
INFO - Got suggestions: ['show commits', 'show changes']
INFO - Showing dropdown at position (134, 672)
INFO - Showing dropdown with 2 suggestions at (134, 672)
INFO - Setting geometry to: 404x184+134+672
INFO - Dropdown shown and configured
INFO - Dropdown visible: True
INFO - Dropdown geometry: 404x184+134+672
INFO - Key release event - keysym: s, char: s, keycode: 16777331
INFO - Current text: 'show last 2 commits'
INFO - Getting suggestions for text: 'show'
INFO - Got suggestions: ['show commits', 'show changes']
INFO - Showing dropdown at position (134, 672)
INFO - Showing dropdown with 2 suggestions at (134, 672)
INFO - Setting geometry to: 404x184+134+672
INFO - Dropdown shown and configured
INFO - Dropdown visible: True
INFO - Dropdown geometry: 404x184+134+672
INFO - Hiding dropdown
INFO - Executing command: show last 2 commits
INFO - Key release event - keysym: Return, char: , keycode: 603979789
INFO - Ignoring special key: Return
INFO - Key release event - keysym: g, char: g, keycode: 83886183
INFO - Current text: 'gi'
INFO - Getting suggestions for text: 'gi'
INFO - Prefix matches for 'gi': ['git']
INFO - Fuzzy matches for 'gi': ['git', 'gzip', 'zip', 'vim']
INFO - New fuzzy matches: ['gzip', 'zip', 'vim']
INFO - Final suggestions: ['git', 'gzip', 'zip', 'vim']
INFO - Got suggestions: ['git', 'gzip', 'zip', 'vim']
INFO - Showing dropdown at position (134, 672)
INFO - Showing dropdown with 4 suggestions at (134, 672)
INFO - Setting geometry to: 404x184+134+672
INFO - Dropdown shown and configured
INFO - Dropdown visible: True
INFO - Dropdown geometry: 404x184+134+672
INFO - Key release event - keysym: i, char: i, keycode: 570425449
INFO - Current text: 'gi'
INFO - Getting suggestions for text: 'gi'
INFO - Prefix matches for 'gi': ['git']
INFO - Fuzzy matches for 'gi': ['git', 'gzip', 'zip', 'vim']
INFO - New fuzzy matches: ['gzip', 'zip', 'vim']
INFO - Final suggestions: ['git', 'gzip', 'zip', 'vim']
INFO - Got suggestions: ['git', 'gzip', 'zip', 'vim']
INFO - Showing dropdown at position (134, 672)
INFO - Showing dropdown with 4 suggestions at (134, 672)
INFO - Setting geometry to: 404x184+134+672
INFO - Dropdown shown and configured
INFO - Dropdown visible: True
INFO - Dropdown geometry: 404x184+134+672
INFO - Key release event - keysym: t, char: t, keycode: 285212788
INFO - Current text: 'git '
INFO - Getting suggestions for text: 'git'
INFO - Prefix matches for 'git': ['git']
INFO - Fuzzy matches for 'git': ['git', 'wget', 'gzip', 'zip']
INFO - New fuzzy matches: ['wget', 'gzip', 'zip']
INFO - Final suggestions: ['git', 'wget', 'gzip', 'zip']
INFO - Got suggestions: ['git', 'wget', 'gzip', 'zip']
INFO - Showing dropdown at position (134, 672)
INFO - Showing dropdown with 4 suggestions at (134, 672)
INFO - Setting geometry to: 404x184+134+672
INFO - Dropdown shown and configured
INFO - Dropdown visible: True
INFO - Dropdown geometry: 404x184+134+672
INFO - Key release event - keysym: space, char:  , keycode: 822083616
INFO - Current text: 'git '
INFO - Getting suggestions for text: 'git'
INFO - Prefix matches for 'git': ['git']
INFO - Fuzzy matches for 'git': ['git', 'wget', 'gzip', 'zip']
INFO - New fuzzy matches: ['wget', 'gzip', 'zip']
INFO - Final suggestions: ['git', 'wget', 'gzip', 'zip']
INFO - Got suggestions: ['git', 'wget', 'gzip', 'zip']
INFO - Showing dropdown at position (134, 672)
INFO - Showing dropdown with 4 suggestions at (134, 672)
INFO - Setting geometry to: 404x184+134+672
INFO - Dropdown shown and configured
INFO - Dropdown visible: True
INFO - Dropdown geometry: 404x184+134+672
INFO - Key release event - keysym: s, char: s, keycode: 16777331
INFO - Current text: 'git sh'
INFO - Getting suggestions for text: 'git'
INFO - Trying path completion for: ./sh*
INFO - Final suggestions: []
INFO - Got suggestions: []
INFO - No suggestions, hiding dropdown
INFO - Hiding dropdown
INFO - Key release event - keysym: h, char: h, keycode: 67108968
INFO - Current text: 'git sho'
INFO - Getting suggestions for text: 'git'
INFO - Trying path completion for: ./sho*
INFO - Final suggestions: []
INFO - Got suggestions: []
INFO - No suggestions, hiding dropdown
INFO - Key release event - keysym: o, char: o, keycode: 520093807
INFO - Current text: 'git show'
INFO - Getting suggestions for text: 'git'
INFO - Got suggestions: ['git last', 'git HEAD', 'git master']
INFO - Showing dropdown at position (134, 672)
INFO - Showing dropdown with 3 suggestions at (134, 672)
INFO - Setting geometry to: 404x184+134+672
INFO - Dropdown shown and configured
INFO - Dropdown visible: True
INFO - Dropdown geometry: 404x184+134+672
INFO - Key release event - keysym: w, char: w, keycode: 218103927
INFO - Current text: 'git show'
INFO - Getting suggestions for text: 'git'
INFO - Got suggestions: ['git last', 'git HEAD', 'git master']
INFO - Showing dropdown at position (134, 672)
INFO - Showing dropdown with 3 suggestions at (134, 672)
INFO - Setting geometry to: 404x184+134+672
INFO - Dropdown shown and configured
INFO - Dropdown visible: True
INFO - Dropdown geometry: 404x184+134+672
INFO - Key release event - keysym: space, char:  , keycode: 822083616
INFO - Current text: 'git show '
INFO - Getting suggestions for text: 'git'
INFO - Got suggestions: ['git last', 'git HEAD', 'git master']
INFO - Showing dropdown at position (134, 672)
INFO - Showing dropdown with 3 suggestions at (134, 672)
INFO - Setting geometry to: 404x184+134+672
INFO - Dropdown shown and configured
INFO - Dropdown visible: True
INFO - Dropdown geometry: 404x184+134+672
INFO - Key release event - keysym: l, char: l, keycode: 620757100
INFO - Current text: 'git show l'
INFO - Getting suggestions for text: 'git'
INFO - Got suggestions: ['git last', 'git HEAD', 'git master']
INFO - Showing dropdown at position (134, 672)
INFO - Showing dropdown with 3 suggestions at (134, 672)
INFO - Setting geometry to: 404x184+134+672
INFO - Dropdown shown and configured
INFO - Dropdown visible: True
INFO - Dropdown geometry: 404x184+134+672
INFO - Key release event - keysym: a, char: a, keycode: 97
INFO - Current text: 'git show las'
INFO - Getting suggestions for text: 'git'
INFO - Got suggestions: ['git last', 'git HEAD', 'git master']
INFO - Showing dropdown at position (134, 672)
INFO - Showing dropdown with 3 suggestions at (134, 672)
INFO - Setting geometry to: 404x184+134+672
INFO - Dropdown shown and configured
INFO - Dropdown visible: True
INFO - Dropdown geometry: 404x184+134+672
INFO - Key release event - keysym: s, char: s, keycode: 16777331
INFO - Current text: 'git show las'
INFO - Getting suggestions for text: 'git'
INFO - Got suggestions: ['git last', 'git HEAD', 'git master']
INFO - Showing dropdown at position (134, 672)
INFO - Showing dropdown with 3 suggestions at (134, 672)
INFO - Setting geometry to: 404x184+134+672
INFO - Dropdown shown and configured
INFO - Dropdown visible: True
INFO - Dropdown geometry: 404x184+134+672
INFO - Key release event - keysym: t, char: t, keycode: 285212788
INFO - Current text: 'git show last '
INFO - Getting suggestions for text: 'git'
INFO - Got suggestions: ['git last', 'git HEAD', 'git master']
INFO - Showing dropdown at position (134, 672)
INFO - Showing dropdown with 3 suggestions at (134, 672)
INFO - Setting geometry to: 404x184+134+672
INFO - Dropdown shown and configured
INFO - Dropdown visible: True
INFO - Dropdown geometry: 404x184+134+672
INFO - Key release event - keysym: space, char:  , keycode: 822083616
INFO - Current text: 'git show last '
INFO - Getting suggestions for text: 'git'
INFO - Got suggestions: ['git last', 'git HEAD', 'git master']
INFO - Showing dropdown at position (134, 672)
INFO - Showing dropdown with 3 suggestions at (134, 672)
INFO - Setting geometry to: 404x184+134+672
INFO - Dropdown shown and configured
INFO - Dropdown visible: True
INFO - Dropdown geometry: 404x184+134+672
INFO - Key release event - keysym: 2, char: 2, keycode: 318767154
INFO - Current text: 'git show last 2'
INFO - Getting suggestions for text: 'git'
INFO - Got suggestions: ['git last', 'git HEAD', 'git master']
INFO - Showing dropdown at position (134, 672)
INFO - Showing dropdown with 3 suggestions at (134, 672)
INFO - Setting geometry to: 404x184+134+672
INFO - Dropdown shown and configured
INFO - Dropdown visible: True
INFO - Dropdown geometry: 404x184+134+672
INFO - Key release event - keysym: space, char:  , keycode: 822083616
INFO - Current text: 'git show last 2 '
INFO - Getting suggestions for text: 'git'
INFO - Got suggestions: ['git last', 'git HEAD', 'git master']
INFO - Showing dropdown at position (134, 672)
INFO - Showing dropdown with 3 suggestions at (134, 672)
INFO - Setting geometry to: 404x184+134+672
INFO - Dropdown shown and configured
INFO - Dropdown visible: True
INFO - Dropdown geometry: 404x184+134+672
INFO - Key release event - keysym: c, char: c, keycode: 134217827
INFO - Current text: 'git show last 2 co'
INFO - Getting suggestions for text: 'git'
INFO - Got suggestions: ['git last', 'git HEAD', 'git master']
INFO - Showing dropdown at position (134, 672)
INFO - Showing dropdown with 3 suggestions at (134, 672)
INFO - Setting geometry to: 404x184+134+672
INFO - Dropdown shown and configured
INFO - Dropdown visible: True
INFO - Dropdown geometry: 404x184+134+672
INFO - Key release event - keysym: o, char: o, keycode: 520093807
INFO - Current text: 'git show last 2 co'
INFO - Getting suggestions for text: 'git'
INFO - Got suggestions: ['git last', 'git HEAD', 'git master']
INFO - Showing dropdown at position (134, 672)
INFO - Showing dropdown with 3 suggestions at (134, 672)
INFO - Setting geometry to: 404x184+134+672
INFO - Dropdown shown and configured
INFO - Dropdown visible: True
INFO - Dropdown geometry: 404x184+134+672
INFO - Key release event - keysym: m, char: m, keycode: 771752045
INFO - Current text: 'git show last 2 com'
INFO - Getting suggestions for text: 'git'
INFO - Got suggestions: ['git last', 'git HEAD', 'git master']
INFO - Showing dropdown at position (134, 672)
INFO - Showing dropdown with 3 suggestions at (134, 672)
INFO - Setting geometry to: 404x184+134+672
INFO - Dropdown shown and configured
INFO - Dropdown visible: True
INFO - Dropdown geometry: 404x184+134+672
INFO - Key release event - keysym: m, char: m, keycode: 771752045
INFO - Current text: 'git show last 2 commi'
INFO - Getting suggestions for text: 'git'
INFO - Got suggestions: ['git last', 'git HEAD', 'git master']
INFO - Showing dropdown at position (134, 672)
INFO - Showing dropdown with 3 suggestions at (134, 672)
INFO - Setting geometry to: 404x184+134+672
INFO - Dropdown shown and configured
INFO - Dropdown visible: True
INFO - Dropdown geometry: 404x184+134+672
INFO - Key release event - keysym: i, char: i, keycode: 570425449
INFO - Current text: 'git show last 2 commit'
INFO - Getting suggestions for text: 'git'
INFO - Got suggestions: ['git last', 'git HEAD', 'git master']
INFO - Showing dropdown at position (134, 672)
INFO - Showing dropdown with 3 suggestions at (134, 672)
INFO - Setting geometry to: 404x184+134+672
INFO - Dropdown shown and configured
INFO - Dropdown visible: True
INFO - Dropdown geometry: 404x184+134+672
INFO - Key release event - keysym: t, char: t, keycode: 285212788
INFO - Current text: 'git show last 2 commits'
INFO - Getting suggestions for text: 'git'
INFO - Got suggestions: ['git last', 'git HEAD', 'git master']
INFO - Showing dropdown at position (134, 672)
INFO - Showing dropdown with 3 suggestions at (134, 672)
INFO - Setting geometry to: 404x184+134+672
INFO - Dropdown shown and configured
INFO - Dropdown visible: True
INFO - Dropdown geometry: 404x184+134+672
INFO - Key release event - keysym: s, char: s, keycode: 16777331
INFO - Current text: 'git show last 2 commits'
INFO - Getting suggestions for text: 'git'
INFO - Got suggestions: ['git last', 'git HEAD', 'git master']
INFO - Showing dropdown at position (134, 672)
INFO - Showing dropdown with 3 suggestions at (134, 672)
INFO - Setting geometry to: 404x184+134+672
INFO - Dropdown shown and configured
INFO - Dropdown visible: True
INFO - Dropdown geometry: 404x184+134+672
INFO - Hiding dropdown
INFO - Executing command: git show last 2 commits
INFO - Key release event - keysym: Return, char: , keycode: 603979789
INFO - Ignoring special key: Return
