2025-01-23 21:29:28,603 - AITerm - INFO - logger:48 - Logger initialized. Log file: logs/aiterm_20250123_212928.log
2025-01-23 21:29:28,847 - AITerm - INFO - logger:54 - Initialized TerminalCompleter with 46 commands
2025-01-23 21:29:28,847 - AITerm - INFO - logger:54 - Initializing SuggestionDropdown
2025-01-23 21:29:28,883 - AITerm - INFO - logger:54 - SuggestionDropdown initialized and hidden
2025-01-23 21:29:32,152 - AITerm - INFO - logger:54 - Key release event - keysym: g, char: g, keycode: 83886183
2025-01-23 21:29:32,152 - AITerm - INFO - logger:54 - Current text: 'gi'
2025-01-23 21:29:32,152 - AITerm - INFO - logger:54 - Getting suggestions for text: 'gi'
2025-01-23 21:29:32,152 - AITerm - INFO - logger:54 - Prefix matches for 'gi': ['git']
2025-01-23 21:29:32,153 - AITerm - INFO - logger:54 - Fuzzy matches for 'gi': ['git', 'gzip', 'zip', 'vim']
2025-01-23 21:29:32,153 - AITerm - INFO - logger:54 - New fuzzy matches: ['gzip', 'zip', 'vim']
2025-01-23 21:29:32,153 - AITerm - INFO - logger:54 - Final suggestions: ['git', 'gzip', 'zip', 'vim']
2025-01-23 21:29:32,153 - AITerm - INFO - logger:54 - Got suggestions: ['git', 'gzip', 'zip', 'vim']
2025-01-23 21:29:32,153 - AITerm - INFO - logger:54 - Showing dropdown at position (134, 672)
2025-01-23 21:29:32,153 - AITerm - INFO - logger:54 - Showing dropdown with 4 suggestions at (134, 672)
2025-01-23 21:29:32,153 - AITerm - INFO - logger:54 - Setting geometry to: 1x1+34+59
2025-01-23 21:29:32,158 - AITerm - INFO - logger:54 - Dropdown shown and configured
2025-01-23 21:29:32,158 - AITerm - INFO - logger:54 - Dropdown visible: True
2025-01-23 21:29:32,158 - AITerm - INFO - logger:54 - Dropdown geometry: 404x184+134+672
2025-01-23 21:29:32,207 - AITerm - INFO - logger:54 - Key release event - keysym: i, char: i, keycode: 570425449
2025-01-23 21:29:32,207 - AITerm - INFO - logger:54 - Current text: 'gi'
2025-01-23 21:29:32,207 - AITerm - INFO - logger:54 - Getting suggestions for text: 'gi'
2025-01-23 21:29:32,207 - AITerm - INFO - logger:54 - Prefix matches for 'gi': ['git']
2025-01-23 21:29:32,207 - AITerm - INFO - logger:54 - Fuzzy matches for 'gi': ['git', 'gzip', 'zip', 'vim']
2025-01-23 21:29:32,207 - AITerm - INFO - logger:54 - New fuzzy matches: ['gzip', 'zip', 'vim']
2025-01-23 21:29:32,207 - AITerm - INFO - logger:54 - Final suggestions: ['git', 'gzip', 'zip', 'vim']
2025-01-23 21:29:32,208 - AITerm - INFO - logger:54 - Got suggestions: ['git', 'gzip', 'zip', 'vim']
2025-01-23 21:29:32,208 - AITerm - INFO - logger:54 - Showing dropdown at position (134, 672)
2025-01-23 21:29:32,208 - AITerm - INFO - logger:54 - Showing dropdown with 4 suggestions at (134, 672)
2025-01-23 21:29:32,209 - AITerm - INFO - logger:54 - Setting geometry to: 404x184+134+672
2025-01-23 21:29:32,210 - AITerm - INFO - logger:54 - Dropdown shown and configured
2025-01-23 21:29:32,210 - AITerm - INFO - logger:54 - Dropdown visible: True
2025-01-23 21:29:32,210 - AITerm - INFO - logger:54 - Dropdown geometry: 404x184+134+672
2025-01-23 21:29:32,410 - AITerm - INFO - logger:54 - Key release event - keysym: t, char: t, keycode: 285212788
2025-01-23 21:29:32,410 - AITerm - INFO - logger:54 - Current text: 'git'
2025-01-23 21:29:32,410 - AITerm - INFO - logger:54 - Getting suggestions for text: 'git'
2025-01-23 21:29:32,411 - AITerm - INFO - logger:54 - Prefix matches for 'git': ['git']
2025-01-23 21:29:32,411 - AITerm - INFO - logger:54 - Fuzzy matches for 'git': ['git', 'wget', 'gzip', 'zip']
2025-01-23 21:29:32,411 - AITerm - INFO - logger:54 - New fuzzy matches: ['wget', 'gzip', 'zip']
2025-01-23 21:29:32,411 - AITerm - INFO - logger:54 - Final suggestions: ['git', 'wget', 'gzip', 'zip']
2025-01-23 21:29:32,411 - AITerm - INFO - logger:54 - Got suggestions: ['git', 'wget', 'gzip', 'zip']
2025-01-23 21:29:32,411 - AITerm - INFO - logger:54 - Showing dropdown at position (134, 672)
2025-01-23 21:29:32,411 - AITerm - INFO - logger:54 - Showing dropdown with 4 suggestions at (134, 672)
2025-01-23 21:29:32,412 - AITerm - INFO - logger:54 - Setting geometry to: 404x184+134+672
2025-01-23 21:29:32,413 - AITerm - INFO - logger:54 - Dropdown shown and configured
2025-01-23 21:29:32,413 - AITerm - INFO - logger:54 - Dropdown visible: True
2025-01-23 21:29:32,413 - AITerm - INFO - logger:54 - Dropdown geometry: 404x184+134+672
2025-01-23 21:29:32,523 - AITerm - INFO - logger:54 - Key release event - keysym: space, char:  , keycode: 822083616
2025-01-23 21:29:32,523 - AITerm - INFO - logger:54 - Current text: 'git '
2025-01-23 21:29:32,523 - AITerm - INFO - logger:54 - Getting suggestions for text: 'git'
2025-01-23 21:29:32,523 - AITerm - INFO - logger:54 - Prefix matches for 'git': ['git']
2025-01-23 21:29:32,523 - AITerm - INFO - logger:54 - Fuzzy matches for 'git': ['git', 'wget', 'gzip', 'zip']
2025-01-23 21:29:32,523 - AITerm - INFO - logger:54 - New fuzzy matches: ['wget', 'gzip', 'zip']
2025-01-23 21:29:32,523 - AITerm - INFO - logger:54 - Final suggestions: ['git', 'wget', 'gzip', 'zip']
2025-01-23 21:29:32,524 - AITerm - INFO - logger:54 - Got suggestions: ['git', 'wget', 'gzip', 'zip']
2025-01-23 21:29:32,524 - AITerm - INFO - logger:54 - Showing dropdown at position (134, 672)
2025-01-23 21:29:32,524 - AITerm - INFO - logger:54 - Showing dropdown with 4 suggestions at (134, 672)
2025-01-23 21:29:32,525 - AITerm - INFO - logger:54 - Setting geometry to: 404x184+134+672
2025-01-23 21:29:32,526 - AITerm - INFO - logger:54 - Dropdown shown and configured
2025-01-23 21:29:32,526 - AITerm - INFO - logger:54 - Dropdown visible: True
2025-01-23 21:29:32,526 - AITerm - INFO - logger:54 - Dropdown geometry: 404x184+134+672
2025-01-23 21:29:32,691 - AITerm - INFO - logger:54 - Key release event - keysym: s, char: s, keycode: 16777331
2025-01-23 21:29:32,691 - AITerm - INFO - logger:54 - Current text: 'git st'
2025-01-23 21:29:32,691 - AITerm - INFO - logger:54 - Getting suggestions for text: 'git'
2025-01-23 21:29:32,691 - AITerm - INFO - logger:54 - Trying path completion for: ./st*
2025-01-23 21:29:32,692 - AITerm - INFO - logger:54 - Final suggestions: []
2025-01-23 21:29:32,692 - AITerm - INFO - logger:54 - Got suggestions: []
2025-01-23 21:29:32,692 - AITerm - INFO - logger:54 - No suggestions, hiding dropdown
2025-01-23 21:29:32,692 - AITerm - INFO - logger:54 - Hiding dropdown
2025-01-23 21:29:32,770 - AITerm - INFO - logger:54 - Key release event - keysym: t, char: t, keycode: 285212788
2025-01-23 21:29:32,771 - AITerm - INFO - logger:54 - Current text: 'git sta'
2025-01-23 21:29:32,771 - AITerm - INFO - logger:54 - Getting suggestions for text: 'git'
2025-01-23 21:29:32,771 - AITerm - INFO - logger:54 - Trying path completion for: ./sta*
2025-01-23 21:29:32,771 - AITerm - INFO - logger:54 - Final suggestions: []
2025-01-23 21:29:32,771 - AITerm - INFO - logger:54 - Got suggestions: []
2025-01-23 21:29:32,771 - AITerm - INFO - logger:54 - No suggestions, hiding dropdown
2025-01-23 21:29:32,894 - AITerm - INFO - logger:54 - Key release event - keysym: a, char: a, keycode: 97
2025-01-23 21:29:32,895 - AITerm - INFO - logger:54 - Current text: 'git stat'
2025-01-23 21:29:32,895 - AITerm - INFO - logger:54 - Getting suggestions for text: 'git'
2025-01-23 21:29:32,895 - AITerm - INFO - logger:54 - Trying path completion for: ./stat*
2025-01-23 21:29:32,895 - AITerm - INFO - logger:54 - Final suggestions: []
2025-01-23 21:29:32,895 - AITerm - INFO - logger:54 - Got suggestions: []
2025-01-23 21:29:32,895 - AITerm - INFO - logger:54 - No suggestions, hiding dropdown
2025-01-23 21:29:32,996 - AITerm - INFO - logger:54 - Key release event - keysym: t, char: t, keycode: 285212788
2025-01-23 21:29:32,996 - AITerm - INFO - logger:54 - Current text: 'git stat'
2025-01-23 21:29:32,996 - AITerm - INFO - logger:54 - Getting suggestions for text: 'git'
2025-01-23 21:29:32,996 - AITerm - INFO - logger:54 - Trying path completion for: ./stat*
2025-01-23 21:29:32,996 - AITerm - INFO - logger:54 - Final suggestions: []
2025-01-23 21:29:32,996 - AITerm - INFO - logger:54 - Got suggestions: []
2025-01-23 21:29:32,997 - AITerm - INFO - logger:54 - No suggestions, hiding dropdown
2025-01-23 21:29:33,119 - AITerm - INFO - logger:54 - Key release event - keysym: u, char: u, keycode: 536871029
2025-01-23 21:29:33,119 - AITerm - INFO - logger:54 - Current text: 'git status'
2025-01-23 21:29:33,119 - AITerm - INFO - logger:54 - Getting suggestions for text: 'git'
2025-01-23 21:29:33,119 - AITerm - INFO - logger:54 - Trying path completion for: ./status*
2025-01-23 21:29:33,120 - AITerm - INFO - logger:54 - Final suggestions: []
2025-01-23 21:29:33,120 - AITerm - INFO - logger:54 - Got suggestions: []
2025-01-23 21:29:33,120 - AITerm - INFO - logger:54 - No suggestions, hiding dropdown
2025-01-23 21:29:33,254 - AITerm - INFO - logger:54 - Key release event - keysym: s, char: s, keycode: 16777331
2025-01-23 21:29:33,254 - AITerm - INFO - logger:54 - Current text: 'git status'
2025-01-23 21:29:33,254 - AITerm - INFO - logger:54 - Getting suggestions for text: 'git'
2025-01-23 21:29:33,254 - AITerm - INFO - logger:54 - Trying path completion for: ./status*
2025-01-23 21:29:33,255 - AITerm - INFO - logger:54 - Final suggestions: []
2025-01-23 21:29:33,255 - AITerm - INFO - logger:54 - Got suggestions: []
2025-01-23 21:29:33,255 - AITerm - INFO - logger:54 - No suggestions, hiding dropdown
2025-01-23 21:29:33,298 - AITerm - INFO - logger:54 - Hiding dropdown
2025-01-23 21:29:33,298 - AITerm - INFO - logger:54 - Executing command: git status
2025-01-23 21:29:33,299 - AITerm - DEBUG - logger:51 - Added command to history. Total commands: 1
2025-01-23 21:29:33,412 - AITerm - INFO - logger:54 - Key release event - keysym: Return, char: , keycode: 603979789
2025-01-23 21:29:33,412 - AITerm - INFO - logger:54 - Ignoring special key: Return
2025-01-23 21:29:35,673 - AITerm - INFO - logger:54 - Key release event - keysym: s, char: s, keycode: 16777331
2025-01-23 21:29:35,673 - AITerm - INFO - logger:54 - Current text: 'sh'
2025-01-23 21:29:35,673 - AITerm - INFO - logger:54 - Getting suggestions for text: 'sh'
2025-01-23 21:29:35,673 - AITerm - INFO - logger:54 - Prefix matches for 'sh': []
2025-01-23 21:29:35,674 - AITerm - INFO - logger:54 - Fuzzy matches for 'sh': ['ssh', 'ps', 'ls', 'svn', 'sed']
2025-01-23 21:29:35,674 - AITerm - INFO - logger:54 - New fuzzy matches: ['ssh', 'ps', 'ls', 'svn', 'sed']
2025-01-23 21:29:35,674 - AITerm - INFO - logger:54 - Final suggestions: ['ssh', 'ps', 'ls', 'svn', 'sed']
2025-01-23 21:29:35,674 - AITerm - INFO - logger:54 - Got suggestions: ['ssh', 'ps', 'ls', 'svn', 'sed']
2025-01-23 21:29:35,674 - AITerm - INFO - logger:54 - Showing dropdown at position (134, 672)
2025-01-23 21:29:35,674 - AITerm - INFO - logger:54 - Showing dropdown with 5 suggestions at (134, 672)
2025-01-23 21:29:35,674 - AITerm - INFO - logger:54 - Setting geometry to: 404x184+134+672
2025-01-23 21:29:35,678 - AITerm - INFO - logger:54 - Dropdown shown and configured
2025-01-23 21:29:35,678 - AITerm - INFO - logger:54 - Dropdown visible: True
2025-01-23 21:29:35,678 - AITerm - INFO - logger:54 - Dropdown geometry: 404x184+134+672
2025-01-23 21:29:35,753 - AITerm - INFO - logger:54 - Key release event - keysym: h, char: h, keycode: 67108968
2025-01-23 21:29:35,753 - AITerm - INFO - logger:54 - Current text: 'sho'
2025-01-23 21:29:35,753 - AITerm - INFO - logger:54 - Getting suggestions for text: 'sho'
2025-01-23 21:29:35,753 - AITerm - INFO - logger:54 - Prefix matches for 'sho': []
2025-01-23 21:29:35,753 - AITerm - INFO - logger:54 - Fuzzy matches for 'sho': ['ssh', 'sort', 'echo', 'python', 'ps']
2025-01-23 21:29:35,753 - AITerm - INFO - logger:54 - New fuzzy matches: ['ssh', 'sort', 'echo', 'python', 'ps']
2025-01-23 21:29:35,754 - AITerm - INFO - logger:54 - Final suggestions: ['ssh', 'sort', 'echo', 'python', 'ps']
2025-01-23 21:29:35,754 - AITerm - INFO - logger:54 - Got suggestions: ['ssh', 'sort', 'echo', 'python', 'ps']
2025-01-23 21:29:35,754 - AITerm - INFO - logger:54 - Showing dropdown at position (134, 672)
2025-01-23 21:29:35,754 - AITerm - INFO - logger:54 - Showing dropdown with 5 suggestions at (134, 672)
2025-01-23 21:29:35,755 - AITerm - INFO - logger:54 - Setting geometry to: 404x184+134+672
2025-01-23 21:29:35,756 - AITerm - INFO - logger:54 - Dropdown shown and configured
2025-01-23 21:29:35,756 - AITerm - INFO - logger:54 - Dropdown visible: True
2025-01-23 21:29:35,756 - AITerm - INFO - logger:54 - Dropdown geometry: 404x184+134+672
2025-01-23 21:29:35,820 - AITerm - INFO - logger:54 - Key release event - keysym: o, char: o, keycode: 520093807
2025-01-23 21:29:35,820 - AITerm - INFO - logger:54 - Current text: 'show'
2025-01-23 21:29:35,820 - AITerm - INFO - logger:54 - Getting suggestions for text: 'show'
2025-01-23 21:29:35,820 - AITerm - INFO - logger:54 - Prefix matches for 'show': []
2025-01-23 21:29:35,820 - AITerm - INFO - logger:54 - Fuzzy matches for 'show': ['ssh', 'sort', 'echo', 'python', 'wc']
2025-01-23 21:29:35,820 - AITerm - INFO - logger:54 - New fuzzy matches: ['ssh', 'sort', 'echo', 'python', 'wc']
2025-01-23 21:29:35,820 - AITerm - INFO - logger:54 - Final suggestions: ['ssh', 'sort', 'echo', 'python', 'wc']
2025-01-23 21:29:35,820 - AITerm - INFO - logger:54 - Got suggestions: ['ssh', 'sort', 'echo', 'python', 'wc']
2025-01-23 21:29:35,820 - AITerm - INFO - logger:54 - Showing dropdown at position (134, 672)
2025-01-23 21:29:35,820 - AITerm - INFO - logger:54 - Showing dropdown with 5 suggestions at (134, 672)
2025-01-23 21:29:35,822 - AITerm - INFO - logger:54 - Setting geometry to: 404x184+134+672
2025-01-23 21:29:35,822 - AITerm - INFO - logger:54 - Dropdown shown and configured
2025-01-23 21:29:35,823 - AITerm - INFO - logger:54 - Dropdown visible: True
2025-01-23 21:29:35,823 - AITerm - INFO - logger:54 - Dropdown geometry: 404x184+134+672
2025-01-23 21:29:35,897 - AITerm - INFO - logger:54 - Key release event - keysym: w, char: w, keycode: 218103927
2025-01-23 21:29:35,897 - AITerm - INFO - logger:54 - Current text: 'show'
2025-01-23 21:29:35,897 - AITerm - INFO - logger:54 - Getting suggestions for text: 'show'
2025-01-23 21:29:35,897 - AITerm - INFO - logger:54 - Prefix matches for 'show': []
2025-01-23 21:29:35,898 - AITerm - INFO - logger:54 - Fuzzy matches for 'show': ['ssh', 'sort', 'echo', 'python', 'wc']
2025-01-23 21:29:35,898 - AITerm - INFO - logger:54 - New fuzzy matches: ['ssh', 'sort', 'echo', 'python', 'wc']
2025-01-23 21:29:35,898 - AITerm - INFO - logger:54 - Final suggestions: ['ssh', 'sort', 'echo', 'python', 'wc']
2025-01-23 21:29:35,898 - AITerm - INFO - logger:54 - Got suggestions: ['ssh', 'sort', 'echo', 'python', 'wc']
2025-01-23 21:29:35,898 - AITerm - INFO - logger:54 - Showing dropdown at position (134, 672)
2025-01-23 21:29:35,898 - AITerm - INFO - logger:54 - Showing dropdown with 5 suggestions at (134, 672)
2025-01-23 21:29:35,899 - AITerm - INFO - logger:54 - Setting geometry to: 404x184+134+672
2025-01-23 21:29:35,900 - AITerm - INFO - logger:54 - Dropdown shown and configured
2025-01-23 21:29:35,900 - AITerm - INFO - logger:54 - Dropdown visible: True
2025-01-23 21:29:35,900 - AITerm - INFO - logger:54 - Dropdown geometry: 404x184+134+672
2025-01-23 21:29:36,033 - AITerm - INFO - logger:54 - Key release event - keysym: space, char:  , keycode: 822083616
2025-01-23 21:29:36,033 - AITerm - INFO - logger:54 - Current text: 'show '
2025-01-23 21:29:36,033 - AITerm - INFO - logger:54 - Getting suggestions for text: 'show'
2025-01-23 21:29:36,033 - AITerm - INFO - logger:54 - Prefix matches for 'show': []
2025-01-23 21:29:36,034 - AITerm - INFO - logger:54 - Fuzzy matches for 'show': ['ssh', 'sort', 'echo', 'python', 'wc']
2025-01-23 21:29:36,034 - AITerm - INFO - logger:54 - New fuzzy matches: ['ssh', 'sort', 'echo', 'python', 'wc']
2025-01-23 21:29:36,034 - AITerm - INFO - logger:54 - Final suggestions: ['ssh', 'sort', 'echo', 'python', 'wc']
2025-01-23 21:29:36,034 - AITerm - INFO - logger:54 - Got suggestions: ['ssh', 'sort', 'echo', 'python', 'wc']
2025-01-23 21:29:36,034 - AITerm - INFO - logger:54 - Showing dropdown at position (134, 672)
2025-01-23 21:29:36,034 - AITerm - INFO - logger:54 - Showing dropdown with 5 suggestions at (134, 672)
2025-01-23 21:29:36,035 - AITerm - INFO - logger:54 - Setting geometry to: 404x184+134+672
2025-01-23 21:29:36,036 - AITerm - INFO - logger:54 - Dropdown shown and configured
2025-01-23 21:29:36,036 - AITerm - INFO - logger:54 - Dropdown visible: True
2025-01-23 21:29:36,036 - AITerm - INFO - logger:54 - Dropdown geometry: 404x184+134+672
2025-01-23 21:29:36,450 - AITerm - INFO - logger:54 - Key release event - keysym: c, char: c, keycode: 134217827
2025-01-23 21:29:36,450 - AITerm - INFO - logger:54 - Current text: 'show c'
2025-01-23 21:29:36,450 - AITerm - INFO - logger:54 - Getting suggestions for text: 'show'
2025-01-23 21:29:36,450 - AITerm - INFO - logger:54 - Trying path completion for: ./c*
2025-01-23 21:29:36,450 - AITerm - INFO - logger:54 - Path suggestions: ['show ./config.py']
2025-01-23 21:29:36,451 - AITerm - INFO - logger:54 - Final suggestions: ['show ./config.py']
2025-01-23 21:29:36,451 - AITerm - INFO - logger:54 - Got suggestions: ['show ./config.py']
2025-01-23 21:29:36,451 - AITerm - INFO - logger:54 - Showing dropdown at position (134, 672)
2025-01-23 21:29:36,451 - AITerm - INFO - logger:54 - Showing dropdown with 1 suggestions at (134, 672)
2025-01-23 21:29:36,452 - AITerm - INFO - logger:54 - Setting geometry to: 404x184+134+672
2025-01-23 21:29:36,453 - AITerm - INFO - logger:54 - Dropdown shown and configured
2025-01-23 21:29:36,453 - AITerm - INFO - logger:54 - Dropdown visible: True
2025-01-23 21:29:36,453 - AITerm - INFO - logger:54 - Dropdown geometry: 404x184+134+672
2025-01-23 21:29:37,091 - AITerm - INFO - logger:54 - Key release event - keysym: u, char: u, keycode: 536871029
2025-01-23 21:29:37,091 - AITerm - INFO - logger:54 - Current text: 'show cu'
2025-01-23 21:29:37,091 - AITerm - INFO - logger:54 - Getting suggestions for text: 'show'
2025-01-23 21:29:37,091 - AITerm - INFO - logger:54 - Trying path completion for: ./cu*
2025-01-23 21:29:37,091 - AITerm - INFO - logger:54 - Final suggestions: []
2025-01-23 21:29:37,091 - AITerm - INFO - logger:54 - Got suggestions: []
2025-01-23 21:29:37,091 - AITerm - INFO - logger:54 - No suggestions, hiding dropdown
2025-01-23 21:29:37,092 - AITerm - INFO - logger:54 - Hiding dropdown
2025-01-23 21:29:37,304 - AITerm - INFO - logger:54 - Key release event - keysym: r, char: r, keycode: 251658354
2025-01-23 21:29:37,304 - AITerm - INFO - logger:54 - Current text: 'show cur'
2025-01-23 21:29:37,304 - AITerm - INFO - logger:54 - Getting suggestions for text: 'show'
2025-01-23 21:29:37,304 - AITerm - INFO - logger:54 - Trying path completion for: ./cur*
2025-01-23 21:29:37,304 - AITerm - INFO - logger:54 - Final suggestions: []
2025-01-23 21:29:37,304 - AITerm - INFO - logger:54 - Got suggestions: []
2025-01-23 21:29:37,304 - AITerm - INFO - logger:54 - No suggestions, hiding dropdown
2025-01-23 21:29:37,608 - AITerm - INFO - logger:54 - Key release event - keysym: r, char: r, keycode: 251658354
2025-01-23 21:29:37,608 - AITerm - INFO - logger:54 - Current text: 'show curre'
2025-01-23 21:29:37,608 - AITerm - INFO - logger:54 - Getting suggestions for text: 'show'
2025-01-23 21:29:37,609 - AITerm - INFO - logger:54 - Trying path completion for: ./curre*
2025-01-23 21:29:37,609 - AITerm - INFO - logger:54 - Final suggestions: []
2025-01-23 21:29:37,609 - AITerm - INFO - logger:54 - Got suggestions: []
2025-01-23 21:29:37,609 - AITerm - INFO - logger:54 - No suggestions, hiding dropdown
2025-01-23 21:29:37,732 - AITerm - INFO - logger:54 - Key release event - keysym: e, char: e, keycode: 234881125
2025-01-23 21:29:37,732 - AITerm - INFO - logger:54 - Current text: 'show curre'
2025-01-23 21:29:37,732 - AITerm - INFO - logger:54 - Getting suggestions for text: 'show'
2025-01-23 21:29:37,732 - AITerm - INFO - logger:54 - Trying path completion for: ./curre*
2025-01-23 21:29:37,732 - AITerm - INFO - logger:54 - Final suggestions: []
2025-01-23 21:29:37,732 - AITerm - INFO - logger:54 - Got suggestions: []
2025-01-23 21:29:37,732 - AITerm - INFO - logger:54 - No suggestions, hiding dropdown
2025-01-23 21:29:37,844 - AITerm - INFO - logger:54 - Key release event - keysym: n, char: n, keycode: 754974830
2025-01-23 21:29:37,844 - AITerm - INFO - logger:54 - Current text: 'show current'
2025-01-23 21:29:37,844 - AITerm - INFO - logger:54 - Getting suggestions for text: 'show'
2025-01-23 21:29:37,844 - AITerm - INFO - logger:54 - Trying path completion for: ./current*
2025-01-23 21:29:37,844 - AITerm - INFO - logger:54 - Final suggestions: []
2025-01-23 21:29:37,844 - AITerm - INFO - logger:54 - Got suggestions: []
2025-01-23 21:29:37,844 - AITerm - INFO - logger:54 - No suggestions, hiding dropdown
2025-01-23 21:29:38,002 - AITerm - INFO - logger:54 - Key release event - keysym: t, char: t, keycode: 285212788
2025-01-23 21:29:38,002 - AITerm - INFO - logger:54 - Current text: 'show current'
2025-01-23 21:29:38,002 - AITerm - INFO - logger:54 - Getting suggestions for text: 'show'
2025-01-23 21:29:38,002 - AITerm - INFO - logger:54 - Trying path completion for: ./current*
2025-01-23 21:29:38,003 - AITerm - INFO - logger:54 - Final suggestions: []
2025-01-23 21:29:38,003 - AITerm - INFO - logger:54 - Got suggestions: []
2025-01-23 21:29:38,003 - AITerm - INFO - logger:54 - No suggestions, hiding dropdown
2025-01-23 21:29:38,126 - AITerm - INFO - logger:54 - Key release event - keysym: space, char:  , keycode: 822083616
2025-01-23 21:29:38,126 - AITerm - INFO - logger:54 - Current text: 'show current '
2025-01-23 21:29:38,126 - AITerm - INFO - logger:54 - Getting suggestions for text: 'show'
2025-01-23 21:29:38,126 - AITerm - INFO - logger:54 - Trying path completion for: ./current*
2025-01-23 21:29:38,126 - AITerm - INFO - logger:54 - Final suggestions: []
2025-01-23 21:29:38,127 - AITerm - INFO - logger:54 - Got suggestions: []
2025-01-23 21:29:38,127 - AITerm - INFO - logger:54 - No suggestions, hiding dropdown
2025-01-23 21:29:38,350 - AITerm - INFO - logger:54 - Key release event - keysym: d, char: d, keycode: 33554532
2025-01-23 21:29:38,350 - AITerm - INFO - logger:54 - Current text: 'show current di'
2025-01-23 21:29:38,350 - AITerm - INFO - logger:54 - Getting suggestions for text: 'show'
2025-01-23 21:29:38,350 - AITerm - INFO - logger:54 - Trying path completion for: ./di*
2025-01-23 21:29:38,350 - AITerm - INFO - logger:54 - Final suggestions: []
2025-01-23 21:29:38,350 - AITerm - INFO - logger:54 - Got suggestions: []
2025-01-23 21:29:38,350 - AITerm - INFO - logger:54 - No suggestions, hiding dropdown
2025-01-23 21:29:38,385 - AITerm - INFO - logger:54 - Key release event - keysym: i, char: i, keycode: 570425449
2025-01-23 21:29:38,385 - AITerm - INFO - logger:54 - Current text: 'show current di'
2025-01-23 21:29:38,385 - AITerm - INFO - logger:54 - Getting suggestions for text: 'show'
2025-01-23 21:29:38,385 - AITerm - INFO - logger:54 - Trying path completion for: ./di*
2025-01-23 21:29:38,385 - AITerm - INFO - logger:54 - Final suggestions: []
2025-01-23 21:29:38,385 - AITerm - INFO - logger:54 - Got suggestions: []
2025-01-23 21:29:38,385 - AITerm - INFO - logger:54 - No suggestions, hiding dropdown
2025-01-23 21:29:38,610 - AITerm - INFO - logger:54 - Key release event - keysym: r, char: r, keycode: 251658354
2025-01-23 21:29:38,610 - AITerm - INFO - logger:54 - Current text: 'show current dire'
2025-01-23 21:29:38,610 - AITerm - INFO - logger:54 - Getting suggestions for text: 'show'
2025-01-23 21:29:38,610 - AITerm - INFO - logger:54 - Trying path completion for: ./dire*
2025-01-23 21:29:38,610 - AITerm - INFO - logger:54 - Final suggestions: []
2025-01-23 21:29:38,611 - AITerm - INFO - logger:54 - Got suggestions: []
2025-01-23 21:29:38,611 - AITerm - INFO - logger:54 - No suggestions, hiding dropdown
2025-01-23 21:29:38,630 - AITerm - INFO - logger:54 - Key release event - keysym: e, char: e, keycode: 234881125
2025-01-23 21:29:38,630 - AITerm - INFO - logger:54 - Current text: 'show current dire'
2025-01-23 21:29:38,630 - AITerm - INFO - logger:54 - Getting suggestions for text: 'show'
2025-01-23 21:29:38,630 - AITerm - INFO - logger:54 - Trying path completion for: ./dire*
2025-01-23 21:29:38,631 - AITerm - INFO - logger:54 - Final suggestions: []
2025-01-23 21:29:38,631 - AITerm - INFO - logger:54 - Got suggestions: []
2025-01-23 21:29:38,631 - AITerm - INFO - logger:54 - No suggestions, hiding dropdown
2025-01-23 21:29:38,845 - AITerm - INFO - logger:54 - Key release event - keysym: c, char: c, keycode: 134217827
2025-01-23 21:29:38,845 - AITerm - INFO - logger:54 - Current text: 'show current direc'
2025-01-23 21:29:38,845 - AITerm - INFO - logger:54 - Getting suggestions for text: 'show'
2025-01-23 21:29:38,845 - AITerm - INFO - logger:54 - Trying path completion for: ./direc*
2025-01-23 21:29:38,845 - AITerm - INFO - logger:54 - Final suggestions: []
2025-01-23 21:29:38,845 - AITerm - INFO - logger:54 - Got suggestions: []
2025-01-23 21:29:38,845 - AITerm - INFO - logger:54 - No suggestions, hiding dropdown
2025-01-23 21:29:39,059 - AITerm - INFO - logger:54 - Key release event - keysym: t, char: t, keycode: 285212788
2025-01-23 21:29:39,059 - AITerm - INFO - logger:54 - Current text: 'show current directo'
2025-01-23 21:29:39,059 - AITerm - INFO - logger:54 - Getting suggestions for text: 'show'
2025-01-23 21:29:39,059 - AITerm - INFO - logger:54 - Trying path completion for: ./directo*
2025-01-23 21:29:39,059 - AITerm - INFO - logger:54 - Final suggestions: []
2025-01-23 21:29:39,059 - AITerm - INFO - logger:54 - Got suggestions: []
2025-01-23 21:29:39,059 - AITerm - INFO - logger:54 - No suggestions, hiding dropdown
2025-01-23 21:29:39,082 - AITerm - INFO - logger:54 - Key release event - keysym: o, char: o, keycode: 520093807
2025-01-23 21:29:39,082 - AITerm - INFO - logger:54 - Current text: 'show current directo'
2025-01-23 21:29:39,082 - AITerm - INFO - logger:54 - Getting suggestions for text: 'show'
2025-01-23 21:29:39,082 - AITerm - INFO - logger:54 - Trying path completion for: ./directo*
2025-01-23 21:29:39,082 - AITerm - INFO - logger:54 - Final suggestions: []
2025-01-23 21:29:39,082 - AITerm - INFO - logger:54 - Got suggestions: []
2025-01-23 21:29:39,082 - AITerm - INFO - logger:54 - No suggestions, hiding dropdown
2025-01-23 21:29:39,318 - AITerm - INFO - logger:54 - Key release event - keysym: r, char: r, keycode: 251658354
2025-01-23 21:29:39,318 - AITerm - INFO - logger:54 - Current text: 'show current directory'
2025-01-23 21:29:39,318 - AITerm - INFO - logger:54 - Getting suggestions for text: 'show'
2025-01-23 21:29:39,318 - AITerm - INFO - logger:54 - Trying path completion for: ./directory*
2025-01-23 21:29:39,319 - AITerm - INFO - logger:54 - Final suggestions: []
2025-01-23 21:29:39,319 - AITerm - INFO - logger:54 - Got suggestions: []
2025-01-23 21:29:39,319 - AITerm - INFO - logger:54 - No suggestions, hiding dropdown
2025-01-23 21:29:39,419 - AITerm - INFO - logger:54 - Key release event - keysym: y, char: y, keycode: 268435577
2025-01-23 21:29:39,419 - AITerm - INFO - logger:54 - Current text: 'show current directory'
2025-01-23 21:29:39,419 - AITerm - INFO - logger:54 - Getting suggestions for text: 'show'
2025-01-23 21:29:39,419 - AITerm - INFO - logger:54 - Trying path completion for: ./directory*
2025-01-23 21:29:39,419 - AITerm - INFO - logger:54 - Final suggestions: []
2025-01-23 21:29:39,419 - AITerm - INFO - logger:54 - Got suggestions: []
2025-01-23 21:29:39,419 - AITerm - INFO - logger:54 - No suggestions, hiding dropdown
2025-01-23 21:29:39,656 - AITerm - INFO - logger:54 - Hiding dropdown
2025-01-23 21:29:39,657 - AITerm - INFO - logger:54 - Executing command: show current directory
2025-01-23 21:29:39,657 - AITerm - DEBUG - logger:51 - Added command to history. Total commands: 2
2025-01-23 21:29:40,862 - AITerm - INFO - logger:54 - Key release event - keysym: Return, char: , keycode: 603979789
2025-01-23 21:29:40,862 - AITerm - INFO - logger:54 - Ignoring special key: Return
2025-01-23 21:29:40,893 - AITerm - INFO - logger:54 - Hiding dropdown
2025-01-23 21:29:40,972 - AITerm - INFO - logger:54 - Key release event - keysym: Return, char: , keycode: 603979789
2025-01-23 21:29:40,972 - AITerm - INFO - logger:54 - Ignoring special key: Return
2025-01-23 21:29:42,277 - AITerm - INFO - logger:54 - Key release event - keysym: l, char: l, keycode: 620757100
2025-01-23 21:29:42,277 - AITerm - INFO - logger:54 - Current text: 'l'
2025-01-23 21:29:42,277 - AITerm - INFO - logger:54 - Getting suggestions for text: 'l'
2025-01-23 21:29:42,277 - AITerm - INFO - logger:54 - Prefix matches for 'l': ['less', 'locate', 'ls']
2025-01-23 21:29:42,277 - AITerm - INFO - logger:54 - Fuzzy matches for 'l': ['ls', 'tail']
2025-01-23 21:29:42,278 - AITerm - INFO - logger:54 - New fuzzy matches: ['tail']
2025-01-23 21:29:42,278 - AITerm - INFO - logger:54 - Final suggestions: ['less', 'locate', 'ls', 'tail']
2025-01-23 21:29:42,278 - AITerm - INFO - logger:54 - Got suggestions: ['less', 'locate', 'ls', 'tail']
2025-01-23 21:29:42,278 - AITerm - INFO - logger:54 - Showing dropdown at position (134, 672)
2025-01-23 21:29:42,278 - AITerm - INFO - logger:54 - Showing dropdown with 4 suggestions at (134, 672)
2025-01-23 21:29:42,278 - AITerm - INFO - logger:54 - Setting geometry to: 404x184+134+672
2025-01-23 21:29:42,281 - AITerm - INFO - logger:54 - Dropdown shown and configured
2025-01-23 21:29:42,281 - AITerm - INFO - logger:54 - Dropdown visible: True
2025-01-23 21:29:42,282 - AITerm - INFO - logger:54 - Dropdown geometry: 404x184+134+672
2025-01-23 21:29:42,480 - AITerm - INFO - logger:54 - Key release event - keysym: s, char: s, keycode: 16777331
2025-01-23 21:29:42,480 - AITerm - INFO - logger:54 - Current text: 'ls'
2025-01-23 21:29:42,480 - AITerm - INFO - logger:54 - Getting suggestions for text: 'ls'
2025-01-23 21:29:42,480 - AITerm - INFO - logger:54 - Prefix matches for 'ls': ['ls']
2025-01-23 21:29:42,480 - AITerm - INFO - logger:54 - Fuzzy matches for 'ls': ['ls', 'less', 'ps', 'svn']
2025-01-23 21:29:42,480 - AITerm - INFO - logger:54 - New fuzzy matches: ['less', 'ps', 'svn']
2025-01-23 21:29:42,480 - AITerm - INFO - logger:54 - Final suggestions: ['ls', 'less', 'ps', 'svn']
2025-01-23 21:29:42,480 - AITerm - INFO - logger:54 - Got suggestions: ['ls', 'less', 'ps', 'svn']
2025-01-23 21:29:42,480 - AITerm - INFO - logger:54 - Showing dropdown at position (134, 672)
2025-01-23 21:29:42,480 - AITerm - INFO - logger:54 - Showing dropdown with 4 suggestions at (134, 672)
2025-01-23 21:29:42,481 - AITerm - INFO - logger:54 - Setting geometry to: 404x184+134+672
2025-01-23 21:29:42,483 - AITerm - INFO - logger:54 - Dropdown shown and configured
2025-01-23 21:29:42,483 - AITerm - INFO - logger:54 - Dropdown visible: True
2025-01-23 21:29:42,483 - AITerm - INFO - logger:54 - Dropdown geometry: 404x184+134+672
2025-01-23 21:29:42,750 - AITerm - INFO - logger:54 - Key release event - keysym: t, char: t, keycode: 285212788
2025-01-23 21:29:42,750 - AITerm - INFO - logger:54 - Current text: 'lst'
2025-01-23 21:29:42,750 - AITerm - INFO - logger:54 - Getting suggestions for text: 'lst'
2025-01-23 21:29:42,750 - AITerm - INFO - logger:54 - Prefix matches for 'lst': []
2025-01-23 21:29:42,750 - AITerm - INFO - logger:54 - Fuzzy matches for 'lst': ['ls', 'sort', 'less', 'locate', 'ps']
2025-01-23 21:29:42,750 - AITerm - INFO - logger:54 - New fuzzy matches: ['ls', 'sort', 'less', 'locate', 'ps']
2025-01-23 21:29:42,750 - AITerm - INFO - logger:54 - Final suggestions: ['ls', 'sort', 'less', 'locate', 'ps']
2025-01-23 21:29:42,750 - AITerm - INFO - logger:54 - Got suggestions: ['ls', 'sort', 'less', 'locate', 'ps']
2025-01-23 21:29:42,750 - AITerm - INFO - logger:54 - Showing dropdown at position (134, 672)
2025-01-23 21:29:42,750 - AITerm - INFO - logger:54 - Showing dropdown with 5 suggestions at (134, 672)
2025-01-23 21:29:42,752 - AITerm - INFO - logger:54 - Setting geometry to: 404x184+134+672
2025-01-23 21:29:42,753 - AITerm - INFO - logger:54 - Dropdown shown and configured
2025-01-23 21:29:42,753 - AITerm - INFO - logger:54 - Dropdown visible: True
2025-01-23 21:29:42,753 - AITerm - INFO - logger:54 - Dropdown geometry: 404x184+134+672
2025-01-23 21:29:43,120 - AITerm - INFO - logger:54 - Key release event - keysym: space, char:  , keycode: 822083616
2025-01-23 21:29:43,121 - AITerm - INFO - logger:54 - Current text: 'lst '
2025-01-23 21:29:43,121 - AITerm - INFO - logger:54 - Getting suggestions for text: 'lst'
2025-01-23 21:29:43,121 - AITerm - INFO - logger:54 - Prefix matches for 'lst': []
2025-01-23 21:29:43,121 - AITerm - INFO - logger:54 - Fuzzy matches for 'lst': ['ls', 'sort', 'less', 'locate', 'ps']
2025-01-23 21:29:43,121 - AITerm - INFO - logger:54 - New fuzzy matches: ['ls', 'sort', 'less', 'locate', 'ps']
2025-01-23 21:29:43,121 - AITerm - INFO - logger:54 - Final suggestions: ['ls', 'sort', 'less', 'locate', 'ps']
2025-01-23 21:29:43,121 - AITerm - INFO - logger:54 - Got suggestions: ['ls', 'sort', 'less', 'locate', 'ps']
2025-01-23 21:29:43,121 - AITerm - INFO - logger:54 - Showing dropdown at position (134, 672)
2025-01-23 21:29:43,121 - AITerm - INFO - logger:54 - Showing dropdown with 5 suggestions at (134, 672)
2025-01-23 21:29:43,123 - AITerm - INFO - logger:54 - Setting geometry to: 404x184+134+672
2025-01-23 21:29:43,123 - AITerm - INFO - logger:54 - Dropdown shown and configured
2025-01-23 21:29:43,124 - AITerm - INFO - logger:54 - Dropdown visible: True
2025-01-23 21:29:43,124 - AITerm - INFO - logger:54 - Dropdown geometry: 404x184+134+672
2025-01-23 21:29:43,582 - AITerm - INFO - logger:54 - Key release event - keysym: BackSpace, char: , keycode: 855638143
2025-01-23 21:29:43,582 - AITerm - INFO - logger:54 - Current text: 'lst'
2025-01-23 21:29:43,582 - AITerm - INFO - logger:54 - Getting suggestions for text: 'lst'
2025-01-23 21:29:43,582 - AITerm - INFO - logger:54 - Prefix matches for 'lst': []
2025-01-23 21:29:43,582 - AITerm - INFO - logger:54 - Fuzzy matches for 'lst': ['ls', 'sort', 'less', 'locate', 'ps']
2025-01-23 21:29:43,582 - AITerm - INFO - logger:54 - New fuzzy matches: ['ls', 'sort', 'less', 'locate', 'ps']
2025-01-23 21:29:43,583 - AITerm - INFO - logger:54 - Final suggestions: ['ls', 'sort', 'less', 'locate', 'ps']
2025-01-23 21:29:43,583 - AITerm - INFO - logger:54 - Got suggestions: ['ls', 'sort', 'less', 'locate', 'ps']
2025-01-23 21:29:43,583 - AITerm - INFO - logger:54 - Showing dropdown at position (134, 672)
2025-01-23 21:29:43,583 - AITerm - INFO - logger:54 - Showing dropdown with 5 suggestions at (134, 672)
2025-01-23 21:29:43,584 - AITerm - INFO - logger:54 - Setting geometry to: 404x184+134+672
2025-01-23 21:29:43,585 - AITerm - INFO - logger:54 - Dropdown shown and configured
2025-01-23 21:29:43,586 - AITerm - INFO - logger:54 - Dropdown visible: True
2025-01-23 21:29:43,586 - AITerm - INFO - logger:54 - Dropdown geometry: 404x184+134+672
2025-01-23 21:29:43,728 - AITerm - INFO - logger:54 - Key release event - keysym: BackSpace, char: , keycode: 855638143
2025-01-23 21:29:43,728 - AITerm - INFO - logger:54 - Current text: 'ls'
2025-01-23 21:29:43,728 - AITerm - INFO - logger:54 - Getting suggestions for text: 'ls'
2025-01-23 21:29:43,728 - AITerm - INFO - logger:54 - Prefix matches for 'ls': ['ls']
2025-01-23 21:29:43,728 - AITerm - INFO - logger:54 - Fuzzy matches for 'ls': ['ls', 'less', 'ps', 'svn']
2025-01-23 21:29:43,728 - AITerm - INFO - logger:54 - New fuzzy matches: ['less', 'ps', 'svn']
2025-01-23 21:29:43,728 - AITerm - INFO - logger:54 - Final suggestions: ['ls', 'less', 'ps', 'svn']
2025-01-23 21:29:43,729 - AITerm - INFO - logger:54 - Got suggestions: ['ls', 'less', 'ps', 'svn']
2025-01-23 21:29:43,729 - AITerm - INFO - logger:54 - Showing dropdown at position (134, 672)
2025-01-23 21:29:43,729 - AITerm - INFO - logger:54 - Showing dropdown with 4 suggestions at (134, 672)
2025-01-23 21:29:43,730 - AITerm - INFO - logger:54 - Setting geometry to: 404x184+134+672
2025-01-23 21:29:43,731 - AITerm - INFO - logger:54 - Dropdown shown and configured
2025-01-23 21:29:43,731 - AITerm - INFO - logger:54 - Dropdown visible: True
2025-01-23 21:29:43,731 - AITerm - INFO - logger:54 - Dropdown geometry: 404x184+134+672
2025-01-23 21:29:43,908 - AITerm - INFO - logger:54 - Key release event - keysym: BackSpace, char: , keycode: 855638143
2025-01-23 21:29:43,908 - AITerm - INFO - logger:54 - Current text: 'l'
2025-01-23 21:29:43,908 - AITerm - INFO - logger:54 - Getting suggestions for text: 'l'
2025-01-23 21:29:43,908 - AITerm - INFO - logger:54 - Prefix matches for 'l': ['less', 'locate', 'ls']
2025-01-23 21:29:43,908 - AITerm - INFO - logger:54 - Fuzzy matches for 'l': ['ls', 'tail']
2025-01-23 21:29:43,908 - AITerm - INFO - logger:54 - New fuzzy matches: ['tail']
2025-01-23 21:29:43,908 - AITerm - INFO - logger:54 - Final suggestions: ['less', 'locate', 'ls', 'tail']
2025-01-23 21:29:43,909 - AITerm - INFO - logger:54 - Got suggestions: ['less', 'locate', 'ls', 'tail']
2025-01-23 21:29:43,909 - AITerm - INFO - logger:54 - Showing dropdown at position (134, 672)
2025-01-23 21:29:43,909 - AITerm - INFO - logger:54 - Showing dropdown with 4 suggestions at (134, 672)
2025-01-23 21:29:43,910 - AITerm - INFO - logger:54 - Setting geometry to: 404x184+134+672
2025-01-23 21:29:43,911 - AITerm - INFO - logger:54 - Dropdown shown and configured
2025-01-23 21:29:43,911 - AITerm - INFO - logger:54 - Dropdown visible: True
2025-01-23 21:29:43,911 - AITerm - INFO - logger:54 - Dropdown geometry: 404x184+134+672
2025-01-23 21:29:44,212 - AITerm - INFO - logger:54 - Key release event - keysym: i, char: i, keycode: 570425449
2025-01-23 21:29:44,212 - AITerm - INFO - logger:54 - Current text: 'li'
2025-01-23 21:29:44,212 - AITerm - INFO - logger:54 - Getting suggestions for text: 'li'
2025-01-23 21:29:44,212 - AITerm - INFO - logger:54 - Prefix matches for 'li': []
2025-01-23 21:29:44,213 - AITerm - INFO - logger:54 - Fuzzy matches for 'li': ['ls', 'zip', 'vim', 'pip', 'git']
2025-01-23 21:29:44,213 - AITerm - INFO - logger:54 - New fuzzy matches: ['ls', 'zip', 'vim', 'pip', 'git']
2025-01-23 21:29:44,213 - AITerm - INFO - logger:54 - Final suggestions: ['ls', 'zip', 'vim', 'pip', 'git']
2025-01-23 21:29:44,213 - AITerm - INFO - logger:54 - Got suggestions: ['ls', 'zip', 'vim', 'pip', 'git']
2025-01-23 21:29:44,213 - AITerm - INFO - logger:54 - Showing dropdown at position (134, 672)
2025-01-23 21:29:44,213 - AITerm - INFO - logger:54 - Showing dropdown with 5 suggestions at (134, 672)
2025-01-23 21:29:44,215 - AITerm - INFO - logger:54 - Setting geometry to: 404x184+134+672
2025-01-23 21:29:44,216 - AITerm - INFO - logger:54 - Dropdown shown and configured
2025-01-23 21:29:44,216 - AITerm - INFO - logger:54 - Dropdown visible: True
2025-01-23 21:29:44,216 - AITerm - INFO - logger:54 - Dropdown geometry: 404x184+134+672
2025-01-23 21:29:44,358 - AITerm - INFO - logger:54 - Key release event - keysym: s, char: s, keycode: 16777331
2025-01-23 21:29:44,358 - AITerm - INFO - logger:54 - Current text: 'list'
2025-01-23 21:29:44,358 - AITerm - INFO - logger:54 - Getting suggestions for text: 'list'
2025-01-23 21:29:44,358 - AITerm - INFO - logger:54 - Prefix matches for 'list': []
2025-01-23 21:29:44,358 - AITerm - INFO - logger:54 - Fuzzy matches for 'list': ['ls', 'git', 'sort', 'less', 'locate']
2025-01-23 21:29:44,359 - AITerm - INFO - logger:54 - New fuzzy matches: ['ls', 'git', 'sort', 'less', 'locate']
2025-01-23 21:29:44,359 - AITerm - INFO - logger:54 - Final suggestions: ['ls', 'git', 'sort', 'less', 'locate']
2025-01-23 21:29:44,359 - AITerm - INFO - logger:54 - Got suggestions: ['ls', 'git', 'sort', 'less', 'locate']
2025-01-23 21:29:44,359 - AITerm - INFO - logger:54 - Showing dropdown at position (134, 672)
2025-01-23 21:29:44,359 - AITerm - INFO - logger:54 - Showing dropdown with 5 suggestions at (134, 672)
2025-01-23 21:29:44,360 - AITerm - INFO - logger:54 - Setting geometry to: 404x184+134+672
2025-01-23 21:29:44,361 - AITerm - INFO - logger:54 - Dropdown shown and configured
2025-01-23 21:29:44,361 - AITerm - INFO - logger:54 - Dropdown visible: True
2025-01-23 21:29:44,361 - AITerm - INFO - logger:54 - Dropdown geometry: 404x184+134+672
2025-01-23 21:29:44,448 - AITerm - INFO - logger:54 - Key release event - keysym: t, char: t, keycode: 285212788
2025-01-23 21:29:44,448 - AITerm - INFO - logger:54 - Current text: 'list '
2025-01-23 21:29:44,448 - AITerm - INFO - logger:54 - Getting suggestions for text: 'list'
2025-01-23 21:29:44,448 - AITerm - INFO - logger:54 - Prefix matches for 'list': []
2025-01-23 21:29:44,448 - AITerm - INFO - logger:54 - Fuzzy matches for 'list': ['ls', 'git', 'sort', 'less', 'locate']
2025-01-23 21:29:44,448 - AITerm - INFO - logger:54 - New fuzzy matches: ['ls', 'git', 'sort', 'less', 'locate']
2025-01-23 21:29:44,449 - AITerm - INFO - logger:54 - Final suggestions: ['ls', 'git', 'sort', 'less', 'locate']
2025-01-23 21:29:44,449 - AITerm - INFO - logger:54 - Got suggestions: ['ls', 'git', 'sort', 'less', 'locate']
2025-01-23 21:29:44,449 - AITerm - INFO - logger:54 - Showing dropdown at position (134, 672)
2025-01-23 21:29:44,449 - AITerm - INFO - logger:54 - Showing dropdown with 5 suggestions at (134, 672)
2025-01-23 21:29:44,450 - AITerm - INFO - logger:54 - Setting geometry to: 404x184+134+672
2025-01-23 21:29:44,451 - AITerm - INFO - logger:54 - Dropdown shown and configured
2025-01-23 21:29:44,451 - AITerm - INFO - logger:54 - Dropdown visible: True
2025-01-23 21:29:44,451 - AITerm - INFO - logger:54 - Dropdown geometry: 404x184+134+672
2025-01-23 21:29:44,537 - AITerm - INFO - logger:54 - Key release event - keysym: space, char:  , keycode: 822083616
2025-01-23 21:29:44,538 - AITerm - INFO - logger:54 - Current text: 'list '
2025-01-23 21:29:44,538 - AITerm - INFO - logger:54 - Getting suggestions for text: 'list'
2025-01-23 21:29:44,538 - AITerm - INFO - logger:54 - Prefix matches for 'list': []
2025-01-23 21:29:44,538 - AITerm - INFO - logger:54 - Fuzzy matches for 'list': ['ls', 'git', 'sort', 'less', 'locate']
2025-01-23 21:29:44,538 - AITerm - INFO - logger:54 - New fuzzy matches: ['ls', 'git', 'sort', 'less', 'locate']
2025-01-23 21:29:44,538 - AITerm - INFO - logger:54 - Final suggestions: ['ls', 'git', 'sort', 'less', 'locate']
2025-01-23 21:29:44,538 - AITerm - INFO - logger:54 - Got suggestions: ['ls', 'git', 'sort', 'less', 'locate']
2025-01-23 21:29:44,538 - AITerm - INFO - logger:54 - Showing dropdown at position (134, 672)
2025-01-23 21:29:44,538 - AITerm - INFO - logger:54 - Showing dropdown with 5 suggestions at (134, 672)
2025-01-23 21:29:44,539 - AITerm - INFO - logger:54 - Setting geometry to: 404x184+134+672
2025-01-23 21:29:44,540 - AITerm - INFO - logger:54 - Dropdown shown and configured
2025-01-23 21:29:44,540 - AITerm - INFO - logger:54 - Dropdown visible: True
2025-01-23 21:29:44,540 - AITerm - INFO - logger:54 - Dropdown geometry: 404x184+134+672
2025-01-23 21:29:44,739 - AITerm - INFO - logger:54 - Key release event - keysym: f, char: f, keycode: 50331750
2025-01-23 21:29:44,740 - AITerm - INFO - logger:54 - Current text: 'list fi'
2025-01-23 21:29:44,740 - AITerm - INFO - logger:54 - Getting suggestions for text: 'list'
2025-01-23 21:29:44,740 - AITerm - INFO - logger:54 - Trying path completion for: ./fi*
2025-01-23 21:29:44,740 - AITerm - INFO - logger:54 - Final suggestions: []
2025-01-23 21:29:44,740 - AITerm - INFO - logger:54 - Got suggestions: []
2025-01-23 21:29:44,740 - AITerm - INFO - logger:54 - No suggestions, hiding dropdown
2025-01-23 21:29:44,740 - AITerm - INFO - logger:54 - Hiding dropdown
2025-01-23 21:29:44,773 - AITerm - INFO - logger:54 - Key release event - keysym: i, char: i, keycode: 570425449
2025-01-23 21:29:44,774 - AITerm - INFO - logger:54 - Current text: 'list fil'
2025-01-23 21:29:44,774 - AITerm - INFO - logger:54 - Getting suggestions for text: 'list'
2025-01-23 21:29:44,774 - AITerm - INFO - logger:54 - Trying path completion for: ./fil*
2025-01-23 21:29:44,774 - AITerm - INFO - logger:54 - Final suggestions: []
2025-01-23 21:29:44,774 - AITerm - INFO - logger:54 - Got suggestions: []
2025-01-23 21:29:44,774 - AITerm - INFO - logger:54 - No suggestions, hiding dropdown
2025-01-23 21:29:44,920 - AITerm - INFO - logger:54 - Key release event - keysym: l, char: l, keycode: 620757100
2025-01-23 21:29:44,920 - AITerm - INFO - logger:54 - Current text: 'list file'
2025-01-23 21:29:44,920 - AITerm - INFO - logger:54 - Getting suggestions for text: 'list'
2025-01-23 21:29:44,920 - AITerm - INFO - logger:54 - Trying path completion for: ./file*
2025-01-23 21:29:44,921 - AITerm - INFO - logger:54 - Final suggestions: []
2025-01-23 21:29:44,921 - AITerm - INFO - logger:54 - Got suggestions: []
2025-01-23 21:29:44,921 - AITerm - INFO - logger:54 - No suggestions, hiding dropdown
2025-01-23 21:29:44,966 - AITerm - INFO - logger:54 - Key release event - keysym: e, char: e, keycode: 234881125
2025-01-23 21:29:44,966 - AITerm - INFO - logger:54 - Current text: 'list file'
2025-01-23 21:29:44,966 - AITerm - INFO - logger:54 - Getting suggestions for text: 'list'
2025-01-23 21:29:44,966 - AITerm - INFO - logger:54 - Trying path completion for: ./file*
2025-01-23 21:29:44,966 - AITerm - INFO - logger:54 - Final suggestions: []
2025-01-23 21:29:44,966 - AITerm - INFO - logger:54 - Got suggestions: []
2025-01-23 21:29:44,966 - AITerm - INFO - logger:54 - No suggestions, hiding dropdown
2025-01-23 21:29:45,191 - AITerm - INFO - logger:54 - Hiding dropdown
2025-01-23 21:29:45,191 - AITerm - INFO - logger:54 - Executing command: list files
2025-01-23 21:29:45,191 - AITerm - DEBUG - logger:51 - Added command to history. Total commands: 3
2025-01-23 21:29:45,710 - AITerm - INFO - logger:54 - Key release event - keysym: s, char: s, keycode: 16777331
2025-01-23 21:29:45,711 - AITerm - INFO - logger:54 - Current text: ''
2025-01-23 21:29:45,711 - AITerm - INFO - logger:54 - No text, hiding suggestions
2025-01-23 21:29:45,711 - AITerm - INFO - logger:54 - Key release event - keysym: Return, char: , keycode: 603979789
2025-01-23 21:29:45,711 - AITerm - INFO - logger:54 - Ignoring special key: Return
2025-01-23 21:29:53,932 - AITerm - INFO - logger:54 - Key release event - keysym: g, char: g, keycode: 83886183
2025-01-23 21:29:53,932 - AITerm - INFO - logger:54 - Current text: 'gh'
2025-01-23 21:29:53,932 - AITerm - INFO - logger:54 - Getting suggestions for text: 'gh'
2025-01-23 21:29:53,932 - AITerm - INFO - logger:54 - Prefix matches for 'gh': []
2025-01-23 21:29:53,932 - AITerm - INFO - logger:54 - Fuzzy matches for 'gh': ['ssh', 'git', 'wget', 'ping', 'head']
2025-01-23 21:29:53,932 - AITerm - INFO - logger:54 - New fuzzy matches: ['ssh', 'git', 'wget', 'ping', 'head']
2025-01-23 21:29:53,933 - AITerm - INFO - logger:54 - Final suggestions: ['ssh', 'git', 'wget', 'ping', 'head']
2025-01-23 21:29:53,933 - AITerm - INFO - logger:54 - Got suggestions: ['ssh', 'git', 'wget', 'ping', 'head']
2025-01-23 21:29:53,933 - AITerm - INFO - logger:54 - Showing dropdown at position (134, 672)
2025-01-23 21:29:53,933 - AITerm - INFO - logger:54 - Showing dropdown with 5 suggestions at (134, 672)
2025-01-23 21:29:53,933 - AITerm - INFO - logger:54 - Setting geometry to: 404x184+134+672
2025-01-23 21:29:53,936 - AITerm - INFO - logger:54 - Dropdown shown and configured
2025-01-23 21:29:53,936 - AITerm - INFO - logger:54 - Dropdown visible: True
2025-01-23 21:29:53,936 - AITerm - INFO - logger:54 - Dropdown geometry: 404x184+134+672
2025-01-23 21:29:54,055 - AITerm - INFO - logger:54 - Key release event - keysym: h, char: h, keycode: 67108968
2025-01-23 21:29:54,056 - AITerm - INFO - logger:54 - Current text: 'gho'
2025-01-23 21:29:54,056 - AITerm - INFO - logger:54 - Getting suggestions for text: 'gho'
2025-01-23 21:29:54,056 - AITerm - INFO - logger:54 - Prefix matches for 'gho': []
2025-01-23 21:29:54,056 - AITerm - INFO - logger:54 - Fuzzy matches for 'gho': ['echo', 'python', 'top', 'ssh', 'git']
2025-01-23 21:29:54,056 - AITerm - INFO - logger:54 - New fuzzy matches: ['echo', 'python', 'top', 'ssh', 'git']
2025-01-23 21:29:54,056 - AITerm - INFO - logger:54 - Final suggestions: ['echo', 'python', 'top', 'ssh', 'git']
2025-01-23 21:29:54,056 - AITerm - INFO - logger:54 - Got suggestions: ['echo', 'python', 'top', 'ssh', 'git']
2025-01-23 21:29:54,056 - AITerm - INFO - logger:54 - Showing dropdown at position (134, 672)
2025-01-23 21:29:54,056 - AITerm - INFO - logger:54 - Showing dropdown with 5 suggestions at (134, 672)
2025-01-23 21:29:54,058 - AITerm - INFO - logger:54 - Setting geometry to: 404x184+134+672
2025-01-23 21:29:54,059 - AITerm - INFO - logger:54 - Dropdown shown and configured
2025-01-23 21:29:54,059 - AITerm - INFO - logger:54 - Dropdown visible: True
2025-01-23 21:29:54,059 - AITerm - INFO - logger:54 - Dropdown geometry: 404x184+134+672
2025-01-23 21:29:54,134 - AITerm - INFO - logger:54 - Key release event - keysym: o, char: o, keycode: 520093807
2025-01-23 21:29:54,135 - AITerm - INFO - logger:54 - Current text: 'gho'
2025-01-23 21:29:54,135 - AITerm - INFO - logger:54 - Getting suggestions for text: 'gho'
2025-01-23 21:29:54,135 - AITerm - INFO - logger:54 - Prefix matches for 'gho': []
2025-01-23 21:29:54,135 - AITerm - INFO - logger:54 - Fuzzy matches for 'gho': ['echo', 'python', 'top', 'ssh', 'git']
2025-01-23 21:29:54,135 - AITerm - INFO - logger:54 - New fuzzy matches: ['echo', 'python', 'top', 'ssh', 'git']
2025-01-23 21:29:54,135 - AITerm - INFO - logger:54 - Final suggestions: ['echo', 'python', 'top', 'ssh', 'git']
2025-01-23 21:29:54,135 - AITerm - INFO - logger:54 - Got suggestions: ['echo', 'python', 'top', 'ssh', 'git']
2025-01-23 21:29:54,135 - AITerm - INFO - logger:54 - Showing dropdown at position (134, 672)
2025-01-23 21:29:54,135 - AITerm - INFO - logger:54 - Showing dropdown with 5 suggestions at (134, 672)
2025-01-23 21:29:54,137 - AITerm - INFO - logger:54 - Setting geometry to: 404x184+134+672
2025-01-23 21:29:54,137 - AITerm - INFO - logger:54 - Dropdown shown and configured
2025-01-23 21:29:54,137 - AITerm - INFO - logger:54 - Dropdown visible: True
2025-01-23 21:29:54,137 - AITerm - INFO - logger:54 - Dropdown geometry: 404x184+134+672
2025-01-23 21:29:54,405 - AITerm - INFO - logger:54 - Key release event - keysym: BackSpace, char: , keycode: 855638143
2025-01-23 21:29:54,405 - AITerm - INFO - logger:54 - Current text: 'gh'
2025-01-23 21:29:54,405 - AITerm - INFO - logger:54 - Getting suggestions for text: 'gh'
2025-01-23 21:29:54,405 - AITerm - INFO - logger:54 - Prefix matches for 'gh': []
2025-01-23 21:29:54,405 - AITerm - INFO - logger:54 - Fuzzy matches for 'gh': ['ssh', 'git', 'wget', 'ping', 'head']
2025-01-23 21:29:54,405 - AITerm - INFO - logger:54 - New fuzzy matches: ['ssh', 'git', 'wget', 'ping', 'head']
2025-01-23 21:29:54,405 - AITerm - INFO - logger:54 - Final suggestions: ['ssh', 'git', 'wget', 'ping', 'head']
2025-01-23 21:29:54,405 - AITerm - INFO - logger:54 - Got suggestions: ['ssh', 'git', 'wget', 'ping', 'head']
2025-01-23 21:29:54,405 - AITerm - INFO - logger:54 - Showing dropdown at position (134, 672)
2025-01-23 21:29:54,405 - AITerm - INFO - logger:54 - Showing dropdown with 5 suggestions at (134, 672)
2025-01-23 21:29:54,407 - AITerm - INFO - logger:54 - Setting geometry to: 404x184+134+672
2025-01-23 21:29:54,407 - AITerm - INFO - logger:54 - Dropdown shown and configured
2025-01-23 21:29:54,407 - AITerm - INFO - logger:54 - Dropdown visible: True
2025-01-23 21:29:54,408 - AITerm - INFO - logger:54 - Dropdown geometry: 404x184+134+672
2025-01-23 21:29:54,539 - AITerm - INFO - logger:54 - Key release event - keysym: BackSpace, char: , keycode: 855638143
2025-01-23 21:29:54,540 - AITerm - INFO - logger:54 - Current text: 'g'
2025-01-23 21:29:54,540 - AITerm - INFO - logger:54 - Getting suggestions for text: 'g'
2025-01-23 21:29:54,540 - AITerm - INFO - logger:54 - Prefix matches for 'g': ['git', 'grep', 'gzip']
2025-01-23 21:29:54,540 - AITerm - INFO - logger:54 - Fuzzy matches for 'g': ['git', 'wget']
2025-01-23 21:29:54,540 - AITerm - INFO - logger:54 - New fuzzy matches: ['wget']
2025-01-23 21:29:54,540 - AITerm - INFO - logger:54 - Final suggestions: ['git', 'grep', 'gzip', 'wget']
2025-01-23 21:29:54,540 - AITerm - INFO - logger:54 - Got suggestions: ['git', 'grep', 'gzip', 'wget']
2025-01-23 21:29:54,540 - AITerm - INFO - logger:54 - Showing dropdown at position (134, 672)
2025-01-23 21:29:54,540 - AITerm - INFO - logger:54 - Showing dropdown with 4 suggestions at (134, 672)
2025-01-23 21:29:54,541 - AITerm - INFO - logger:54 - Setting geometry to: 404x184+134+672
2025-01-23 21:29:54,542 - AITerm - INFO - logger:54 - Dropdown shown and configured
2025-01-23 21:29:54,542 - AITerm - INFO - logger:54 - Dropdown visible: True
2025-01-23 21:29:54,542 - AITerm - INFO - logger:54 - Dropdown geometry: 404x184+134+672
2025-01-23 21:29:54,663 - AITerm - INFO - logger:54 - Key release event - keysym: BackSpace, char: , keycode: 855638143
2025-01-23 21:29:54,663 - AITerm - INFO - logger:54 - Current text: ''
2025-01-23 21:29:54,664 - AITerm - INFO - logger:54 - No text, hiding suggestions
2025-01-23 21:29:54,664 - AITerm - INFO - logger:54 - Hiding dropdown
2025-01-23 21:29:54,933 - AITerm - INFO - logger:54 - Key release event - keysym: s, char: s, keycode: 16777331
2025-01-23 21:29:54,933 - AITerm - INFO - logger:54 - Current text: 'sh'
2025-01-23 21:29:54,933 - AITerm - INFO - logger:54 - Getting suggestions for text: 'sh'
2025-01-23 21:29:54,933 - AITerm - INFO - logger:54 - Prefix matches for 'sh': []
2025-01-23 21:29:54,933 - AITerm - INFO - logger:54 - Fuzzy matches for 'sh': ['ssh', 'ps', 'ls', 'svn', 'sed']
2025-01-23 21:29:54,933 - AITerm - INFO - logger:54 - New fuzzy matches: ['ssh', 'ps', 'ls', 'svn', 'sed']
2025-01-23 21:29:54,933 - AITerm - INFO - logger:54 - Final suggestions: ['ssh', 'ps', 'ls', 'svn', 'sed']
2025-01-23 21:29:54,933 - AITerm - INFO - logger:54 - Got suggestions: ['ssh', 'ps', 'ls', 'svn', 'sed']
2025-01-23 21:29:54,933 - AITerm - INFO - logger:54 - Showing dropdown at position (134, 672)
2025-01-23 21:29:54,934 - AITerm - INFO - logger:54 - Showing dropdown with 5 suggestions at (134, 672)
2025-01-23 21:29:54,934 - AITerm - INFO - logger:54 - Setting geometry to: 404x184+134+672
2025-01-23 21:29:54,937 - AITerm - INFO - logger:54 - Dropdown shown and configured
2025-01-23 21:29:54,937 - AITerm - INFO - logger:54 - Dropdown visible: True
2025-01-23 21:29:54,937 - AITerm - INFO - logger:54 - Dropdown geometry: 404x184+134+672
2025-01-23 21:29:55,057 - AITerm - INFO - logger:54 - Key release event - keysym: h, char: h, keycode: 67108968
2025-01-23 21:29:55,057 - AITerm - INFO - logger:54 - Current text: 'sho'
2025-01-23 21:29:55,057 - AITerm - INFO - logger:54 - Getting suggestions for text: 'sho'
2025-01-23 21:29:55,057 - AITerm - INFO - logger:54 - Prefix matches for 'sho': []
2025-01-23 21:29:55,058 - AITerm - INFO - logger:54 - Fuzzy matches for 'sho': ['ssh', 'sort', 'echo', 'python', 'ps']
2025-01-23 21:29:55,058 - AITerm - INFO - logger:54 - New fuzzy matches: ['ssh', 'sort', 'echo', 'python', 'ps']
2025-01-23 21:29:55,058 - AITerm - INFO - logger:54 - Final suggestions: ['ssh', 'sort', 'echo', 'python', 'ps']
2025-01-23 21:29:55,058 - AITerm - INFO - logger:54 - Got suggestions: ['ssh', 'sort', 'echo', 'python', 'ps']
2025-01-23 21:29:55,058 - AITerm - INFO - logger:54 - Showing dropdown at position (134, 672)
2025-01-23 21:29:55,058 - AITerm - INFO - logger:54 - Showing dropdown with 5 suggestions at (134, 672)
2025-01-23 21:29:55,059 - AITerm - INFO - logger:54 - Setting geometry to: 404x184+134+672
2025-01-23 21:29:55,060 - AITerm - INFO - logger:54 - Dropdown shown and configured
2025-01-23 21:29:55,060 - AITerm - INFO - logger:54 - Dropdown visible: True
2025-01-23 21:29:55,060 - AITerm - INFO - logger:54 - Dropdown geometry: 404x184+134+672
2025-01-23 21:29:55,113 - AITerm - INFO - logger:54 - Key release event - keysym: o, char: o, keycode: 520093807
2025-01-23 21:29:55,114 - AITerm - INFO - logger:54 - Current text: 'show'
2025-01-23 21:29:55,114 - AITerm - INFO - logger:54 - Getting suggestions for text: 'show'
2025-01-23 21:29:55,114 - AITerm - INFO - logger:54 - Prefix matches for 'show': []
2025-01-23 21:29:55,114 - AITerm - INFO - logger:54 - Fuzzy matches for 'show': ['ssh', 'sort', 'echo', 'python', 'wc']
2025-01-23 21:29:55,114 - AITerm - INFO - logger:54 - New fuzzy matches: ['ssh', 'sort', 'echo', 'python', 'wc']
2025-01-23 21:29:55,114 - AITerm - INFO - logger:54 - Final suggestions: ['ssh', 'sort', 'echo', 'python', 'wc']
2025-01-23 21:29:55,114 - AITerm - INFO - logger:54 - Got suggestions: ['ssh', 'sort', 'echo', 'python', 'wc']
2025-01-23 21:29:55,114 - AITerm - INFO - logger:54 - Showing dropdown at position (134, 672)
2025-01-23 21:29:55,114 - AITerm - INFO - logger:54 - Showing dropdown with 5 suggestions at (134, 672)
2025-01-23 21:29:55,116 - AITerm - INFO - logger:54 - Setting geometry to: 404x184+134+672
2025-01-23 21:29:55,116 - AITerm - INFO - logger:54 - Dropdown shown and configured
2025-01-23 21:29:55,116 - AITerm - INFO - logger:54 - Dropdown visible: True
2025-01-23 21:29:55,117 - AITerm - INFO - logger:54 - Dropdown geometry: 404x184+134+672
2025-01-23 21:29:55,192 - AITerm - INFO - logger:54 - Key release event - keysym: w, char: w, keycode: 218103927
2025-01-23 21:29:55,192 - AITerm - INFO - logger:54 - Current text: 'show '
2025-01-23 21:29:55,192 - AITerm - INFO - logger:54 - Getting suggestions for text: 'show'
2025-01-23 21:29:55,192 - AITerm - INFO - logger:54 - Prefix matches for 'show': []
2025-01-23 21:29:55,193 - AITerm - INFO - logger:54 - Fuzzy matches for 'show': ['ssh', 'sort', 'echo', 'python', 'wc']
2025-01-23 21:29:55,193 - AITerm - INFO - logger:54 - New fuzzy matches: ['ssh', 'sort', 'echo', 'python', 'wc']
2025-01-23 21:29:55,193 - AITerm - INFO - logger:54 - Final suggestions: ['ssh', 'sort', 'echo', 'python', 'wc']
2025-01-23 21:29:55,193 - AITerm - INFO - logger:54 - Got suggestions: ['ssh', 'sort', 'echo', 'python', 'wc']
2025-01-23 21:29:55,193 - AITerm - INFO - logger:54 - Showing dropdown at position (134, 672)
2025-01-23 21:29:55,193 - AITerm - INFO - logger:54 - Showing dropdown with 5 suggestions at (134, 672)
2025-01-23 21:29:55,194 - AITerm - INFO - logger:54 - Setting geometry to: 404x184+134+672
2025-01-23 21:29:55,195 - AITerm - INFO - logger:54 - Dropdown shown and configured
2025-01-23 21:29:55,195 - AITerm - INFO - logger:54 - Dropdown visible: True
2025-01-23 21:29:55,195 - AITerm - INFO - logger:54 - Dropdown geometry: 404x184+134+672
2025-01-23 21:29:55,259 - AITerm - INFO - logger:54 - Key release event - keysym: space, char:  , keycode: 822083616
2025-01-23 21:29:55,259 - AITerm - INFO - logger:54 - Current text: 'show '
2025-01-23 21:29:55,259 - AITerm - INFO - logger:54 - Getting suggestions for text: 'show'
2025-01-23 21:29:55,259 - AITerm - INFO - logger:54 - Prefix matches for 'show': []
2025-01-23 21:29:55,260 - AITerm - INFO - logger:54 - Fuzzy matches for 'show': ['ssh', 'sort', 'echo', 'python', 'wc']
2025-01-23 21:29:55,260 - AITerm - INFO - logger:54 - New fuzzy matches: ['ssh', 'sort', 'echo', 'python', 'wc']
2025-01-23 21:29:55,260 - AITerm - INFO - logger:54 - Final suggestions: ['ssh', 'sort', 'echo', 'python', 'wc']
2025-01-23 21:29:55,260 - AITerm - INFO - logger:54 - Got suggestions: ['ssh', 'sort', 'echo', 'python', 'wc']
2025-01-23 21:29:55,260 - AITerm - INFO - logger:54 - Showing dropdown at position (134, 672)
2025-01-23 21:29:55,260 - AITerm - INFO - logger:54 - Showing dropdown with 5 suggestions at (134, 672)
2025-01-23 21:29:55,261 - AITerm - INFO - logger:54 - Setting geometry to: 404x184+134+672
2025-01-23 21:29:55,262 - AITerm - INFO - logger:54 - Dropdown shown and configured
2025-01-23 21:29:55,262 - AITerm - INFO - logger:54 - Dropdown visible: True
2025-01-23 21:29:55,262 - AITerm - INFO - logger:54 - Dropdown geometry: 404x184+134+672
2025-01-23 21:29:55,439 - AITerm - INFO - logger:54 - Key release event - keysym: l, char: l, keycode: 620757100
2025-01-23 21:29:55,439 - AITerm - INFO - logger:54 - Current text: 'show l'
2025-01-23 21:29:55,439 - AITerm - INFO - logger:54 - Getting suggestions for text: 'show'
2025-01-23 21:29:55,440 - AITerm - INFO - logger:54 - Trying path completion for: ./l*
2025-01-23 21:29:55,440 - AITerm - INFO - logger:54 - Path suggestions: ['show ./logs/']
2025-01-23 21:29:55,440 - AITerm - INFO - logger:54 - Final suggestions: ['show ./logs/']
2025-01-23 21:29:55,440 - AITerm - INFO - logger:54 - Got suggestions: ['show ./logs/']
2025-01-23 21:29:55,440 - AITerm - INFO - logger:54 - Showing dropdown at position (134, 672)
2025-01-23 21:29:55,440 - AITerm - INFO - logger:54 - Showing dropdown with 1 suggestions at (134, 672)
2025-01-23 21:29:55,441 - AITerm - INFO - logger:54 - Setting geometry to: 404x184+134+672
2025-01-23 21:29:55,442 - AITerm - INFO - logger:54 - Dropdown shown and configured
2025-01-23 21:29:55,442 - AITerm - INFO - logger:54 - Dropdown visible: True
2025-01-23 21:29:55,442 - AITerm - INFO - logger:54 - Dropdown geometry: 404x184+134+672
2025-01-23 21:29:55,608 - AITerm - INFO - logger:54 - Key release event - keysym: a, char: a, keycode: 97
2025-01-23 21:29:55,609 - AITerm - INFO - logger:54 - Current text: 'show las'
2025-01-23 21:29:55,609 - AITerm - INFO - logger:54 - Getting suggestions for text: 'show'
2025-01-23 21:29:55,609 - AITerm - INFO - logger:54 - Trying path completion for: ./las*
2025-01-23 21:29:55,609 - AITerm - INFO - logger:54 - Final suggestions: []
2025-01-23 21:29:55,609 - AITerm - INFO - logger:54 - Got suggestions: []
2025-01-23 21:29:55,609 - AITerm - INFO - logger:54 - No suggestions, hiding dropdown
2025-01-23 21:29:55,609 - AITerm - INFO - logger:54 - Hiding dropdown
2025-01-23 21:29:55,721 - AITerm - INFO - logger:54 - Key release event - keysym: s, char: s, keycode: 16777331
2025-01-23 21:29:55,721 - AITerm - INFO - logger:54 - Current text: 'show las'
2025-01-23 21:29:55,721 - AITerm - INFO - logger:54 - Getting suggestions for text: 'show'
2025-01-23 21:29:55,721 - AITerm - INFO - logger:54 - Trying path completion for: ./las*
2025-01-23 21:29:55,721 - AITerm - INFO - logger:54 - Final suggestions: []
2025-01-23 21:29:55,721 - AITerm - INFO - logger:54 - Got suggestions: []
2025-01-23 21:29:55,722 - AITerm - INFO - logger:54 - No suggestions, hiding dropdown
2025-01-23 21:29:55,945 - AITerm - INFO - logger:54 - Key release event - keysym: t, char: t, keycode: 285212788
2025-01-23 21:29:55,945 - AITerm - INFO - logger:54 - Current text: 'show last'
2025-01-23 21:29:55,945 - AITerm - INFO - logger:54 - Getting suggestions for text: 'show'
2025-01-23 21:29:55,945 - AITerm - INFO - logger:54 - Trying path completion for: ./last*
2025-01-23 21:29:55,945 - AITerm - INFO - logger:54 - Final suggestions: []
2025-01-23 21:29:55,945 - AITerm - INFO - logger:54 - Got suggestions: []
2025-01-23 21:29:55,945 - AITerm - INFO - logger:54 - No suggestions, hiding dropdown
2025-01-23 21:29:56,226 - AITerm - INFO - logger:54 - Key release event - keysym: space, char:  , keycode: 822083616
2025-01-23 21:29:56,226 - AITerm - INFO - logger:54 - Current text: 'show last '
2025-01-23 21:29:56,226 - AITerm - INFO - logger:54 - Getting suggestions for text: 'show'
2025-01-23 21:29:56,226 - AITerm - INFO - logger:54 - Trying path completion for: ./last*
2025-01-23 21:29:56,227 - AITerm - INFO - logger:54 - Final suggestions: []
2025-01-23 21:29:56,227 - AITerm - INFO - logger:54 - Got suggestions: []
2025-01-23 21:29:56,227 - AITerm - INFO - logger:54 - No suggestions, hiding dropdown
2025-01-23 21:29:56,609 - AITerm - INFO - logger:54 - Key release event - keysym: c, char: c, keycode: 134217827
2025-01-23 21:29:56,609 - AITerm - INFO - logger:54 - Current text: 'show last co'
2025-01-23 21:29:56,609 - AITerm - INFO - logger:54 - Getting suggestions for text: 'show'
2025-01-23 21:29:56,609 - AITerm - INFO - logger:54 - Trying path completion for: ./co*
2025-01-23 21:29:56,609 - AITerm - INFO - logger:54 - Path suggestions: ['show last ./config.py']
2025-01-23 21:29:56,610 - AITerm - INFO - logger:54 - Final suggestions: ['show last ./config.py']
2025-01-23 21:29:56,610 - AITerm - INFO - logger:54 - Got suggestions: ['show last ./config.py']
2025-01-23 21:29:56,610 - AITerm - INFO - logger:54 - Showing dropdown at position (134, 672)
2025-01-23 21:29:56,610 - AITerm - INFO - logger:54 - Showing dropdown with 1 suggestions at (134, 672)
2025-01-23 21:29:56,610 - AITerm - INFO - logger:54 - Setting geometry to: 404x184+134+672
2025-01-23 21:29:56,613 - AITerm - INFO - logger:54 - Dropdown shown and configured
2025-01-23 21:29:56,613 - AITerm - INFO - logger:54 - Dropdown visible: True
2025-01-23 21:29:56,613 - AITerm - INFO - logger:54 - Dropdown geometry: 404x184+134+672
2025-01-23 21:29:56,676 - AITerm - INFO - logger:54 - Key release event - keysym: o, char: o, keycode: 520093807
2025-01-23 21:29:56,676 - AITerm - INFO - logger:54 - Current text: 'show last co'
2025-01-23 21:29:56,676 - AITerm - INFO - logger:54 - Getting suggestions for text: 'show'
2025-01-23 21:29:56,677 - AITerm - INFO - logger:54 - Trying path completion for: ./co*
2025-01-23 21:29:56,677 - AITerm - INFO - logger:54 - Path suggestions: ['show last ./config.py']
2025-01-23 21:29:56,677 - AITerm - INFO - logger:54 - Final suggestions: ['show last ./config.py']
2025-01-23 21:29:56,677 - AITerm - INFO - logger:54 - Got suggestions: ['show last ./config.py']
2025-01-23 21:29:56,677 - AITerm - INFO - logger:54 - Showing dropdown at position (134, 672)
2025-01-23 21:29:56,677 - AITerm - INFO - logger:54 - Showing dropdown with 1 suggestions at (134, 672)
2025-01-23 21:29:56,678 - AITerm - INFO - logger:54 - Setting geometry to: 404x184+134+672
2025-01-23 21:29:56,679 - AITerm - INFO - logger:54 - Dropdown shown and configured
2025-01-23 21:29:56,679 - AITerm - INFO - logger:54 - Dropdown visible: True
2025-01-23 21:29:56,679 - AITerm - INFO - logger:54 - Dropdown geometry: 404x184+134+672
2025-01-23 21:29:56,856 - AITerm - INFO - logger:54 - Key release event - keysym: m, char: m, keycode: 771752045
2025-01-23 21:29:56,856 - AITerm - INFO - logger:54 - Current text: 'show last com'
2025-01-23 21:29:56,857 - AITerm - INFO - logger:54 - Getting suggestions for text: 'show'
2025-01-23 21:29:56,857 - AITerm - INFO - logger:54 - Trying path completion for: ./com*
2025-01-23 21:29:56,857 - AITerm - INFO - logger:54 - Final suggestions: []
2025-01-23 21:29:56,857 - AITerm - INFO - logger:54 - Got suggestions: []
2025-01-23 21:29:56,857 - AITerm - INFO - logger:54 - No suggestions, hiding dropdown
2025-01-23 21:29:56,857 - AITerm - INFO - logger:54 - Hiding dropdown
2025-01-23 21:29:57,138 - AITerm - INFO - logger:54 - Key release event - keysym: i, char: i, keycode: 570425449
2025-01-23 21:29:57,138 - AITerm - INFO - logger:54 - Current text: 'show last comi'
2025-01-23 21:29:57,138 - AITerm - INFO - logger:54 - Getting suggestions for text: 'show'
2025-01-23 21:29:57,138 - AITerm - INFO - logger:54 - Trying path completion for: ./comi*
2025-01-23 21:29:57,138 - AITerm - INFO - logger:54 - Final suggestions: []
2025-01-23 21:29:57,138 - AITerm - INFO - logger:54 - Got suggestions: []
2025-01-23 21:29:57,139 - AITerm - INFO - logger:54 - No suggestions, hiding dropdown
2025-01-23 21:29:57,588 - AITerm - INFO - logger:54 - Key release event - keysym: BackSpace, char: , keycode: 855638143
2025-01-23 21:29:57,588 - AITerm - INFO - logger:54 - Current text: 'show last com'
2025-01-23 21:29:57,588 - AITerm - INFO - logger:54 - Getting suggestions for text: 'show'
2025-01-23 21:29:57,588 - AITerm - INFO - logger:54 - Trying path completion for: ./com*
2025-01-23 21:29:57,588 - AITerm - INFO - logger:54 - Final suggestions: []
2025-01-23 21:29:57,588 - AITerm - INFO - logger:54 - Got suggestions: []
2025-01-23 21:29:57,589 - AITerm - INFO - logger:54 - No suggestions, hiding dropdown
2025-01-23 21:29:57,735 - AITerm - INFO - logger:54 - Key release event - keysym: BackSpace, char: , keycode: 855638143
2025-01-23 21:29:57,735 - AITerm - INFO - logger:54 - Current text: 'show last co'
2025-01-23 21:29:57,735 - AITerm - INFO - logger:54 - Getting suggestions for text: 'show'
2025-01-23 21:29:57,735 - AITerm - INFO - logger:54 - Trying path completion for: ./co*
2025-01-23 21:29:57,735 - AITerm - INFO - logger:54 - Path suggestions: ['show last ./config.py']
2025-01-23 21:29:57,735 - AITerm - INFO - logger:54 - Final suggestions: ['show last ./config.py']
2025-01-23 21:29:57,735 - AITerm - INFO - logger:54 - Got suggestions: ['show last ./config.py']
2025-01-23 21:29:57,735 - AITerm - INFO - logger:54 - Showing dropdown at position (134, 672)
2025-01-23 21:29:57,735 - AITerm - INFO - logger:54 - Showing dropdown with 1 suggestions at (134, 672)
2025-01-23 21:29:57,736 - AITerm - INFO - logger:54 - Setting geometry to: 404x184+134+672
2025-01-23 21:29:57,738 - AITerm - INFO - logger:54 - Dropdown shown and configured
2025-01-23 21:29:57,738 - AITerm - INFO - logger:54 - Dropdown visible: True
2025-01-23 21:29:57,738 - AITerm - INFO - logger:54 - Dropdown geometry: 404x184+134+672
2025-01-23 21:29:57,868 - AITerm - INFO - logger:54 - Key release event - keysym: BackSpace, char: , keycode: 855638143
2025-01-23 21:29:57,869 - AITerm - INFO - logger:54 - Current text: 'show last c'
2025-01-23 21:29:57,869 - AITerm - INFO - logger:54 - Getting suggestions for text: 'show'
2025-01-23 21:29:57,869 - AITerm - INFO - logger:54 - Trying path completion for: ./c*
2025-01-23 21:29:57,869 - AITerm - INFO - logger:54 - Path suggestions: ['show last ./config.py']
2025-01-23 21:29:57,869 - AITerm - INFO - logger:54 - Final suggestions: ['show last ./config.py']
2025-01-23 21:29:57,869 - AITerm - INFO - logger:54 - Got suggestions: ['show last ./config.py']
2025-01-23 21:29:57,869 - AITerm - INFO - logger:54 - Showing dropdown at position (134, 672)
2025-01-23 21:29:57,869 - AITerm - INFO - logger:54 - Showing dropdown with 1 suggestions at (134, 672)
2025-01-23 21:29:57,870 - AITerm - INFO - logger:54 - Setting geometry to: 404x184+134+672
2025-01-23 21:29:57,871 - AITerm - INFO - logger:54 - Dropdown shown and configured
2025-01-23 21:29:57,871 - AITerm - INFO - logger:54 - Dropdown visible: True
2025-01-23 21:29:57,871 - AITerm - INFO - logger:54 - Dropdown geometry: 404x184+134+672
2025-01-23 21:29:58,027 - AITerm - INFO - logger:54 - Key release event - keysym: BackSpace, char: , keycode: 855638143
2025-01-23 21:29:58,027 - AITerm - INFO - logger:54 - Current text: 'show last '
2025-01-23 21:29:58,027 - AITerm - INFO - logger:54 - Getting suggestions for text: 'show'
2025-01-23 21:29:58,027 - AITerm - INFO - logger:54 - Trying path completion for: ./last*
2025-01-23 21:29:58,028 - AITerm - INFO - logger:54 - Final suggestions: []
2025-01-23 21:29:58,028 - AITerm - INFO - logger:54 - Got suggestions: []
2025-01-23 21:29:58,028 - AITerm - INFO - logger:54 - No suggestions, hiding dropdown
2025-01-23 21:29:58,028 - AITerm - INFO - logger:54 - Hiding dropdown
2025-01-23 21:29:58,589 - AITerm - INFO - logger:54 - Key release event - keysym: 5, char: 5, keycode: 385876021
2025-01-23 21:29:58,589 - AITerm - INFO - logger:54 - Current text: 'show last 5'
2025-01-23 21:29:58,589 - AITerm - INFO - logger:54 - Getting suggestions for text: 'show'
2025-01-23 21:29:58,590 - AITerm - INFO - logger:54 - Trying path completion for: ./5*
2025-01-23 21:29:58,590 - AITerm - INFO - logger:54 - Final suggestions: []
2025-01-23 21:29:58,590 - AITerm - INFO - logger:54 - Got suggestions: []
2025-01-23 21:29:58,590 - AITerm - INFO - logger:54 - No suggestions, hiding dropdown
2025-01-23 21:29:58,758 - AITerm - INFO - logger:54 - Key release event - keysym: space, char:  , keycode: 822083616
2025-01-23 21:29:58,758 - AITerm - INFO - logger:54 - Current text: 'show last 5 '
2025-01-23 21:29:58,758 - AITerm - INFO - logger:54 - Getting suggestions for text: 'show'
2025-01-23 21:29:58,758 - AITerm - INFO - logger:54 - Trying path completion for: ./5*
2025-01-23 21:29:58,759 - AITerm - INFO - logger:54 - Final suggestions: []
2025-01-23 21:29:58,759 - AITerm - INFO - logger:54 - Got suggestions: []
2025-01-23 21:29:58,759 - AITerm - INFO - logger:54 - No suggestions, hiding dropdown
2025-01-23 21:29:59,218 - AITerm - INFO - logger:54 - Key release event - keysym: c, char: c, keycode: 134217827
2025-01-23 21:29:59,218 - AITerm - INFO - logger:54 - Current text: 'show last 5 co'
2025-01-23 21:29:59,218 - AITerm - INFO - logger:54 - Getting suggestions for text: 'show'
2025-01-23 21:29:59,218 - AITerm - INFO - logger:54 - Trying path completion for: ./co*
2025-01-23 21:29:59,218 - AITerm - INFO - logger:54 - Path suggestions: ['show last 5 ./config.py']
2025-01-23 21:29:59,218 - AITerm - INFO - logger:54 - Final suggestions: ['show last 5 ./config.py']
2025-01-23 21:29:59,218 - AITerm - INFO - logger:54 - Got suggestions: ['show last 5 ./config.py']
2025-01-23 21:29:59,218 - AITerm - INFO - logger:54 - Showing dropdown at position (134, 672)
2025-01-23 21:29:59,219 - AITerm - INFO - logger:54 - Showing dropdown with 1 suggestions at (134, 672)
2025-01-23 21:29:59,219 - AITerm - INFO - logger:54 - Setting geometry to: 404x184+134+672
2025-01-23 21:29:59,222 - AITerm - INFO - logger:54 - Dropdown shown and configured
2025-01-23 21:29:59,222 - AITerm - INFO - logger:54 - Dropdown visible: True
2025-01-23 21:29:59,222 - AITerm - INFO - logger:54 - Dropdown geometry: 404x184+134+672
2025-01-23 21:29:59,274 - AITerm - INFO - logger:54 - Key release event - keysym: o, char: o, keycode: 520093807
2025-01-23 21:29:59,275 - AITerm - INFO - logger:54 - Current text: 'show last 5 co'
2025-01-23 21:29:59,275 - AITerm - INFO - logger:54 - Getting suggestions for text: 'show'
2025-01-23 21:29:59,275 - AITerm - INFO - logger:54 - Trying path completion for: ./co*
2025-01-23 21:29:59,275 - AITerm - INFO - logger:54 - Path suggestions: ['show last 5 ./config.py']
2025-01-23 21:29:59,275 - AITerm - INFO - logger:54 - Final suggestions: ['show last 5 ./config.py']
2025-01-23 21:29:59,275 - AITerm - INFO - logger:54 - Got suggestions: ['show last 5 ./config.py']
2025-01-23 21:29:59,275 - AITerm - INFO - logger:54 - Showing dropdown at position (134, 672)
2025-01-23 21:29:59,275 - AITerm - INFO - logger:54 - Showing dropdown with 1 suggestions at (134, 672)
2025-01-23 21:29:59,276 - AITerm - INFO - logger:54 - Setting geometry to: 404x184+134+672
2025-01-23 21:29:59,277 - AITerm - INFO - logger:54 - Dropdown shown and configured
2025-01-23 21:29:59,277 - AITerm - INFO - logger:54 - Dropdown visible: True
2025-01-23 21:29:59,277 - AITerm - INFO - logger:54 - Dropdown geometry: 404x184+134+672
2025-01-23 21:29:59,342 - AITerm - INFO - logger:54 - Key release event - keysym: m, char: m, keycode: 771752045
2025-01-23 21:29:59,342 - AITerm - INFO - logger:54 - Current text: 'show last 5 com'
2025-01-23 21:29:59,342 - AITerm - INFO - logger:54 - Getting suggestions for text: 'show'
2025-01-23 21:29:59,342 - AITerm - INFO - logger:54 - Trying path completion for: ./com*
2025-01-23 21:29:59,342 - AITerm - INFO - logger:54 - Final suggestions: []
2025-01-23 21:29:59,343 - AITerm - INFO - logger:54 - Got suggestions: []
2025-01-23 21:29:59,343 - AITerm - INFO - logger:54 - No suggestions, hiding dropdown
2025-01-23 21:29:59,343 - AITerm - INFO - logger:54 - Hiding dropdown
2025-01-23 21:29:59,600 - AITerm - INFO - logger:54 - Key release event - keysym: m, char: m, keycode: 771752045
2025-01-23 21:29:59,601 - AITerm - INFO - logger:54 - Current text: 'show last 5 commi'
2025-01-23 21:29:59,601 - AITerm - INFO - logger:54 - Getting suggestions for text: 'show'
2025-01-23 21:29:59,601 - AITerm - INFO - logger:54 - Trying path completion for: ./commi*
2025-01-23 21:29:59,601 - AITerm - INFO - logger:54 - Final suggestions: []
2025-01-23 21:29:59,601 - AITerm - INFO - logger:54 - Got suggestions: []
2025-01-23 21:29:59,601 - AITerm - INFO - logger:54 - No suggestions, hiding dropdown
2025-01-23 21:29:59,713 - AITerm - INFO - logger:54 - Key release event - keysym: i, char: i, keycode: 570425449
2025-01-23 21:29:59,713 - AITerm - INFO - logger:54 - Current text: 'show last 5 commit'
2025-01-23 21:29:59,713 - AITerm - INFO - logger:54 - Getting suggestions for text: 'show'
2025-01-23 21:29:59,713 - AITerm - INFO - logger:54 - Trying path completion for: ./commit*
2025-01-23 21:29:59,714 - AITerm - INFO - logger:54 - Final suggestions: []
2025-01-23 21:29:59,714 - AITerm - INFO - logger:54 - Got suggestions: []
2025-01-23 21:29:59,714 - AITerm - INFO - logger:54 - No suggestions, hiding dropdown
2025-01-23 21:29:59,816 - AITerm - INFO - logger:54 - Key release event - keysym: t, char: t, keycode: 285212788
2025-01-23 21:29:59,816 - AITerm - INFO - logger:54 - Current text: 'show last 5 commits'
2025-01-23 21:29:59,816 - AITerm - INFO - logger:54 - Getting suggestions for text: 'show'
2025-01-23 21:29:59,816 - AITerm - INFO - logger:54 - Trying path completion for: ./commits*
2025-01-23 21:29:59,817 - AITerm - INFO - logger:54 - Final suggestions: []
2025-01-23 21:29:59,817 - AITerm - INFO - logger:54 - Got suggestions: []
2025-01-23 21:29:59,817 - AITerm - INFO - logger:54 - No suggestions, hiding dropdown
2025-01-23 21:30:00,006 - AITerm - INFO - logger:54 - Key release event - keysym: s, char: s, keycode: 16777331
2025-01-23 21:30:00,006 - AITerm - INFO - logger:54 - Current text: 'show last 5 commits'
2025-01-23 21:30:00,006 - AITerm - INFO - logger:54 - Getting suggestions for text: 'show'
2025-01-23 21:30:00,006 - AITerm - INFO - logger:54 - Trying path completion for: ./commits*
2025-01-23 21:30:00,006 - AITerm - INFO - logger:54 - Final suggestions: []
2025-01-23 21:30:00,006 - AITerm - INFO - logger:54 - Got suggestions: []
2025-01-23 21:30:00,006 - AITerm - INFO - logger:54 - No suggestions, hiding dropdown
2025-01-23 21:30:00,131 - AITerm - INFO - logger:54 - Hiding dropdown
2025-01-23 21:30:00,131 - AITerm - INFO - logger:54 - Executing command: show last 5 commits
2025-01-23 21:30:00,131 - AITerm - DEBUG - logger:51 - Added command to history. Total commands: 4
2025-01-23 21:30:00,709 - AITerm - INFO - logger:54 - Key release event - keysym: Return, char: , keycode: 603979789
2025-01-23 21:30:00,709 - AITerm - INFO - logger:54 - Ignoring special key: Return
2025-01-23 21:30:02,482 - AITerm - INFO - logger:54 - Key release event - keysym: g, char: g, keycode: 83886183
2025-01-23 21:30:02,482 - AITerm - INFO - logger:54 - Current text: 'gi'
2025-01-23 21:30:02,482 - AITerm - INFO - logger:54 - Getting suggestions for text: 'gi'
2025-01-23 21:30:02,482 - AITerm - INFO - logger:54 - Prefix matches for 'gi': ['git']
2025-01-23 21:30:02,483 - AITerm - INFO - logger:54 - Fuzzy matches for 'gi': ['git', 'gzip', 'zip', 'vim']
2025-01-23 21:30:02,483 - AITerm - INFO - logger:54 - New fuzzy matches: ['gzip', 'zip', 'vim']
2025-01-23 21:30:02,483 - AITerm - INFO - logger:54 - Final suggestions: ['git', 'gzip', 'zip', 'vim']
2025-01-23 21:30:02,483 - AITerm - INFO - logger:54 - Got suggestions: ['git', 'gzip', 'zip', 'vim']
2025-01-23 21:30:02,483 - AITerm - INFO - logger:54 - Showing dropdown at position (134, 672)
2025-01-23 21:30:02,483 - AITerm - INFO - logger:54 - Showing dropdown with 4 suggestions at (134, 672)
2025-01-23 21:30:02,483 - AITerm - INFO - logger:54 - Setting geometry to: 404x184+134+672
2025-01-23 21:30:02,487 - AITerm - INFO - logger:54 - Dropdown shown and configured
2025-01-23 21:30:02,487 - AITerm - INFO - logger:54 - Dropdown visible: True
2025-01-23 21:30:02,487 - AITerm - INFO - logger:54 - Dropdown geometry: 404x184+134+672
2025-01-23 21:30:02,504 - AITerm - INFO - logger:54 - Key release event - keysym: i, char: i, keycode: 570425449
2025-01-23 21:30:02,504 - AITerm - INFO - logger:54 - Current text: 'gi'
2025-01-23 21:30:02,504 - AITerm - INFO - logger:54 - Getting suggestions for text: 'gi'
2025-01-23 21:30:02,504 - AITerm - INFO - logger:54 - Prefix matches for 'gi': ['git']
2025-01-23 21:30:02,504 - AITerm - INFO - logger:54 - Fuzzy matches for 'gi': ['git', 'gzip', 'zip', 'vim']
2025-01-23 21:30:02,505 - AITerm - INFO - logger:54 - New fuzzy matches: ['gzip', 'zip', 'vim']
2025-01-23 21:30:02,505 - AITerm - INFO - logger:54 - Final suggestions: ['git', 'gzip', 'zip', 'vim']
2025-01-23 21:30:02,505 - AITerm - INFO - logger:54 - Got suggestions: ['git', 'gzip', 'zip', 'vim']
2025-01-23 21:30:02,505 - AITerm - INFO - logger:54 - Showing dropdown at position (134, 672)
2025-01-23 21:30:02,505 - AITerm - INFO - logger:54 - Showing dropdown with 4 suggestions at (134, 672)
2025-01-23 21:30:02,506 - AITerm - INFO - logger:54 - Setting geometry to: 404x184+134+672
2025-01-23 21:30:02,507 - AITerm - INFO - logger:54 - Dropdown shown and configured
2025-01-23 21:30:02,507 - AITerm - INFO - logger:54 - Dropdown visible: True
2025-01-23 21:30:02,507 - AITerm - INFO - logger:54 - Dropdown geometry: 404x184+134+672
2025-01-23 21:30:02,685 - AITerm - INFO - logger:54 - Key release event - keysym: t, char: t, keycode: 285212788
2025-01-23 21:30:02,685 - AITerm - INFO - logger:54 - Current text: 'git '
2025-01-23 21:30:02,685 - AITerm - INFO - logger:54 - Getting suggestions for text: 'git'
2025-01-23 21:30:02,685 - AITerm - INFO - logger:54 - Prefix matches for 'git': ['git']
2025-01-23 21:30:02,686 - AITerm - INFO - logger:54 - Fuzzy matches for 'git': ['git', 'wget', 'gzip', 'zip']
2025-01-23 21:30:02,686 - AITerm - INFO - logger:54 - New fuzzy matches: ['wget', 'gzip', 'zip']
2025-01-23 21:30:02,686 - AITerm - INFO - logger:54 - Final suggestions: ['git', 'wget', 'gzip', 'zip']
2025-01-23 21:30:02,686 - AITerm - INFO - logger:54 - Got suggestions: ['git', 'wget', 'gzip', 'zip']
2025-01-23 21:30:02,686 - AITerm - INFO - logger:54 - Showing dropdown at position (134, 672)
2025-01-23 21:30:02,686 - AITerm - INFO - logger:54 - Showing dropdown with 4 suggestions at (134, 672)
2025-01-23 21:30:02,687 - AITerm - INFO - logger:54 - Setting geometry to: 404x184+134+672
2025-01-23 21:30:02,688 - AITerm - INFO - logger:54 - Dropdown shown and configured
2025-01-23 21:30:02,688 - AITerm - INFO - logger:54 - Dropdown visible: True
2025-01-23 21:30:02,688 - AITerm - INFO - logger:54 - Dropdown geometry: 404x184+134+672
2025-01-23 21:30:02,730 - AITerm - INFO - logger:54 - Key release event - keysym: space, char:  , keycode: 822083616
2025-01-23 21:30:02,730 - AITerm - INFO - logger:54 - Current text: 'git '
2025-01-23 21:30:02,730 - AITerm - INFO - logger:54 - Getting suggestions for text: 'git'
2025-01-23 21:30:02,730 - AITerm - INFO - logger:54 - Prefix matches for 'git': ['git']
2025-01-23 21:30:02,730 - AITerm - INFO - logger:54 - Fuzzy matches for 'git': ['git', 'wget', 'gzip', 'zip']
2025-01-23 21:30:02,730 - AITerm - INFO - logger:54 - New fuzzy matches: ['wget', 'gzip', 'zip']
2025-01-23 21:30:02,730 - AITerm - INFO - logger:54 - Final suggestions: ['git', 'wget', 'gzip', 'zip']
2025-01-23 21:30:02,730 - AITerm - INFO - logger:54 - Got suggestions: ['git', 'wget', 'gzip', 'zip']
2025-01-23 21:30:02,730 - AITerm - INFO - logger:54 - Showing dropdown at position (134, 672)
2025-01-23 21:30:02,730 - AITerm - INFO - logger:54 - Showing dropdown with 4 suggestions at (134, 672)
2025-01-23 21:30:02,732 - AITerm - INFO - logger:54 - Setting geometry to: 404x184+134+672
2025-01-23 21:30:02,732 - AITerm - INFO - logger:54 - Dropdown shown and configured
2025-01-23 21:30:02,732 - AITerm - INFO - logger:54 - Dropdown visible: True
2025-01-23 21:30:02,732 - AITerm - INFO - logger:54 - Dropdown geometry: 404x184+134+672
2025-01-23 21:30:02,899 - AITerm - INFO - logger:54 - Key release event - keysym: s, char: s, keycode: 16777331
2025-01-23 21:30:02,900 - AITerm - INFO - logger:54 - Current text: 'git sh'
2025-01-23 21:30:02,900 - AITerm - INFO - logger:54 - Getting suggestions for text: 'git'
2025-01-23 21:30:02,900 - AITerm - INFO - logger:54 - Trying path completion for: ./sh*
2025-01-23 21:30:02,900 - AITerm - INFO - logger:54 - Final suggestions: []
2025-01-23 21:30:02,900 - AITerm - INFO - logger:54 - Got suggestions: []
2025-01-23 21:30:02,900 - AITerm - INFO - logger:54 - No suggestions, hiding dropdown
2025-01-23 21:30:02,900 - AITerm - INFO - logger:54 - Hiding dropdown
2025-01-23 21:30:02,999 - AITerm - INFO - logger:54 - Key release event - keysym: h, char: h, keycode: 67108968
2025-01-23 21:30:02,999 - AITerm - INFO - logger:54 - Current text: 'git sho'
2025-01-23 21:30:02,999 - AITerm - INFO - logger:54 - Getting suggestions for text: 'git'
2025-01-23 21:30:02,999 - AITerm - INFO - logger:54 - Trying path completion for: ./sho*
2025-01-23 21:30:02,999 - AITerm - INFO - logger:54 - Final suggestions: []
2025-01-23 21:30:03,000 - AITerm - INFO - logger:54 - Got suggestions: []
2025-01-23 21:30:03,000 - AITerm - INFO - logger:54 - No suggestions, hiding dropdown
2025-01-23 21:30:03,044 - AITerm - INFO - logger:54 - Key release event - keysym: o, char: o, keycode: 520093807
2025-01-23 21:30:03,044 - AITerm - INFO - logger:54 - Current text: 'git show'
2025-01-23 21:30:03,044 - AITerm - INFO - logger:54 - Getting suggestions for text: 'git'
2025-01-23 21:30:03,044 - AITerm - INFO - logger:54 - Trying path completion for: ./show*
2025-01-23 21:30:03,045 - AITerm - INFO - logger:54 - Final suggestions: []
2025-01-23 21:30:03,045 - AITerm - INFO - logger:54 - Got suggestions: []
2025-01-23 21:30:03,045 - AITerm - INFO - logger:54 - No suggestions, hiding dropdown
2025-01-23 21:30:03,156 - AITerm - INFO - logger:54 - Key release event - keysym: w, char: w, keycode: 218103927
2025-01-23 21:30:03,157 - AITerm - INFO - logger:54 - Current text: 'git show '
2025-01-23 21:30:03,157 - AITerm - INFO - logger:54 - Getting suggestions for text: 'git'
2025-01-23 21:30:03,157 - AITerm - INFO - logger:54 - Trying path completion for: ./show*
2025-01-23 21:30:03,157 - AITerm - INFO - logger:54 - Final suggestions: []
2025-01-23 21:30:03,157 - AITerm - INFO - logger:54 - Got suggestions: []
2025-01-23 21:30:03,157 - AITerm - INFO - logger:54 - No suggestions, hiding dropdown
2025-01-23 21:30:03,236 - AITerm - INFO - logger:54 - Key release event - keysym: space, char:  , keycode: 822083616
2025-01-23 21:30:03,236 - AITerm - INFO - logger:54 - Current text: 'git show '
2025-01-23 21:30:03,236 - AITerm - INFO - logger:54 - Getting suggestions for text: 'git'
2025-01-23 21:30:03,236 - AITerm - INFO - logger:54 - Trying path completion for: ./show*
2025-01-23 21:30:03,236 - AITerm - INFO - logger:54 - Final suggestions: []
2025-01-23 21:30:03,236 - AITerm - INFO - logger:54 - Got suggestions: []
2025-01-23 21:30:03,236 - AITerm - INFO - logger:54 - No suggestions, hiding dropdown
2025-01-23 21:30:03,403 - AITerm - INFO - logger:54 - Key release event - keysym: l, char: l, keycode: 620757100
2025-01-23 21:30:03,404 - AITerm - INFO - logger:54 - Current text: 'git show l'
2025-01-23 21:30:03,404 - AITerm - INFO - logger:54 - Getting suggestions for text: 'git'
2025-01-23 21:30:03,404 - AITerm - INFO - logger:54 - Trying path completion for: ./l*
2025-01-23 21:30:03,404 - AITerm - INFO - logger:54 - Path suggestions: ['git show ./logs/']
2025-01-23 21:30:03,404 - AITerm - INFO - logger:54 - Final suggestions: ['git show ./logs/']
2025-01-23 21:30:03,404 - AITerm - INFO - logger:54 - Got suggestions: ['git show ./logs/']
2025-01-23 21:30:03,404 - AITerm - INFO - logger:54 - Showing dropdown at position (134, 672)
2025-01-23 21:30:03,404 - AITerm - INFO - logger:54 - Showing dropdown with 1 suggestions at (134, 672)
2025-01-23 21:30:03,404 - AITerm - INFO - logger:54 - Setting geometry to: 404x184+134+672
2025-01-23 21:30:03,407 - AITerm - INFO - logger:54 - Dropdown shown and configured
2025-01-23 21:30:03,407 - AITerm - INFO - logger:54 - Dropdown visible: True
2025-01-23 21:30:03,407 - AITerm - INFO - logger:54 - Dropdown geometry: 404x184+134+672
2025-01-23 21:30:03,528 - AITerm - INFO - logger:54 - Key release event - keysym: a, char: a, keycode: 97
2025-01-23 21:30:03,528 - AITerm - INFO - logger:54 - Current text: 'git show las'
2025-01-23 21:30:03,529 - AITerm - INFO - logger:54 - Getting suggestions for text: 'git'
2025-01-23 21:30:03,529 - AITerm - INFO - logger:54 - Trying path completion for: ./las*
2025-01-23 21:30:03,529 - AITerm - INFO - logger:54 - Final suggestions: []
2025-01-23 21:30:03,529 - AITerm - INFO - logger:54 - Got suggestions: []
2025-01-23 21:30:03,529 - AITerm - INFO - logger:54 - No suggestions, hiding dropdown
2025-01-23 21:30:03,529 - AITerm - INFO - logger:54 - Hiding dropdown
2025-01-23 21:30:03,651 - AITerm - INFO - logger:54 - Key release event - keysym: s, char: s, keycode: 16777331
2025-01-23 21:30:03,652 - AITerm - INFO - logger:54 - Current text: 'git show last'
2025-01-23 21:30:03,652 - AITerm - INFO - logger:54 - Getting suggestions for text: 'git'
2025-01-23 21:30:03,652 - AITerm - INFO - logger:54 - Trying path completion for: ./last*
2025-01-23 21:30:03,652 - AITerm - INFO - logger:54 - Final suggestions: []
2025-01-23 21:30:03,652 - AITerm - INFO - logger:54 - Got suggestions: []
2025-01-23 21:30:03,652 - AITerm - INFO - logger:54 - No suggestions, hiding dropdown
2025-01-23 21:30:03,776 - AITerm - INFO - logger:54 - Key release event - keysym: t, char: t, keycode: 285212788
2025-01-23 21:30:03,776 - AITerm - INFO - logger:54 - Current text: 'git show last '
2025-01-23 21:30:03,776 - AITerm - INFO - logger:54 - Getting suggestions for text: 'git'
2025-01-23 21:30:03,776 - AITerm - INFO - logger:54 - Trying path completion for: ./last*
2025-01-23 21:30:03,776 - AITerm - INFO - logger:54 - Final suggestions: []
2025-01-23 21:30:03,776 - AITerm - INFO - logger:54 - Got suggestions: []
2025-01-23 21:30:03,776 - AITerm - INFO - logger:54 - No suggestions, hiding dropdown
2025-01-23 21:30:03,843 - AITerm - INFO - logger:54 - Key release event - keysym: space, char:  , keycode: 822083616
2025-01-23 21:30:03,843 - AITerm - INFO - logger:54 - Current text: 'git show last '
2025-01-23 21:30:03,843 - AITerm - INFO - logger:54 - Getting suggestions for text: 'git'
2025-01-23 21:30:03,843 - AITerm - INFO - logger:54 - Trying path completion for: ./last*
2025-01-23 21:30:03,843 - AITerm - INFO - logger:54 - Final suggestions: []
2025-01-23 21:30:03,843 - AITerm - INFO - logger:54 - Got suggestions: []
2025-01-23 21:30:03,843 - AITerm - INFO - logger:54 - No suggestions, hiding dropdown
2025-01-23 21:30:04,215 - AITerm - INFO - logger:54 - Key release event - keysym: 5, char: 5, keycode: 385876021
2025-01-23 21:30:04,215 - AITerm - INFO - logger:54 - Current text: 'git show last 5'
2025-01-23 21:30:04,215 - AITerm - INFO - logger:54 - Getting suggestions for text: 'git'
2025-01-23 21:30:04,215 - AITerm - INFO - logger:54 - Trying path completion for: ./5*
2025-01-23 21:30:04,215 - AITerm - INFO - logger:54 - Final suggestions: []
2025-01-23 21:30:04,215 - AITerm - INFO - logger:54 - Got suggestions: []
2025-01-23 21:30:04,215 - AITerm - INFO - logger:54 - No suggestions, hiding dropdown
2025-01-23 21:30:04,349 - AITerm - INFO - logger:54 - Key release event - keysym: space, char:  , keycode: 822083616
2025-01-23 21:30:04,349 - AITerm - INFO - logger:54 - Current text: 'git show last 5 '
2025-01-23 21:30:04,349 - AITerm - INFO - logger:54 - Getting suggestions for text: 'git'
2025-01-23 21:30:04,349 - AITerm - INFO - logger:54 - Trying path completion for: ./5*
2025-01-23 21:30:04,349 - AITerm - INFO - logger:54 - Final suggestions: []
2025-01-23 21:30:04,349 - AITerm - INFO - logger:54 - Got suggestions: []
2025-01-23 21:30:04,350 - AITerm - INFO - logger:54 - No suggestions, hiding dropdown
2025-01-23 21:30:04,620 - AITerm - INFO - logger:54 - Key release event - keysym: c, char: c, keycode: 134217827
2025-01-23 21:30:04,620 - AITerm - INFO - logger:54 - Current text: 'git show last 5 c'
2025-01-23 21:30:04,620 - AITerm - INFO - logger:54 - Getting suggestions for text: 'git'
2025-01-23 21:30:04,620 - AITerm - INFO - logger:54 - Trying path completion for: ./c*
2025-01-23 21:30:04,620 - AITerm - INFO - logger:54 - Path suggestions: ['git show last 5 ./config.py']
2025-01-23 21:30:04,620 - AITerm - INFO - logger:54 - Final suggestions: ['git show last 5 ./config.py']
2025-01-23 21:30:04,620 - AITerm - INFO - logger:54 - Got suggestions: ['git show last 5 ./config.py']
2025-01-23 21:30:04,620 - AITerm - INFO - logger:54 - Showing dropdown at position (134, 672)
2025-01-23 21:30:04,621 - AITerm - INFO - logger:54 - Showing dropdown with 1 suggestions at (134, 672)
2025-01-23 21:30:04,621 - AITerm - INFO - logger:54 - Setting geometry to: 404x184+134+672
2025-01-23 21:30:04,624 - AITerm - INFO - logger:54 - Dropdown shown and configured
2025-01-23 21:30:04,624 - AITerm - INFO - logger:54 - Dropdown visible: True
2025-01-23 21:30:04,624 - AITerm - INFO - logger:54 - Dropdown geometry: 404x184+134+672
2025-01-23 21:30:04,743 - AITerm - INFO - logger:54 - Key release event - keysym: o, char: o, keycode: 520093807
2025-01-23 21:30:04,744 - AITerm - INFO - logger:54 - Current text: 'git show last 5 co'
2025-01-23 21:30:04,744 - AITerm - INFO - logger:54 - Getting suggestions for text: 'git'
2025-01-23 21:30:04,744 - AITerm - INFO - logger:54 - Trying path completion for: ./co*
2025-01-23 21:30:04,744 - AITerm - INFO - logger:54 - Path suggestions: ['git show last 5 ./config.py']
2025-01-23 21:30:04,744 - AITerm - INFO - logger:54 - Final suggestions: ['git show last 5 ./config.py']
2025-01-23 21:30:04,744 - AITerm - INFO - logger:54 - Got suggestions: ['git show last 5 ./config.py']
2025-01-23 21:30:04,744 - AITerm - INFO - logger:54 - Showing dropdown at position (134, 672)
2025-01-23 21:30:04,744 - AITerm - INFO - logger:54 - Showing dropdown with 1 suggestions at (134, 672)
2025-01-23 21:30:04,745 - AITerm - INFO - logger:54 - Setting geometry to: 404x184+134+672
2025-01-23 21:30:04,746 - AITerm - INFO - logger:54 - Dropdown shown and configured
2025-01-23 21:30:04,746 - AITerm - INFO - logger:54 - Dropdown visible: True
2025-01-23 21:30:04,746 - AITerm - INFO - logger:54 - Dropdown geometry: 404x184+134+672
2025-01-23 21:30:04,889 - AITerm - INFO - logger:54 - Key release event - keysym: m, char: m, keycode: 771752045
2025-01-23 21:30:04,889 - AITerm - INFO - logger:54 - Current text: 'git show last 5 com'
2025-01-23 21:30:04,890 - AITerm - INFO - logger:54 - Getting suggestions for text: 'git'
2025-01-23 21:30:04,890 - AITerm - INFO - logger:54 - Trying path completion for: ./com*
2025-01-23 21:30:04,890 - AITerm - INFO - logger:54 - Final suggestions: []
2025-01-23 21:30:04,890 - AITerm - INFO - logger:54 - Got suggestions: []
2025-01-23 21:30:04,890 - AITerm - INFO - logger:54 - No suggestions, hiding dropdown
2025-01-23 21:30:04,890 - AITerm - INFO - logger:54 - Hiding dropdown
2025-01-23 21:30:05,103 - AITerm - INFO - logger:54 - Key release event - keysym: m, char: m, keycode: 771752045
2025-01-23 21:30:05,103 - AITerm - INFO - logger:54 - Current text: 'git show last 5 commi'
2025-01-23 21:30:05,103 - AITerm - INFO - logger:54 - Getting suggestions for text: 'git'
2025-01-23 21:30:05,103 - AITerm - INFO - logger:54 - Trying path completion for: ./commi*
2025-01-23 21:30:05,104 - AITerm - INFO - logger:54 - Final suggestions: []
2025-01-23 21:30:05,104 - AITerm - INFO - logger:54 - Got suggestions: []
2025-01-23 21:30:05,104 - AITerm - INFO - logger:54 - No suggestions, hiding dropdown
2025-01-23 21:30:05,182 - AITerm - INFO - logger:54 - Key release event - keysym: i, char: i, keycode: 570425449
2025-01-23 21:30:05,182 - AITerm - INFO - logger:54 - Current text: 'git show last 5 commi'
2025-01-23 21:30:05,182 - AITerm - INFO - logger:54 - Getting suggestions for text: 'git'
2025-01-23 21:30:05,182 - AITerm - INFO - logger:54 - Trying path completion for: ./commi*
2025-01-23 21:30:05,183 - AITerm - INFO - logger:54 - Final suggestions: []
2025-01-23 21:30:05,183 - AITerm - INFO - logger:54 - Got suggestions: []
2025-01-23 21:30:05,183 - AITerm - INFO - logger:54 - No suggestions, hiding dropdown
2025-01-23 21:30:05,339 - AITerm - INFO - logger:54 - Key release event - keysym: t, char: t, keycode: 285212788
2025-01-23 21:30:05,339 - AITerm - INFO - logger:54 - Current text: 'git show last 5 commit'
2025-01-23 21:30:05,339 - AITerm - INFO - logger:54 - Getting suggestions for text: 'git'
2025-01-23 21:30:05,339 - AITerm - INFO - logger:54 - Trying path completion for: ./commit*
2025-01-23 21:30:05,339 - AITerm - INFO - logger:54 - Final suggestions: []
2025-01-23 21:30:05,339 - AITerm - INFO - logger:54 - Got suggestions: []
2025-01-23 21:30:05,339 - AITerm - INFO - logger:54 - No suggestions, hiding dropdown
2025-01-23 21:30:05,553 - AITerm - INFO - logger:54 - Key release event - keysym: s, char: s, keycode: 16777331
2025-01-23 21:30:05,553 - AITerm - INFO - logger:54 - Current text: 'git show last 5 commits'
2025-01-23 21:30:05,553 - AITerm - INFO - logger:54 - Getting suggestions for text: 'git'
2025-01-23 21:30:05,553 - AITerm - INFO - logger:54 - Trying path completion for: ./commits*
2025-01-23 21:30:05,553 - AITerm - INFO - logger:54 - Final suggestions: []
2025-01-23 21:30:05,553 - AITerm - INFO - logger:54 - Got suggestions: []
2025-01-23 21:30:05,553 - AITerm - INFO - logger:54 - No suggestions, hiding dropdown
2025-01-23 21:30:05,632 - AITerm - INFO - logger:54 - Hiding dropdown
2025-01-23 21:30:05,633 - AITerm - INFO - logger:54 - Executing command: git show last 5 commits
2025-01-23 21:30:05,633 - AITerm - DEBUG - logger:51 - Added command to history. Total commands: 5
2025-01-23 21:30:05,734 - AITerm - INFO - logger:54 - Key release event - keysym: Return, char: , keycode: 603979789
2025-01-23 21:30:05,734 - AITerm - INFO - logger:54 - Ignoring special key: Return
