2025-01-23 19:28:50,024 - AITerm - INFO - logger:48 - Logger initialized. Log file: logs/aiterm_20250123_192850.log
2025-01-23 19:28:50,283 - AITerm - INFO - logger:54 - Initialized TerminalCompleter with 46 commands
2025-01-23 19:28:50,283 - AITerm - INFO - logger:54 - Initializing SuggestionDropdown
2025-01-23 19:28:50,315 - AITerm - INFO - logger:54 - SuggestionDropdown initialized and hidden
2025-01-23 19:28:52,561 - AITerm - DEBUG - logger:51 - Key released: g, current text: g
2025-01-23 19:28:52,561 - AITerm - INFO - logger:54 - Updating suggestions for text: 'g'
2025-01-23 19:28:52,561 - AITerm - INFO - logger:54 - Getting suggestions for text: 'g'
2025-01-23 19:28:52,561 - AITerm - INFO - logger:54 - Prefix matches for 'g': ['git', 'grep', 'gzip']
2025-01-23 19:28:52,561 - AITerm - INFO - logger:54 - Fuzzy matches for 'g': ['git', 'wget']
2025-01-23 19:28:52,561 - AITerm - INFO - logger:54 - New fuzzy matches: ['wget']
2025-01-23 19:28:52,561 - AITerm - INFO - logger:54 - Final suggestions: ['git', 'grep', 'gzip', 'wget']
2025-01-23 19:28:52,561 - AITerm - INFO - logger:54 - Got suggestions: ['git', 'grep', 'gzip', 'wget']
2025-01-23 19:28:52,561 - AITerm - INFO - logger:54 - Showing dropdown with 4 suggestions at (134, 672)
2025-01-23 19:28:52,562 - AITerm - INFO - logger:54 - Setting geometry to: 1x1+34+59
2025-01-23 19:28:52,566 - AITerm - INFO - logger:54 - Dropdown shown and configured
2025-01-23 19:28:52,672 - AITerm - DEBUG - logger:51 - Key released: i, current text: gi
2025-01-23 19:28:52,673 - AITerm - INFO - logger:54 - Updating suggestions for text: 'gi'
2025-01-23 19:28:52,673 - AITerm - INFO - logger:54 - Getting suggestions for text: 'gi'
2025-01-23 19:28:52,673 - AITerm - INFO - logger:54 - Prefix matches for 'gi': ['git']
2025-01-23 19:28:52,673 - AITerm - INFO - logger:54 - Fuzzy matches for 'gi': ['git', 'gzip', 'zip', 'vim']
2025-01-23 19:28:52,673 - AITerm - INFO - logger:54 - New fuzzy matches: ['gzip', 'zip', 'vim']
2025-01-23 19:28:52,673 - AITerm - INFO - logger:54 - Final suggestions: ['git', 'gzip', 'zip', 'vim']
2025-01-23 19:28:52,673 - AITerm - INFO - logger:54 - Got suggestions: ['git', 'gzip', 'zip', 'vim']
2025-01-23 19:28:52,673 - AITerm - INFO - logger:54 - Showing dropdown with 4 suggestions at (134, 672)
2025-01-23 19:28:52,674 - AITerm - INFO - logger:54 - Setting geometry to: 404x184+134+672
2025-01-23 19:28:52,675 - AITerm - INFO - logger:54 - Dropdown shown and configured
2025-01-23 19:28:52,819 - AITerm - DEBUG - logger:51 - Key released: t, current text: git
2025-01-23 19:28:52,819 - AITerm - INFO - logger:54 - Updating suggestions for text: 'git'
2025-01-23 19:28:52,819 - AITerm - INFO - logger:54 - Getting suggestions for text: 'git'
2025-01-23 19:28:52,820 - AITerm - INFO - logger:54 - Prefix matches for 'git': ['git']
2025-01-23 19:28:52,820 - AITerm - INFO - logger:54 - Fuzzy matches for 'git': ['git', 'wget', 'gzip', 'zip']
2025-01-23 19:28:52,820 - AITerm - INFO - logger:54 - New fuzzy matches: ['wget', 'gzip', 'zip']
2025-01-23 19:28:52,820 - AITerm - INFO - logger:54 - Final suggestions: ['git', 'wget', 'gzip', 'zip']
2025-01-23 19:28:52,820 - AITerm - INFO - logger:54 - Got suggestions: ['git', 'wget', 'gzip', 'zip']
2025-01-23 19:28:52,820 - AITerm - INFO - logger:54 - Showing dropdown with 4 suggestions at (134, 672)
2025-01-23 19:28:52,821 - AITerm - INFO - logger:54 - Setting geometry to: 404x184+134+672
2025-01-23 19:28:52,822 - AITerm - INFO - logger:54 - Dropdown shown and configured
2025-01-23 19:28:52,943 - AITerm - DEBUG - logger:51 - Key released: space, current text: git 
2025-01-23 19:28:52,943 - AITerm - INFO - logger:54 - Updating suggestions for text: 'git '
2025-01-23 19:28:52,943 - AITerm - INFO - logger:54 - Getting suggestions for text: 'git'
2025-01-23 19:28:52,943 - AITerm - INFO - logger:54 - Prefix matches for 'git': ['git']
2025-01-23 19:28:52,944 - AITerm - INFO - logger:54 - Fuzzy matches for 'git': ['git', 'wget', 'gzip', 'zip']
2025-01-23 19:28:52,944 - AITerm - INFO - logger:54 - New fuzzy matches: ['wget', 'gzip', 'zip']
2025-01-23 19:28:52,944 - AITerm - INFO - logger:54 - Final suggestions: ['git', 'wget', 'gzip', 'zip']
2025-01-23 19:28:52,944 - AITerm - INFO - logger:54 - Got suggestions: ['git', 'wget', 'gzip', 'zip']
2025-01-23 19:28:52,944 - AITerm - INFO - logger:54 - Showing dropdown with 4 suggestions at (134, 672)
2025-01-23 19:28:52,945 - AITerm - INFO - logger:54 - Setting geometry to: 404x184+134+672
2025-01-23 19:28:52,946 - AITerm - INFO - logger:54 - Dropdown shown and configured
2025-01-23 19:28:53,100 - AITerm - DEBUG - logger:51 - Key released: s, current text: git sh
2025-01-23 19:28:53,100 - AITerm - INFO - logger:54 - Updating suggestions for text: 'git sh'
2025-01-23 19:28:53,100 - AITerm - INFO - logger:54 - Getting suggestions for text: 'git'
2025-01-23 19:28:53,100 - AITerm - INFO - logger:54 - Trying path completion for: ./sh*
2025-01-23 19:28:53,101 - AITerm - INFO - logger:54 - Final suggestions: []
2025-01-23 19:28:53,101 - AITerm - INFO - logger:54 - Got suggestions: []
2025-01-23 19:28:53,101 - AITerm - INFO - logger:54 - Hiding dropdown
2025-01-23 19:28:53,269 - AITerm - DEBUG - logger:51 - Key released: h, current text: git show
2025-01-23 19:28:53,269 - AITerm - INFO - logger:54 - Updating suggestions for text: 'git show'
2025-01-23 19:28:53,269 - AITerm - INFO - logger:54 - Getting suggestions for text: 'git'
2025-01-23 19:28:53,269 - AITerm - INFO - logger:54 - Trying path completion for: ./show*
2025-01-23 19:28:53,269 - AITerm - INFO - logger:54 - Final suggestions: []
2025-01-23 19:28:53,269 - AITerm - INFO - logger:54 - Got suggestions: []
2025-01-23 19:28:53,314 - AITerm - DEBUG - logger:51 - Key released: o, current text: git show
2025-01-23 19:28:53,314 - AITerm - INFO - logger:54 - Updating suggestions for text: 'git show'
2025-01-23 19:28:53,314 - AITerm - INFO - logger:54 - Getting suggestions for text: 'git'
2025-01-23 19:28:53,314 - AITerm - INFO - logger:54 - Trying path completion for: ./show*
2025-01-23 19:28:53,314 - AITerm - INFO - logger:54 - Final suggestions: []
2025-01-23 19:28:53,315 - AITerm - INFO - logger:54 - Got suggestions: []
2025-01-23 19:28:53,404 - AITerm - DEBUG - logger:51 - Key released: w, current text: git show
2025-01-23 19:28:53,404 - AITerm - INFO - logger:54 - Updating suggestions for text: 'git show'
2025-01-23 19:28:53,404 - AITerm - INFO - logger:54 - Getting suggestions for text: 'git'
2025-01-23 19:28:53,404 - AITerm - INFO - logger:54 - Trying path completion for: ./show*
2025-01-23 19:28:53,404 - AITerm - INFO - logger:54 - Final suggestions: []
2025-01-23 19:28:53,404 - AITerm - INFO - logger:54 - Got suggestions: []
2025-01-23 19:28:54,473 - AITerm - DEBUG - logger:51 - Key released: space, current text: git show 
2025-01-23 19:28:54,473 - AITerm - INFO - logger:54 - Updating suggestions for text: 'git show '
2025-01-23 19:28:54,473 - AITerm - INFO - logger:54 - Getting suggestions for text: 'git'
2025-01-23 19:28:54,473 - AITerm - INFO - logger:54 - Trying path completion for: ./show*
2025-01-23 19:28:54,473 - AITerm - INFO - logger:54 - Final suggestions: []
2025-01-23 19:28:54,473 - AITerm - INFO - logger:54 - Got suggestions: []
2025-01-23 19:28:54,675 - AITerm - DEBUG - logger:51 - Key released: l, current text: git show l
2025-01-23 19:28:54,675 - AITerm - INFO - logger:54 - Updating suggestions for text: 'git show l'
2025-01-23 19:28:54,675 - AITerm - INFO - logger:54 - Getting suggestions for text: 'git'
2025-01-23 19:28:54,675 - AITerm - INFO - logger:54 - Trying path completion for: ./l*
2025-01-23 19:28:54,676 - AITerm - INFO - logger:54 - Path suggestions: ['git show ./logs/']
2025-01-23 19:28:54,676 - AITerm - INFO - logger:54 - Final suggestions: ['git show ./logs/']
2025-01-23 19:28:54,676 - AITerm - INFO - logger:54 - Got suggestions: ['git show ./logs/']
2025-01-23 19:28:54,676 - AITerm - INFO - logger:54 - Showing dropdown with 1 suggestions at (134, 672)
2025-01-23 19:28:54,676 - AITerm - INFO - logger:54 - Setting geometry to: 404x184+134+672
2025-01-23 19:28:54,679 - AITerm - INFO - logger:54 - Dropdown shown and configured
2025-01-23 19:28:54,822 - AITerm - DEBUG - logger:51 - Key released: a, current text: git show las
2025-01-23 19:28:54,822 - AITerm - INFO - logger:54 - Updating suggestions for text: 'git show las'
2025-01-23 19:28:54,822 - AITerm - INFO - logger:54 - Getting suggestions for text: 'git'
2025-01-23 19:28:54,822 - AITerm - INFO - logger:54 - Trying path completion for: ./las*
2025-01-23 19:28:54,823 - AITerm - INFO - logger:54 - Final suggestions: []
2025-01-23 19:28:54,823 - AITerm - INFO - logger:54 - Got suggestions: []
2025-01-23 19:28:54,823 - AITerm - INFO - logger:54 - Hiding dropdown
2025-01-23 19:28:54,912 - AITerm - DEBUG - logger:51 - Key released: s, current text: git show las
2025-01-23 19:28:54,912 - AITerm - INFO - logger:54 - Updating suggestions for text: 'git show las'
2025-01-23 19:28:54,912 - AITerm - INFO - logger:54 - Getting suggestions for text: 'git'
2025-01-23 19:28:54,912 - AITerm - INFO - logger:54 - Trying path completion for: ./las*
2025-01-23 19:28:54,912 - AITerm - INFO - logger:54 - Final suggestions: []
2025-01-23 19:28:54,912 - AITerm - INFO - logger:54 - Got suggestions: []
2025-01-23 19:28:55,046 - AITerm - DEBUG - logger:51 - Key released: t, current text: git show last 
2025-01-23 19:28:55,046 - AITerm - INFO - logger:54 - Updating suggestions for text: 'git show last '
2025-01-23 19:28:55,046 - AITerm - INFO - logger:54 - Getting suggestions for text: 'git'
2025-01-23 19:28:55,046 - AITerm - INFO - logger:54 - Trying path completion for: ./last*
2025-01-23 19:28:55,046 - AITerm - INFO - logger:54 - Final suggestions: []
2025-01-23 19:28:55,047 - AITerm - INFO - logger:54 - Got suggestions: []
2025-01-23 19:28:55,158 - AITerm - DEBUG - logger:51 - Key released: space, current text: git show last 
2025-01-23 19:28:55,158 - AITerm - INFO - logger:54 - Updating suggestions for text: 'git show last '
2025-01-23 19:28:55,158 - AITerm - INFO - logger:54 - Getting suggestions for text: 'git'
2025-01-23 19:28:55,158 - AITerm - INFO - logger:54 - Trying path completion for: ./last*
2025-01-23 19:28:55,159 - AITerm - INFO - logger:54 - Final suggestions: []
2025-01-23 19:28:55,159 - AITerm - INFO - logger:54 - Got suggestions: []
2025-01-23 19:28:55,384 - AITerm - DEBUG - logger:51 - Key released: c, current text: git show last co
2025-01-23 19:28:55,384 - AITerm - INFO - logger:54 - Updating suggestions for text: 'git show last co'
2025-01-23 19:28:55,384 - AITerm - INFO - logger:54 - Getting suggestions for text: 'git'
2025-01-23 19:28:55,384 - AITerm - INFO - logger:54 - Trying path completion for: ./co*
2025-01-23 19:28:55,384 - AITerm - INFO - logger:54 - Path suggestions: ['git show last ./config.py']
2025-01-23 19:28:55,384 - AITerm - INFO - logger:54 - Final suggestions: ['git show last ./config.py']
2025-01-23 19:28:55,384 - AITerm - INFO - logger:54 - Got suggestions: ['git show last ./config.py']
2025-01-23 19:28:55,385 - AITerm - INFO - logger:54 - Showing dropdown with 1 suggestions at (134, 672)
2025-01-23 19:28:55,385 - AITerm - INFO - logger:54 - Setting geometry to: 404x184+134+672
2025-01-23 19:28:55,388 - AITerm - INFO - logger:54 - Dropdown shown and configured
2025-01-23 19:28:55,428 - AITerm - DEBUG - logger:51 - Key released: o, current text: git show last com
2025-01-23 19:28:55,428 - AITerm - INFO - logger:54 - Updating suggestions for text: 'git show last com'
2025-01-23 19:28:55,428 - AITerm - INFO - logger:54 - Getting suggestions for text: 'git'
2025-01-23 19:28:55,428 - AITerm - INFO - logger:54 - Trying path completion for: ./com*
2025-01-23 19:28:55,428 - AITerm - INFO - logger:54 - Final suggestions: []
2025-01-23 19:28:55,428 - AITerm - INFO - logger:54 - Got suggestions: []
2025-01-23 19:28:55,428 - AITerm - INFO - logger:54 - Hiding dropdown
2025-01-23 19:28:55,463 - AITerm - DEBUG - logger:51 - Key released: m, current text: git show last com
2025-01-23 19:28:55,463 - AITerm - INFO - logger:54 - Updating suggestions for text: 'git show last com'
2025-01-23 19:28:55,463 - AITerm - INFO - logger:54 - Getting suggestions for text: 'git'
2025-01-23 19:28:55,463 - AITerm - INFO - logger:54 - Trying path completion for: ./com*
2025-01-23 19:28:55,464 - AITerm - INFO - logger:54 - Final suggestions: []
2025-01-23 19:28:55,464 - AITerm - INFO - logger:54 - Got suggestions: []
2025-01-23 19:28:55,654 - AITerm - DEBUG - logger:51 - Key released: m, current text: git show last commi
2025-01-23 19:28:55,654 - AITerm - INFO - logger:54 - Updating suggestions for text: 'git show last commi'
2025-01-23 19:28:55,654 - AITerm - INFO - logger:54 - Getting suggestions for text: 'git'
2025-01-23 19:28:55,654 - AITerm - INFO - logger:54 - Trying path completion for: ./commi*
2025-01-23 19:28:55,655 - AITerm - INFO - logger:54 - Final suggestions: []
2025-01-23 19:28:55,655 - AITerm - INFO - logger:54 - Got suggestions: []
2025-01-23 19:28:55,744 - AITerm - DEBUG - logger:51 - Key released: i, current text: git show last commi
2025-01-23 19:28:55,744 - AITerm - INFO - logger:54 - Updating suggestions for text: 'git show last commi'
2025-01-23 19:28:55,744 - AITerm - INFO - logger:54 - Getting suggestions for text: 'git'
2025-01-23 19:28:55,744 - AITerm - INFO - logger:54 - Trying path completion for: ./commi*
2025-01-23 19:28:55,744 - AITerm - INFO - logger:54 - Final suggestions: []
2025-01-23 19:28:55,744 - AITerm - INFO - logger:54 - Got suggestions: []
2025-01-23 19:28:55,957 - AITerm - DEBUG - logger:51 - Key released: t, current text: git show last commit
2025-01-23 19:28:55,958 - AITerm - INFO - logger:54 - Updating suggestions for text: 'git show last commit'
2025-01-23 19:28:55,958 - AITerm - INFO - logger:54 - Getting suggestions for text: 'git'
2025-01-23 19:28:55,958 - AITerm - INFO - logger:54 - Trying path completion for: ./commit*
2025-01-23 19:28:55,958 - AITerm - INFO - logger:54 - Final suggestions: []
2025-01-23 19:28:55,958 - AITerm - INFO - logger:54 - Got suggestions: []
2025-01-23 19:28:56,036 - AITerm - DEBUG - logger:51 - Starting PTY mode with command: git show last commit
2025-01-23 19:28:56,037 - AITerm - INFO - logger:54 - Initializing PseudoTerminal
2025-01-23 19:28:56,037 - AITerm - DEBUG - logger:51 - Starting PTY with command: git show last commit
2025-01-23 19:28:56,050 - AITerm - DEBUG - logger:51 - PTY started successfully
2025-01-23 19:28:56,088 - AITerm - DEBUG - logger:51 - Stopping pseudo-terminal
2025-01-23 19:28:56,088 - AITerm - DEBUG - logger:51 - Attempting graceful process termination
2025-01-23 19:28:56,088 - AITerm - DEBUG - logger:51 - Process terminated gracefully
2025-01-23 19:28:56,088 - AITerm - DEBUG - logger:51 - Closed master file descriptor
2025-01-23 19:28:56,088 - AITerm - DEBUG - logger:51 - PTY process exited
2025-01-23 19:28:56,148 - AITerm - DEBUG - logger:51 - Key released: Return, current text: 
2025-01-23 19:28:56,148 - AITerm - INFO - logger:54 - Updating suggestions for text: ''
2025-01-23 19:28:56,148 - AITerm - INFO - logger:54 - No text to get suggestions for
2025-01-23 19:28:56,148 - AITerm - INFO - logger:54 - Got suggestions: []
2025-01-23 19:29:03,181 - AITerm - DEBUG - logger:51 - Key released: g, current text: gi
2025-01-23 19:29:03,182 - AITerm - INFO - logger:54 - Updating suggestions for text: 'gi'
2025-01-23 19:29:03,182 - AITerm - INFO - logger:54 - Getting suggestions for text: 'gi'
2025-01-23 19:29:03,182 - AITerm - INFO - logger:54 - Prefix matches for 'gi': ['git']
2025-01-23 19:29:03,182 - AITerm - INFO - logger:54 - Fuzzy matches for 'gi': ['git', 'gzip', 'zip', 'vim']
2025-01-23 19:29:03,182 - AITerm - INFO - logger:54 - New fuzzy matches: ['gzip', 'zip', 'vim']
2025-01-23 19:29:03,183 - AITerm - INFO - logger:54 - Final suggestions: ['git', 'gzip', 'zip', 'vim']
2025-01-23 19:29:03,183 - AITerm - INFO - logger:54 - Got suggestions: ['git', 'gzip', 'zip', 'vim']
2025-01-23 19:29:03,183 - AITerm - INFO - logger:54 - Showing dropdown with 4 suggestions at (134, 672)
2025-01-23 19:29:03,183 - AITerm - INFO - logger:54 - Setting geometry to: 404x184+134+672
2025-01-23 19:29:03,188 - AITerm - INFO - logger:54 - Dropdown shown and configured
2025-01-23 19:29:03,214 - AITerm - DEBUG - logger:51 - Key released: i, current text: gi
2025-01-23 19:29:03,214 - AITerm - INFO - logger:54 - Updating suggestions for text: 'gi'
2025-01-23 19:29:03,214 - AITerm - INFO - logger:54 - Getting suggestions for text: 'gi'
2025-01-23 19:29:03,214 - AITerm - INFO - logger:54 - Prefix matches for 'gi': ['git']
2025-01-23 19:29:03,214 - AITerm - INFO - logger:54 - Fuzzy matches for 'gi': ['git', 'gzip', 'zip', 'vim']
2025-01-23 19:29:03,214 - AITerm - INFO - logger:54 - New fuzzy matches: ['gzip', 'zip', 'vim']
2025-01-23 19:29:03,214 - AITerm - INFO - logger:54 - Final suggestions: ['git', 'gzip', 'zip', 'vim']
2025-01-23 19:29:03,214 - AITerm - INFO - logger:54 - Got suggestions: ['git', 'gzip', 'zip', 'vim']
2025-01-23 19:29:03,214 - AITerm - INFO - logger:54 - Showing dropdown with 4 suggestions at (134, 672)
2025-01-23 19:29:03,215 - AITerm - INFO - logger:54 - Setting geometry to: 404x184+134+672
2025-01-23 19:29:03,216 - AITerm - INFO - logger:54 - Dropdown shown and configured
2025-01-23 19:29:03,394 - AITerm - DEBUG - logger:51 - Key released: t, current text: git 
2025-01-23 19:29:03,394 - AITerm - INFO - logger:54 - Updating suggestions for text: 'git '
2025-01-23 19:29:03,394 - AITerm - INFO - logger:54 - Getting suggestions for text: 'git'
2025-01-23 19:29:03,394 - AITerm - INFO - logger:54 - Prefix matches for 'git': ['git']
2025-01-23 19:29:03,394 - AITerm - INFO - logger:54 - Fuzzy matches for 'git': ['git', 'wget', 'gzip', 'zip']
2025-01-23 19:29:03,394 - AITerm - INFO - logger:54 - New fuzzy matches: ['wget', 'gzip', 'zip']
2025-01-23 19:29:03,395 - AITerm - INFO - logger:54 - Final suggestions: ['git', 'wget', 'gzip', 'zip']
2025-01-23 19:29:03,395 - AITerm - INFO - logger:54 - Got suggestions: ['git', 'wget', 'gzip', 'zip']
2025-01-23 19:29:03,395 - AITerm - INFO - logger:54 - Showing dropdown with 4 suggestions at (134, 672)
2025-01-23 19:29:03,396 - AITerm - INFO - logger:54 - Setting geometry to: 404x184+134+672
2025-01-23 19:29:03,397 - AITerm - INFO - logger:54 - Dropdown shown and configured
2025-01-23 19:29:03,484 - AITerm - DEBUG - logger:51 - Key released: space, current text: git 
2025-01-23 19:29:03,484 - AITerm - INFO - logger:54 - Updating suggestions for text: 'git '
2025-01-23 19:29:03,484 - AITerm - INFO - logger:54 - Getting suggestions for text: 'git'
2025-01-23 19:29:03,484 - AITerm - INFO - logger:54 - Prefix matches for 'git': ['git']
2025-01-23 19:29:03,484 - AITerm - INFO - logger:54 - Fuzzy matches for 'git': ['git', 'wget', 'gzip', 'zip']
2025-01-23 19:29:03,484 - AITerm - INFO - logger:54 - New fuzzy matches: ['wget', 'gzip', 'zip']
2025-01-23 19:29:03,484 - AITerm - INFO - logger:54 - Final suggestions: ['git', 'wget', 'gzip', 'zip']
2025-01-23 19:29:03,484 - AITerm - INFO - logger:54 - Got suggestions: ['git', 'wget', 'gzip', 'zip']
2025-01-23 19:29:03,485 - AITerm - INFO - logger:54 - Showing dropdown with 4 suggestions at (134, 672)
2025-01-23 19:29:03,486 - AITerm - INFO - logger:54 - Setting geometry to: 404x184+134+672
2025-01-23 19:29:03,486 - AITerm - INFO - logger:54 - Dropdown shown and configured
2025-01-23 19:29:05,734 - AITerm - DEBUG - logger:51 - Key released: BackSpace, current text: git
2025-01-23 19:29:05,734 - AITerm - INFO - logger:54 - Updating suggestions for text: 'git'
2025-01-23 19:29:05,734 - AITerm - INFO - logger:54 - Getting suggestions for text: 'git'
2025-01-23 19:29:05,734 - AITerm - INFO - logger:54 - Prefix matches for 'git': ['git']
2025-01-23 19:29:05,734 - AITerm - INFO - logger:54 - Fuzzy matches for 'git': ['git', 'wget', 'gzip', 'zip']
2025-01-23 19:29:05,734 - AITerm - INFO - logger:54 - New fuzzy matches: ['wget', 'gzip', 'zip']
2025-01-23 19:29:05,734 - AITerm - INFO - logger:54 - Final suggestions: ['git', 'wget', 'gzip', 'zip']
2025-01-23 19:29:05,734 - AITerm - INFO - logger:54 - Got suggestions: ['git', 'wget', 'gzip', 'zip']
2025-01-23 19:29:05,735 - AITerm - INFO - logger:54 - Showing dropdown with 4 suggestions at (134, 672)
2025-01-23 19:29:05,736 - AITerm - INFO - logger:54 - Setting geometry to: 404x184+134+672
2025-01-23 19:29:05,737 - AITerm - INFO - logger:54 - Dropdown shown and configured
2025-01-23 19:29:05,867 - AITerm - DEBUG - logger:51 - Key released: BackSpace, current text: gi
2025-01-23 19:29:05,867 - AITerm - INFO - logger:54 - Updating suggestions for text: 'gi'
2025-01-23 19:29:05,867 - AITerm - INFO - logger:54 - Getting suggestions for text: 'gi'
2025-01-23 19:29:05,867 - AITerm - INFO - logger:54 - Prefix matches for 'gi': ['git']
2025-01-23 19:29:05,868 - AITerm - INFO - logger:54 - Fuzzy matches for 'gi': ['git', 'gzip', 'zip', 'vim']
2025-01-23 19:29:05,868 - AITerm - INFO - logger:54 - New fuzzy matches: ['gzip', 'zip', 'vim']
2025-01-23 19:29:05,868 - AITerm - INFO - logger:54 - Final suggestions: ['git', 'gzip', 'zip', 'vim']
2025-01-23 19:29:05,868 - AITerm - INFO - logger:54 - Got suggestions: ['git', 'gzip', 'zip', 'vim']
2025-01-23 19:29:05,868 - AITerm - INFO - logger:54 - Showing dropdown with 4 suggestions at (134, 672)
2025-01-23 19:29:05,870 - AITerm - INFO - logger:54 - Setting geometry to: 404x184+134+672
2025-01-23 19:29:05,871 - AITerm - INFO - logger:54 - Dropdown shown and configured
2025-01-23 19:29:06,025 - AITerm - DEBUG - logger:51 - Key released: BackSpace, current text: g
2025-01-23 19:29:06,025 - AITerm - INFO - logger:54 - Updating suggestions for text: 'g'
2025-01-23 19:29:06,025 - AITerm - INFO - logger:54 - Getting suggestions for text: 'g'
2025-01-23 19:29:06,025 - AITerm - INFO - logger:54 - Prefix matches for 'g': ['git', 'grep', 'gzip']
2025-01-23 19:29:06,025 - AITerm - INFO - logger:54 - Fuzzy matches for 'g': ['git', 'wget']
2025-01-23 19:29:06,025 - AITerm - INFO - logger:54 - New fuzzy matches: ['wget']
2025-01-23 19:29:06,025 - AITerm - INFO - logger:54 - Final suggestions: ['git', 'grep', 'gzip', 'wget']
2025-01-23 19:29:06,025 - AITerm - INFO - logger:54 - Got suggestions: ['git', 'grep', 'gzip', 'wget']
2025-01-23 19:29:06,025 - AITerm - INFO - logger:54 - Showing dropdown with 4 suggestions at (134, 672)
2025-01-23 19:29:06,026 - AITerm - INFO - logger:54 - Setting geometry to: 404x184+134+672
2025-01-23 19:29:06,027 - AITerm - INFO - logger:54 - Dropdown shown and configured
2025-01-23 19:29:06,171 - AITerm - DEBUG - logger:51 - Key released: BackSpace, current text: 
2025-01-23 19:29:06,172 - AITerm - INFO - logger:54 - Updating suggestions for text: ''
2025-01-23 19:29:06,172 - AITerm - INFO - logger:54 - No text to get suggestions for
2025-01-23 19:29:06,172 - AITerm - INFO - logger:54 - Got suggestions: []
2025-01-23 19:29:06,172 - AITerm - INFO - logger:54 - Hiding dropdown
2025-01-23 19:29:06,476 - AITerm - DEBUG - logger:51 - Key released: l, current text: ls
2025-01-23 19:29:06,477 - AITerm - INFO - logger:54 - Updating suggestions for text: 'ls'
2025-01-23 19:29:06,477 - AITerm - INFO - logger:54 - Getting suggestions for text: 'ls'
2025-01-23 19:29:06,477 - AITerm - INFO - logger:54 - Prefix matches for 'ls': ['ls']
2025-01-23 19:29:06,477 - AITerm - INFO - logger:54 - Fuzzy matches for 'ls': ['ls', 'less', 'ps', 'svn']
2025-01-23 19:29:06,477 - AITerm - INFO - logger:54 - New fuzzy matches: ['less', 'ps', 'svn']
2025-01-23 19:29:06,477 - AITerm - INFO - logger:54 - Final suggestions: ['ls', 'less', 'ps', 'svn']
2025-01-23 19:29:06,477 - AITerm - INFO - logger:54 - Got suggestions: ['ls', 'less', 'ps', 'svn']
2025-01-23 19:29:06,477 - AITerm - INFO - logger:54 - Showing dropdown with 4 suggestions at (134, 672)
2025-01-23 19:29:06,478 - AITerm - INFO - logger:54 - Setting geometry to: 404x184+134+672
2025-01-23 19:29:06,481 - AITerm - INFO - logger:54 - Dropdown shown and configured
2025-01-23 19:29:06,600 - AITerm - DEBUG - logger:51 - Key released: s, current text: ls
2025-01-23 19:29:06,600 - AITerm - INFO - logger:54 - Updating suggestions for text: 'ls'
2025-01-23 19:29:06,600 - AITerm - INFO - logger:54 - Getting suggestions for text: 'ls'
2025-01-23 19:29:06,600 - AITerm - INFO - logger:54 - Prefix matches for 'ls': ['ls']
2025-01-23 19:29:06,600 - AITerm - INFO - logger:54 - Fuzzy matches for 'ls': ['ls', 'less', 'ps', 'svn']
2025-01-23 19:29:06,601 - AITerm - INFO - logger:54 - New fuzzy matches: ['less', 'ps', 'svn']
2025-01-23 19:29:06,601 - AITerm - INFO - logger:54 - Final suggestions: ['ls', 'less', 'ps', 'svn']
2025-01-23 19:29:06,601 - AITerm - INFO - logger:54 - Got suggestions: ['ls', 'less', 'ps', 'svn']
2025-01-23 19:29:06,601 - AITerm - INFO - logger:54 - Showing dropdown with 4 suggestions at (134, 672)
2025-01-23 19:29:06,602 - AITerm - INFO - logger:54 - Setting geometry to: 404x184+134+672
2025-01-23 19:29:06,603 - AITerm - INFO - logger:54 - Dropdown shown and configured
2025-01-23 19:29:06,624 - AITerm - INFO - logger:54 - Hiding dropdown
2025-01-23 19:29:07,284 - AITerm - INFO - logger:54 - Interpreted command 'ls' as 'ls -F'
2025-01-23 19:29:07,284 - AITerm - INFO - logger:54 - Executing command: ls -F in /Volumes/wd/code/Python/AITerm
2025-01-23 19:29:07,311 - AITerm - DEBUG - logger:51 - Command stdout: Info.plist
README.md
aiterm_env/
config.py
logs/
main.py
requirements.txt
setup.py
src/
test.txt

2025-01-23 19:29:07,311 - AITerm - DEBUG - logger:51 - Command stderr: 
2025-01-23 19:29:07,315 - AITerm - DEBUG - logger:51 - Key released: Return, current text: 
2025-01-23 19:29:07,315 - AITerm - INFO - logger:54 - Updating suggestions for text: ''
2025-01-23 19:29:07,315 - AITerm - INFO - logger:54 - No text to get suggestions for
2025-01-23 19:29:07,315 - AITerm - INFO - logger:54 - Got suggestions: []
2025-01-23 19:29:08,930 - AITerm - DEBUG - logger:51 - Key released: g, current text: gi
2025-01-23 19:29:08,930 - AITerm - INFO - logger:54 - Updating suggestions for text: 'gi'
2025-01-23 19:29:08,930 - AITerm - INFO - logger:54 - Getting suggestions for text: 'gi'
2025-01-23 19:29:08,930 - AITerm - INFO - logger:54 - Prefix matches for 'gi': ['git']
2025-01-23 19:29:08,931 - AITerm - INFO - logger:54 - Fuzzy matches for 'gi': ['git', 'gzip', 'zip', 'vim']
2025-01-23 19:29:08,931 - AITerm - INFO - logger:54 - New fuzzy matches: ['gzip', 'zip', 'vim']
2025-01-23 19:29:08,931 - AITerm - INFO - logger:54 - Final suggestions: ['git', 'gzip', 'zip', 'vim']
2025-01-23 19:29:08,931 - AITerm - INFO - logger:54 - Got suggestions: ['git', 'gzip', 'zip', 'vim']
2025-01-23 19:29:08,931 - AITerm - INFO - logger:54 - Showing dropdown with 4 suggestions at (134, 672)
2025-01-23 19:29:08,932 - AITerm - INFO - logger:54 - Setting geometry to: 404x184+134+672
2025-01-23 19:29:08,937 - AITerm - INFO - logger:54 - Dropdown shown and configured
2025-01-23 19:29:08,996 - AITerm - DEBUG - logger:51 - Key released: i, current text: gi
2025-01-23 19:29:08,996 - AITerm - INFO - logger:54 - Updating suggestions for text: 'gi'
2025-01-23 19:29:08,996 - AITerm - INFO - logger:54 - Getting suggestions for text: 'gi'
2025-01-23 19:29:08,996 - AITerm - INFO - logger:54 - Prefix matches for 'gi': ['git']
2025-01-23 19:29:08,996 - AITerm - INFO - logger:54 - Fuzzy matches for 'gi': ['git', 'gzip', 'zip', 'vim']
2025-01-23 19:29:08,997 - AITerm - INFO - logger:54 - New fuzzy matches: ['gzip', 'zip', 'vim']
2025-01-23 19:29:08,997 - AITerm - INFO - logger:54 - Final suggestions: ['git', 'gzip', 'zip', 'vim']
2025-01-23 19:29:08,997 - AITerm - INFO - logger:54 - Got suggestions: ['git', 'gzip', 'zip', 'vim']
2025-01-23 19:29:08,997 - AITerm - INFO - logger:54 - Showing dropdown with 4 suggestions at (134, 672)
2025-01-23 19:29:08,998 - AITerm - INFO - logger:54 - Setting geometry to: 404x184+134+672
2025-01-23 19:29:08,999 - AITerm - INFO - logger:54 - Dropdown shown and configured
2025-01-23 19:29:09,142 - AITerm - DEBUG - logger:51 - Key released: t, current text: git
2025-01-23 19:29:09,142 - AITerm - INFO - logger:54 - Updating suggestions for text: 'git'
2025-01-23 19:29:09,142 - AITerm - INFO - logger:54 - Getting suggestions for text: 'git'
2025-01-23 19:29:09,142 - AITerm - INFO - logger:54 - Prefix matches for 'git': ['git']
2025-01-23 19:29:09,142 - AITerm - INFO - logger:54 - Fuzzy matches for 'git': ['git', 'wget', 'gzip', 'zip']
2025-01-23 19:29:09,142 - AITerm - INFO - logger:54 - New fuzzy matches: ['wget', 'gzip', 'zip']
2025-01-23 19:29:09,142 - AITerm - INFO - logger:54 - Final suggestions: ['git', 'wget', 'gzip', 'zip']
2025-01-23 19:29:09,143 - AITerm - INFO - logger:54 - Got suggestions: ['git', 'wget', 'gzip', 'zip']
2025-01-23 19:29:09,143 - AITerm - INFO - logger:54 - Showing dropdown with 4 suggestions at (134, 672)
2025-01-23 19:29:09,144 - AITerm - INFO - logger:54 - Setting geometry to: 404x184+134+672
2025-01-23 19:29:09,144 - AITerm - INFO - logger:54 - Dropdown shown and configured
2025-01-23 19:29:09,244 - AITerm - DEBUG - logger:51 - Key released: space, current text: git 
2025-01-23 19:29:09,244 - AITerm - INFO - logger:54 - Updating suggestions for text: 'git '
2025-01-23 19:29:09,244 - AITerm - INFO - logger:54 - Getting suggestions for text: 'git'
2025-01-23 19:29:09,244 - AITerm - INFO - logger:54 - Prefix matches for 'git': ['git']
2025-01-23 19:29:09,244 - AITerm - INFO - logger:54 - Fuzzy matches for 'git': ['git', 'wget', 'gzip', 'zip']
2025-01-23 19:29:09,244 - AITerm - INFO - logger:54 - New fuzzy matches: ['wget', 'gzip', 'zip']
2025-01-23 19:29:09,244 - AITerm - INFO - logger:54 - Final suggestions: ['git', 'wget', 'gzip', 'zip']
2025-01-23 19:29:09,244 - AITerm - INFO - logger:54 - Got suggestions: ['git', 'wget', 'gzip', 'zip']
2025-01-23 19:29:09,244 - AITerm - INFO - logger:54 - Showing dropdown with 4 suggestions at (134, 672)
2025-01-23 19:29:09,246 - AITerm - INFO - logger:54 - Setting geometry to: 404x184+134+672
2025-01-23 19:29:09,246 - AITerm - INFO - logger:54 - Dropdown shown and configured
2025-01-23 19:29:09,852 - AITerm - DEBUG - logger:51 - Key released: s, current text: git sh
2025-01-23 19:29:09,852 - AITerm - INFO - logger:54 - Updating suggestions for text: 'git sh'
2025-01-23 19:29:09,852 - AITerm - INFO - logger:54 - Getting suggestions for text: 'git'
2025-01-23 19:29:09,852 - AITerm - INFO - logger:54 - Trying path completion for: ./sh*
2025-01-23 19:29:09,853 - AITerm - INFO - logger:54 - Final suggestions: []
2025-01-23 19:29:09,853 - AITerm - INFO - logger:54 - Got suggestions: []
2025-01-23 19:29:09,853 - AITerm - INFO - logger:54 - Hiding dropdown
2025-01-23 19:29:09,973 - AITerm - DEBUG - logger:51 - Key released: h, current text: git show
2025-01-23 19:29:09,973 - AITerm - INFO - logger:54 - Updating suggestions for text: 'git show'
2025-01-23 19:29:09,973 - AITerm - INFO - logger:54 - Getting suggestions for text: 'git'
2025-01-23 19:29:09,973 - AITerm - INFO - logger:54 - Trying path completion for: ./show*
2025-01-23 19:29:09,974 - AITerm - INFO - logger:54 - Final suggestions: []
2025-01-23 19:29:09,974 - AITerm - INFO - logger:54 - Got suggestions: []
2025-01-23 19:29:10,007 - AITerm - DEBUG - logger:51 - Key released: o, current text: git show
2025-01-23 19:29:10,007 - AITerm - INFO - logger:54 - Updating suggestions for text: 'git show'
2025-01-23 19:29:10,007 - AITerm - INFO - logger:54 - Getting suggestions for text: 'git'
2025-01-23 19:29:10,007 - AITerm - INFO - logger:54 - Trying path completion for: ./show*
2025-01-23 19:29:10,008 - AITerm - INFO - logger:54 - Final suggestions: []
2025-01-23 19:29:10,008 - AITerm - INFO - logger:54 - Got suggestions: []
2025-01-23 19:29:10,087 - AITerm - DEBUG - logger:51 - Key released: w, current text: git show
2025-01-23 19:29:10,087 - AITerm - INFO - logger:54 - Updating suggestions for text: 'git show'
2025-01-23 19:29:10,087 - AITerm - INFO - logger:54 - Getting suggestions for text: 'git'
2025-01-23 19:29:10,087 - AITerm - INFO - logger:54 - Trying path completion for: ./show*
2025-01-23 19:29:10,087 - AITerm - INFO - logger:54 - Final suggestions: []
2025-01-23 19:29:10,087 - AITerm - INFO - logger:54 - Got suggestions: []
2025-01-23 19:29:10,244 - AITerm - DEBUG - logger:51 - Key released: space, current text: git show 
2025-01-23 19:29:10,245 - AITerm - INFO - logger:54 - Updating suggestions for text: 'git show '
2025-01-23 19:29:10,245 - AITerm - INFO - logger:54 - Getting suggestions for text: 'git'
2025-01-23 19:29:10,245 - AITerm - INFO - logger:54 - Trying path completion for: ./show*
2025-01-23 19:29:10,245 - AITerm - INFO - logger:54 - Final suggestions: []
2025-01-23 19:29:10,245 - AITerm - INFO - logger:54 - Got suggestions: []
2025-01-23 19:29:10,447 - AITerm - DEBUG - logger:51 - Key released: l, current text: git show l
2025-01-23 19:29:10,447 - AITerm - INFO - logger:54 - Updating suggestions for text: 'git show l'
2025-01-23 19:29:10,447 - AITerm - INFO - logger:54 - Getting suggestions for text: 'git'
2025-01-23 19:29:10,447 - AITerm - INFO - logger:54 - Trying path completion for: ./l*
2025-01-23 19:29:10,448 - AITerm - INFO - logger:54 - Path suggestions: ['git show ./logs/']
2025-01-23 19:29:10,448 - AITerm - INFO - logger:54 - Final suggestions: ['git show ./logs/']
2025-01-23 19:29:10,448 - AITerm - INFO - logger:54 - Got suggestions: ['git show ./logs/']
2025-01-23 19:29:10,448 - AITerm - INFO - logger:54 - Showing dropdown with 1 suggestions at (134, 672)
2025-01-23 19:29:10,448 - AITerm - INFO - logger:54 - Setting geometry to: 404x184+134+672
2025-01-23 19:29:10,451 - AITerm - INFO - logger:54 - Dropdown shown and configured
2025-01-23 19:29:10,571 - AITerm - DEBUG - logger:51 - Key released: a, current text: git show las
2025-01-23 19:29:10,571 - AITerm - INFO - logger:54 - Updating suggestions for text: 'git show las'
2025-01-23 19:29:10,571 - AITerm - INFO - logger:54 - Getting suggestions for text: 'git'
2025-01-23 19:29:10,571 - AITerm - INFO - logger:54 - Trying path completion for: ./las*
2025-01-23 19:29:10,571 - AITerm - INFO - logger:54 - Final suggestions: []
2025-01-23 19:29:10,571 - AITerm - INFO - logger:54 - Got suggestions: []
2025-01-23 19:29:10,571 - AITerm - INFO - logger:54 - Hiding dropdown
2025-01-23 19:29:10,717 - AITerm - DEBUG - logger:51 - Key released: s, current text: git show las
2025-01-23 19:29:10,717 - AITerm - INFO - logger:54 - Updating suggestions for text: 'git show las'
2025-01-23 19:29:10,717 - AITerm - INFO - logger:54 - Getting suggestions for text: 'git'
2025-01-23 19:29:10,717 - AITerm - INFO - logger:54 - Trying path completion for: ./las*
2025-01-23 19:29:10,718 - AITerm - INFO - logger:54 - Final suggestions: []
2025-01-23 19:29:10,718 - AITerm - INFO - logger:54 - Got suggestions: []
2025-01-23 19:29:10,897 - AITerm - DEBUG - logger:51 - Key released: t, current text: git show last 
2025-01-23 19:29:10,897 - AITerm - INFO - logger:54 - Updating suggestions for text: 'git show last '
2025-01-23 19:29:10,897 - AITerm - INFO - logger:54 - Getting suggestions for text: 'git'
2025-01-23 19:29:10,897 - AITerm - INFO - logger:54 - Trying path completion for: ./last*
2025-01-23 19:29:10,898 - AITerm - INFO - logger:54 - Final suggestions: []
2025-01-23 19:29:10,898 - AITerm - INFO - logger:54 - Got suggestions: []
2025-01-23 19:29:10,964 - AITerm - DEBUG - logger:51 - Key released: space, current text: git show last 
2025-01-23 19:29:10,964 - AITerm - INFO - logger:54 - Updating suggestions for text: 'git show last '
2025-01-23 19:29:10,964 - AITerm - INFO - logger:54 - Getting suggestions for text: 'git'
2025-01-23 19:29:10,964 - AITerm - INFO - logger:54 - Trying path completion for: ./last*
2025-01-23 19:29:10,965 - AITerm - INFO - logger:54 - Final suggestions: []
2025-01-23 19:29:10,965 - AITerm - INFO - logger:54 - Got suggestions: []
2025-01-23 19:29:11,381 - AITerm - DEBUG - logger:51 - Key released: 2, current text: git show last 2
2025-01-23 19:29:11,381 - AITerm - INFO - logger:54 - Updating suggestions for text: 'git show last 2'
2025-01-23 19:29:11,381 - AITerm - INFO - logger:54 - Getting suggestions for text: 'git'
2025-01-23 19:29:11,381 - AITerm - INFO - logger:54 - Trying path completion for: ./2*
2025-01-23 19:29:11,382 - AITerm - INFO - logger:54 - Final suggestions: []
2025-01-23 19:29:11,382 - AITerm - INFO - logger:54 - Got suggestions: []
2025-01-23 19:29:11,527 - AITerm - DEBUG - logger:51 - Key released: space, current text: git show last 2 
2025-01-23 19:29:11,527 - AITerm - INFO - logger:54 - Updating suggestions for text: 'git show last 2 '
2025-01-23 19:29:11,527 - AITerm - INFO - logger:54 - Getting suggestions for text: 'git'
2025-01-23 19:29:11,527 - AITerm - INFO - logger:54 - Trying path completion for: ./2*
2025-01-23 19:29:11,528 - AITerm - INFO - logger:54 - Final suggestions: []
2025-01-23 19:29:11,528 - AITerm - INFO - logger:54 - Got suggestions: []
2025-01-23 19:29:11,819 - AITerm - DEBUG - logger:51 - Key released: c, current text: git show last 2 co
2025-01-23 19:29:11,819 - AITerm - INFO - logger:54 - Updating suggestions for text: 'git show last 2 co'
2025-01-23 19:29:11,819 - AITerm - INFO - logger:54 - Getting suggestions for text: 'git'
2025-01-23 19:29:11,820 - AITerm - INFO - logger:54 - Trying path completion for: ./co*
2025-01-23 19:29:11,820 - AITerm - INFO - logger:54 - Path suggestions: ['git show last 2 ./config.py']
2025-01-23 19:29:11,820 - AITerm - INFO - logger:54 - Final suggestions: ['git show last 2 ./config.py']
2025-01-23 19:29:11,820 - AITerm - INFO - logger:54 - Got suggestions: ['git show last 2 ./config.py']
2025-01-23 19:29:11,820 - AITerm - INFO - logger:54 - Showing dropdown with 1 suggestions at (134, 672)
2025-01-23 19:29:11,821 - AITerm - INFO - logger:54 - Setting geometry to: 404x184+134+672
2025-01-23 19:29:11,823 - AITerm - INFO - logger:54 - Dropdown shown and configured
2025-01-23 19:29:11,864 - AITerm - DEBUG - logger:51 - Key released: o, current text: git show last 2 com
2025-01-23 19:29:11,864 - AITerm - INFO - logger:54 - Updating suggestions for text: 'git show last 2 com'
2025-01-23 19:29:11,864 - AITerm - INFO - logger:54 - Getting suggestions for text: 'git'
2025-01-23 19:29:11,864 - AITerm - INFO - logger:54 - Trying path completion for: ./com*
2025-01-23 19:29:11,864 - AITerm - INFO - logger:54 - Final suggestions: []
2025-01-23 19:29:11,864 - AITerm - INFO - logger:54 - Got suggestions: []
2025-01-23 19:29:11,864 - AITerm - INFO - logger:54 - Hiding dropdown
2025-01-23 19:29:11,932 - AITerm - DEBUG - logger:51 - Key released: m, current text: git show last 2 com
2025-01-23 19:29:11,932 - AITerm - INFO - logger:54 - Updating suggestions for text: 'git show last 2 com'
2025-01-23 19:29:11,932 - AITerm - INFO - logger:54 - Getting suggestions for text: 'git'
2025-01-23 19:29:11,933 - AITerm - INFO - logger:54 - Trying path completion for: ./com*
2025-01-23 19:29:11,933 - AITerm - INFO - logger:54 - Final suggestions: []
2025-01-23 19:29:11,933 - AITerm - INFO - logger:54 - Got suggestions: []
2025-01-23 19:29:12,122 - AITerm - DEBUG - logger:51 - Key released: m, current text: git show last 2 commi
2025-01-23 19:29:12,122 - AITerm - INFO - logger:54 - Updating suggestions for text: 'git show last 2 commi'
2025-01-23 19:29:12,122 - AITerm - INFO - logger:54 - Getting suggestions for text: 'git'
2025-01-23 19:29:12,122 - AITerm - INFO - logger:54 - Trying path completion for: ./commi*
2025-01-23 19:29:12,123 - AITerm - INFO - logger:54 - Final suggestions: []
2025-01-23 19:29:12,123 - AITerm - INFO - logger:54 - Got suggestions: []
2025-01-23 19:29:12,235 - AITerm - DEBUG - logger:51 - Key released: i, current text: git show last 2 commi
2025-01-23 19:29:12,236 - AITerm - INFO - logger:54 - Updating suggestions for text: 'git show last 2 commi'
2025-01-23 19:29:12,236 - AITerm - INFO - logger:54 - Getting suggestions for text: 'git'
2025-01-23 19:29:12,236 - AITerm - INFO - logger:54 - Trying path completion for: ./commi*
2025-01-23 19:29:12,236 - AITerm - INFO - logger:54 - Final suggestions: []
2025-01-23 19:29:12,236 - AITerm - INFO - logger:54 - Got suggestions: []
2025-01-23 19:29:12,404 - AITerm - DEBUG - logger:51 - Key released: t, current text: git show last 2 commit
2025-01-23 19:29:12,405 - AITerm - INFO - logger:54 - Updating suggestions for text: 'git show last 2 commit'
2025-01-23 19:29:12,405 - AITerm - INFO - logger:54 - Getting suggestions for text: 'git'
2025-01-23 19:29:12,405 - AITerm - INFO - logger:54 - Trying path completion for: ./commit*
2025-01-23 19:29:12,405 - AITerm - INFO - logger:54 - Final suggestions: []
2025-01-23 19:29:12,405 - AITerm - INFO - logger:54 - Got suggestions: []
2025-01-23 19:29:12,618 - AITerm - DEBUG - logger:51 - Key released: s, current text: git show last 2 commits
2025-01-23 19:29:12,619 - AITerm - INFO - logger:54 - Updating suggestions for text: 'git show last 2 commits'
2025-01-23 19:29:12,619 - AITerm - INFO - logger:54 - Getting suggestions for text: 'git'
2025-01-23 19:29:12,619 - AITerm - INFO - logger:54 - Trying path completion for: ./commits*
2025-01-23 19:29:12,619 - AITerm - INFO - logger:54 - Final suggestions: []
2025-01-23 19:29:12,619 - AITerm - INFO - logger:54 - Got suggestions: []
2025-01-23 19:29:12,720 - AITerm - DEBUG - logger:51 - Starting PTY mode with command: git show last 2 commits
2025-01-23 19:29:12,721 - AITerm - INFO - logger:54 - Initializing PseudoTerminal
2025-01-23 19:29:12,721 - AITerm - DEBUG - logger:51 - Starting PTY with command: git show last 2 commits
2025-01-23 19:29:12,735 - AITerm - DEBUG - logger:51 - PTY started successfully
2025-01-23 19:29:12,776 - AITerm - DEBUG - logger:51 - Stopping pseudo-terminal
2025-01-23 19:29:12,777 - AITerm - DEBUG - logger:51 - Attempting graceful process termination
2025-01-23 19:29:12,777 - AITerm - DEBUG - logger:51 - Process terminated gracefully
2025-01-23 19:29:12,777 - AITerm - DEBUG - logger:51 - Closed master file descriptor
2025-01-23 19:29:12,777 - AITerm - DEBUG - logger:51 - PTY process exited
2025-01-23 19:29:12,843 - AITerm - DEBUG - logger:51 - Key released: Return, current text: 
2025-01-23 19:29:12,844 - AITerm - INFO - logger:54 - Updating suggestions for text: ''
2025-01-23 19:29:12,844 - AITerm - INFO - logger:54 - No text to get suggestions for
2025-01-23 19:29:12,844 - AITerm - INFO - logger:54 - Got suggestions: []
2025-01-23 19:29:22,124 - AITerm - DEBUG - logger:51 - Key event ignored - not in PTY mode
2025-01-23 19:29:22,314 - AITerm - DEBUG - logger:51 - Key event ignored - not in PTY mode
