2025-01-23 17:40:17,947 - AITerm - INFO - logger:48 - Logger initialized. Log file: logs/aiterm_20250123_174017.log
2025-01-23 17:40:23,169 - AITerm - INFO - logger:54 - Executing command: ls
2025-01-23 17:40:23,169 - AITerm - DEBUG - logger:51 - Added command to history. Total commands: 1
2025-01-23 17:40:39,085 - AITerm - INFO - logger:54 - Executing command: more requirements.txt
2025-01-23 17:40:39,087 - AITerm - DEBUG - logger:51 - Added command to history. Total commands: 2
2025-01-23 17:40:39,087 - AITerm - INFO - logger:54 - Starting interactive mode for command: more requirements.txt
2025-01-23 17:40:39,087 - AITerm - INFO - logger:54 - Initializing PseudoTerminal
2025-01-23 17:40:39,087 - AITerm - DEBUG - logger:51 - Starting PTY with command: more requirements.txt
2025-01-23 17:40:39,099 - AITerm - DEBUG - logger:51 - PTY started successfully
2025-01-23 17:40:51,968 - AITerm - DEBUG - logger:51 - Key event - keysym: Return, state: 0, char: ''
2025-01-23 17:40:51,969 - AITerm - DEBUG - logger:51 - Sending return
2025-01-23 17:40:52,105 - AITerm - DEBUG - logger:51 - Stopping pseudo-terminal
2025-01-23 17:40:52,105 - AITerm - DEBUG - logger:51 - Attempting graceful process termination
2025-01-23 17:40:52,105 - AITerm - DEBUG - logger:51 - Process terminated gracefully
2025-01-23 17:40:52,105 - AITerm - DEBUG - logger:51 - Closed master file descriptor
2025-01-23 17:40:58,695 - AITerm - INFO - logger:54 - Executing command: ls
2025-01-23 17:40:58,695 - AITerm - DEBUG - logger:51 - Added command to history. Total commands: 3
2025-01-23 17:41:11,587 - AITerm - INFO - logger:54 - Executing command: more ./test.txt
2025-01-23 17:41:11,587 - AITerm - DEBUG - logger:51 - Added command to history. Total commands: 4
2025-01-23 17:41:11,588 - AITerm - INFO - logger:54 - Starting interactive mode for command: more ./test.txt
2025-01-23 17:41:11,588 - AITerm - INFO - logger:54 - Initializing PseudoTerminal
2025-01-23 17:41:11,589 - AITerm - DEBUG - logger:51 - Starting PTY with command: more ./test.txt
2025-01-23 17:41:11,599 - AITerm - DEBUG - logger:51 - PTY started successfully
2025-01-23 17:41:17,664 - AITerm - DEBUG - logger:51 - Key event - keysym: Shift_L, state: 1, char: ''
2025-01-23 17:41:17,843 - AITerm - DEBUG - logger:51 - Key event - keysym: :, state: 1, char: ':'
2025-01-23 17:41:17,843 - AITerm - DEBUG - logger:51 - Sending character: ':'
2025-01-23 17:41:19,484 - AITerm - DEBUG - logger:51 - Key event - keysym: BackSpace, state: 0, char: ''
2025-01-23 17:41:19,484 - AITerm - DEBUG - logger:51 - Sending backspace
2025-01-23 17:41:20,147 - AITerm - DEBUG - logger:51 - Key event - keysym: Return, state: 0, char: ''
2025-01-23 17:41:20,147 - AITerm - DEBUG - logger:51 - Sending return
2025-01-23 17:41:20,252 - AITerm - DEBUG - logger:51 - Stopping pseudo-terminal
2025-01-23 17:41:20,252 - AITerm - DEBUG - logger:51 - Attempting graceful process termination
2025-01-23 17:41:20,252 - AITerm - DEBUG - logger:51 - Process terminated gracefully
2025-01-23 17:41:20,252 - AITerm - DEBUG - logger:51 - Closed master file descriptor
2025-01-23 17:41:24,715 - AITerm - INFO - logger:54 - Executing command: ls
2025-01-23 17:41:24,715 - AITerm - DEBUG - logger:51 - Added command to history. Total commands: 5
2025-01-23 17:41:55,416 - AITerm - INFO - logger:54 - Executing command: more ./requirements.txt
2025-01-23 17:41:55,416 - AITerm - DEBUG - logger:51 - Added command to history. Total commands: 6
2025-01-23 17:41:55,417 - AITerm - INFO - logger:54 - Starting interactive mode for command: more ./requirements.txt
2025-01-23 17:41:55,417 - AITerm - INFO - logger:54 - Initializing PseudoTerminal
2025-01-23 17:41:55,417 - AITerm - DEBUG - logger:51 - Starting PTY with command: more ./requirements.txt
2025-01-23 17:41:55,428 - AITerm - DEBUG - logger:51 - PTY started successfully
2025-01-23 17:42:01,682 - AITerm - DEBUG - logger:51 - Key event - keysym: b, state: 0, char: 'b'
2025-01-23 17:42:01,683 - AITerm - INFO - logger:54 - Sending previous page command (b)
2025-01-23 17:42:07,015 - AITerm - DEBUG - logger:51 - Key event - keysym: b, state: 0, char: 'b'
2025-01-23 17:42:07,015 - AITerm - INFO - logger:54 - Sending previous page command (b)
2025-01-23 17:42:07,475 - AITerm - DEBUG - logger:51 - Key event - keysym: b, state: 0, char: 'b'
2025-01-23 17:42:07,475 - AITerm - INFO - logger:54 - Sending previous page command (b)
2025-01-23 17:42:07,801 - AITerm - DEBUG - logger:51 - Key event - keysym: b, state: 0, char: 'b'
2025-01-23 17:42:07,801 - AITerm - INFO - logger:54 - Sending previous page command (b)
2025-01-23 17:42:13,090 - AITerm - DEBUG - logger:51 - Key event - keysym: q, state: 0, char: 'q'
2025-01-23 17:42:13,090 - AITerm - INFO - logger:54 - Sending quit command (q)
2025-01-23 17:42:13,200 - AITerm - DEBUG - logger:51 - Stopping pseudo-terminal
2025-01-23 17:42:13,200 - AITerm - DEBUG - logger:51 - Attempting graceful process termination
2025-01-23 17:42:13,200 - AITerm - DEBUG - logger:51 - Process terminated gracefully
2025-01-23 17:42:13,200 - AITerm - DEBUG - logger:51 - Closed master file descriptor
2025-01-23 17:42:15,968 - AITerm - INFO - logger:54 - Executing command: ls
2025-01-23 17:42:15,969 - AITerm - DEBUG - logger:51 - Added command to history. Total commands: 7
2025-01-23 17:42:23,765 - AITerm - INFO - logger:54 - Executing command: more ./requirements.txt
2025-01-23 17:42:23,765 - AITerm - DEBUG - logger:51 - Added command to history. Total commands: 8
2025-01-23 17:42:23,767 - AITerm - INFO - logger:54 - Starting interactive mode for command: more ./requirements.txt
2025-01-23 17:42:23,767 - AITerm - INFO - logger:54 - Initializing PseudoTerminal
2025-01-23 17:42:23,767 - AITerm - DEBUG - logger:51 - Starting PTY with command: more ./requirements.txt
2025-01-23 17:42:23,780 - AITerm - DEBUG - logger:51 - PTY started successfully
2025-01-23 17:42:32,641 - AITerm - DEBUG - logger:51 - Key event - keysym: space, state: 0, char: ' '
2025-01-23 17:42:32,641 - AITerm - INFO - logger:54 - Sending next page command (space)
2025-01-23 17:42:32,668 - AITerm - DEBUG - logger:51 - Stopping pseudo-terminal
2025-01-23 17:42:32,668 - AITerm - DEBUG - logger:51 - Attempting graceful process termination
2025-01-23 17:42:32,668 - AITerm - DEBUG - logger:51 - Process terminated gracefully
2025-01-23 17:42:32,668 - AITerm - DEBUG - logger:51 - Closed master file descriptor
2025-01-23 17:43:03,690 - AITerm - INFO - logger:54 - Executing command: ls
2025-01-23 17:43:03,691 - AITerm - DEBUG - logger:51 - Added command to history. Total commands: 9
2025-01-23 17:43:05,301 - AITerm - INFO - logger:54 - Executing command: clear
2025-01-23 17:43:05,301 - AITerm - DEBUG - logger:51 - Added command to history. Total commands: 10
2025-01-23 17:43:11,723 - AITerm - INFO - logger:54 - Executing command: more ./requirements.txt
2025-01-23 17:43:11,724 - AITerm - DEBUG - logger:51 - Added command to history. Total commands: 11
2025-01-23 17:43:11,724 - AITerm - INFO - logger:54 - Starting interactive mode for command: more ./requirements.txt
2025-01-23 17:43:11,724 - AITerm - INFO - logger:54 - Initializing PseudoTerminal
2025-01-23 17:43:11,724 - AITerm - DEBUG - logger:51 - Starting PTY with command: more ./requirements.txt
2025-01-23 17:43:11,738 - AITerm - DEBUG - logger:51 - PTY started successfully
2025-01-23 17:43:13,807 - AITerm - DEBUG - logger:51 - Key event - keysym: Up, state: 96, char: ''
2025-01-23 17:43:14,547 - AITerm - DEBUG - logger:51 - Key event - keysym: Up, state: 96, char: ''
2025-01-23 17:43:14,985 - AITerm - DEBUG - logger:51 - Key event - keysym: Up, state: 96, char: ''
2025-01-23 17:43:15,178 - AITerm - DEBUG - logger:51 - Key event - keysym: Up, state: 96, char: ''
2025-01-23 17:43:15,356 - AITerm - DEBUG - logger:51 - Key event - keysym: Up, state: 96, char: ''
2025-01-23 17:43:15,516 - AITerm - DEBUG - logger:51 - Key event - keysym: Up, state: 96, char: ''
2025-01-23 17:43:15,672 - AITerm - DEBUG - logger:51 - Key event - keysym: Up, state: 96, char: ''
2025-01-23 17:43:15,829 - AITerm - DEBUG - logger:51 - Key event - keysym: Up, state: 96, char: ''
2025-01-23 17:43:15,986 - AITerm - DEBUG - logger:51 - Key event - keysym: Up, state: 96, char: ''
2025-01-23 17:43:16,168 - AITerm - DEBUG - logger:51 - Key event - keysym: Up, state: 96, char: ''
2025-01-23 17:43:16,324 - AITerm - DEBUG - logger:51 - Key event - keysym: Up, state: 96, char: ''
2025-01-23 17:43:16,483 - AITerm - DEBUG - logger:51 - Key event - keysym: Up, state: 96, char: ''
2025-01-23 17:43:16,628 - AITerm - DEBUG - logger:51 - Key event - keysym: Up, state: 96, char: ''
2025-01-23 17:43:16,785 - AITerm - DEBUG - logger:51 - Key event - keysym: Up, state: 96, char: ''
2025-01-23 17:43:16,943 - AITerm - DEBUG - logger:51 - Key event - keysym: Up, state: 96, char: ''
2025-01-23 17:43:17,112 - AITerm - DEBUG - logger:51 - Key event - keysym: Up, state: 96, char: ''
2025-01-23 17:43:17,281 - AITerm - DEBUG - logger:51 - Key event - keysym: Up, state: 96, char: ''
2025-01-23 17:43:17,451 - AITerm - DEBUG - logger:51 - Key event - keysym: Up, state: 96, char: ''
2025-01-23 17:43:17,606 - AITerm - DEBUG - logger:51 - Key event - keysym: Up, state: 96, char: ''
2025-01-23 17:43:17,775 - AITerm - DEBUG - logger:51 - Key event - keysym: Up, state: 96, char: ''
2025-01-23 17:43:17,944 - AITerm - DEBUG - logger:51 - Key event - keysym: Up, state: 96, char: ''
2025-01-23 17:43:18,113 - AITerm - DEBUG - logger:51 - Key event - keysym: Up, state: 96, char: ''
2025-01-23 17:43:18,269 - AITerm - DEBUG - logger:51 - Key event - keysym: Up, state: 96, char: ''
2025-01-23 17:43:18,438 - AITerm - DEBUG - logger:51 - Key event - keysym: Up, state: 96, char: ''
2025-01-23 17:43:18,608 - AITerm - DEBUG - logger:51 - Key event - keysym: Up, state: 96, char: ''
2025-01-23 17:43:18,776 - AITerm - DEBUG - logger:51 - Key event - keysym: Up, state: 96, char: ''
2025-01-23 17:43:18,934 - AITerm - DEBUG - logger:51 - Key event - keysym: Up, state: 96, char: ''
2025-01-23 17:43:19,102 - AITerm - DEBUG - logger:51 - Key event - keysym: Up, state: 96, char: ''
2025-01-23 17:43:19,272 - AITerm - DEBUG - logger:51 - Key event - keysym: Up, state: 96, char: ''
2025-01-23 17:43:20,217 - AITerm - DEBUG - logger:51 - Key event - keysym: Down, state: 96, char: ''
2025-01-23 17:43:20,418 - AITerm - DEBUG - logger:51 - Key event - keysym: Down, state: 96, char: ''
2025-01-23 17:43:20,577 - AITerm - DEBUG - logger:51 - Key event - keysym: Down, state: 96, char: ''
2025-01-23 17:43:20,723 - AITerm - DEBUG - logger:51 - Key event - keysym: Down, state: 96, char: ''
2025-01-23 17:43:20,892 - AITerm - DEBUG - logger:51 - Key event - keysym: Down, state: 96, char: ''
2025-01-23 17:43:21,071 - AITerm - DEBUG - logger:51 - Key event - keysym: Down, state: 96, char: ''
2025-01-23 17:43:23,368 - AITerm - DEBUG - logger:51 - Key event - keysym: Down, state: 96, char: ''
2025-01-23 17:43:23,625 - AITerm - DEBUG - logger:51 - Key event - keysym: Down, state: 96, char: ''
2025-01-23 17:43:23,817 - AITerm - DEBUG - logger:51 - Key event - keysym: Down, state: 96, char: ''
2025-01-23 17:43:23,985 - AITerm - DEBUG - logger:51 - Key event - keysym: Down, state: 96, char: ''
2025-01-23 17:43:24,177 - AITerm - DEBUG - logger:51 - Key event - keysym: Down, state: 96, char: ''
2025-01-23 17:44:52,768 - AITerm - INFO - logger:54 - Executing command: ls
2025-01-23 17:44:52,768 - AITerm - DEBUG - logger:51 - Added command to history. Total commands: 12
