2025-01-23 20:46:11,816 - AITerm - INFO - logger:48 - Logger initialized. Log file: logs/aiterm_20250123_204611.log
2025-01-23 20:46:12,104 - AITerm - INFO - logger:54 - Initialized TerminalCompleter with 46 commands
2025-01-23 20:46:12,104 - AITerm - INFO - logger:54 - Initializing SuggestionDropdown
2025-01-23 20:46:12,140 - AITerm - INFO - logger:54 - SuggestionDropdown initialized and hidden
2025-01-23 20:46:15,011 - AITerm - INFO - logger:54 - Key release event - keysym: g, char: g, keycode: 83886183
2025-01-23 20:46:15,011 - AITerm - INFO - logger:54 - Current text: 'go'
2025-01-23 20:46:15,011 - AITerm - INFO - logger:54 - Getting suggestions for text: 'go'
2025-01-23 20:46:15,011 - AITerm - INFO - logger:54 - Prefix matches for 'go': []
2025-01-23 20:46:15,011 - AITerm - INFO - logger:54 - Fuzzy matches for 'go': ['top', 'git', 'wget', 'sort', 'ping']
2025-01-23 20:46:15,011 - AITerm - INFO - logger:54 - New fuzzy matches: ['top', 'git', 'wget', 'sort', 'ping']
2025-01-23 20:46:15,012 - AITerm - INFO - logger:54 - Final suggestions: ['top', 'git', 'wget', 'sort', 'ping']
2025-01-23 20:46:15,012 - AITerm - INFO - logger:54 - Got suggestions: ['top', 'git', 'wget', 'sort', 'ping']
2025-01-23 20:46:15,012 - AITerm - INFO - logger:54 - Showing dropdown at position (134, 672)
2025-01-23 20:46:15,012 - AITerm - INFO - logger:54 - Showing dropdown with 5 suggestions at (134, 672)
2025-01-23 20:46:15,012 - AITerm - INFO - logger:54 - Setting geometry to: 1x1+34+59
2025-01-23 20:46:15,017 - AITerm - INFO - logger:54 - Dropdown shown and configured
2025-01-23 20:46:15,017 - AITerm - INFO - logger:54 - Dropdown visible: True
2025-01-23 20:46:15,018 - AITerm - INFO - logger:54 - Dropdown geometry: 404x184+134+672
2025-01-23 20:46:15,047 - AITerm - INFO - logger:54 - Key release event - keysym: o, char: o, keycode: 520093807
2025-01-23 20:46:15,047 - AITerm - INFO - logger:54 - Current text: 'go'
2025-01-23 20:46:15,047 - AITerm - INFO - logger:54 - Getting suggestions for text: 'go'
2025-01-23 20:46:15,047 - AITerm - INFO - logger:54 - Prefix matches for 'go': []
2025-01-23 20:46:15,047 - AITerm - INFO - logger:54 - Fuzzy matches for 'go': ['top', 'git', 'wget', 'sort', 'ping']
2025-01-23 20:46:15,047 - AITerm - INFO - logger:54 - New fuzzy matches: ['top', 'git', 'wget', 'sort', 'ping']
2025-01-23 20:46:15,048 - AITerm - INFO - logger:54 - Final suggestions: ['top', 'git', 'wget', 'sort', 'ping']
2025-01-23 20:46:15,048 - AITerm - INFO - logger:54 - Got suggestions: ['top', 'git', 'wget', 'sort', 'ping']
2025-01-23 20:46:15,048 - AITerm - INFO - logger:54 - Showing dropdown at position (134, 672)
2025-01-23 20:46:15,048 - AITerm - INFO - logger:54 - Showing dropdown with 5 suggestions at (134, 672)
2025-01-23 20:46:15,049 - AITerm - INFO - logger:54 - Setting geometry to: 404x184+134+672
2025-01-23 20:46:15,050 - AITerm - INFO - logger:54 - Dropdown shown and configured
2025-01-23 20:46:15,050 - AITerm - INFO - logger:54 - Dropdown visible: True
2025-01-23 20:46:15,050 - AITerm - INFO - logger:54 - Dropdown geometry: 404x184+134+672
2025-01-23 20:46:15,292 - AITerm - INFO - logger:54 - Key release event - keysym: space, char:  , keycode: 822083616
2025-01-23 20:46:15,292 - AITerm - INFO - logger:54 - Current text: 'go '
2025-01-23 20:46:15,292 - AITerm - INFO - logger:54 - Getting suggestions for text: 'go'
2025-01-23 20:46:15,292 - AITerm - INFO - logger:54 - Prefix matches for 'go': []
2025-01-23 20:46:15,292 - AITerm - INFO - logger:54 - Fuzzy matches for 'go': ['top', 'git', 'wget', 'sort', 'ping']
2025-01-23 20:46:15,292 - AITerm - INFO - logger:54 - New fuzzy matches: ['top', 'git', 'wget', 'sort', 'ping']
2025-01-23 20:46:15,292 - AITerm - INFO - logger:54 - Final suggestions: ['top', 'git', 'wget', 'sort', 'ping']
2025-01-23 20:46:15,292 - AITerm - INFO - logger:54 - Got suggestions: ['top', 'git', 'wget', 'sort', 'ping']
2025-01-23 20:46:15,292 - AITerm - INFO - logger:54 - Showing dropdown at position (134, 672)
2025-01-23 20:46:15,292 - AITerm - INFO - logger:54 - Showing dropdown with 5 suggestions at (134, 672)
2025-01-23 20:46:15,294 - AITerm - INFO - logger:54 - Setting geometry to: 404x184+134+672
2025-01-23 20:46:15,295 - AITerm - INFO - logger:54 - Dropdown shown and configured
2025-01-23 20:46:15,295 - AITerm - INFO - logger:54 - Dropdown visible: True
2025-01-23 20:46:15,295 - AITerm - INFO - logger:54 - Dropdown geometry: 404x184+134+672
2025-01-23 20:46:15,437 - AITerm - INFO - logger:54 - Key release event - keysym: t, char: t, keycode: 285212788
2025-01-23 20:46:15,437 - AITerm - INFO - logger:54 - Current text: 'go to'
2025-01-23 20:46:15,437 - AITerm - INFO - logger:54 - Getting suggestions for text: 'go'
2025-01-23 20:46:15,437 - AITerm - INFO - logger:54 - Trying path completion for: ./to*
2025-01-23 20:46:15,438 - AITerm - INFO - logger:54 - Final suggestions: []
2025-01-23 20:46:15,438 - AITerm - INFO - logger:54 - Got suggestions: []
2025-01-23 20:46:15,438 - AITerm - INFO - logger:54 - No suggestions, hiding dropdown
2025-01-23 20:46:15,438 - AITerm - INFO - logger:54 - Hiding dropdown
2025-01-23 20:46:15,472 - AITerm - INFO - logger:54 - Key release event - keysym: o, char: o, keycode: 520093807
2025-01-23 20:46:15,472 - AITerm - INFO - logger:54 - Current text: 'go to'
2025-01-23 20:46:15,472 - AITerm - INFO - logger:54 - Getting suggestions for text: 'go'
2025-01-23 20:46:15,472 - AITerm - INFO - logger:54 - Trying path completion for: ./to*
2025-01-23 20:46:15,472 - AITerm - INFO - logger:54 - Final suggestions: []
2025-01-23 20:46:15,472 - AITerm - INFO - logger:54 - Got suggestions: []
2025-01-23 20:46:15,472 - AITerm - INFO - logger:54 - No suggestions, hiding dropdown
2025-01-23 20:46:15,675 - AITerm - INFO - logger:54 - Key release event - keysym: space, char:  , keycode: 822083616
2025-01-23 20:46:15,675 - AITerm - INFO - logger:54 - Current text: 'go to '
2025-01-23 20:46:15,675 - AITerm - INFO - logger:54 - Getting suggestions for text: 'go'
2025-01-23 20:46:15,675 - AITerm - INFO - logger:54 - Trying path completion for: ./to*
2025-01-23 20:46:15,675 - AITerm - INFO - logger:54 - Final suggestions: []
2025-01-23 20:46:15,675 - AITerm - INFO - logger:54 - Got suggestions: []
2025-01-23 20:46:15,675 - AITerm - INFO - logger:54 - No suggestions, hiding dropdown
2025-01-23 20:46:15,966 - AITerm - INFO - logger:54 - Key release event - keysym: h, char: h, keycode: 67108968
2025-01-23 20:46:15,966 - AITerm - INFO - logger:54 - Current text: 'go to ho'
2025-01-23 20:46:15,966 - AITerm - INFO - logger:54 - Getting suggestions for text: 'go'
2025-01-23 20:46:15,966 - AITerm - INFO - logger:54 - Trying path completion for: ./ho*
2025-01-23 20:46:15,967 - AITerm - INFO - logger:54 - Final suggestions: []
2025-01-23 20:46:15,967 - AITerm - INFO - logger:54 - Got suggestions: []
2025-01-23 20:46:15,967 - AITerm - INFO - logger:54 - No suggestions, hiding dropdown
2025-01-23 20:46:16,112 - AITerm - INFO - logger:54 - Key release event - keysym: o, char: o, keycode: 520093807
2025-01-23 20:46:16,112 - AITerm - INFO - logger:54 - Current text: 'go to hom'
2025-01-23 20:46:16,112 - AITerm - INFO - logger:54 - Getting suggestions for text: 'go'
2025-01-23 20:46:16,112 - AITerm - INFO - logger:54 - Trying path completion for: ./hom*
2025-01-23 20:46:16,112 - AITerm - INFO - logger:54 - Final suggestions: []
2025-01-23 20:46:16,112 - AITerm - INFO - logger:54 - Got suggestions: []
2025-01-23 20:46:16,113 - AITerm - INFO - logger:54 - No suggestions, hiding dropdown
2025-01-23 20:46:16,191 - AITerm - INFO - logger:54 - Key release event - keysym: m, char: m, keycode: 771752045
2025-01-23 20:46:16,191 - AITerm - INFO - logger:54 - Current text: 'go to hom'
2025-01-23 20:46:16,191 - AITerm - INFO - logger:54 - Getting suggestions for text: 'go'
2025-01-23 20:46:16,192 - AITerm - INFO - logger:54 - Trying path completion for: ./hom*
2025-01-23 20:46:16,192 - AITerm - INFO - logger:54 - Final suggestions: []
2025-01-23 20:46:16,192 - AITerm - INFO - logger:54 - Got suggestions: []
2025-01-23 20:46:16,192 - AITerm - INFO - logger:54 - No suggestions, hiding dropdown
2025-01-23 20:46:16,349 - AITerm - INFO - logger:54 - Key release event - keysym: e, char: e, keycode: 234881125
2025-01-23 20:46:16,349 - AITerm - INFO - logger:54 - Current text: 'go to home'
2025-01-23 20:46:16,349 - AITerm - INFO - logger:54 - Getting suggestions for text: 'go'
2025-01-23 20:46:16,349 - AITerm - INFO - logger:54 - Trying path completion for: ./home*
2025-01-23 20:46:16,349 - AITerm - INFO - logger:54 - Final suggestions: []
2025-01-23 20:46:16,349 - AITerm - INFO - logger:54 - Got suggestions: []
2025-01-23 20:46:16,349 - AITerm - INFO - logger:54 - No suggestions, hiding dropdown
2025-01-23 20:46:16,450 - AITerm - INFO - logger:54 - Key release event - keysym: space, char:  , keycode: 822083616
2025-01-23 20:46:16,450 - AITerm - INFO - logger:54 - Current text: 'go to home '
2025-01-23 20:46:16,450 - AITerm - INFO - logger:54 - Getting suggestions for text: 'go'
2025-01-23 20:46:16,451 - AITerm - INFO - logger:54 - Trying path completion for: ./home*
2025-01-23 20:46:16,451 - AITerm - INFO - logger:54 - Final suggestions: []
2025-01-23 20:46:16,451 - AITerm - INFO - logger:54 - Got suggestions: []
2025-01-23 20:46:16,451 - AITerm - INFO - logger:54 - No suggestions, hiding dropdown
2025-01-23 20:46:16,619 - AITerm - INFO - logger:54 - Key release event - keysym: i, char: i, keycode: 570425449
2025-01-23 20:46:16,619 - AITerm - INFO - logger:54 - Current text: 'go to home di'
2025-01-23 20:46:16,619 - AITerm - INFO - logger:54 - Getting suggestions for text: 'go'
2025-01-23 20:46:16,619 - AITerm - INFO - logger:54 - Trying path completion for: ./di*
2025-01-23 20:46:16,620 - AITerm - INFO - logger:54 - Final suggestions: []
2025-01-23 20:46:16,620 - AITerm - INFO - logger:54 - Got suggestions: []
2025-01-23 20:46:16,620 - AITerm - INFO - logger:54 - No suggestions, hiding dropdown
2025-01-23 20:46:16,630 - AITerm - INFO - logger:54 - Key release event - keysym: d, char: d, keycode: 33554532
2025-01-23 20:46:16,630 - AITerm - INFO - logger:54 - Current text: 'go to home di'
2025-01-23 20:46:16,630 - AITerm - INFO - logger:54 - Getting suggestions for text: 'go'
2025-01-23 20:46:16,630 - AITerm - INFO - logger:54 - Trying path completion for: ./di*
2025-01-23 20:46:16,630 - AITerm - INFO - logger:54 - Final suggestions: []
2025-01-23 20:46:16,630 - AITerm - INFO - logger:54 - Got suggestions: []
2025-01-23 20:46:16,631 - AITerm - INFO - logger:54 - No suggestions, hiding dropdown
2025-01-23 20:46:16,946 - AITerm - INFO - logger:54 - Key release event - keysym: r, char: r, keycode: 251658354
2025-01-23 20:46:16,946 - AITerm - INFO - logger:54 - Current text: 'go to home dire'
2025-01-23 20:46:16,946 - AITerm - INFO - logger:54 - Getting suggestions for text: 'go'
2025-01-23 20:46:16,946 - AITerm - INFO - logger:54 - Trying path completion for: ./dire*
2025-01-23 20:46:16,947 - AITerm - INFO - logger:54 - Final suggestions: []
2025-01-23 20:46:16,947 - AITerm - INFO - logger:54 - Got suggestions: []
2025-01-23 20:46:16,947 - AITerm - INFO - logger:54 - No suggestions, hiding dropdown
2025-01-23 20:46:16,990 - AITerm - INFO - logger:54 - Key release event - keysym: e, char: e, keycode: 234881125
2025-01-23 20:46:16,990 - AITerm - INFO - logger:54 - Current text: 'go to home dire'
2025-01-23 20:46:16,990 - AITerm - INFO - logger:54 - Getting suggestions for text: 'go'
2025-01-23 20:46:16,990 - AITerm - INFO - logger:54 - Trying path completion for: ./dire*
2025-01-23 20:46:16,990 - AITerm - INFO - logger:54 - Final suggestions: []
2025-01-23 20:46:16,990 - AITerm - INFO - logger:54 - Got suggestions: []
2025-01-23 20:46:16,990 - AITerm - INFO - logger:54 - No suggestions, hiding dropdown
2025-01-23 20:46:17,227 - AITerm - INFO - logger:54 - Key release event - keysym: c, char: c, keycode: 134217827
2025-01-23 20:46:17,227 - AITerm - INFO - logger:54 - Current text: 'go to home direco'
2025-01-23 20:46:17,227 - AITerm - INFO - logger:54 - Getting suggestions for text: 'go'
2025-01-23 20:46:17,227 - AITerm - INFO - logger:54 - Trying path completion for: ./direco*
2025-01-23 20:46:17,227 - AITerm - INFO - logger:54 - Final suggestions: []
2025-01-23 20:46:17,227 - AITerm - INFO - logger:54 - Got suggestions: []
2025-01-23 20:46:17,227 - AITerm - INFO - logger:54 - No suggestions, hiding dropdown
2025-01-23 20:46:17,317 - AITerm - INFO - logger:54 - Key release event - keysym: o, char: o, keycode: 520093807
2025-01-23 20:46:17,317 - AITerm - INFO - logger:54 - Current text: 'go to home direco'
2025-01-23 20:46:17,317 - AITerm - INFO - logger:54 - Getting suggestions for text: 'go'
2025-01-23 20:46:17,317 - AITerm - INFO - logger:54 - Trying path completion for: ./direco*
2025-01-23 20:46:17,318 - AITerm - INFO - logger:54 - Final suggestions: []
2025-01-23 20:46:17,318 - AITerm - INFO - logger:54 - Got suggestions: []
2025-01-23 20:46:17,318 - AITerm - INFO - logger:54 - No suggestions, hiding dropdown
2025-01-23 20:46:17,463 - AITerm - INFO - logger:54 - Key release event - keysym: t, char: t, keycode: 285212788
2025-01-23 20:46:17,463 - AITerm - INFO - logger:54 - Current text: 'go to home direcot'
2025-01-23 20:46:17,463 - AITerm - INFO - logger:54 - Getting suggestions for text: 'go'
2025-01-23 20:46:17,463 - AITerm - INFO - logger:54 - Trying path completion for: ./direcot*
2025-01-23 20:46:17,464 - AITerm - INFO - logger:54 - Final suggestions: []
2025-01-23 20:46:17,464 - AITerm - INFO - logger:54 - Got suggestions: []
2025-01-23 20:46:17,464 - AITerm - INFO - logger:54 - No suggestions, hiding dropdown
2025-01-23 20:46:18,375 - AITerm - INFO - logger:54 - Key release event - keysym: BackSpace, char: , keycode: 855638143
2025-01-23 20:46:18,375 - AITerm - INFO - logger:54 - Current text: 'go to home direco'
2025-01-23 20:46:18,375 - AITerm - INFO - logger:54 - Getting suggestions for text: 'go'
2025-01-23 20:46:18,375 - AITerm - INFO - logger:54 - Trying path completion for: ./direco*
2025-01-23 20:46:18,375 - AITerm - INFO - logger:54 - Final suggestions: []
2025-01-23 20:46:18,375 - AITerm - INFO - logger:54 - Got suggestions: []
2025-01-23 20:46:18,376 - AITerm - INFO - logger:54 - No suggestions, hiding dropdown
2025-01-23 20:46:18,532 - AITerm - INFO - logger:54 - Key release event - keysym: BackSpace, char: , keycode: 855638143
2025-01-23 20:46:18,532 - AITerm - INFO - logger:54 - Current text: 'go to home direc'
2025-01-23 20:46:18,532 - AITerm - INFO - logger:54 - Getting suggestions for text: 'go'
2025-01-23 20:46:18,532 - AITerm - INFO - logger:54 - Trying path completion for: ./direc*
2025-01-23 20:46:18,533 - AITerm - INFO - logger:54 - Final suggestions: []
2025-01-23 20:46:18,533 - AITerm - INFO - logger:54 - Got suggestions: []
2025-01-23 20:46:18,533 - AITerm - INFO - logger:54 - No suggestions, hiding dropdown
2025-01-23 20:46:19,251 - AITerm - INFO - logger:54 - Key release event - keysym: t, char: t, keycode: 285212788
2025-01-23 20:46:19,251 - AITerm - INFO - logger:54 - Current text: 'go to home directo'
2025-01-23 20:46:19,251 - AITerm - INFO - logger:54 - Getting suggestions for text: 'go'
2025-01-23 20:46:19,251 - AITerm - INFO - logger:54 - Trying path completion for: ./directo*
2025-01-23 20:46:19,252 - AITerm - INFO - logger:54 - Final suggestions: []
2025-01-23 20:46:19,252 - AITerm - INFO - logger:54 - Got suggestions: []
2025-01-23 20:46:19,252 - AITerm - INFO - logger:54 - No suggestions, hiding dropdown
2025-01-23 20:46:19,319 - AITerm - INFO - logger:54 - Key release event - keysym: o, char: o, keycode: 520093807
2025-01-23 20:46:19,319 - AITerm - INFO - logger:54 - Current text: 'go to home directo'
2025-01-23 20:46:19,319 - AITerm - INFO - logger:54 - Getting suggestions for text: 'go'
2025-01-23 20:46:19,319 - AITerm - INFO - logger:54 - Trying path completion for: ./directo*
2025-01-23 20:46:19,319 - AITerm - INFO - logger:54 - Final suggestions: []
2025-01-23 20:46:19,319 - AITerm - INFO - logger:54 - Got suggestions: []
2025-01-23 20:46:19,320 - AITerm - INFO - logger:54 - No suggestions, hiding dropdown
2025-01-23 20:46:19,499 - AITerm - INFO - logger:54 - Key release event - keysym: r, char: r, keycode: 251658354
2025-01-23 20:46:19,500 - AITerm - INFO - logger:54 - Current text: 'go to home directory'
2025-01-23 20:46:19,500 - AITerm - INFO - logger:54 - Getting suggestions for text: 'go'
2025-01-23 20:46:19,500 - AITerm - INFO - logger:54 - Trying path completion for: ./directory*
2025-01-23 20:46:19,500 - AITerm - INFO - logger:54 - Final suggestions: []
2025-01-23 20:46:19,500 - AITerm - INFO - logger:54 - Got suggestions: []
2025-01-23 20:46:19,500 - AITerm - INFO - logger:54 - No suggestions, hiding dropdown
2025-01-23 20:46:19,548 - AITerm - INFO - logger:54 - Key release event - keysym: y, char: y, keycode: 268435577
2025-01-23 20:46:19,548 - AITerm - INFO - logger:54 - Current text: 'go to home directory'
2025-01-23 20:46:19,548 - AITerm - INFO - logger:54 - Getting suggestions for text: 'go'
2025-01-23 20:46:19,548 - AITerm - INFO - logger:54 - Trying path completion for: ./directory*
2025-01-23 20:46:19,549 - AITerm - INFO - logger:54 - Final suggestions: []
2025-01-23 20:46:19,549 - AITerm - INFO - logger:54 - Got suggestions: []
2025-01-23 20:46:19,549 - AITerm - INFO - logger:54 - No suggestions, hiding dropdown
2025-01-23 20:46:20,108 - AITerm - INFO - logger:54 - Executing command: go to home directory
2025-01-23 20:46:20,108 - AITerm - DEBUG - logger:51 - Added command to history. Total commands: 1
2025-01-23 20:46:20,750 - AITerm - INFO - logger:54 - Key release event - keysym: Return, char: , keycode: 603979789
2025-01-23 20:46:20,750 - AITerm - INFO - logger:54 - Ignoring special key: Return
2025-01-23 20:46:31,878 - AITerm - INFO - logger:54 - Key release event - keysym: p, char: p, keycode: 587202672
2025-01-23 20:46:31,878 - AITerm - INFO - logger:54 - Current text: 'pw'
2025-01-23 20:46:31,878 - AITerm - INFO - logger:54 - Getting suggestions for text: 'pw'
2025-01-23 20:46:31,878 - AITerm - INFO - logger:54 - Prefix matches for 'pw': ['pwd']
2025-01-23 20:46:31,878 - AITerm - INFO - logger:54 - Fuzzy matches for 'pw': ['pwd', 'wc', 'ps', 'cp']
2025-01-23 20:46:31,878 - AITerm - INFO - logger:54 - New fuzzy matches: ['wc', 'ps', 'cp']
2025-01-23 20:46:31,878 - AITerm - INFO - logger:54 - Final suggestions: ['pwd', 'wc', 'ps', 'cp']
2025-01-23 20:46:31,878 - AITerm - INFO - logger:54 - Got suggestions: ['pwd', 'wc', 'ps', 'cp']
2025-01-23 20:46:31,878 - AITerm - INFO - logger:54 - Showing dropdown at position (134, 672)
2025-01-23 20:46:31,878 - AITerm - INFO - logger:54 - Showing dropdown with 4 suggestions at (134, 672)
2025-01-23 20:46:31,879 - AITerm - INFO - logger:54 - Setting geometry to: 404x184+134+672
2025-01-23 20:46:31,882 - AITerm - INFO - logger:54 - Dropdown shown and configured
2025-01-23 20:46:31,882 - AITerm - INFO - logger:54 - Dropdown visible: True
2025-01-23 20:46:31,882 - AITerm - INFO - logger:54 - Dropdown geometry: 404x184+134+672
2025-01-23 20:46:31,997 - AITerm - INFO - logger:54 - Key release event - keysym: w, char: w, keycode: 218103927
2025-01-23 20:46:31,997 - AITerm - INFO - logger:54 - Current text: 'pwd'
2025-01-23 20:46:31,998 - AITerm - INFO - logger:54 - Getting suggestions for text: 'pwd'
2025-01-23 20:46:31,998 - AITerm - INFO - logger:54 - Prefix matches for 'pwd': ['pwd']
2025-01-23 20:46:31,998 - AITerm - INFO - logger:54 - Fuzzy matches for 'pwd': ['pwd', 'wc', 'ps', 'du']
2025-01-23 20:46:31,998 - AITerm - INFO - logger:54 - New fuzzy matches: ['wc', 'ps', 'du']
2025-01-23 20:46:31,998 - AITerm - INFO - logger:54 - Final suggestions: ['pwd', 'wc', 'ps', 'du']
2025-01-23 20:46:31,998 - AITerm - INFO - logger:54 - Got suggestions: ['pwd', 'wc', 'ps', 'du']
2025-01-23 20:46:31,998 - AITerm - INFO - logger:54 - Showing dropdown at position (134, 672)
2025-01-23 20:46:31,998 - AITerm - INFO - logger:54 - Showing dropdown with 4 suggestions at (134, 672)
2025-01-23 20:46:31,999 - AITerm - INFO - logger:54 - Setting geometry to: 404x184+134+672
2025-01-23 20:46:32,000 - AITerm - INFO - logger:54 - Dropdown shown and configured
2025-01-23 20:46:32,000 - AITerm - INFO - logger:54 - Dropdown visible: True
2025-01-23 20:46:32,000 - AITerm - INFO - logger:54 - Dropdown geometry: 404x184+134+672
2025-01-23 20:46:32,110 - AITerm - INFO - logger:54 - Key release event - keysym: d, char: d, keycode: 33554532
2025-01-23 20:46:32,110 - AITerm - INFO - logger:54 - Current text: 'pwd'
2025-01-23 20:46:32,110 - AITerm - INFO - logger:54 - Getting suggestions for text: 'pwd'
2025-01-23 20:46:32,110 - AITerm - INFO - logger:54 - Prefix matches for 'pwd': ['pwd']
2025-01-23 20:46:32,110 - AITerm - INFO - logger:54 - Fuzzy matches for 'pwd': ['pwd', 'wc', 'ps', 'du']
2025-01-23 20:46:32,110 - AITerm - INFO - logger:54 - New fuzzy matches: ['wc', 'ps', 'du']
2025-01-23 20:46:32,110 - AITerm - INFO - logger:54 - Final suggestions: ['pwd', 'wc', 'ps', 'du']
2025-01-23 20:46:32,110 - AITerm - INFO - logger:54 - Got suggestions: ['pwd', 'wc', 'ps', 'du']
2025-01-23 20:46:32,110 - AITerm - INFO - logger:54 - Showing dropdown at position (134, 672)
2025-01-23 20:46:32,111 - AITerm - INFO - logger:54 - Showing dropdown with 4 suggestions at (134, 672)
2025-01-23 20:46:32,112 - AITerm - INFO - logger:54 - Setting geometry to: 404x184+134+672
2025-01-23 20:46:32,112 - AITerm - INFO - logger:54 - Dropdown shown and configured
2025-01-23 20:46:32,112 - AITerm - INFO - logger:54 - Dropdown visible: True
2025-01-23 20:46:32,113 - AITerm - INFO - logger:54 - Dropdown geometry: 404x184+134+672
2025-01-23 20:46:32,165 - AITerm - INFO - logger:54 - Executing command: pwd
2025-01-23 20:46:32,166 - AITerm - DEBUG - logger:51 - Added command to history. Total commands: 2
2025-01-23 20:46:32,279 - AITerm - INFO - logger:54 - Key release event - keysym: Return, char: , keycode: 603979789
2025-01-23 20:46:32,279 - AITerm - INFO - logger:54 - Ignoring special key: Return
2025-01-23 20:46:33,663 - AITerm - INFO - logger:54 - Key release event - keysym: l, char: l, keycode: 620757100
2025-01-23 20:46:33,663 - AITerm - INFO - logger:54 - Current text: 'ls'
2025-01-23 20:46:33,663 - AITerm - INFO - logger:54 - Getting suggestions for text: 'ls'
2025-01-23 20:46:33,663 - AITerm - INFO - logger:54 - Prefix matches for 'ls': ['ls']
2025-01-23 20:46:33,664 - AITerm - INFO - logger:54 - Fuzzy matches for 'ls': ['ls', 'less', 'ps', 'svn']
2025-01-23 20:46:33,664 - AITerm - INFO - logger:54 - New fuzzy matches: ['less', 'ps', 'svn']
2025-01-23 20:46:33,664 - AITerm - INFO - logger:54 - Final suggestions: ['ls', 'less', 'ps', 'svn']
2025-01-23 20:46:33,664 - AITerm - INFO - logger:54 - Got suggestions: ['ls', 'less', 'ps', 'svn']
2025-01-23 20:46:33,664 - AITerm - INFO - logger:54 - Showing dropdown at position (134, 672)
2025-01-23 20:46:33,664 - AITerm - INFO - logger:54 - Showing dropdown with 4 suggestions at (134, 672)
2025-01-23 20:46:33,665 - AITerm - INFO - logger:54 - Setting geometry to: 404x184+134+672
2025-01-23 20:46:33,666 - AITerm - INFO - logger:54 - Dropdown shown and configured
2025-01-23 20:46:33,666 - AITerm - INFO - logger:54 - Dropdown visible: True
2025-01-23 20:46:33,666 - AITerm - INFO - logger:54 - Dropdown geometry: 404x184+134+672
2025-01-23 20:46:33,774 - AITerm - INFO - logger:54 - Key release event - keysym: s, char: s, keycode: 16777331
2025-01-23 20:46:33,775 - AITerm - INFO - logger:54 - Current text: 'ls'
2025-01-23 20:46:33,775 - AITerm - INFO - logger:54 - Getting suggestions for text: 'ls'
2025-01-23 20:46:33,775 - AITerm - INFO - logger:54 - Prefix matches for 'ls': ['ls']
2025-01-23 20:46:33,775 - AITerm - INFO - logger:54 - Fuzzy matches for 'ls': ['ls', 'less', 'ps', 'svn']
2025-01-23 20:46:33,775 - AITerm - INFO - logger:54 - New fuzzy matches: ['less', 'ps', 'svn']
2025-01-23 20:46:33,775 - AITerm - INFO - logger:54 - Final suggestions: ['ls', 'less', 'ps', 'svn']
2025-01-23 20:46:33,775 - AITerm - INFO - logger:54 - Got suggestions: ['ls', 'less', 'ps', 'svn']
2025-01-23 20:46:33,775 - AITerm - INFO - logger:54 - Showing dropdown at position (134, 672)
2025-01-23 20:46:33,775 - AITerm - INFO - logger:54 - Showing dropdown with 4 suggestions at (134, 672)
2025-01-23 20:46:33,776 - AITerm - INFO - logger:54 - Setting geometry to: 404x184+134+672
2025-01-23 20:46:33,777 - AITerm - INFO - logger:54 - Dropdown shown and configured
2025-01-23 20:46:33,777 - AITerm - INFO - logger:54 - Dropdown visible: True
2025-01-23 20:46:33,777 - AITerm - INFO - logger:54 - Dropdown geometry: 404x184+134+672
2025-01-23 20:46:33,866 - AITerm - INFO - logger:54 - Executing command: ls
2025-01-23 20:46:33,866 - AITerm - DEBUG - logger:51 - Added command to history. Total commands: 3
2025-01-23 20:46:33,955 - AITerm - INFO - logger:54 - Key release event - keysym: Return, char: , keycode: 603979789
2025-01-23 20:46:33,956 - AITerm - INFO - logger:54 - Ignoring special key: Return
2025-01-23 20:46:37,543 - AITerm - INFO - logger:54 - Key release event - keysym: s, char: s, keycode: 16777331
2025-01-23 20:46:37,543 - AITerm - INFO - logger:54 - Current text: 'sh'
2025-01-23 20:46:37,543 - AITerm - INFO - logger:54 - Getting suggestions for text: 'sh'
2025-01-23 20:46:37,544 - AITerm - INFO - logger:54 - Prefix matches for 'sh': []
2025-01-23 20:46:37,544 - AITerm - INFO - logger:54 - Fuzzy matches for 'sh': ['ssh', 'ps', 'ls', 'svn', 'sed']
2025-01-23 20:46:37,544 - AITerm - INFO - logger:54 - New fuzzy matches: ['ssh', 'ps', 'ls', 'svn', 'sed']
2025-01-23 20:46:37,544 - AITerm - INFO - logger:54 - Final suggestions: ['ssh', 'ps', 'ls', 'svn', 'sed']
2025-01-23 20:46:37,544 - AITerm - INFO - logger:54 - Got suggestions: ['ssh', 'ps', 'ls', 'svn', 'sed']
2025-01-23 20:46:37,544 - AITerm - INFO - logger:54 - Showing dropdown at position (134, 672)
2025-01-23 20:46:37,544 - AITerm - INFO - logger:54 - Showing dropdown with 5 suggestions at (134, 672)
2025-01-23 20:46:37,545 - AITerm - INFO - logger:54 - Setting geometry to: 404x184+134+672
2025-01-23 20:46:37,546 - AITerm - INFO - logger:54 - Dropdown shown and configured
2025-01-23 20:46:37,546 - AITerm - INFO - logger:54 - Dropdown visible: True
2025-01-23 20:46:37,546 - AITerm - INFO - logger:54 - Dropdown geometry: 404x184+134+672
2025-01-23 20:46:37,668 - AITerm - INFO - logger:54 - Key release event - keysym: h, char: h, keycode: 67108968
2025-01-23 20:46:37,668 - AITerm - INFO - logger:54 - Current text: 'show'
2025-01-23 20:46:37,668 - AITerm - INFO - logger:54 - Getting suggestions for text: 'show'
2025-01-23 20:46:37,668 - AITerm - INFO - logger:54 - Prefix matches for 'show': []
2025-01-23 20:46:37,668 - AITerm - INFO - logger:54 - Fuzzy matches for 'show': ['ssh', 'sort', 'echo', 'python', 'wc']
2025-01-23 20:46:37,668 - AITerm - INFO - logger:54 - New fuzzy matches: ['ssh', 'sort', 'echo', 'python', 'wc']
2025-01-23 20:46:37,668 - AITerm - INFO - logger:54 - Final suggestions: ['ssh', 'sort', 'echo', 'python', 'wc']
2025-01-23 20:46:37,668 - AITerm - INFO - logger:54 - Got suggestions: ['ssh', 'sort', 'echo', 'python', 'wc']
2025-01-23 20:46:37,668 - AITerm - INFO - logger:54 - Showing dropdown at position (134, 672)
2025-01-23 20:46:37,668 - AITerm - INFO - logger:54 - Showing dropdown with 5 suggestions at (134, 672)
2025-01-23 20:46:37,670 - AITerm - INFO - logger:54 - Setting geometry to: 404x184+134+672
2025-01-23 20:46:37,671 - AITerm - INFO - logger:54 - Dropdown shown and configured
2025-01-23 20:46:37,671 - AITerm - INFO - logger:54 - Dropdown visible: True
2025-01-23 20:46:37,671 - AITerm - INFO - logger:54 - Dropdown geometry: 404x184+134+672
2025-01-23 20:46:37,723 - AITerm - INFO - logger:54 - Key release event - keysym: o, char: o, keycode: 520093807
2025-01-23 20:46:37,723 - AITerm - INFO - logger:54 - Current text: 'show'
2025-01-23 20:46:37,723 - AITerm - INFO - logger:54 - Getting suggestions for text: 'show'
2025-01-23 20:46:37,723 - AITerm - INFO - logger:54 - Prefix matches for 'show': []
2025-01-23 20:46:37,724 - AITerm - INFO - logger:54 - Fuzzy matches for 'show': ['ssh', 'sort', 'echo', 'python', 'wc']
2025-01-23 20:46:37,724 - AITerm - INFO - logger:54 - New fuzzy matches: ['ssh', 'sort', 'echo', 'python', 'wc']
2025-01-23 20:46:37,724 - AITerm - INFO - logger:54 - Final suggestions: ['ssh', 'sort', 'echo', 'python', 'wc']
2025-01-23 20:46:37,724 - AITerm - INFO - logger:54 - Got suggestions: ['ssh', 'sort', 'echo', 'python', 'wc']
2025-01-23 20:46:37,724 - AITerm - INFO - logger:54 - Showing dropdown at position (134, 672)
2025-01-23 20:46:37,724 - AITerm - INFO - logger:54 - Showing dropdown with 5 suggestions at (134, 672)
2025-01-23 20:46:37,726 - AITerm - INFO - logger:54 - Setting geometry to: 404x184+134+672
2025-01-23 20:46:37,727 - AITerm - INFO - logger:54 - Dropdown shown and configured
2025-01-23 20:46:37,727 - AITerm - INFO - logger:54 - Dropdown visible: True
2025-01-23 20:46:37,727 - AITerm - INFO - logger:54 - Dropdown geometry: 404x184+134+672
2025-01-23 20:46:37,825 - AITerm - INFO - logger:54 - Key release event - keysym: w, char: w, keycode: 218103927
2025-01-23 20:46:37,825 - AITerm - INFO - logger:54 - Current text: 'show'
2025-01-23 20:46:37,825 - AITerm - INFO - logger:54 - Getting suggestions for text: 'show'
2025-01-23 20:46:37,825 - AITerm - INFO - logger:54 - Prefix matches for 'show': []
2025-01-23 20:46:37,825 - AITerm - INFO - logger:54 - Fuzzy matches for 'show': ['ssh', 'sort', 'echo', 'python', 'wc']
2025-01-23 20:46:37,825 - AITerm - INFO - logger:54 - New fuzzy matches: ['ssh', 'sort', 'echo', 'python', 'wc']
2025-01-23 20:46:37,825 - AITerm - INFO - logger:54 - Final suggestions: ['ssh', 'sort', 'echo', 'python', 'wc']
2025-01-23 20:46:37,825 - AITerm - INFO - logger:54 - Got suggestions: ['ssh', 'sort', 'echo', 'python', 'wc']
2025-01-23 20:46:37,825 - AITerm - INFO - logger:54 - Showing dropdown at position (134, 672)
2025-01-23 20:46:37,826 - AITerm - INFO - logger:54 - Showing dropdown with 5 suggestions at (134, 672)
2025-01-23 20:46:37,827 - AITerm - INFO - logger:54 - Setting geometry to: 404x184+134+672
2025-01-23 20:46:37,828 - AITerm - INFO - logger:54 - Dropdown shown and configured
2025-01-23 20:46:37,828 - AITerm - INFO - logger:54 - Dropdown visible: True
2025-01-23 20:46:37,828 - AITerm - INFO - logger:54 - Dropdown geometry: 404x184+134+672
2025-01-23 20:46:38,017 - AITerm - INFO - logger:54 - Key release event - keysym: space, char:  , keycode: 822083616
2025-01-23 20:46:38,017 - AITerm - INFO - logger:54 - Current text: 'show '
2025-01-23 20:46:38,017 - AITerm - INFO - logger:54 - Getting suggestions for text: 'show'
2025-01-23 20:46:38,017 - AITerm - INFO - logger:54 - Prefix matches for 'show': []
2025-01-23 20:46:38,018 - AITerm - INFO - logger:54 - Fuzzy matches for 'show': ['ssh', 'sort', 'echo', 'python', 'wc']
2025-01-23 20:46:38,018 - AITerm - INFO - logger:54 - New fuzzy matches: ['ssh', 'sort', 'echo', 'python', 'wc']
2025-01-23 20:46:38,018 - AITerm - INFO - logger:54 - Final suggestions: ['ssh', 'sort', 'echo', 'python', 'wc']
2025-01-23 20:46:38,018 - AITerm - INFO - logger:54 - Got suggestions: ['ssh', 'sort', 'echo', 'python', 'wc']
2025-01-23 20:46:38,018 - AITerm - INFO - logger:54 - Showing dropdown at position (134, 672)
2025-01-23 20:46:38,018 - AITerm - INFO - logger:54 - Showing dropdown with 5 suggestions at (134, 672)
2025-01-23 20:46:38,020 - AITerm - INFO - logger:54 - Setting geometry to: 404x184+134+672
2025-01-23 20:46:38,020 - AITerm - INFO - logger:54 - Dropdown shown and configured
2025-01-23 20:46:38,020 - AITerm - INFO - logger:54 - Dropdown visible: True
2025-01-23 20:46:38,020 - AITerm - INFO - logger:54 - Dropdown geometry: 404x184+134+672
2025-01-23 20:46:38,433 - AITerm - INFO - logger:54 - Key release event - keysym: c, char: c, keycode: 134217827
2025-01-23 20:46:38,433 - AITerm - INFO - logger:54 - Current text: 'show c'
2025-01-23 20:46:38,433 - AITerm - INFO - logger:54 - Getting suggestions for text: 'show'
2025-01-23 20:46:38,433 - AITerm - INFO - logger:54 - Trying path completion for: ./c*
2025-01-23 20:46:38,434 - AITerm - INFO - logger:54 - Path suggestions: ['show ./codeium_temp/']
2025-01-23 20:46:38,434 - AITerm - INFO - logger:54 - Final suggestions: ['show ./codeium_temp/']
2025-01-23 20:46:38,434 - AITerm - INFO - logger:54 - Got suggestions: ['show ./codeium_temp/']
2025-01-23 20:46:38,434 - AITerm - INFO - logger:54 - Showing dropdown at position (134, 672)
2025-01-23 20:46:38,434 - AITerm - INFO - logger:54 - Showing dropdown with 1 suggestions at (134, 672)
2025-01-23 20:46:38,435 - AITerm - INFO - logger:54 - Setting geometry to: 404x184+134+672
2025-01-23 20:46:38,436 - AITerm - INFO - logger:54 - Dropdown shown and configured
2025-01-23 20:46:38,436 - AITerm - INFO - logger:54 - Dropdown visible: True
2025-01-23 20:46:38,436 - AITerm - INFO - logger:54 - Dropdown geometry: 404x184+134+672
2025-01-23 20:46:38,557 - AITerm - INFO - logger:54 - Key release event - keysym: u, char: u, keycode: 536871029
2025-01-23 20:46:38,557 - AITerm - INFO - logger:54 - Current text: 'show cu'
2025-01-23 20:46:38,557 - AITerm - INFO - logger:54 - Getting suggestions for text: 'show'
2025-01-23 20:46:38,558 - AITerm - INFO - logger:54 - Trying path completion for: ./cu*
2025-01-23 20:46:38,558 - AITerm - INFO - logger:54 - Final suggestions: []
2025-01-23 20:46:38,558 - AITerm - INFO - logger:54 - Got suggestions: []
2025-01-23 20:46:38,558 - AITerm - INFO - logger:54 - No suggestions, hiding dropdown
2025-01-23 20:46:38,558 - AITerm - INFO - logger:54 - Hiding dropdown
2025-01-23 20:46:38,760 - AITerm - INFO - logger:54 - Key release event - keysym: r, char: r, keycode: 251658354
2025-01-23 20:46:38,760 - AITerm - INFO - logger:54 - Current text: 'show cur'
2025-01-23 20:46:38,760 - AITerm - INFO - logger:54 - Getting suggestions for text: 'show'
2025-01-23 20:46:38,760 - AITerm - INFO - logger:54 - Trying path completion for: ./cur*
2025-01-23 20:46:38,761 - AITerm - INFO - logger:54 - Final suggestions: []
2025-01-23 20:46:38,761 - AITerm - INFO - logger:54 - Got suggestions: []
2025-01-23 20:46:38,761 - AITerm - INFO - logger:54 - No suggestions, hiding dropdown
2025-01-23 20:46:38,985 - AITerm - INFO - logger:54 - Key release event - keysym: r, char: r, keycode: 251658354
2025-01-23 20:46:38,985 - AITerm - INFO - logger:54 - Current text: 'show curre'
2025-01-23 20:46:38,985 - AITerm - INFO - logger:54 - Getting suggestions for text: 'show'
2025-01-23 20:46:38,985 - AITerm - INFO - logger:54 - Trying path completion for: ./curre*
2025-01-23 20:46:38,985 - AITerm - INFO - logger:54 - Final suggestions: []
2025-01-23 20:46:38,986 - AITerm - INFO - logger:54 - Got suggestions: []
2025-01-23 20:46:38,986 - AITerm - INFO - logger:54 - No suggestions, hiding dropdown
2025-01-23 20:46:39,087 - AITerm - INFO - logger:54 - Key release event - keysym: e, char: e, keycode: 234881125
2025-01-23 20:46:39,088 - AITerm - INFO - logger:54 - Current text: 'show curre'
2025-01-23 20:46:39,088 - AITerm - INFO - logger:54 - Getting suggestions for text: 'show'
2025-01-23 20:46:39,088 - AITerm - INFO - logger:54 - Trying path completion for: ./curre*
2025-01-23 20:46:39,088 - AITerm - INFO - logger:54 - Final suggestions: []
2025-01-23 20:46:39,088 - AITerm - INFO - logger:54 - Got suggestions: []
2025-01-23 20:46:39,088 - AITerm - INFO - logger:54 - No suggestions, hiding dropdown
2025-01-23 20:46:39,198 - AITerm - INFO - logger:54 - Key release event - keysym: n, char: n, keycode: 754974830
2025-01-23 20:46:39,198 - AITerm - INFO - logger:54 - Current text: 'show current'
2025-01-23 20:46:39,198 - AITerm - INFO - logger:54 - Getting suggestions for text: 'show'
2025-01-23 20:46:39,198 - AITerm - INFO - logger:54 - Trying path completion for: ./current*
2025-01-23 20:46:39,198 - AITerm - INFO - logger:54 - Final suggestions: []
2025-01-23 20:46:39,198 - AITerm - INFO - logger:54 - Got suggestions: []
2025-01-23 20:46:39,198 - AITerm - INFO - logger:54 - No suggestions, hiding dropdown
2025-01-23 20:46:39,367 - AITerm - INFO - logger:54 - Key release event - keysym: t, char: t, keycode: 285212788
2025-01-23 20:46:39,367 - AITerm - INFO - logger:54 - Current text: 'show current '
2025-01-23 20:46:39,367 - AITerm - INFO - logger:54 - Getting suggestions for text: 'show'
2025-01-23 20:46:39,367 - AITerm - INFO - logger:54 - Trying path completion for: ./current*
2025-01-23 20:46:39,367 - AITerm - INFO - logger:54 - Final suggestions: []
2025-01-23 20:46:39,367 - AITerm - INFO - logger:54 - Got suggestions: []
2025-01-23 20:46:39,368 - AITerm - INFO - logger:54 - No suggestions, hiding dropdown
2025-01-23 20:46:39,479 - AITerm - INFO - logger:54 - Key release event - keysym: space, char:  , keycode: 822083616
2025-01-23 20:46:39,480 - AITerm - INFO - logger:54 - Current text: 'show current '
2025-01-23 20:46:39,480 - AITerm - INFO - logger:54 - Getting suggestions for text: 'show'
2025-01-23 20:46:39,480 - AITerm - INFO - logger:54 - Trying path completion for: ./current*
2025-01-23 20:46:39,480 - AITerm - INFO - logger:54 - Final suggestions: []
2025-01-23 20:46:39,480 - AITerm - INFO - logger:54 - Got suggestions: []
2025-01-23 20:46:39,480 - AITerm - INFO - logger:54 - No suggestions, hiding dropdown
2025-01-23 20:46:39,918 - AITerm - INFO - logger:54 - Key release event - keysym: d, char: d, keycode: 33554532
2025-01-23 20:46:39,918 - AITerm - INFO - logger:54 - Current text: 'show current di'
2025-01-23 20:46:39,918 - AITerm - INFO - logger:54 - Getting suggestions for text: 'show'
2025-01-23 20:46:39,918 - AITerm - INFO - logger:54 - Trying path completion for: ./di*
2025-01-23 20:46:39,919 - AITerm - INFO - logger:54 - Final suggestions: []
2025-01-23 20:46:39,919 - AITerm - INFO - logger:54 - Got suggestions: []
2025-01-23 20:46:39,919 - AITerm - INFO - logger:54 - No suggestions, hiding dropdown
2025-01-23 20:46:39,975 - AITerm - INFO - logger:54 - Key release event - keysym: i, char: i, keycode: 570425449
2025-01-23 20:46:39,975 - AITerm - INFO - logger:54 - Current text: 'show current di'
2025-01-23 20:46:39,975 - AITerm - INFO - logger:54 - Getting suggestions for text: 'show'
2025-01-23 20:46:39,975 - AITerm - INFO - logger:54 - Trying path completion for: ./di*
2025-01-23 20:46:39,975 - AITerm - INFO - logger:54 - Final suggestions: []
2025-01-23 20:46:39,975 - AITerm - INFO - logger:54 - Got suggestions: []
2025-01-23 20:46:39,975 - AITerm - INFO - logger:54 - No suggestions, hiding dropdown
2025-01-23 20:46:40,278 - AITerm - INFO - logger:54 - Key release event - keysym: r, char: r, keycode: 251658354
2025-01-23 20:46:40,278 - AITerm - INFO - logger:54 - Current text: 'show current dire'
2025-01-23 20:46:40,278 - AITerm - INFO - logger:54 - Getting suggestions for text: 'show'
2025-01-23 20:46:40,278 - AITerm - INFO - logger:54 - Trying path completion for: ./dire*
2025-01-23 20:46:40,279 - AITerm - INFO - logger:54 - Final suggestions: []
2025-01-23 20:46:40,279 - AITerm - INFO - logger:54 - Got suggestions: []
2025-01-23 20:46:40,279 - AITerm - INFO - logger:54 - No suggestions, hiding dropdown
2025-01-23 20:46:40,322 - AITerm - INFO - logger:54 - Key release event - keysym: e, char: e, keycode: 234881125
2025-01-23 20:46:40,323 - AITerm - INFO - logger:54 - Current text: 'show current dire'
2025-01-23 20:46:40,323 - AITerm - INFO - logger:54 - Getting suggestions for text: 'show'
2025-01-23 20:46:40,323 - AITerm - INFO - logger:54 - Trying path completion for: ./dire*
2025-01-23 20:46:40,323 - AITerm - INFO - logger:54 - Final suggestions: []
2025-01-23 20:46:40,323 - AITerm - INFO - logger:54 - Got suggestions: []
2025-01-23 20:46:40,323 - AITerm - INFO - logger:54 - No suggestions, hiding dropdown
2025-01-23 20:46:40,571 - AITerm - INFO - logger:54 - Key release event - keysym: c, char: c, keycode: 134217827
2025-01-23 20:46:40,571 - AITerm - INFO - logger:54 - Current text: 'show current direc'
2025-01-23 20:46:40,571 - AITerm - INFO - logger:54 - Getting suggestions for text: 'show'
2025-01-23 20:46:40,571 - AITerm - INFO - logger:54 - Trying path completion for: ./direc*
2025-01-23 20:46:40,572 - AITerm - INFO - logger:54 - Final suggestions: []
2025-01-23 20:46:40,572 - AITerm - INFO - logger:54 - Got suggestions: []
2025-01-23 20:46:40,572 - AITerm - INFO - logger:54 - No suggestions, hiding dropdown
2025-01-23 20:46:40,897 - AITerm - INFO - logger:54 - Key release event - keysym: t, char: t, keycode: 285212788
2025-01-23 20:46:40,897 - AITerm - INFO - logger:54 - Current text: 'show current directo'
2025-01-23 20:46:40,897 - AITerm - INFO - logger:54 - Getting suggestions for text: 'show'
2025-01-23 20:46:40,897 - AITerm - INFO - logger:54 - Trying path completion for: ./directo*
2025-01-23 20:46:40,898 - AITerm - INFO - logger:54 - Final suggestions: []
2025-01-23 20:46:40,898 - AITerm - INFO - logger:54 - Got suggestions: []
2025-01-23 20:46:40,898 - AITerm - INFO - logger:54 - No suggestions, hiding dropdown
2025-01-23 20:46:40,987 - AITerm - INFO - logger:54 - Key release event - keysym: o, char: o, keycode: 520093807
2025-01-23 20:46:40,987 - AITerm - INFO - logger:54 - Current text: 'show current directo'
2025-01-23 20:46:40,987 - AITerm - INFO - logger:54 - Getting suggestions for text: 'show'
2025-01-23 20:46:40,987 - AITerm - INFO - logger:54 - Trying path completion for: ./directo*
2025-01-23 20:46:40,987 - AITerm - INFO - logger:54 - Final suggestions: []
2025-01-23 20:46:40,988 - AITerm - INFO - logger:54 - Got suggestions: []
2025-01-23 20:46:40,988 - AITerm - INFO - logger:54 - No suggestions, hiding dropdown
2025-01-23 20:46:41,874 - AITerm - INFO - logger:54 - Key release event - keysym: r, char: r, keycode: 251658354
2025-01-23 20:46:41,875 - AITerm - INFO - logger:54 - Current text: 'show current directory'
2025-01-23 20:46:41,875 - AITerm - INFO - logger:54 - Getting suggestions for text: 'show'
2025-01-23 20:46:41,875 - AITerm - INFO - logger:54 - Trying path completion for: ./directory*
2025-01-23 20:46:41,875 - AITerm - INFO - logger:54 - Final suggestions: []
2025-01-23 20:46:41,875 - AITerm - INFO - logger:54 - Got suggestions: []
2025-01-23 20:46:41,875 - AITerm - INFO - logger:54 - No suggestions, hiding dropdown
2025-01-23 20:46:41,965 - AITerm - INFO - logger:54 - Key release event - keysym: y, char: y, keycode: 268435577
2025-01-23 20:46:41,965 - AITerm - INFO - logger:54 - Current text: 'show current directory'
2025-01-23 20:46:41,965 - AITerm - INFO - logger:54 - Getting suggestions for text: 'show'
2025-01-23 20:46:41,966 - AITerm - INFO - logger:54 - Trying path completion for: ./directory*
2025-01-23 20:46:41,966 - AITerm - INFO - logger:54 - Final suggestions: []
2025-01-23 20:46:41,966 - AITerm - INFO - logger:54 - Got suggestions: []
2025-01-23 20:46:41,966 - AITerm - INFO - logger:54 - No suggestions, hiding dropdown
2025-01-23 20:46:42,179 - AITerm - INFO - logger:54 - Executing command: show current directory
2025-01-23 20:46:42,179 - AITerm - DEBUG - logger:51 - Added command to history. Total commands: 4
2025-01-23 20:46:42,745 - AITerm - INFO - logger:54 - Key release event - keysym: Return, char: , keycode: 603979789
2025-01-23 20:46:42,745 - AITerm - INFO - logger:54 - Ignoring special key: Return
2025-01-23 20:46:49,897 - AITerm - INFO - logger:54 - Key release event - keysym: l, char: l, keycode: 620757100
2025-01-23 20:46:49,897 - AITerm - INFO - logger:54 - Current text: 'l'
2025-01-23 20:46:49,897 - AITerm - INFO - logger:54 - Getting suggestions for text: 'l'
2025-01-23 20:46:49,897 - AITerm - INFO - logger:54 - Prefix matches for 'l': ['less', 'locate', 'ls']
2025-01-23 20:46:49,897 - AITerm - INFO - logger:54 - Fuzzy matches for 'l': ['ls', 'tail']
2025-01-23 20:46:49,898 - AITerm - INFO - logger:54 - New fuzzy matches: ['tail']
2025-01-23 20:46:49,898 - AITerm - INFO - logger:54 - Final suggestions: ['less', 'locate', 'ls', 'tail']
2025-01-23 20:46:49,898 - AITerm - INFO - logger:54 - Got suggestions: ['less', 'locate', 'ls', 'tail']
2025-01-23 20:46:49,898 - AITerm - INFO - logger:54 - Showing dropdown at position (134, 672)
2025-01-23 20:46:49,898 - AITerm - INFO - logger:54 - Showing dropdown with 4 suggestions at (134, 672)
2025-01-23 20:46:49,898 - AITerm - INFO - logger:54 - Setting geometry to: 404x184+134+672
2025-01-23 20:46:49,901 - AITerm - INFO - logger:54 - Dropdown shown and configured
2025-01-23 20:46:49,901 - AITerm - INFO - logger:54 - Dropdown visible: True
2025-01-23 20:46:49,901 - AITerm - INFO - logger:54 - Dropdown geometry: 404x184+134+672
2025-01-23 20:46:50,066 - AITerm - INFO - logger:54 - Key release event - keysym: s, char: s, keycode: 16777331
2025-01-23 20:46:50,066 - AITerm - INFO - logger:54 - Current text: 'ls'
2025-01-23 20:46:50,066 - AITerm - INFO - logger:54 - Getting suggestions for text: 'ls'
2025-01-23 20:46:50,066 - AITerm - INFO - logger:54 - Prefix matches for 'ls': ['ls']
2025-01-23 20:46:50,066 - AITerm - INFO - logger:54 - Fuzzy matches for 'ls': ['ls', 'less', 'ps', 'svn']
2025-01-23 20:46:50,067 - AITerm - INFO - logger:54 - New fuzzy matches: ['less', 'ps', 'svn']
2025-01-23 20:46:50,067 - AITerm - INFO - logger:54 - Final suggestions: ['ls', 'less', 'ps', 'svn']
2025-01-23 20:46:50,067 - AITerm - INFO - logger:54 - Got suggestions: ['ls', 'less', 'ps', 'svn']
2025-01-23 20:46:50,067 - AITerm - INFO - logger:54 - Showing dropdown at position (134, 672)
2025-01-23 20:46:50,067 - AITerm - INFO - logger:54 - Showing dropdown with 4 suggestions at (134, 672)
2025-01-23 20:46:50,068 - AITerm - INFO - logger:54 - Setting geometry to: 404x184+134+672
2025-01-23 20:46:50,069 - AITerm - INFO - logger:54 - Dropdown shown and configured
2025-01-23 20:46:50,069 - AITerm - INFO - logger:54 - Dropdown visible: True
2025-01-23 20:46:50,069 - AITerm - INFO - logger:54 - Dropdown geometry: 404x184+134+672
2025-01-23 20:46:53,418 - AITerm - INFO - logger:54 - Executing command: ls
2025-01-23 20:46:53,418 - AITerm - DEBUG - logger:51 - Added command to history. Total commands: 5
2025-01-23 20:46:53,568 - AITerm - INFO - logger:54 - Key release event - keysym: Return, char: , keycode: 603979789
2025-01-23 20:46:53,568 - AITerm - INFO - logger:54 - Ignoring special key: Return
