2025-01-23 21:33:02,193 - AITerm - INFO - logger:48 - Logger initialized. Log file: logs/aiterm_20250123_213302.log
2025-01-23 21:33:02,400 - AITerm - INFO - logger:54 - Initialized TerminalCompleter with 46 commands
2025-01-23 21:33:02,400 - AITerm - INFO - logger:54 - Initializing SuggestionDropdown
2025-01-23 21:33:02,427 - AITerm - INFO - logger:54 - SuggestionDropdown initialized and hidden
2025-01-23 21:33:04,958 - AITerm - INFO - logger:54 - Key release event - keysym: l, char: l, keycode: 620757100
2025-01-23 21:33:04,958 - AITerm - INFO - logger:54 - Current text: 'l'
2025-01-23 21:33:04,959 - AITerm - INFO - logger:54 - Getting suggestions for text: 'l'
2025-01-23 21:33:04,959 - AITerm - INFO - logger:54 - Prefix matches for 'l': ['less', 'locate', 'ls']
2025-01-23 21:33:04,959 - AITerm - INFO - logger:54 - Fuzzy matches for 'l': ['ls', 'tail']
2025-01-23 21:33:04,959 - AITerm - INFO - logger:54 - New fuzzy matches: ['tail']
2025-01-23 21:33:04,959 - AITerm - INFO - logger:54 - Final suggestions: ['less', 'locate', 'ls', 'tail']
2025-01-23 21:33:04,959 - AITerm - INFO - logger:54 - Got suggestions: ['less', 'locate', 'ls', 'tail']
2025-01-23 21:33:04,959 - AITerm - INFO - logger:54 - Showing dropdown at position (134, 672)
2025-01-23 21:33:04,959 - AITerm - INFO - logger:54 - Showing dropdown with 4 suggestions at (134, 672)
2025-01-23 21:33:04,960 - AITerm - INFO - logger:54 - Setting geometry to: 1x1+34+59
2025-01-23 21:33:04,964 - AITerm - INFO - logger:54 - Dropdown shown and configured
2025-01-23 21:33:04,964 - AITerm - INFO - logger:54 - Dropdown visible: True
2025-01-23 21:33:04,964 - AITerm - INFO - logger:54 - Dropdown geometry: 404x184+134+672
2025-01-23 21:33:05,352 - AITerm - INFO - logger:54 - Key release event - keysym: i, char: i, keycode: 570425449
2025-01-23 21:33:05,352 - AITerm - INFO - logger:54 - Current text: 'lis'
2025-01-23 21:33:05,352 - AITerm - INFO - logger:54 - Getting suggestions for text: 'lis'
2025-01-23 21:33:05,352 - AITerm - INFO - logger:54 - Prefix matches for 'lis': []
2025-01-23 21:33:05,352 - AITerm - INFO - logger:54 - Fuzzy matches for 'lis': ['ls', 'less', 'ps', 'zip', 'vim']
2025-01-23 21:33:05,352 - AITerm - INFO - logger:54 - New fuzzy matches: ['ls', 'less', 'ps', 'zip', 'vim']
2025-01-23 21:33:05,352 - AITerm - INFO - logger:54 - Final suggestions: ['ls', 'less', 'ps', 'zip', 'vim']
2025-01-23 21:33:05,352 - AITerm - INFO - logger:54 - Got suggestions: ['ls', 'less', 'ps', 'zip', 'vim']
2025-01-23 21:33:05,352 - AITerm - INFO - logger:54 - Showing dropdown at position (134, 672)
2025-01-23 21:33:05,352 - AITerm - INFO - logger:54 - Showing dropdown with 5 suggestions at (134, 672)
2025-01-23 21:33:05,354 - AITerm - INFO - logger:54 - Setting geometry to: 404x184+134+672
2025-01-23 21:33:05,355 - AITerm - INFO - logger:54 - Dropdown shown and configured
2025-01-23 21:33:05,355 - AITerm - INFO - logger:54 - Dropdown visible: True
2025-01-23 21:33:05,355 - AITerm - INFO - logger:54 - Dropdown geometry: 404x184+134+672
2025-01-23 21:33:05,531 - AITerm - INFO - logger:54 - Key release event - keysym: s, char: s, keycode: 16777331
2025-01-23 21:33:05,531 - AITerm - INFO - logger:54 - Current text: 'list'
2025-01-23 21:33:05,531 - AITerm - INFO - logger:54 - Getting suggestions for text: 'list'
2025-01-23 21:33:05,531 - AITerm - INFO - logger:54 - Prefix matches for 'list': []
2025-01-23 21:33:05,532 - AITerm - INFO - logger:54 - Fuzzy matches for 'list': ['ls', 'git', 'sort', 'less', 'locate']
2025-01-23 21:33:05,532 - AITerm - INFO - logger:54 - New fuzzy matches: ['ls', 'git', 'sort', 'less', 'locate']
2025-01-23 21:33:05,532 - AITerm - INFO - logger:54 - Final suggestions: ['ls', 'git', 'sort', 'less', 'locate']
2025-01-23 21:33:05,532 - AITerm - INFO - logger:54 - Got suggestions: ['ls', 'git', 'sort', 'less', 'locate']
2025-01-23 21:33:05,532 - AITerm - INFO - logger:54 - Showing dropdown at position (134, 672)
2025-01-23 21:33:05,532 - AITerm - INFO - logger:54 - Showing dropdown with 5 suggestions at (134, 672)
2025-01-23 21:33:05,534 - AITerm - INFO - logger:54 - Setting geometry to: 404x184+134+672
2025-01-23 21:33:05,534 - AITerm - INFO - logger:54 - Dropdown shown and configured
2025-01-23 21:33:05,534 - AITerm - INFO - logger:54 - Dropdown visible: True
2025-01-23 21:33:05,535 - AITerm - INFO - logger:54 - Dropdown geometry: 404x184+134+672
2025-01-23 21:33:05,678 - AITerm - INFO - logger:54 - Key release event - keysym: t, char: t, keycode: 285212788
2025-01-23 21:33:05,678 - AITerm - INFO - logger:54 - Current text: 'list'
2025-01-23 21:33:05,678 - AITerm - INFO - logger:54 - Getting suggestions for text: 'list'
2025-01-23 21:33:05,678 - AITerm - INFO - logger:54 - Prefix matches for 'list': []
2025-01-23 21:33:05,678 - AITerm - INFO - logger:54 - Fuzzy matches for 'list': ['ls', 'git', 'sort', 'less', 'locate']
2025-01-23 21:33:05,678 - AITerm - INFO - logger:54 - New fuzzy matches: ['ls', 'git', 'sort', 'less', 'locate']
2025-01-23 21:33:05,679 - AITerm - INFO - logger:54 - Final suggestions: ['ls', 'git', 'sort', 'less', 'locate']
2025-01-23 21:33:05,679 - AITerm - INFO - logger:54 - Got suggestions: ['ls', 'git', 'sort', 'less', 'locate']
2025-01-23 21:33:05,679 - AITerm - INFO - logger:54 - Showing dropdown at position (134, 672)
2025-01-23 21:33:05,679 - AITerm - INFO - logger:54 - Showing dropdown with 5 suggestions at (134, 672)
2025-01-23 21:33:05,680 - AITerm - INFO - logger:54 - Setting geometry to: 404x184+134+672
2025-01-23 21:33:05,681 - AITerm - INFO - logger:54 - Dropdown shown and configured
2025-01-23 21:33:05,681 - AITerm - INFO - logger:54 - Dropdown visible: True
2025-01-23 21:33:05,681 - AITerm - INFO - logger:54 - Dropdown geometry: 404x184+134+672
2025-01-23 21:33:05,768 - AITerm - INFO - logger:54 - Hiding dropdown
2025-01-23 21:33:05,769 - AITerm - INFO - logger:54 - Executing command: list
2025-01-23 21:33:05,769 - AITerm - DEBUG - logger:51 - Added command to history. Total commands: 1
2025-01-23 21:33:06,602 - AITerm - INFO - logger:54 - Key release event - keysym: Return, char: , keycode: 603979789
2025-01-23 21:33:06,603 - AITerm - INFO - logger:54 - Ignoring special key: Return
2025-01-23 21:33:12,787 - AITerm - INFO - logger:54 - Key release event - keysym: s, char: s, keycode: 16777331
2025-01-23 21:33:12,787 - AITerm - INFO - logger:54 - Current text: 'sh'
2025-01-23 21:33:12,787 - AITerm - INFO - logger:54 - Getting suggestions for text: 'sh'
2025-01-23 21:33:12,787 - AITerm - INFO - logger:54 - Prefix matches for 'sh': []
2025-01-23 21:33:12,788 - AITerm - INFO - logger:54 - Fuzzy matches for 'sh': ['ssh', 'ps', 'ls', 'svn', 'sed']
2025-01-23 21:33:12,788 - AITerm - INFO - logger:54 - New fuzzy matches: ['ssh', 'ps', 'ls', 'svn', 'sed']
2025-01-23 21:33:12,788 - AITerm - INFO - logger:54 - Final suggestions: ['ssh', 'ps', 'ls', 'svn', 'sed']
2025-01-23 21:33:12,788 - AITerm - INFO - logger:54 - Got suggestions: ['ssh', 'ps', 'ls', 'svn', 'sed']
2025-01-23 21:33:12,788 - AITerm - INFO - logger:54 - Showing dropdown at position (134, 672)
2025-01-23 21:33:12,788 - AITerm - INFO - logger:54 - Showing dropdown with 5 suggestions at (134, 672)
2025-01-23 21:33:12,788 - AITerm - INFO - logger:54 - Setting geometry to: 404x184+134+672
2025-01-23 21:33:12,791 - AITerm - INFO - logger:54 - Dropdown shown and configured
2025-01-23 21:33:12,791 - AITerm - INFO - logger:54 - Dropdown visible: True
2025-01-23 21:33:12,791 - AITerm - INFO - logger:54 - Dropdown geometry: 404x184+134+672
2025-01-23 21:33:12,890 - AITerm - INFO - logger:54 - Key release event - keysym: h, char: h, keycode: 67108968
2025-01-23 21:33:12,890 - AITerm - INFO - logger:54 - Current text: 'show'
2025-01-23 21:33:12,890 - AITerm - INFO - logger:54 - Getting suggestions for text: 'show'
2025-01-23 21:33:12,890 - AITerm - INFO - logger:54 - Prefix matches for 'show': []
2025-01-23 21:33:12,890 - AITerm - INFO - logger:54 - Fuzzy matches for 'show': ['ssh', 'sort', 'echo', 'python', 'wc']
2025-01-23 21:33:12,890 - AITerm - INFO - logger:54 - New fuzzy matches: ['ssh', 'sort', 'echo', 'python', 'wc']
2025-01-23 21:33:12,890 - AITerm - INFO - logger:54 - Final suggestions: ['ssh', 'sort', 'echo', 'python', 'wc']
2025-01-23 21:33:12,890 - AITerm - INFO - logger:54 - Got suggestions: ['ssh', 'sort', 'echo', 'python', 'wc']
2025-01-23 21:33:12,890 - AITerm - INFO - logger:54 - Showing dropdown at position (134, 672)
2025-01-23 21:33:12,890 - AITerm - INFO - logger:54 - Showing dropdown with 5 suggestions at (134, 672)
2025-01-23 21:33:12,892 - AITerm - INFO - logger:54 - Setting geometry to: 404x184+134+672
2025-01-23 21:33:12,893 - AITerm - INFO - logger:54 - Dropdown shown and configured
2025-01-23 21:33:12,893 - AITerm - INFO - logger:54 - Dropdown visible: True
2025-01-23 21:33:12,893 - AITerm - INFO - logger:54 - Dropdown geometry: 404x184+134+672
2025-01-23 21:33:12,957 - AITerm - INFO - logger:54 - Key release event - keysym: o, char: o, keycode: 520093807
2025-01-23 21:33:12,957 - AITerm - INFO - logger:54 - Current text: 'show'
2025-01-23 21:33:12,957 - AITerm - INFO - logger:54 - Getting suggestions for text: 'show'
2025-01-23 21:33:12,957 - AITerm - INFO - logger:54 - Prefix matches for 'show': []
2025-01-23 21:33:12,957 - AITerm - INFO - logger:54 - Fuzzy matches for 'show': ['ssh', 'sort', 'echo', 'python', 'wc']
2025-01-23 21:33:12,957 - AITerm - INFO - logger:54 - New fuzzy matches: ['ssh', 'sort', 'echo', 'python', 'wc']
2025-01-23 21:33:12,957 - AITerm - INFO - logger:54 - Final suggestions: ['ssh', 'sort', 'echo', 'python', 'wc']
2025-01-23 21:33:12,957 - AITerm - INFO - logger:54 - Got suggestions: ['ssh', 'sort', 'echo', 'python', 'wc']
2025-01-23 21:33:12,957 - AITerm - INFO - logger:54 - Showing dropdown at position (134, 672)
2025-01-23 21:33:12,957 - AITerm - INFO - logger:54 - Showing dropdown with 5 suggestions at (134, 672)
2025-01-23 21:33:12,959 - AITerm - INFO - logger:54 - Setting geometry to: 404x184+134+672
2025-01-23 21:33:12,960 - AITerm - INFO - logger:54 - Dropdown shown and configured
2025-01-23 21:33:12,960 - AITerm - INFO - logger:54 - Dropdown visible: True
2025-01-23 21:33:12,960 - AITerm - INFO - logger:54 - Dropdown geometry: 404x184+134+672
2025-01-23 21:33:13,001 - AITerm - INFO - logger:54 - Key release event - keysym: w, char: w, keycode: 218103927
2025-01-23 21:33:13,001 - AITerm - INFO - logger:54 - Current text: 'show'
2025-01-23 21:33:13,001 - AITerm - INFO - logger:54 - Getting suggestions for text: 'show'
2025-01-23 21:33:13,001 - AITerm - INFO - logger:54 - Prefix matches for 'show': []
2025-01-23 21:33:13,002 - AITerm - INFO - logger:54 - Fuzzy matches for 'show': ['ssh', 'sort', 'echo', 'python', 'wc']
2025-01-23 21:33:13,002 - AITerm - INFO - logger:54 - New fuzzy matches: ['ssh', 'sort', 'echo', 'python', 'wc']
2025-01-23 21:33:13,002 - AITerm - INFO - logger:54 - Final suggestions: ['ssh', 'sort', 'echo', 'python', 'wc']
2025-01-23 21:33:13,002 - AITerm - INFO - logger:54 - Got suggestions: ['ssh', 'sort', 'echo', 'python', 'wc']
2025-01-23 21:33:13,002 - AITerm - INFO - logger:54 - Showing dropdown at position (134, 672)
2025-01-23 21:33:13,002 - AITerm - INFO - logger:54 - Showing dropdown with 5 suggestions at (134, 672)
2025-01-23 21:33:13,003 - AITerm - INFO - logger:54 - Setting geometry to: 404x184+134+672
2025-01-23 21:33:13,004 - AITerm - INFO - logger:54 - Dropdown shown and configured
2025-01-23 21:33:13,004 - AITerm - INFO - logger:54 - Dropdown visible: True
2025-01-23 21:33:13,004 - AITerm - INFO - logger:54 - Dropdown geometry: 404x184+134+672
2025-01-23 21:33:13,137 - AITerm - INFO - logger:54 - Key release event - keysym: space, char:  , keycode: 822083616
2025-01-23 21:33:13,137 - AITerm - INFO - logger:54 - Current text: 'show '
2025-01-23 21:33:13,137 - AITerm - INFO - logger:54 - Getting suggestions for text: 'show'
2025-01-23 21:33:13,137 - AITerm - INFO - logger:54 - Prefix matches for 'show': []
2025-01-23 21:33:13,137 - AITerm - INFO - logger:54 - Fuzzy matches for 'show': ['ssh', 'sort', 'echo', 'python', 'wc']
2025-01-23 21:33:13,137 - AITerm - INFO - logger:54 - New fuzzy matches: ['ssh', 'sort', 'echo', 'python', 'wc']
2025-01-23 21:33:13,138 - AITerm - INFO - logger:54 - Final suggestions: ['ssh', 'sort', 'echo', 'python', 'wc']
2025-01-23 21:33:13,138 - AITerm - INFO - logger:54 - Got suggestions: ['ssh', 'sort', 'echo', 'python', 'wc']
2025-01-23 21:33:13,138 - AITerm - INFO - logger:54 - Showing dropdown at position (134, 672)
2025-01-23 21:33:13,138 - AITerm - INFO - logger:54 - Showing dropdown with 5 suggestions at (134, 672)
2025-01-23 21:33:13,139 - AITerm - INFO - logger:54 - Setting geometry to: 404x184+134+672
2025-01-23 21:33:13,140 - AITerm - INFO - logger:54 - Dropdown shown and configured
2025-01-23 21:33:13,140 - AITerm - INFO - logger:54 - Dropdown visible: True
2025-01-23 21:33:13,140 - AITerm - INFO - logger:54 - Dropdown geometry: 404x184+134+672
2025-01-23 21:33:13,317 - AITerm - INFO - logger:54 - Key release event - keysym: l, char: l, keycode: 620757100
2025-01-23 21:33:13,317 - AITerm - INFO - logger:54 - Current text: 'show l'
2025-01-23 21:33:13,317 - AITerm - INFO - logger:54 - Getting suggestions for text: 'show'
2025-01-23 21:33:13,317 - AITerm - INFO - logger:54 - Trying path completion for: ./l*
2025-01-23 21:33:13,318 - AITerm - INFO - logger:54 - Path suggestions: ['show ./logs/']
2025-01-23 21:33:13,318 - AITerm - INFO - logger:54 - Final suggestions: ['show ./logs/']
2025-01-23 21:33:13,318 - AITerm - INFO - logger:54 - Got suggestions: ['show ./logs/']
2025-01-23 21:33:13,318 - AITerm - INFO - logger:54 - Showing dropdown at position (134, 672)
2025-01-23 21:33:13,318 - AITerm - INFO - logger:54 - Showing dropdown with 1 suggestions at (134, 672)
2025-01-23 21:33:13,319 - AITerm - INFO - logger:54 - Setting geometry to: 404x184+134+672
2025-01-23 21:33:13,321 - AITerm - INFO - logger:54 - Dropdown shown and configured
2025-01-23 21:33:13,321 - AITerm - INFO - logger:54 - Dropdown visible: True
2025-01-23 21:33:13,321 - AITerm - INFO - logger:54 - Dropdown geometry: 404x184+134+672
2025-01-23 21:33:13,463 - AITerm - INFO - logger:54 - Key release event - keysym: a, char: a, keycode: 97
2025-01-23 21:33:13,463 - AITerm - INFO - logger:54 - Current text: 'show las'
2025-01-23 21:33:13,464 - AITerm - INFO - logger:54 - Getting suggestions for text: 'show'
2025-01-23 21:33:13,464 - AITerm - INFO - logger:54 - Trying path completion for: ./las*
2025-01-23 21:33:13,464 - AITerm - INFO - logger:54 - Final suggestions: []
2025-01-23 21:33:13,464 - AITerm - INFO - logger:54 - Got suggestions: []
2025-01-23 21:33:13,464 - AITerm - INFO - logger:54 - No suggestions, hiding dropdown
2025-01-23 21:33:13,464 - AITerm - INFO - logger:54 - Hiding dropdown
2025-01-23 21:33:13,542 - AITerm - INFO - logger:54 - Key release event - keysym: s, char: s, keycode: 16777331
2025-01-23 21:33:13,542 - AITerm - INFO - logger:54 - Current text: 'show las'
2025-01-23 21:33:13,542 - AITerm - INFO - logger:54 - Getting suggestions for text: 'show'
2025-01-23 21:33:13,542 - AITerm - INFO - logger:54 - Trying path completion for: ./las*
2025-01-23 21:33:13,542 - AITerm - INFO - logger:54 - Final suggestions: []
2025-01-23 21:33:13,543 - AITerm - INFO - logger:54 - Got suggestions: []
2025-01-23 21:33:13,543 - AITerm - INFO - logger:54 - No suggestions, hiding dropdown
2025-01-23 21:33:13,767 - AITerm - INFO - logger:54 - Key release event - keysym: t, char: t, keycode: 285212788
2025-01-23 21:33:13,767 - AITerm - INFO - logger:54 - Current text: 'show last '
2025-01-23 21:33:13,767 - AITerm - INFO - logger:54 - Getting suggestions for text: 'show'
2025-01-23 21:33:13,767 - AITerm - INFO - logger:54 - Trying path completion for: ./last*
2025-01-23 21:33:13,768 - AITerm - INFO - logger:54 - Final suggestions: []
2025-01-23 21:33:13,768 - AITerm - INFO - logger:54 - Got suggestions: []
2025-01-23 21:33:13,768 - AITerm - INFO - logger:54 - No suggestions, hiding dropdown
2025-01-23 21:33:13,827 - AITerm - INFO - logger:54 - Key release event - keysym: space, char:  , keycode: 822083616
2025-01-23 21:33:13,827 - AITerm - INFO - logger:54 - Current text: 'show last '
2025-01-23 21:33:13,827 - AITerm - INFO - logger:54 - Getting suggestions for text: 'show'
2025-01-23 21:33:13,827 - AITerm - INFO - logger:54 - Trying path completion for: ./last*
2025-01-23 21:33:13,828 - AITerm - INFO - logger:54 - Final suggestions: []
2025-01-23 21:33:13,828 - AITerm - INFO - logger:54 - Got suggestions: []
2025-01-23 21:33:13,828 - AITerm - INFO - logger:54 - No suggestions, hiding dropdown
2025-01-23 21:33:14,216 - AITerm - INFO - logger:54 - Key release event - keysym: 5, char: 5, keycode: 385876021
2025-01-23 21:33:14,216 - AITerm - INFO - logger:54 - Current text: 'show last 5'
2025-01-23 21:33:14,216 - AITerm - INFO - logger:54 - Getting suggestions for text: 'show'
2025-01-23 21:33:14,216 - AITerm - INFO - logger:54 - Trying path completion for: ./5*
2025-01-23 21:33:14,217 - AITerm - INFO - logger:54 - Final suggestions: []
2025-01-23 21:33:14,217 - AITerm - INFO - logger:54 - Got suggestions: []
2025-01-23 21:33:14,217 - AITerm - INFO - logger:54 - No suggestions, hiding dropdown
2025-01-23 21:33:14,385 - AITerm - INFO - logger:54 - Key release event - keysym: space, char:  , keycode: 822083616
2025-01-23 21:33:14,385 - AITerm - INFO - logger:54 - Current text: 'show last 5 '
2025-01-23 21:33:14,386 - AITerm - INFO - logger:54 - Getting suggestions for text: 'show'
2025-01-23 21:33:14,386 - AITerm - INFO - logger:54 - Trying path completion for: ./5*
2025-01-23 21:33:14,386 - AITerm - INFO - logger:54 - Final suggestions: []
2025-01-23 21:33:14,386 - AITerm - INFO - logger:54 - Got suggestions: []
2025-01-23 21:33:14,386 - AITerm - INFO - logger:54 - No suggestions, hiding dropdown
2025-01-23 21:33:14,655 - AITerm - INFO - logger:54 - Key release event - keysym: c, char: c, keycode: 134217827
2025-01-23 21:33:14,656 - AITerm - INFO - logger:54 - Current text: 'show last 5 co'
2025-01-23 21:33:14,656 - AITerm - INFO - logger:54 - Getting suggestions for text: 'show'
2025-01-23 21:33:14,656 - AITerm - INFO - logger:54 - Trying path completion for: ./co*
2025-01-23 21:33:14,656 - AITerm - INFO - logger:54 - Path suggestions: ['show last 5 ./config.py']
2025-01-23 21:33:14,656 - AITerm - INFO - logger:54 - Final suggestions: ['show last 5 ./config.py']
2025-01-23 21:33:14,656 - AITerm - INFO - logger:54 - Got suggestions: ['show last 5 ./config.py']
2025-01-23 21:33:14,656 - AITerm - INFO - logger:54 - Showing dropdown at position (134, 672)
2025-01-23 21:33:14,656 - AITerm - INFO - logger:54 - Showing dropdown with 1 suggestions at (134, 672)
2025-01-23 21:33:14,657 - AITerm - INFO - logger:54 - Setting geometry to: 404x184+134+672
2025-01-23 21:33:14,660 - AITerm - INFO - logger:54 - Dropdown shown and configured
2025-01-23 21:33:14,660 - AITerm - INFO - logger:54 - Dropdown visible: True
2025-01-23 21:33:14,660 - AITerm - INFO - logger:54 - Dropdown geometry: 404x184+134+672
2025-01-23 21:33:14,688 - AITerm - INFO - logger:54 - Key release event - keysym: o, char: o, keycode: 520093807
2025-01-23 21:33:14,688 - AITerm - INFO - logger:54 - Current text: 'show last 5 com'
2025-01-23 21:33:14,688 - AITerm - INFO - logger:54 - Getting suggestions for text: 'show'
2025-01-23 21:33:14,688 - AITerm - INFO - logger:54 - Trying path completion for: ./com*
2025-01-23 21:33:14,689 - AITerm - INFO - logger:54 - Final suggestions: []
2025-01-23 21:33:14,689 - AITerm - INFO - logger:54 - Got suggestions: []
2025-01-23 21:33:14,689 - AITerm - INFO - logger:54 - No suggestions, hiding dropdown
2025-01-23 21:33:14,689 - AITerm - INFO - logger:54 - Hiding dropdown
2025-01-23 21:33:14,927 - AITerm - INFO - logger:54 - Key release event - keysym: m, char: m, keycode: 771752045
2025-01-23 21:33:14,927 - AITerm - INFO - logger:54 - Current text: 'show last 5 comi'
2025-01-23 21:33:14,927 - AITerm - INFO - logger:54 - Getting suggestions for text: 'show'
2025-01-23 21:33:14,927 - AITerm - INFO - logger:54 - Trying path completion for: ./comi*
2025-01-23 21:33:14,927 - AITerm - INFO - logger:54 - Final suggestions: []
2025-01-23 21:33:14,927 - AITerm - INFO - logger:54 - Got suggestions: []
2025-01-23 21:33:14,928 - AITerm - INFO - logger:54 - No suggestions, hiding dropdown
2025-01-23 21:33:15,071 - AITerm - INFO - logger:54 - Key release event - keysym: i, char: i, keycode: 570425449
2025-01-23 21:33:15,071 - AITerm - INFO - logger:54 - Current text: 'show last 5 comi'
2025-01-23 21:33:15,071 - AITerm - INFO - logger:54 - Getting suggestions for text: 'show'
2025-01-23 21:33:15,071 - AITerm - INFO - logger:54 - Trying path completion for: ./comi*
2025-01-23 21:33:15,072 - AITerm - INFO - logger:54 - Final suggestions: []
2025-01-23 21:33:15,072 - AITerm - INFO - logger:54 - Got suggestions: []
2025-01-23 21:33:15,072 - AITerm - INFO - logger:54 - No suggestions, hiding dropdown
2025-01-23 21:33:15,588 - AITerm - INFO - logger:54 - Key release event - keysym: BackSpace, char: , keycode: 855638143
2025-01-23 21:33:15,588 - AITerm - INFO - logger:54 - Current text: 'show last 5 com'
2025-01-23 21:33:15,588 - AITerm - INFO - logger:54 - Getting suggestions for text: 'show'
2025-01-23 21:33:15,588 - AITerm - INFO - logger:54 - Trying path completion for: ./com*
2025-01-23 21:33:15,588 - AITerm - INFO - logger:54 - Final suggestions: []
2025-01-23 21:33:15,588 - AITerm - INFO - logger:54 - Got suggestions: []
2025-01-23 21:33:15,588 - AITerm - INFO - logger:54 - No suggestions, hiding dropdown
2025-01-23 21:33:15,937 - AITerm - INFO - logger:54 - Key release event - keysym: m, char: m, keycode: 771752045
2025-01-23 21:33:15,937 - AITerm - INFO - logger:54 - Current text: 'show last 5 commi'
2025-01-23 21:33:15,937 - AITerm - INFO - logger:54 - Getting suggestions for text: 'show'
2025-01-23 21:33:15,937 - AITerm - INFO - logger:54 - Trying path completion for: ./commi*
2025-01-23 21:33:15,938 - AITerm - INFO - logger:54 - Final suggestions: []
2025-01-23 21:33:15,938 - AITerm - INFO - logger:54 - Got suggestions: []
2025-01-23 21:33:15,938 - AITerm - INFO - logger:54 - No suggestions, hiding dropdown
2025-01-23 21:33:16,039 - AITerm - INFO - logger:54 - Key release event - keysym: i, char: i, keycode: 570425449
2025-01-23 21:33:16,040 - AITerm - INFO - logger:54 - Current text: 'show last 5 commit'
2025-01-23 21:33:16,040 - AITerm - INFO - logger:54 - Getting suggestions for text: 'show'
2025-01-23 21:33:16,040 - AITerm - INFO - logger:54 - Trying path completion for: ./commit*
2025-01-23 21:33:16,040 - AITerm - INFO - logger:54 - Final suggestions: []
2025-01-23 21:33:16,040 - AITerm - INFO - logger:54 - Got suggestions: []
2025-01-23 21:33:16,040 - AITerm - INFO - logger:54 - No suggestions, hiding dropdown
2025-01-23 21:33:16,140 - AITerm - INFO - logger:54 - Key release event - keysym: t, char: t, keycode: 285212788
2025-01-23 21:33:16,140 - AITerm - INFO - logger:54 - Current text: 'show last 5 commits'
2025-01-23 21:33:16,140 - AITerm - INFO - logger:54 - Getting suggestions for text: 'show'
2025-01-23 21:33:16,140 - AITerm - INFO - logger:54 - Trying path completion for: ./commits*
2025-01-23 21:33:16,141 - AITerm - INFO - logger:54 - Final suggestions: []
2025-01-23 21:33:16,141 - AITerm - INFO - logger:54 - Got suggestions: []
2025-01-23 21:33:16,141 - AITerm - INFO - logger:54 - No suggestions, hiding dropdown
2025-01-23 21:33:16,343 - AITerm - INFO - logger:54 - Key release event - keysym: s, char: s, keycode: 16777331
2025-01-23 21:33:16,343 - AITerm - INFO - logger:54 - Current text: 'show last 5 commits'
2025-01-23 21:33:16,343 - AITerm - INFO - logger:54 - Getting suggestions for text: 'show'
2025-01-23 21:33:16,343 - AITerm - INFO - logger:54 - Trying path completion for: ./commits*
2025-01-23 21:33:16,343 - AITerm - INFO - logger:54 - Final suggestions: []
2025-01-23 21:33:16,344 - AITerm - INFO - logger:54 - Got suggestions: []
2025-01-23 21:33:16,344 - AITerm - INFO - logger:54 - No suggestions, hiding dropdown
2025-01-23 21:33:16,366 - AITerm - INFO - logger:54 - Hiding dropdown
2025-01-23 21:33:16,366 - AITerm - INFO - logger:54 - Executing command: show last 5 commits
2025-01-23 21:33:16,366 - AITerm - DEBUG - logger:51 - Added command to history. Total commands: 2
2025-01-23 21:33:17,079 - AITerm - INFO - logger:54 - Key release event - keysym: Return, char: , keycode: 603979789
2025-01-23 21:33:17,080 - AITerm - INFO - logger:54 - Ignoring special key: Return
2025-01-23 21:33:18,527 - AITerm - INFO - logger:54 - Key release event - keysym: g, char: g, keycode: 83886183
2025-01-23 21:33:18,528 - AITerm - INFO - logger:54 - Current text: 'gi'
2025-01-23 21:33:18,528 - AITerm - INFO - logger:54 - Getting suggestions for text: 'gi'
2025-01-23 21:33:18,528 - AITerm - INFO - logger:54 - Prefix matches for 'gi': ['git']
2025-01-23 21:33:18,528 - AITerm - INFO - logger:54 - Fuzzy matches for 'gi': ['git', 'gzip', 'zip', 'vim']
2025-01-23 21:33:18,528 - AITerm - INFO - logger:54 - New fuzzy matches: ['gzip', 'zip', 'vim']
2025-01-23 21:33:18,528 - AITerm - INFO - logger:54 - Final suggestions: ['git', 'gzip', 'zip', 'vim']
2025-01-23 21:33:18,529 - AITerm - INFO - logger:54 - Got suggestions: ['git', 'gzip', 'zip', 'vim']
2025-01-23 21:33:18,529 - AITerm - INFO - logger:54 - Showing dropdown at position (134, 672)
2025-01-23 21:33:18,529 - AITerm - INFO - logger:54 - Showing dropdown with 4 suggestions at (134, 672)
2025-01-23 21:33:18,529 - AITerm - INFO - logger:54 - Setting geometry to: 404x184+134+672
2025-01-23 21:33:18,534 - AITerm - INFO - logger:54 - Dropdown shown and configured
2025-01-23 21:33:18,535 - AITerm - INFO - logger:54 - Dropdown visible: True
2025-01-23 21:33:18,535 - AITerm - INFO - logger:54 - Dropdown geometry: 404x184+134+672
2025-01-23 21:33:18,569 - AITerm - INFO - logger:54 - Key release event - keysym: i, char: i, keycode: 570425449
2025-01-23 21:33:18,569 - AITerm - INFO - logger:54 - Current text: 'gi'
2025-01-23 21:33:18,569 - AITerm - INFO - logger:54 - Getting suggestions for text: 'gi'
2025-01-23 21:33:18,570 - AITerm - INFO - logger:54 - Prefix matches for 'gi': ['git']
2025-01-23 21:33:18,570 - AITerm - INFO - logger:54 - Fuzzy matches for 'gi': ['git', 'gzip', 'zip', 'vim']
2025-01-23 21:33:18,570 - AITerm - INFO - logger:54 - New fuzzy matches: ['gzip', 'zip', 'vim']
2025-01-23 21:33:18,570 - AITerm - INFO - logger:54 - Final suggestions: ['git', 'gzip', 'zip', 'vim']
2025-01-23 21:33:18,570 - AITerm - INFO - logger:54 - Got suggestions: ['git', 'gzip', 'zip', 'vim']
2025-01-23 21:33:18,570 - AITerm - INFO - logger:54 - Showing dropdown at position (134, 672)
2025-01-23 21:33:18,570 - AITerm - INFO - logger:54 - Showing dropdown with 4 suggestions at (134, 672)
2025-01-23 21:33:18,572 - AITerm - INFO - logger:54 - Setting geometry to: 404x184+134+672
2025-01-23 21:33:18,572 - AITerm - INFO - logger:54 - Dropdown shown and configured
2025-01-23 21:33:18,572 - AITerm - INFO - logger:54 - Dropdown visible: True
2025-01-23 21:33:18,572 - AITerm - INFO - logger:54 - Dropdown geometry: 404x184+134+672
2025-01-23 21:33:18,706 - AITerm - INFO - logger:54 - Key release event - keysym: t, char: t, keycode: 285212788
2025-01-23 21:33:18,706 - AITerm - INFO - logger:54 - Current text: 'git'
2025-01-23 21:33:18,706 - AITerm - INFO - logger:54 - Getting suggestions for text: 'git'
2025-01-23 21:33:18,706 - AITerm - INFO - logger:54 - Prefix matches for 'git': ['git']
2025-01-23 21:33:18,706 - AITerm - INFO - logger:54 - Fuzzy matches for 'git': ['git', 'wget', 'gzip', 'zip']
2025-01-23 21:33:18,707 - AITerm - INFO - logger:54 - New fuzzy matches: ['wget', 'gzip', 'zip']
2025-01-23 21:33:18,707 - AITerm - INFO - logger:54 - Final suggestions: ['git', 'wget', 'gzip', 'zip']
2025-01-23 21:33:18,707 - AITerm - INFO - logger:54 - Got suggestions: ['git', 'wget', 'gzip', 'zip']
2025-01-23 21:33:18,707 - AITerm - INFO - logger:54 - Showing dropdown at position (134, 672)
2025-01-23 21:33:18,707 - AITerm - INFO - logger:54 - Showing dropdown with 4 suggestions at (134, 672)
2025-01-23 21:33:18,708 - AITerm - INFO - logger:54 - Setting geometry to: 404x184+134+672
2025-01-23 21:33:18,709 - AITerm - INFO - logger:54 - Dropdown shown and configured
2025-01-23 21:33:18,709 - AITerm - INFO - logger:54 - Dropdown visible: True
2025-01-23 21:33:18,709 - AITerm - INFO - logger:54 - Dropdown geometry: 404x184+134+672
2025-01-23 21:33:18,807 - AITerm - INFO - logger:54 - Key release event - keysym: space, char:  , keycode: 822083616
2025-01-23 21:33:18,807 - AITerm - INFO - logger:54 - Current text: 'git '
2025-01-23 21:33:18,807 - AITerm - INFO - logger:54 - Getting suggestions for text: 'git'
2025-01-23 21:33:18,807 - AITerm - INFO - logger:54 - Prefix matches for 'git': ['git']
2025-01-23 21:33:18,808 - AITerm - INFO - logger:54 - Fuzzy matches for 'git': ['git', 'wget', 'gzip', 'zip']
2025-01-23 21:33:18,808 - AITerm - INFO - logger:54 - New fuzzy matches: ['wget', 'gzip', 'zip']
2025-01-23 21:33:18,808 - AITerm - INFO - logger:54 - Final suggestions: ['git', 'wget', 'gzip', 'zip']
2025-01-23 21:33:18,808 - AITerm - INFO - logger:54 - Got suggestions: ['git', 'wget', 'gzip', 'zip']
2025-01-23 21:33:18,808 - AITerm - INFO - logger:54 - Showing dropdown at position (134, 672)
2025-01-23 21:33:18,808 - AITerm - INFO - logger:54 - Showing dropdown with 4 suggestions at (134, 672)
2025-01-23 21:33:18,809 - AITerm - INFO - logger:54 - Setting geometry to: 404x184+134+672
2025-01-23 21:33:18,810 - AITerm - INFO - logger:54 - Dropdown shown and configured
2025-01-23 21:33:18,810 - AITerm - INFO - logger:54 - Dropdown visible: True
2025-01-23 21:33:18,810 - AITerm - INFO - logger:54 - Dropdown geometry: 404x184+134+672
2025-01-23 21:33:18,953 - AITerm - INFO - logger:54 - Key release event - keysym: s, char: s, keycode: 16777331
2025-01-23 21:33:18,954 - AITerm - INFO - logger:54 - Current text: 'git sh'
2025-01-23 21:33:18,954 - AITerm - INFO - logger:54 - Getting suggestions for text: 'git'
2025-01-23 21:33:18,954 - AITerm - INFO - logger:54 - Trying path completion for: ./sh*
2025-01-23 21:33:18,954 - AITerm - INFO - logger:54 - Final suggestions: []
2025-01-23 21:33:18,954 - AITerm - INFO - logger:54 - Got suggestions: []
2025-01-23 21:33:18,955 - AITerm - INFO - logger:54 - No suggestions, hiding dropdown
2025-01-23 21:33:18,955 - AITerm - INFO - logger:54 - Hiding dropdown
2025-01-23 21:33:19,066 - AITerm - INFO - logger:54 - Key release event - keysym: h, char: h, keycode: 67108968
2025-01-23 21:33:19,066 - AITerm - INFO - logger:54 - Current text: 'git sho'
2025-01-23 21:33:19,066 - AITerm - INFO - logger:54 - Getting suggestions for text: 'git'
2025-01-23 21:33:19,066 - AITerm - INFO - logger:54 - Trying path completion for: ./sho*
2025-01-23 21:33:19,066 - AITerm - INFO - logger:54 - Final suggestions: []
2025-01-23 21:33:19,066 - AITerm - INFO - logger:54 - Got suggestions: []
2025-01-23 21:33:19,066 - AITerm - INFO - logger:54 - No suggestions, hiding dropdown
2025-01-23 21:33:19,122 - AITerm - INFO - logger:54 - Key release event - keysym: o, char: o, keycode: 520093807
2025-01-23 21:33:19,122 - AITerm - INFO - logger:54 - Current text: 'git show'
2025-01-23 21:33:19,122 - AITerm - INFO - logger:54 - Getting suggestions for text: 'git'
2025-01-23 21:33:19,122 - AITerm - INFO - logger:54 - Trying path completion for: ./show*
2025-01-23 21:33:19,123 - AITerm - INFO - logger:54 - Final suggestions: []
2025-01-23 21:33:19,123 - AITerm - INFO - logger:54 - Got suggestions: []
2025-01-23 21:33:19,123 - AITerm - INFO - logger:54 - No suggestions, hiding dropdown
2025-01-23 21:33:19,190 - AITerm - INFO - logger:54 - Key release event - keysym: w, char: w, keycode: 218103927
2025-01-23 21:33:19,190 - AITerm - INFO - logger:54 - Current text: 'git show'
2025-01-23 21:33:19,190 - AITerm - INFO - logger:54 - Getting suggestions for text: 'git'
2025-01-23 21:33:19,190 - AITerm - INFO - logger:54 - Trying path completion for: ./show*
2025-01-23 21:33:19,190 - AITerm - INFO - logger:54 - Final suggestions: []
2025-01-23 21:33:19,190 - AITerm - INFO - logger:54 - Got suggestions: []
2025-01-23 21:33:19,190 - AITerm - INFO - logger:54 - No suggestions, hiding dropdown
2025-01-23 21:33:19,313 - AITerm - INFO - logger:54 - Key release event - keysym: space, char:  , keycode: 822083616
2025-01-23 21:33:19,314 - AITerm - INFO - logger:54 - Current text: 'git show '
2025-01-23 21:33:19,314 - AITerm - INFO - logger:54 - Getting suggestions for text: 'git'
2025-01-23 21:33:19,314 - AITerm - INFO - logger:54 - Trying path completion for: ./show*
2025-01-23 21:33:19,314 - AITerm - INFO - logger:54 - Final suggestions: []
2025-01-23 21:33:19,314 - AITerm - INFO - logger:54 - Got suggestions: []
2025-01-23 21:33:19,314 - AITerm - INFO - logger:54 - No suggestions, hiding dropdown
2025-01-23 21:33:19,469 - AITerm - INFO - logger:54 - Key release event - keysym: l, char: l, keycode: 620757100
2025-01-23 21:33:19,469 - AITerm - INFO - logger:54 - Current text: 'git show l'
2025-01-23 21:33:19,470 - AITerm - INFO - logger:54 - Getting suggestions for text: 'git'
2025-01-23 21:33:19,470 - AITerm - INFO - logger:54 - Trying path completion for: ./l*
2025-01-23 21:33:19,470 - AITerm - INFO - logger:54 - Path suggestions: ['git show ./logs/']
2025-01-23 21:33:19,470 - AITerm - INFO - logger:54 - Final suggestions: ['git show ./logs/']
2025-01-23 21:33:19,470 - AITerm - INFO - logger:54 - Got suggestions: ['git show ./logs/']
2025-01-23 21:33:19,470 - AITerm - INFO - logger:54 - Showing dropdown at position (134, 672)
2025-01-23 21:33:19,470 - AITerm - INFO - logger:54 - Showing dropdown with 1 suggestions at (134, 672)
2025-01-23 21:33:19,470 - AITerm - INFO - logger:54 - Setting geometry to: 404x184+134+672
2025-01-23 21:33:19,473 - AITerm - INFO - logger:54 - Dropdown shown and configured
2025-01-23 21:33:19,473 - AITerm - INFO - logger:54 - Dropdown visible: True
2025-01-23 21:33:19,473 - AITerm - INFO - logger:54 - Dropdown geometry: 404x184+134+672
2025-01-23 21:33:19,617 - AITerm - INFO - logger:54 - Key release event - keysym: a, char: a, keycode: 97
2025-01-23 21:33:19,617 - AITerm - INFO - logger:54 - Current text: 'git show las'
2025-01-23 21:33:19,617 - AITerm - INFO - logger:54 - Getting suggestions for text: 'git'
2025-01-23 21:33:19,617 - AITerm - INFO - logger:54 - Trying path completion for: ./las*
2025-01-23 21:33:19,617 - AITerm - INFO - logger:54 - Final suggestions: []
2025-01-23 21:33:19,617 - AITerm - INFO - logger:54 - Got suggestions: []
2025-01-23 21:33:19,617 - AITerm - INFO - logger:54 - No suggestions, hiding dropdown
2025-01-23 21:33:19,617 - AITerm - INFO - logger:54 - Hiding dropdown
2025-01-23 21:33:19,717 - AITerm - INFO - logger:54 - Key release event - keysym: s, char: s, keycode: 16777331
2025-01-23 21:33:19,717 - AITerm - INFO - logger:54 - Current text: 'git show last'
2025-01-23 21:33:19,717 - AITerm - INFO - logger:54 - Getting suggestions for text: 'git'
2025-01-23 21:33:19,717 - AITerm - INFO - logger:54 - Trying path completion for: ./last*
2025-01-23 21:33:19,718 - AITerm - INFO - logger:54 - Final suggestions: []
2025-01-23 21:33:19,718 - AITerm - INFO - logger:54 - Got suggestions: []
2025-01-23 21:33:19,718 - AITerm - INFO - logger:54 - No suggestions, hiding dropdown
2025-01-23 21:33:19,842 - AITerm - INFO - logger:54 - Key release event - keysym: t, char: t, keycode: 285212788
2025-01-23 21:33:19,842 - AITerm - INFO - logger:54 - Current text: 'git show last '
2025-01-23 21:33:19,842 - AITerm - INFO - logger:54 - Getting suggestions for text: 'git'
2025-01-23 21:33:19,842 - AITerm - INFO - logger:54 - Trying path completion for: ./last*
2025-01-23 21:33:19,842 - AITerm - INFO - logger:54 - Final suggestions: []
2025-01-23 21:33:19,843 - AITerm - INFO - logger:54 - Got suggestions: []
2025-01-23 21:33:19,843 - AITerm - INFO - logger:54 - No suggestions, hiding dropdown
2025-01-23 21:33:19,920 - AITerm - INFO - logger:54 - Key release event - keysym: space, char:  , keycode: 822083616
2025-01-23 21:33:19,921 - AITerm - INFO - logger:54 - Current text: 'git show last '
2025-01-23 21:33:19,921 - AITerm - INFO - logger:54 - Getting suggestions for text: 'git'
2025-01-23 21:33:19,921 - AITerm - INFO - logger:54 - Trying path completion for: ./last*
2025-01-23 21:33:19,921 - AITerm - INFO - logger:54 - Final suggestions: []
2025-01-23 21:33:19,921 - AITerm - INFO - logger:54 - Got suggestions: []
2025-01-23 21:33:19,921 - AITerm - INFO - logger:54 - No suggestions, hiding dropdown
2025-01-23 21:33:20,900 - AITerm - INFO - logger:54 - Key release event - keysym: 5, char: 5, keycode: 385876021
2025-01-23 21:33:20,900 - AITerm - INFO - logger:54 - Current text: 'git show last 5'
2025-01-23 21:33:20,900 - AITerm - INFO - logger:54 - Getting suggestions for text: 'git'
2025-01-23 21:33:20,900 - AITerm - INFO - logger:54 - Trying path completion for: ./5*
2025-01-23 21:33:20,900 - AITerm - INFO - logger:54 - Final suggestions: []
2025-01-23 21:33:20,900 - AITerm - INFO - logger:54 - Got suggestions: []
2025-01-23 21:33:20,900 - AITerm - INFO - logger:54 - No suggestions, hiding dropdown
2025-01-23 21:33:21,102 - AITerm - INFO - logger:54 - Key release event - keysym: space, char:  , keycode: 822083616
2025-01-23 21:33:21,102 - AITerm - INFO - logger:54 - Current text: 'git show last 5 '
2025-01-23 21:33:21,102 - AITerm - INFO - logger:54 - Getting suggestions for text: 'git'
2025-01-23 21:33:21,102 - AITerm - INFO - logger:54 - Trying path completion for: ./5*
2025-01-23 21:33:21,103 - AITerm - INFO - logger:54 - Final suggestions: []
2025-01-23 21:33:21,103 - AITerm - INFO - logger:54 - Got suggestions: []
2025-01-23 21:33:21,103 - AITerm - INFO - logger:54 - No suggestions, hiding dropdown
2025-01-23 21:33:21,462 - AITerm - INFO - logger:54 - Key release event - keysym: c, char: c, keycode: 134217827
2025-01-23 21:33:21,462 - AITerm - INFO - logger:54 - Current text: 'git show last 5 co'
2025-01-23 21:33:21,462 - AITerm - INFO - logger:54 - Getting suggestions for text: 'git'
2025-01-23 21:33:21,462 - AITerm - INFO - logger:54 - Trying path completion for: ./co*
2025-01-23 21:33:21,463 - AITerm - INFO - logger:54 - Path suggestions: ['git show last 5 ./config.py']
2025-01-23 21:33:21,463 - AITerm - INFO - logger:54 - Final suggestions: ['git show last 5 ./config.py']
2025-01-23 21:33:21,463 - AITerm - INFO - logger:54 - Got suggestions: ['git show last 5 ./config.py']
2025-01-23 21:33:21,463 - AITerm - INFO - logger:54 - Showing dropdown at position (134, 672)
2025-01-23 21:33:21,463 - AITerm - INFO - logger:54 - Showing dropdown with 1 suggestions at (134, 672)
2025-01-23 21:33:21,463 - AITerm - INFO - logger:54 - Setting geometry to: 404x184+134+672
2025-01-23 21:33:21,466 - AITerm - INFO - logger:54 - Dropdown shown and configured
2025-01-23 21:33:21,466 - AITerm - INFO - logger:54 - Dropdown visible: True
2025-01-23 21:33:21,466 - AITerm - INFO - logger:54 - Dropdown geometry: 404x184+134+672
2025-01-23 21:33:21,573 - AITerm - INFO - logger:54 - Key release event - keysym: o, char: o, keycode: 520093807
2025-01-23 21:33:21,573 - AITerm - INFO - logger:54 - Current text: 'git show last 5 com'
2025-01-23 21:33:21,573 - AITerm - INFO - logger:54 - Getting suggestions for text: 'git'
2025-01-23 21:33:21,573 - AITerm - INFO - logger:54 - Trying path completion for: ./com*
2025-01-23 21:33:21,574 - AITerm - INFO - logger:54 - Final suggestions: []
2025-01-23 21:33:21,574 - AITerm - INFO - logger:54 - Got suggestions: []
2025-01-23 21:33:21,574 - AITerm - INFO - logger:54 - No suggestions, hiding dropdown
2025-01-23 21:33:21,574 - AITerm - INFO - logger:54 - Hiding dropdown
2025-01-23 21:33:21,710 - AITerm - INFO - logger:54 - Key release event - keysym: m, char: m, keycode: 771752045
2025-01-23 21:33:21,710 - AITerm - INFO - logger:54 - Current text: 'git show last 5 com'
2025-01-23 21:33:21,710 - AITerm - INFO - logger:54 - Getting suggestions for text: 'git'
2025-01-23 21:33:21,710 - AITerm - INFO - logger:54 - Trying path completion for: ./com*
2025-01-23 21:33:21,710 - AITerm - INFO - logger:54 - Final suggestions: []
2025-01-23 21:33:21,710 - AITerm - INFO - logger:54 - Got suggestions: []
2025-01-23 21:33:21,710 - AITerm - INFO - logger:54 - No suggestions, hiding dropdown
2025-01-23 21:33:22,002 - AITerm - INFO - logger:54 - Key release event - keysym: m, char: m, keycode: 771752045
2025-01-23 21:33:22,002 - AITerm - INFO - logger:54 - Current text: 'git show last 5 comm'
2025-01-23 21:33:22,002 - AITerm - INFO - logger:54 - Getting suggestions for text: 'git'
2025-01-23 21:33:22,002 - AITerm - INFO - logger:54 - Trying path completion for: ./comm*
2025-01-23 21:33:22,003 - AITerm - INFO - logger:54 - Final suggestions: []
2025-01-23 21:33:22,003 - AITerm - INFO - logger:54 - Got suggestions: []
2025-01-23 21:33:22,003 - AITerm - INFO - logger:54 - No suggestions, hiding dropdown
2025-01-23 21:33:22,621 - AITerm - INFO - logger:54 - Key release event - keysym: i, char: i, keycode: 570425449
2025-01-23 21:33:22,621 - AITerm - INFO - logger:54 - Current text: 'git show last 5 commi'
2025-01-23 21:33:22,621 - AITerm - INFO - logger:54 - Getting suggestions for text: 'git'
2025-01-23 21:33:22,622 - AITerm - INFO - logger:54 - Trying path completion for: ./commi*
2025-01-23 21:33:22,622 - AITerm - INFO - logger:54 - Final suggestions: []
2025-01-23 21:33:22,622 - AITerm - INFO - logger:54 - Got suggestions: []
2025-01-23 21:33:22,622 - AITerm - INFO - logger:54 - No suggestions, hiding dropdown
2025-01-23 21:33:22,778 - AITerm - INFO - logger:54 - Key release event - keysym: t, char: t, keycode: 285212788
2025-01-23 21:33:22,778 - AITerm - INFO - logger:54 - Current text: 'git show last 5 commit'
2025-01-23 21:33:22,778 - AITerm - INFO - logger:54 - Getting suggestions for text: 'git'
2025-01-23 21:33:22,778 - AITerm - INFO - logger:54 - Trying path completion for: ./commit*
2025-01-23 21:33:22,778 - AITerm - INFO - logger:54 - Final suggestions: []
2025-01-23 21:33:22,778 - AITerm - INFO - logger:54 - Got suggestions: []
2025-01-23 21:33:22,778 - AITerm - INFO - logger:54 - No suggestions, hiding dropdown
2025-01-23 21:33:23,015 - AITerm - INFO - logger:54 - Key release event - keysym: s, char: s, keycode: 16777331
2025-01-23 21:33:23,015 - AITerm - INFO - logger:54 - Current text: 'git show last 5 commits'
2025-01-23 21:33:23,015 - AITerm - INFO - logger:54 - Getting suggestions for text: 'git'
2025-01-23 21:33:23,015 - AITerm - INFO - logger:54 - Trying path completion for: ./commits*
2025-01-23 21:33:23,015 - AITerm - INFO - logger:54 - Final suggestions: []
2025-01-23 21:33:23,015 - AITerm - INFO - logger:54 - Got suggestions: []
2025-01-23 21:33:23,015 - AITerm - INFO - logger:54 - No suggestions, hiding dropdown
2025-01-23 21:33:23,049 - AITerm - INFO - logger:54 - Hiding dropdown
2025-01-23 21:33:23,049 - AITerm - INFO - logger:54 - Executing command: git show last 5 commits
2025-01-23 21:33:23,049 - AITerm - DEBUG - logger:51 - Added command to history. Total commands: 3
2025-01-23 21:33:23,183 - AITerm - INFO - logger:54 - Key release event - keysym: Return, char: , keycode: 603979789
2025-01-23 21:33:23,183 - AITerm - INFO - logger:54 - Ignoring special key: Return
