2025-01-23 21:36:21,679 - AITerm - INFO - logger:48 - Logger initialized. Log file: logs/aiterm_20250123_213621.log
2025-01-23 21:36:21,958 - AITerm - INFO - logger:54 - Initialized TerminalCompleter with 46 commands
2025-01-23 21:36:21,958 - AITerm - INFO - logger:54 - Initializing SuggestionDropdown
2025-01-23 21:36:21,990 - AITerm - INFO - logger:54 - SuggestionDropdown initialized and hidden
2025-01-23 21:36:25,940 - AITerm - INFO - logger:54 - Key release event - keysym: s, char: s, keycode: 16777331
2025-01-23 21:36:25,940 - AITerm - INFO - logger:54 - Current text: 'sh'
2025-01-23 21:36:25,940 - AITerm - INFO - logger:54 - Getting suggestions for text: 'sh'
2025-01-23 21:36:25,941 - AITerm - INFO - logger:54 - Prefix matches for 'sh': []
2025-01-23 21:36:25,941 - AITerm - INFO - logger:54 - Fuzzy matches for 'sh': ['ssh', 'ps', 'ls', 'svn', 'sed']
2025-01-23 21:36:25,941 - AITerm - INFO - logger:54 - New fuzzy matches: ['ssh', 'ps', 'ls', 'svn', 'sed']
2025-01-23 21:36:25,941 - AITerm - INFO - logger:54 - Final suggestions: ['ssh', 'ps', 'ls', 'svn', 'sed']
2025-01-23 21:36:25,941 - AITerm - INFO - logger:54 - Got suggestions: ['ssh', 'ps', 'ls', 'svn', 'sed']
2025-01-23 21:36:25,941 - AITerm - INFO - logger:54 - Showing dropdown at position (134, 672)
2025-01-23 21:36:25,941 - AITerm - INFO - logger:54 - Showing dropdown with 5 suggestions at (134, 672)
2025-01-23 21:36:25,942 - AITerm - INFO - logger:54 - Setting geometry to: 1x1+34+59
2025-01-23 21:36:25,946 - AITerm - INFO - logger:54 - Dropdown shown and configured
2025-01-23 21:36:25,946 - AITerm - INFO - logger:54 - Dropdown visible: True
2025-01-23 21:36:25,946 - AITerm - INFO - logger:54 - Dropdown geometry: 404x184+134+672
2025-01-23 21:36:26,030 - AITerm - INFO - logger:54 - Key release event - keysym: h, char: h, keycode: 67108968
2025-01-23 21:36:26,031 - AITerm - INFO - logger:54 - Current text: 'sho'
2025-01-23 21:36:26,031 - AITerm - INFO - logger:54 - Getting suggestions for text: 'sho'
2025-01-23 21:36:26,031 - AITerm - INFO - logger:54 - Prefix matches for 'sho': []
2025-01-23 21:36:26,031 - AITerm - INFO - logger:54 - Fuzzy matches for 'sho': ['ssh', 'sort', 'echo', 'python', 'ps']
2025-01-23 21:36:26,031 - AITerm - INFO - logger:54 - New fuzzy matches: ['ssh', 'sort', 'echo', 'python', 'ps']
2025-01-23 21:36:26,031 - AITerm - INFO - logger:54 - Final suggestions: ['ssh', 'sort', 'echo', 'python', 'ps']
2025-01-23 21:36:26,031 - AITerm - INFO - logger:54 - Got suggestions: ['ssh', 'sort', 'echo', 'python', 'ps']
2025-01-23 21:36:26,031 - AITerm - INFO - logger:54 - Showing dropdown at position (134, 672)
2025-01-23 21:36:26,031 - AITerm - INFO - logger:54 - Showing dropdown with 5 suggestions at (134, 672)
2025-01-23 21:36:26,033 - AITerm - INFO - logger:54 - Setting geometry to: 404x184+134+672
2025-01-23 21:36:26,034 - AITerm - INFO - logger:54 - Dropdown shown and configured
2025-01-23 21:36:26,034 - AITerm - INFO - logger:54 - Dropdown visible: True
2025-01-23 21:36:26,034 - AITerm - INFO - logger:54 - Dropdown geometry: 404x184+134+672
2025-01-23 21:36:26,086 - AITerm - INFO - logger:54 - Key release event - keysym: o, char: o, keycode: 520093807
2025-01-23 21:36:26,086 - AITerm - INFO - logger:54 - Current text: 'show'
2025-01-23 21:36:26,086 - AITerm - INFO - logger:54 - Getting suggestions for text: 'show'
2025-01-23 21:36:26,086 - AITerm - INFO - logger:54 - Prefix matches for 'show': []
2025-01-23 21:36:26,086 - AITerm - INFO - logger:54 - Fuzzy matches for 'show': ['ssh', 'sort', 'echo', 'python', 'wc']
2025-01-23 21:36:26,086 - AITerm - INFO - logger:54 - New fuzzy matches: ['ssh', 'sort', 'echo', 'python', 'wc']
2025-01-23 21:36:26,086 - AITerm - INFO - logger:54 - Final suggestions: ['ssh', 'sort', 'echo', 'python', 'wc']
2025-01-23 21:36:26,086 - AITerm - INFO - logger:54 - Got suggestions: ['ssh', 'sort', 'echo', 'python', 'wc']
2025-01-23 21:36:26,086 - AITerm - INFO - logger:54 - Showing dropdown at position (134, 672)
2025-01-23 21:36:26,086 - AITerm - INFO - logger:54 - Showing dropdown with 5 suggestions at (134, 672)
2025-01-23 21:36:26,088 - AITerm - INFO - logger:54 - Setting geometry to: 404x184+134+672
2025-01-23 21:36:26,088 - AITerm - INFO - logger:54 - Dropdown shown and configured
2025-01-23 21:36:26,089 - AITerm - INFO - logger:54 - Dropdown visible: True
2025-01-23 21:36:26,089 - AITerm - INFO - logger:54 - Dropdown geometry: 404x184+134+672
2025-01-23 21:36:26,176 - AITerm - INFO - logger:54 - Key release event - keysym: w, char: w, keycode: 218103927
2025-01-23 21:36:26,177 - AITerm - INFO - logger:54 - Current text: 'show'
2025-01-23 21:36:26,177 - AITerm - INFO - logger:54 - Getting suggestions for text: 'show'
2025-01-23 21:36:26,177 - AITerm - INFO - logger:54 - Prefix matches for 'show': []
2025-01-23 21:36:26,177 - AITerm - INFO - logger:54 - Fuzzy matches for 'show': ['ssh', 'sort', 'echo', 'python', 'wc']
2025-01-23 21:36:26,177 - AITerm - INFO - logger:54 - New fuzzy matches: ['ssh', 'sort', 'echo', 'python', 'wc']
2025-01-23 21:36:26,177 - AITerm - INFO - logger:54 - Final suggestions: ['ssh', 'sort', 'echo', 'python', 'wc']
2025-01-23 21:36:26,177 - AITerm - INFO - logger:54 - Got suggestions: ['ssh', 'sort', 'echo', 'python', 'wc']
2025-01-23 21:36:26,177 - AITerm - INFO - logger:54 - Showing dropdown at position (134, 672)
2025-01-23 21:36:26,177 - AITerm - INFO - logger:54 - Showing dropdown with 5 suggestions at (134, 672)
2025-01-23 21:36:26,179 - AITerm - INFO - logger:54 - Setting geometry to: 404x184+134+672
2025-01-23 21:36:26,179 - AITerm - INFO - logger:54 - Dropdown shown and configured
2025-01-23 21:36:26,179 - AITerm - INFO - logger:54 - Dropdown visible: True
2025-01-23 21:36:26,179 - AITerm - INFO - logger:54 - Dropdown geometry: 404x184+134+672
2025-01-23 21:36:26,277 - AITerm - INFO - logger:54 - Key release event - keysym: space, char:  , keycode: 822083616
2025-01-23 21:36:26,277 - AITerm - INFO - logger:54 - Current text: 'show '
2025-01-23 21:36:26,277 - AITerm - INFO - logger:54 - Getting suggestions for text: 'show'
2025-01-23 21:36:26,277 - AITerm - INFO - logger:54 - Prefix matches for 'show': []
2025-01-23 21:36:26,278 - AITerm - INFO - logger:54 - Fuzzy matches for 'show': ['ssh', 'sort', 'echo', 'python', 'wc']
2025-01-23 21:36:26,278 - AITerm - INFO - logger:54 - New fuzzy matches: ['ssh', 'sort', 'echo', 'python', 'wc']
2025-01-23 21:36:26,278 - AITerm - INFO - logger:54 - Final suggestions: ['ssh', 'sort', 'echo', 'python', 'wc']
2025-01-23 21:36:26,278 - AITerm - INFO - logger:54 - Got suggestions: ['ssh', 'sort', 'echo', 'python', 'wc']
2025-01-23 21:36:26,278 - AITerm - INFO - logger:54 - Showing dropdown at position (134, 672)
2025-01-23 21:36:26,278 - AITerm - INFO - logger:54 - Showing dropdown with 5 suggestions at (134, 672)
2025-01-23 21:36:26,279 - AITerm - INFO - logger:54 - Setting geometry to: 404x184+134+672
2025-01-23 21:36:26,280 - AITerm - INFO - logger:54 - Dropdown shown and configured
2025-01-23 21:36:26,280 - AITerm - INFO - logger:54 - Dropdown visible: True
2025-01-23 21:36:26,281 - AITerm - INFO - logger:54 - Dropdown geometry: 404x184+134+672
2025-01-23 21:36:26,468 - AITerm - INFO - logger:54 - Key release event - keysym: c, char: c, keycode: 134217827
2025-01-23 21:36:26,468 - AITerm - INFO - logger:54 - Current text: 'show cu'
2025-01-23 21:36:26,468 - AITerm - INFO - logger:54 - Getting suggestions for text: 'show'
2025-01-23 21:36:26,468 - AITerm - INFO - logger:54 - Trying path completion for: ./cu*
2025-01-23 21:36:26,469 - AITerm - INFO - logger:54 - Final suggestions: []
2025-01-23 21:36:26,469 - AITerm - INFO - logger:54 - Got suggestions: []
2025-01-23 21:36:26,469 - AITerm - INFO - logger:54 - No suggestions, hiding dropdown
2025-01-23 21:36:26,469 - AITerm - INFO - logger:54 - Hiding dropdown
2025-01-23 21:36:26,525 - AITerm - INFO - logger:54 - Key release event - keysym: u, char: u, keycode: 536871029
2025-01-23 21:36:26,525 - AITerm - INFO - logger:54 - Current text: 'show cu'
2025-01-23 21:36:26,525 - AITerm - INFO - logger:54 - Getting suggestions for text: 'show'
2025-01-23 21:36:26,525 - AITerm - INFO - logger:54 - Trying path completion for: ./cu*
2025-01-23 21:36:26,525 - AITerm - INFO - logger:54 - Final suggestions: []
2025-01-23 21:36:26,525 - AITerm - INFO - logger:54 - Got suggestions: []
2025-01-23 21:36:26,525 - AITerm - INFO - logger:54 - No suggestions, hiding dropdown
2025-01-23 21:36:26,716 - AITerm - INFO - logger:54 - Key release event - keysym: r, char: r, keycode: 251658354
2025-01-23 21:36:26,716 - AITerm - INFO - logger:54 - Current text: 'show cur'
2025-01-23 21:36:26,716 - AITerm - INFO - logger:54 - Getting suggestions for text: 'show'
2025-01-23 21:36:26,716 - AITerm - INFO - logger:54 - Trying path completion for: ./cur*
2025-01-23 21:36:26,717 - AITerm - INFO - logger:54 - Final suggestions: []
2025-01-23 21:36:26,717 - AITerm - INFO - logger:54 - Got suggestions: []
2025-01-23 21:36:26,717 - AITerm - INFO - logger:54 - No suggestions, hiding dropdown
2025-01-23 21:36:26,930 - AITerm - INFO - logger:54 - Key release event - keysym: r, char: r, keycode: 251658354
2025-01-23 21:36:26,930 - AITerm - INFO - logger:54 - Current text: 'show curre'
2025-01-23 21:36:26,930 - AITerm - INFO - logger:54 - Getting suggestions for text: 'show'
2025-01-23 21:36:26,930 - AITerm - INFO - logger:54 - Trying path completion for: ./curre*
2025-01-23 21:36:26,930 - AITerm - INFO - logger:54 - Final suggestions: []
2025-01-23 21:36:26,931 - AITerm - INFO - logger:54 - Got suggestions: []
2025-01-23 21:36:26,931 - AITerm - INFO - logger:54 - No suggestions, hiding dropdown
2025-01-23 21:36:27,042 - AITerm - INFO - logger:54 - Key release event - keysym: e, char: e, keycode: 234881125
2025-01-23 21:36:27,042 - AITerm - INFO - logger:54 - Current text: 'show curren'
2025-01-23 21:36:27,042 - AITerm - INFO - logger:54 - Getting suggestions for text: 'show'
2025-01-23 21:36:27,043 - AITerm - INFO - logger:54 - Trying path completion for: ./curren*
2025-01-23 21:36:27,043 - AITerm - INFO - logger:54 - Final suggestions: []
2025-01-23 21:36:27,043 - AITerm - INFO - logger:54 - Got suggestions: []
2025-01-23 21:36:27,043 - AITerm - INFO - logger:54 - No suggestions, hiding dropdown
2025-01-23 21:36:27,110 - AITerm - INFO - logger:54 - Key release event - keysym: n, char: n, keycode: 754974830
2025-01-23 21:36:27,110 - AITerm - INFO - logger:54 - Current text: 'show current'
2025-01-23 21:36:27,110 - AITerm - INFO - logger:54 - Getting suggestions for text: 'show'
2025-01-23 21:36:27,110 - AITerm - INFO - logger:54 - Trying path completion for: ./current*
2025-01-23 21:36:27,110 - AITerm - INFO - logger:54 - Final suggestions: []
2025-01-23 21:36:27,110 - AITerm - INFO - logger:54 - Got suggestions: []
2025-01-23 21:36:27,110 - AITerm - INFO - logger:54 - No suggestions, hiding dropdown
2025-01-23 21:36:27,234 - AITerm - INFO - logger:54 - Key release event - keysym: t, char: t, keycode: 285212788
2025-01-23 21:36:27,234 - AITerm - INFO - logger:54 - Current text: 'show current '
2025-01-23 21:36:27,234 - AITerm - INFO - logger:54 - Getting suggestions for text: 'show'
2025-01-23 21:36:27,234 - AITerm - INFO - logger:54 - Trying path completion for: ./current*
2025-01-23 21:36:27,235 - AITerm - INFO - logger:54 - Final suggestions: []
2025-01-23 21:36:27,235 - AITerm - INFO - logger:54 - Got suggestions: []
2025-01-23 21:36:27,235 - AITerm - INFO - logger:54 - No suggestions, hiding dropdown
2025-01-23 21:36:27,335 - AITerm - INFO - logger:54 - Key release event - keysym: space, char:  , keycode: 822083616
2025-01-23 21:36:27,335 - AITerm - INFO - logger:54 - Current text: 'show current '
2025-01-23 21:36:27,335 - AITerm - INFO - logger:54 - Getting suggestions for text: 'show'
2025-01-23 21:36:27,335 - AITerm - INFO - logger:54 - Trying path completion for: ./current*
2025-01-23 21:36:27,336 - AITerm - INFO - logger:54 - Final suggestions: []
2025-01-23 21:36:27,336 - AITerm - INFO - logger:54 - Got suggestions: []
2025-01-23 21:36:27,336 - AITerm - INFO - logger:54 - No suggestions, hiding dropdown
2025-01-23 21:36:27,515 - AITerm - INFO - logger:54 - Key release event - keysym: d, char: d, keycode: 33554532
2025-01-23 21:36:27,516 - AITerm - INFO - logger:54 - Current text: 'show current di'
2025-01-23 21:36:27,516 - AITerm - INFO - logger:54 - Getting suggestions for text: 'show'
2025-01-23 21:36:27,516 - AITerm - INFO - logger:54 - Trying path completion for: ./di*
2025-01-23 21:36:27,516 - AITerm - INFO - logger:54 - Final suggestions: []
2025-01-23 21:36:27,516 - AITerm - INFO - logger:54 - Got suggestions: []
2025-01-23 21:36:27,516 - AITerm - INFO - logger:54 - No suggestions, hiding dropdown
2025-01-23 21:36:27,549 - AITerm - INFO - logger:54 - Key release event - keysym: i, char: i, keycode: 570425449
2025-01-23 21:36:27,549 - AITerm - INFO - logger:54 - Current text: 'show current di'
2025-01-23 21:36:27,549 - AITerm - INFO - logger:54 - Getting suggestions for text: 'show'
2025-01-23 21:36:27,549 - AITerm - INFO - logger:54 - Trying path completion for: ./di*
2025-01-23 21:36:27,550 - AITerm - INFO - logger:54 - Final suggestions: []
2025-01-23 21:36:27,550 - AITerm - INFO - logger:54 - Got suggestions: []
2025-01-23 21:36:27,550 - AITerm - INFO - logger:54 - No suggestions, hiding dropdown
2025-01-23 21:36:27,774 - AITerm - INFO - logger:54 - Key release event - keysym: r, char: r, keycode: 251658354
2025-01-23 21:36:27,774 - AITerm - INFO - logger:54 - Current text: 'show current dire'
2025-01-23 21:36:27,774 - AITerm - INFO - logger:54 - Getting suggestions for text: 'show'
2025-01-23 21:36:27,774 - AITerm - INFO - logger:54 - Trying path completion for: ./dire*
2025-01-23 21:36:27,774 - AITerm - INFO - logger:54 - Final suggestions: []
2025-01-23 21:36:27,774 - AITerm - INFO - logger:54 - Got suggestions: []
2025-01-23 21:36:27,774 - AITerm - INFO - logger:54 - No suggestions, hiding dropdown
2025-01-23 21:36:27,819 - AITerm - INFO - logger:54 - Key release event - keysym: e, char: e, keycode: 234881125
2025-01-23 21:36:27,819 - AITerm - INFO - logger:54 - Current text: 'show current dire'
2025-01-23 21:36:27,819 - AITerm - INFO - logger:54 - Getting suggestions for text: 'show'
2025-01-23 21:36:27,819 - AITerm - INFO - logger:54 - Trying path completion for: ./dire*
2025-01-23 21:36:27,819 - AITerm - INFO - logger:54 - Final suggestions: []
2025-01-23 21:36:27,820 - AITerm - INFO - logger:54 - Got suggestions: []
2025-01-23 21:36:27,820 - AITerm - INFO - logger:54 - No suggestions, hiding dropdown
2025-01-23 21:36:28,033 - AITerm - INFO - logger:54 - Key release event - keysym: c, char: c, keycode: 134217827
2025-01-23 21:36:28,033 - AITerm - INFO - logger:54 - Current text: 'show current direc'
2025-01-23 21:36:28,033 - AITerm - INFO - logger:54 - Getting suggestions for text: 'show'
2025-01-23 21:36:28,033 - AITerm - INFO - logger:54 - Trying path completion for: ./direc*
2025-01-23 21:36:28,033 - AITerm - INFO - logger:54 - Final suggestions: []
2025-01-23 21:36:28,033 - AITerm - INFO - logger:54 - Got suggestions: []
2025-01-23 21:36:28,033 - AITerm - INFO - logger:54 - No suggestions, hiding dropdown
2025-01-23 21:36:28,235 - AITerm - INFO - logger:54 - Key release event - keysym: o, char: o, keycode: 520093807
2025-01-23 21:36:28,235 - AITerm - INFO - logger:54 - Current text: 'show current direcot'
2025-01-23 21:36:28,235 - AITerm - INFO - logger:54 - Getting suggestions for text: 'show'
2025-01-23 21:36:28,235 - AITerm - INFO - logger:54 - Trying path completion for: ./direcot*
2025-01-23 21:36:28,236 - AITerm - INFO - logger:54 - Final suggestions: []
2025-01-23 21:36:28,236 - AITerm - INFO - logger:54 - Got suggestions: []
2025-01-23 21:36:28,236 - AITerm - INFO - logger:54 - No suggestions, hiding dropdown
2025-01-23 21:36:28,336 - AITerm - INFO - logger:54 - Key release event - keysym: t, char: t, keycode: 285212788
2025-01-23 21:36:28,336 - AITerm - INFO - logger:54 - Current text: 'show current direcot'
2025-01-23 21:36:28,336 - AITerm - INFO - logger:54 - Getting suggestions for text: 'show'
2025-01-23 21:36:28,336 - AITerm - INFO - logger:54 - Trying path completion for: ./direcot*
2025-01-23 21:36:28,336 - AITerm - INFO - logger:54 - Final suggestions: []
2025-01-23 21:36:28,336 - AITerm - INFO - logger:54 - Got suggestions: []
2025-01-23 21:36:28,336 - AITerm - INFO - logger:54 - No suggestions, hiding dropdown
2025-01-23 21:36:28,955 - AITerm - INFO - logger:54 - Key release event - keysym: BackSpace, char: , keycode: 855638143
2025-01-23 21:36:28,955 - AITerm - INFO - logger:54 - Current text: 'show current direco'
2025-01-23 21:36:28,955 - AITerm - INFO - logger:54 - Getting suggestions for text: 'show'
2025-01-23 21:36:28,956 - AITerm - INFO - logger:54 - Trying path completion for: ./direco*
2025-01-23 21:36:28,956 - AITerm - INFO - logger:54 - Final suggestions: []
2025-01-23 21:36:28,956 - AITerm - INFO - logger:54 - Got suggestions: []
2025-01-23 21:36:28,956 - AITerm - INFO - logger:54 - No suggestions, hiding dropdown
2025-01-23 21:36:29,082 - AITerm - INFO - logger:54 - Key release event - keysym: BackSpace, char: , keycode: 855638143
2025-01-23 21:36:29,083 - AITerm - INFO - logger:54 - Current text: 'show current direc'
2025-01-23 21:36:29,083 - AITerm - INFO - logger:54 - Getting suggestions for text: 'show'
2025-01-23 21:36:29,083 - AITerm - INFO - logger:54 - Trying path completion for: ./direc*
2025-01-23 21:36:29,083 - AITerm - INFO - logger:54 - Final suggestions: []
2025-01-23 21:36:29,083 - AITerm - INFO - logger:54 - Got suggestions: []
2025-01-23 21:36:29,083 - AITerm - INFO - logger:54 - No suggestions, hiding dropdown
2025-01-23 21:36:29,427 - AITerm - INFO - logger:54 - Key release event - keysym: t, char: t, keycode: 285212788
2025-01-23 21:36:29,427 - AITerm - INFO - logger:54 - Current text: 'show current direct'
2025-01-23 21:36:29,427 - AITerm - INFO - logger:54 - Getting suggestions for text: 'show'
2025-01-23 21:36:29,427 - AITerm - INFO - logger:54 - Trying path completion for: ./direct*
2025-01-23 21:36:29,428 - AITerm - INFO - logger:54 - Final suggestions: []
2025-01-23 21:36:29,428 - AITerm - INFO - logger:54 - Got suggestions: []
2025-01-23 21:36:29,428 - AITerm - INFO - logger:54 - No suggestions, hiding dropdown
2025-01-23 21:36:29,573 - AITerm - INFO - logger:54 - Key release event - keysym: o, char: o, keycode: 520093807
2025-01-23 21:36:29,573 - AITerm - INFO - logger:54 - Current text: 'show current directo'
2025-01-23 21:36:29,573 - AITerm - INFO - logger:54 - Getting suggestions for text: 'show'
2025-01-23 21:36:29,573 - AITerm - INFO - logger:54 - Trying path completion for: ./directo*
2025-01-23 21:36:29,574 - AITerm - INFO - logger:54 - Final suggestions: []
2025-01-23 21:36:29,574 - AITerm - INFO - logger:54 - Got suggestions: []
2025-01-23 21:36:29,574 - AITerm - INFO - logger:54 - No suggestions, hiding dropdown
2025-01-23 21:36:29,889 - AITerm - INFO - logger:54 - Key release event - keysym: r, char: r, keycode: 251658354
2025-01-23 21:36:29,889 - AITerm - INFO - logger:54 - Current text: 'show current director'
2025-01-23 21:36:29,889 - AITerm - INFO - logger:54 - Getting suggestions for text: 'show'
2025-01-23 21:36:29,889 - AITerm - INFO - logger:54 - Trying path completion for: ./director*
2025-01-23 21:36:29,889 - AITerm - INFO - logger:54 - Final suggestions: []
2025-01-23 21:36:29,889 - AITerm - INFO - logger:54 - Got suggestions: []
2025-01-23 21:36:29,889 - AITerm - INFO - logger:54 - No suggestions, hiding dropdown
2025-01-23 21:36:29,989 - AITerm - INFO - logger:54 - Key release event - keysym: y, char: y, keycode: 268435577
2025-01-23 21:36:29,990 - AITerm - INFO - logger:54 - Current text: 'show current directory'
2025-01-23 21:36:29,990 - AITerm - INFO - logger:54 - Getting suggestions for text: 'show'
2025-01-23 21:36:29,990 - AITerm - INFO - logger:54 - Trying path completion for: ./directory*
2025-01-23 21:36:29,990 - AITerm - INFO - logger:54 - Final suggestions: []
2025-01-23 21:36:29,990 - AITerm - INFO - logger:54 - Got suggestions: []
2025-01-23 21:36:29,990 - AITerm - INFO - logger:54 - No suggestions, hiding dropdown
2025-01-23 21:36:30,294 - AITerm - INFO - logger:54 - Hiding dropdown
2025-01-23 21:36:30,294 - AITerm - INFO - logger:54 - Executing command: show current directory
2025-01-23 21:36:30,294 - AITerm - DEBUG - logger:51 - Added command to history. Total commands: 1
2025-01-23 21:36:31,070 - AITerm - INFO - logger:54 - Key release event - keysym: Return, char: , keycode: 603979789
2025-01-23 21:36:31,070 - AITerm - INFO - logger:54 - Ignoring special key: Return
2025-01-23 21:36:35,188 - AITerm - INFO - logger:54 - Key release event - keysym: l, char: l, keycode: 620757100
2025-01-23 21:36:35,188 - AITerm - INFO - logger:54 - Current text: 'ls'
2025-01-23 21:36:35,188 - AITerm - INFO - logger:54 - Getting suggestions for text: 'ls'
2025-01-23 21:36:35,188 - AITerm - INFO - logger:54 - Prefix matches for 'ls': ['ls']
2025-01-23 21:36:35,188 - AITerm - INFO - logger:54 - Fuzzy matches for 'ls': ['ls', 'less', 'ps', 'svn']
2025-01-23 21:36:35,188 - AITerm - INFO - logger:54 - New fuzzy matches: ['less', 'ps', 'svn']
2025-01-23 21:36:35,188 - AITerm - INFO - logger:54 - Final suggestions: ['ls', 'less', 'ps', 'svn']
2025-01-23 21:36:35,188 - AITerm - INFO - logger:54 - Got suggestions: ['ls', 'less', 'ps', 'svn']
2025-01-23 21:36:35,189 - AITerm - INFO - logger:54 - Showing dropdown at position (134, 672)
2025-01-23 21:36:35,189 - AITerm - INFO - logger:54 - Showing dropdown with 4 suggestions at (134, 672)
2025-01-23 21:36:35,189 - AITerm - INFO - logger:54 - Setting geometry to: 404x184+134+672
2025-01-23 21:36:35,193 - AITerm - INFO - logger:54 - Dropdown shown and configured
2025-01-23 21:36:35,193 - AITerm - INFO - logger:54 - Dropdown visible: True
2025-01-23 21:36:35,193 - AITerm - INFO - logger:54 - Dropdown geometry: 404x184+134+672
2025-01-23 21:36:35,312 - AITerm - INFO - logger:54 - Key release event - keysym: s, char: s, keycode: 16777331
2025-01-23 21:36:35,312 - AITerm - INFO - logger:54 - Current text: 'ls'
2025-01-23 21:36:35,312 - AITerm - INFO - logger:54 - Getting suggestions for text: 'ls'
2025-01-23 21:36:35,312 - AITerm - INFO - logger:54 - Prefix matches for 'ls': ['ls']
2025-01-23 21:36:35,312 - AITerm - INFO - logger:54 - Fuzzy matches for 'ls': ['ls', 'less', 'ps', 'svn']
2025-01-23 21:36:35,312 - AITerm - INFO - logger:54 - New fuzzy matches: ['less', 'ps', 'svn']
2025-01-23 21:36:35,312 - AITerm - INFO - logger:54 - Final suggestions: ['ls', 'less', 'ps', 'svn']
2025-01-23 21:36:35,312 - AITerm - INFO - logger:54 - Got suggestions: ['ls', 'less', 'ps', 'svn']
2025-01-23 21:36:35,312 - AITerm - INFO - logger:54 - Showing dropdown at position (134, 672)
2025-01-23 21:36:35,313 - AITerm - INFO - logger:54 - Showing dropdown with 4 suggestions at (134, 672)
2025-01-23 21:36:35,314 - AITerm - INFO - logger:54 - Setting geometry to: 404x184+134+672
2025-01-23 21:36:35,315 - AITerm - INFO - logger:54 - Dropdown shown and configured
2025-01-23 21:36:35,315 - AITerm - INFO - logger:54 - Dropdown visible: True
2025-01-23 21:36:35,315 - AITerm - INFO - logger:54 - Dropdown geometry: 404x184+134+672
2025-01-23 21:36:35,355 - AITerm - INFO - logger:54 - Hiding dropdown
2025-01-23 21:36:35,356 - AITerm - INFO - logger:54 - Executing command: ls
2025-01-23 21:36:35,356 - AITerm - DEBUG - logger:51 - Added command to history. Total commands: 2
2025-01-23 21:36:35,469 - AITerm - INFO - logger:54 - Key release event - keysym: Return, char: , keycode: 603979789
2025-01-23 21:36:35,469 - AITerm - INFO - logger:54 - Ignoring special key: Return
2025-01-23 21:36:36,807 - AITerm - INFO - logger:54 - Key release event - keysym: p, char: p, keycode: 587202672
2025-01-23 21:36:36,807 - AITerm - INFO - logger:54 - Current text: 'pw'
2025-01-23 21:36:36,807 - AITerm - INFO - logger:54 - Getting suggestions for text: 'pw'
2025-01-23 21:36:36,807 - AITerm - INFO - logger:54 - Prefix matches for 'pw': ['pwd']
2025-01-23 21:36:36,807 - AITerm - INFO - logger:54 - Fuzzy matches for 'pw': ['pwd', 'wc', 'ps', 'cp']
2025-01-23 21:36:36,807 - AITerm - INFO - logger:54 - New fuzzy matches: ['wc', 'ps', 'cp']
2025-01-23 21:36:36,808 - AITerm - INFO - logger:54 - Final suggestions: ['pwd', 'wc', 'ps', 'cp']
2025-01-23 21:36:36,808 - AITerm - INFO - logger:54 - Got suggestions: ['pwd', 'wc', 'ps', 'cp']
2025-01-23 21:36:36,808 - AITerm - INFO - logger:54 - Showing dropdown at position (134, 672)
2025-01-23 21:36:36,808 - AITerm - INFO - logger:54 - Showing dropdown with 4 suggestions at (134, 672)
2025-01-23 21:36:36,808 - AITerm - INFO - logger:54 - Setting geometry to: 404x184+134+672
2025-01-23 21:36:36,812 - AITerm - INFO - logger:54 - Dropdown shown and configured
2025-01-23 21:36:36,812 - AITerm - INFO - logger:54 - Dropdown visible: True
2025-01-23 21:36:36,812 - AITerm - INFO - logger:54 - Dropdown geometry: 404x184+134+672
2025-01-23 21:36:36,953 - AITerm - INFO - logger:54 - Key release event - keysym: w, char: w, keycode: 218103927
2025-01-23 21:36:36,953 - AITerm - INFO - logger:54 - Current text: 'pwd'
2025-01-23 21:36:36,953 - AITerm - INFO - logger:54 - Getting suggestions for text: 'pwd'
2025-01-23 21:36:36,953 - AITerm - INFO - logger:54 - Prefix matches for 'pwd': ['pwd']
2025-01-23 21:36:36,953 - AITerm - INFO - logger:54 - Fuzzy matches for 'pwd': ['pwd', 'wc', 'ps', 'du']
2025-01-23 21:36:36,954 - AITerm - INFO - logger:54 - New fuzzy matches: ['wc', 'ps', 'du']
2025-01-23 21:36:36,954 - AITerm - INFO - logger:54 - Final suggestions: ['pwd', 'wc', 'ps', 'du']
2025-01-23 21:36:36,954 - AITerm - INFO - logger:54 - Got suggestions: ['pwd', 'wc', 'ps', 'du']
2025-01-23 21:36:36,954 - AITerm - INFO - logger:54 - Showing dropdown at position (134, 672)
2025-01-23 21:36:36,954 - AITerm - INFO - logger:54 - Showing dropdown with 4 suggestions at (134, 672)
2025-01-23 21:36:36,955 - AITerm - INFO - logger:54 - Setting geometry to: 404x184+134+672
2025-01-23 21:36:36,955 - AITerm - INFO - logger:54 - Dropdown shown and configured
2025-01-23 21:36:36,956 - AITerm - INFO - logger:54 - Dropdown visible: True
2025-01-23 21:36:36,956 - AITerm - INFO - logger:54 - Dropdown geometry: 404x184+134+672
2025-01-23 21:36:37,077 - AITerm - INFO - logger:54 - Key release event - keysym: d, char: d, keycode: 33554532
2025-01-23 21:36:37,077 - AITerm - INFO - logger:54 - Current text: 'pwd'
2025-01-23 21:36:37,077 - AITerm - INFO - logger:54 - Getting suggestions for text: 'pwd'
2025-01-23 21:36:37,077 - AITerm - INFO - logger:54 - Prefix matches for 'pwd': ['pwd']
2025-01-23 21:36:37,077 - AITerm - INFO - logger:54 - Fuzzy matches for 'pwd': ['pwd', 'wc', 'ps', 'du']
2025-01-23 21:36:37,077 - AITerm - INFO - logger:54 - New fuzzy matches: ['wc', 'ps', 'du']
2025-01-23 21:36:37,077 - AITerm - INFO - logger:54 - Final suggestions: ['pwd', 'wc', 'ps', 'du']
2025-01-23 21:36:37,078 - AITerm - INFO - logger:54 - Got suggestions: ['pwd', 'wc', 'ps', 'du']
2025-01-23 21:36:37,078 - AITerm - INFO - logger:54 - Showing dropdown at position (134, 672)
2025-01-23 21:36:37,078 - AITerm - INFO - logger:54 - Showing dropdown with 4 suggestions at (134, 672)
2025-01-23 21:36:37,079 - AITerm - INFO - logger:54 - Setting geometry to: 404x184+134+672
2025-01-23 21:36:37,080 - AITerm - INFO - logger:54 - Dropdown shown and configured
2025-01-23 21:36:37,080 - AITerm - INFO - logger:54 - Dropdown visible: True
2025-01-23 21:36:37,080 - AITerm - INFO - logger:54 - Dropdown geometry: 404x184+134+672
2025-01-23 21:36:37,167 - AITerm - INFO - logger:54 - Hiding dropdown
2025-01-23 21:36:37,167 - AITerm - INFO - logger:54 - Executing command: pwd
2025-01-23 21:36:37,168 - AITerm - DEBUG - logger:51 - Added command to history. Total commands: 3
2025-01-23 21:36:37,279 - AITerm - INFO - logger:54 - Key release event - keysym: Return, char: , keycode: 603979789
2025-01-23 21:36:37,279 - AITerm - INFO - logger:54 - Ignoring special key: Return
2025-01-23 21:36:48,743 - AITerm - INFO - logger:54 - Key release event - keysym: l, char: l, keycode: 620757100
2025-01-23 21:36:48,743 - AITerm - INFO - logger:54 - Current text: 'ls'
2025-01-23 21:36:48,743 - AITerm - INFO - logger:54 - Getting suggestions for text: 'ls'
2025-01-23 21:36:48,743 - AITerm - INFO - logger:54 - Prefix matches for 'ls': ['ls']
2025-01-23 21:36:48,743 - AITerm - INFO - logger:54 - Fuzzy matches for 'ls': ['ls', 'less', 'ps', 'svn']
2025-01-23 21:36:48,743 - AITerm - INFO - logger:54 - New fuzzy matches: ['less', 'ps', 'svn']
2025-01-23 21:36:48,743 - AITerm - INFO - logger:54 - Final suggestions: ['ls', 'less', 'ps', 'svn']
2025-01-23 21:36:48,743 - AITerm - INFO - logger:54 - Got suggestions: ['ls', 'less', 'ps', 'svn']
2025-01-23 21:36:48,743 - AITerm - INFO - logger:54 - Showing dropdown at position (134, 672)
2025-01-23 21:36:48,743 - AITerm - INFO - logger:54 - Showing dropdown with 4 suggestions at (134, 672)
2025-01-23 21:36:48,744 - AITerm - INFO - logger:54 - Setting geometry to: 404x184+134+672
2025-01-23 21:36:48,747 - AITerm - INFO - logger:54 - Dropdown shown and configured
2025-01-23 21:36:48,747 - AITerm - INFO - logger:54 - Dropdown visible: True
2025-01-23 21:36:48,747 - AITerm - INFO - logger:54 - Dropdown geometry: 404x184+134+672
2025-01-23 21:36:48,889 - AITerm - INFO - logger:54 - Key release event - keysym: s, char: s, keycode: 16777331
2025-01-23 21:36:48,889 - AITerm - INFO - logger:54 - Current text: 'ls'
2025-01-23 21:36:48,889 - AITerm - INFO - logger:54 - Getting suggestions for text: 'ls'
2025-01-23 21:36:48,889 - AITerm - INFO - logger:54 - Prefix matches for 'ls': ['ls']
2025-01-23 21:36:48,890 - AITerm - INFO - logger:54 - Fuzzy matches for 'ls': ['ls', 'less', 'ps', 'svn']
2025-01-23 21:36:48,890 - AITerm - INFO - logger:54 - New fuzzy matches: ['less', 'ps', 'svn']
2025-01-23 21:36:48,890 - AITerm - INFO - logger:54 - Final suggestions: ['ls', 'less', 'ps', 'svn']
2025-01-23 21:36:48,890 - AITerm - INFO - logger:54 - Got suggestions: ['ls', 'less', 'ps', 'svn']
2025-01-23 21:36:48,890 - AITerm - INFO - logger:54 - Showing dropdown at position (134, 672)
2025-01-23 21:36:48,890 - AITerm - INFO - logger:54 - Showing dropdown with 4 suggestions at (134, 672)
2025-01-23 21:36:48,891 - AITerm - INFO - logger:54 - Setting geometry to: 404x184+134+672
2025-01-23 21:36:48,892 - AITerm - INFO - logger:54 - Dropdown shown and configured
2025-01-23 21:36:48,892 - AITerm - INFO - logger:54 - Dropdown visible: True
2025-01-23 21:36:48,892 - AITerm - INFO - logger:54 - Dropdown geometry: 404x184+134+672
2025-01-23 21:36:49,025 - AITerm - INFO - logger:54 - Key release event - keysym: space, char:  , keycode: 822083616
2025-01-23 21:36:49,025 - AITerm - INFO - logger:54 - Current text: 'ls '
2025-01-23 21:36:49,025 - AITerm - INFO - logger:54 - Getting suggestions for text: 'ls'
2025-01-23 21:36:49,025 - AITerm - INFO - logger:54 - Prefix matches for 'ls': ['ls']
2025-01-23 21:36:49,025 - AITerm - INFO - logger:54 - Fuzzy matches for 'ls': ['ls', 'less', 'ps', 'svn']
2025-01-23 21:36:49,025 - AITerm - INFO - logger:54 - New fuzzy matches: ['less', 'ps', 'svn']
2025-01-23 21:36:49,025 - AITerm - INFO - logger:54 - Final suggestions: ['ls', 'less', 'ps', 'svn']
2025-01-23 21:36:49,025 - AITerm - INFO - logger:54 - Got suggestions: ['ls', 'less', 'ps', 'svn']
2025-01-23 21:36:49,025 - AITerm - INFO - logger:54 - Showing dropdown at position (134, 672)
2025-01-23 21:36:49,026 - AITerm - INFO - logger:54 - Showing dropdown with 4 suggestions at (134, 672)
2025-01-23 21:36:49,027 - AITerm - INFO - logger:54 - Setting geometry to: 404x184+134+672
2025-01-23 21:36:49,027 - AITerm - INFO - logger:54 - Dropdown shown and configured
2025-01-23 21:36:49,027 - AITerm - INFO - logger:54 - Dropdown visible: True
2025-01-23 21:36:49,028 - AITerm - INFO - logger:54 - Dropdown geometry: 404x184+134+672
2025-01-23 21:36:49,554 - AITerm - INFO - logger:54 - Key release event - keysym: -, char: -, keycode: 452984877
2025-01-23 21:36:49,554 - AITerm - INFO - logger:54 - Current text: 'ls -'
2025-01-23 21:36:49,554 - AITerm - INFO - logger:54 - Getting suggestions for text: 'ls'
2025-01-23 21:36:49,554 - AITerm - INFO - logger:54 - Trying path completion for: ./-*
2025-01-23 21:36:49,555 - AITerm - INFO - logger:54 - Final suggestions: []
2025-01-23 21:36:49,555 - AITerm - INFO - logger:54 - Got suggestions: []
2025-01-23 21:36:49,555 - AITerm - INFO - logger:54 - No suggestions, hiding dropdown
2025-01-23 21:36:49,555 - AITerm - INFO - logger:54 - Hiding dropdown
2025-01-23 21:36:49,902 - AITerm - INFO - logger:54 - Key release event - keysym: l, char: l, keycode: 620757100
2025-01-23 21:36:49,902 - AITerm - INFO - logger:54 - Current text: 'ls -l'
2025-01-23 21:36:49,902 - AITerm - INFO - logger:54 - Getting suggestions for text: 'ls'
2025-01-23 21:36:49,902 - AITerm - INFO - logger:54 - Trying path completion for: ./-l*
2025-01-23 21:36:49,902 - AITerm - INFO - logger:54 - Final suggestions: []
2025-01-23 21:36:49,902 - AITerm - INFO - logger:54 - Got suggestions: []
2025-01-23 21:36:49,903 - AITerm - INFO - logger:54 - No suggestions, hiding dropdown
2025-01-23 21:36:50,071 - AITerm - INFO - logger:54 - Key release event - keysym: a, char: a, keycode: 97
2025-01-23 21:36:50,071 - AITerm - INFO - logger:54 - Current text: 'ls -la'
2025-01-23 21:36:50,071 - AITerm - INFO - logger:54 - Getting suggestions for text: 'ls'
2025-01-23 21:36:50,071 - AITerm - INFO - logger:54 - Trying path completion for: ./-la*
2025-01-23 21:36:50,072 - AITerm - INFO - logger:54 - Final suggestions: []
2025-01-23 21:36:50,072 - AITerm - INFO - logger:54 - Got suggestions: []
2025-01-23 21:36:50,072 - AITerm - INFO - logger:54 - No suggestions, hiding dropdown
2025-01-23 21:36:50,105 - AITerm - INFO - logger:54 - Hiding dropdown
2025-01-23 21:36:50,105 - AITerm - INFO - logger:54 - Executing command: ls -la
2025-01-23 21:36:50,105 - AITerm - DEBUG - logger:51 - Added command to history. Total commands: 4
2025-01-23 21:36:50,195 - AITerm - INFO - logger:54 - Key release event - keysym: Return, char: , keycode: 603979789
2025-01-23 21:36:50,195 - AITerm - INFO - logger:54 - Ignoring special key: Return
2025-01-23 21:36:53,525 - AITerm - INFO - logger:54 - Key release event - keysym: s, char: s, keycode: 16777331
2025-01-23 21:36:53,526 - AITerm - INFO - logger:54 - Current text: 'sh'
2025-01-23 21:36:53,526 - AITerm - INFO - logger:54 - Getting suggestions for text: 'sh'
2025-01-23 21:36:53,526 - AITerm - INFO - logger:54 - Prefix matches for 'sh': []
2025-01-23 21:36:53,526 - AITerm - INFO - logger:54 - Fuzzy matches for 'sh': ['ssh', 'ps', 'ls', 'svn', 'sed']
2025-01-23 21:36:53,526 - AITerm - INFO - logger:54 - New fuzzy matches: ['ssh', 'ps', 'ls', 'svn', 'sed']
2025-01-23 21:36:53,526 - AITerm - INFO - logger:54 - Final suggestions: ['ssh', 'ps', 'ls', 'svn', 'sed']
2025-01-23 21:36:53,526 - AITerm - INFO - logger:54 - Got suggestions: ['ssh', 'ps', 'ls', 'svn', 'sed']
2025-01-23 21:36:53,526 - AITerm - INFO - logger:54 - Showing dropdown at position (134, 672)
2025-01-23 21:36:53,526 - AITerm - INFO - logger:54 - Showing dropdown with 5 suggestions at (134, 672)
2025-01-23 21:36:53,527 - AITerm - INFO - logger:54 - Setting geometry to: 404x184+134+672
2025-01-23 21:36:53,530 - AITerm - INFO - logger:54 - Dropdown shown and configured
2025-01-23 21:36:53,530 - AITerm - INFO - logger:54 - Dropdown visible: True
2025-01-23 21:36:53,530 - AITerm - INFO - logger:54 - Dropdown geometry: 404x184+134+672
2025-01-23 21:36:53,649 - AITerm - INFO - logger:54 - Key release event - keysym: h, char: h, keycode: 67108968
2025-01-23 21:36:53,650 - AITerm - INFO - logger:54 - Current text: 'show'
2025-01-23 21:36:53,650 - AITerm - INFO - logger:54 - Getting suggestions for text: 'show'
2025-01-23 21:36:53,650 - AITerm - INFO - logger:54 - Prefix matches for 'show': []
2025-01-23 21:36:53,650 - AITerm - INFO - logger:54 - Fuzzy matches for 'show': ['ssh', 'sort', 'echo', 'python', 'wc']
2025-01-23 21:36:53,650 - AITerm - INFO - logger:54 - New fuzzy matches: ['ssh', 'sort', 'echo', 'python', 'wc']
2025-01-23 21:36:53,650 - AITerm - INFO - logger:54 - Final suggestions: ['ssh', 'sort', 'echo', 'python', 'wc']
2025-01-23 21:36:53,650 - AITerm - INFO - logger:54 - Got suggestions: ['ssh', 'sort', 'echo', 'python', 'wc']
2025-01-23 21:36:53,650 - AITerm - INFO - logger:54 - Showing dropdown at position (134, 672)
2025-01-23 21:36:53,650 - AITerm - INFO - logger:54 - Showing dropdown with 5 suggestions at (134, 672)
2025-01-23 21:36:53,651 - AITerm - INFO - logger:54 - Setting geometry to: 404x184+134+672
2025-01-23 21:36:53,652 - AITerm - INFO - logger:54 - Dropdown shown and configured
2025-01-23 21:36:53,652 - AITerm - INFO - logger:54 - Dropdown visible: True
2025-01-23 21:36:53,652 - AITerm - INFO - logger:54 - Dropdown geometry: 404x184+134+672
2025-01-23 21:36:53,705 - AITerm - INFO - logger:54 - Key release event - keysym: o, char: o, keycode: 520093807
2025-01-23 21:36:53,706 - AITerm - INFO - logger:54 - Current text: 'show'
2025-01-23 21:36:53,706 - AITerm - INFO - logger:54 - Getting suggestions for text: 'show'
2025-01-23 21:36:53,706 - AITerm - INFO - logger:54 - Prefix matches for 'show': []
2025-01-23 21:36:53,706 - AITerm - INFO - logger:54 - Fuzzy matches for 'show': ['ssh', 'sort', 'echo', 'python', 'wc']
2025-01-23 21:36:53,706 - AITerm - INFO - logger:54 - New fuzzy matches: ['ssh', 'sort', 'echo', 'python', 'wc']
2025-01-23 21:36:53,706 - AITerm - INFO - logger:54 - Final suggestions: ['ssh', 'sort', 'echo', 'python', 'wc']
2025-01-23 21:36:53,706 - AITerm - INFO - logger:54 - Got suggestions: ['ssh', 'sort', 'echo', 'python', 'wc']
2025-01-23 21:36:53,706 - AITerm - INFO - logger:54 - Showing dropdown at position (134, 672)
2025-01-23 21:36:53,706 - AITerm - INFO - logger:54 - Showing dropdown with 5 suggestions at (134, 672)
2025-01-23 21:36:53,708 - AITerm - INFO - logger:54 - Setting geometry to: 404x184+134+672
2025-01-23 21:36:53,708 - AITerm - INFO - logger:54 - Dropdown shown and configured
2025-01-23 21:36:53,708 - AITerm - INFO - logger:54 - Dropdown visible: True
2025-01-23 21:36:53,708 - AITerm - INFO - logger:54 - Dropdown geometry: 404x184+134+672
2025-01-23 21:36:53,750 - AITerm - INFO - logger:54 - Key release event - keysym: w, char: w, keycode: 218103927
2025-01-23 21:36:53,750 - AITerm - INFO - logger:54 - Current text: 'show'
2025-01-23 21:36:53,750 - AITerm - INFO - logger:54 - Getting suggestions for text: 'show'
2025-01-23 21:36:53,750 - AITerm - INFO - logger:54 - Prefix matches for 'show': []
2025-01-23 21:36:53,750 - AITerm - INFO - logger:54 - Fuzzy matches for 'show': ['ssh', 'sort', 'echo', 'python', 'wc']
2025-01-23 21:36:53,750 - AITerm - INFO - logger:54 - New fuzzy matches: ['ssh', 'sort', 'echo', 'python', 'wc']
2025-01-23 21:36:53,750 - AITerm - INFO - logger:54 - Final suggestions: ['ssh', 'sort', 'echo', 'python', 'wc']
2025-01-23 21:36:53,750 - AITerm - INFO - logger:54 - Got suggestions: ['ssh', 'sort', 'echo', 'python', 'wc']
2025-01-23 21:36:53,750 - AITerm - INFO - logger:54 - Showing dropdown at position (134, 672)
2025-01-23 21:36:53,750 - AITerm - INFO - logger:54 - Showing dropdown with 5 suggestions at (134, 672)
2025-01-23 21:36:53,751 - AITerm - INFO - logger:54 - Setting geometry to: 404x184+134+672
2025-01-23 21:36:53,752 - AITerm - INFO - logger:54 - Dropdown shown and configured
2025-01-23 21:36:53,752 - AITerm - INFO - logger:54 - Dropdown visible: True
2025-01-23 21:36:53,752 - AITerm - INFO - logger:54 - Dropdown geometry: 404x184+134+672
2025-01-23 21:36:53,863 - AITerm - INFO - logger:54 - Key release event - keysym: space, char:  , keycode: 822083616
2025-01-23 21:36:53,863 - AITerm - INFO - logger:54 - Current text: 'show '
2025-01-23 21:36:53,863 - AITerm - INFO - logger:54 - Getting suggestions for text: 'show'
2025-01-23 21:36:53,863 - AITerm - INFO - logger:54 - Prefix matches for 'show': []
2025-01-23 21:36:53,863 - AITerm - INFO - logger:54 - Fuzzy matches for 'show': ['ssh', 'sort', 'echo', 'python', 'wc']
2025-01-23 21:36:53,863 - AITerm - INFO - logger:54 - New fuzzy matches: ['ssh', 'sort', 'echo', 'python', 'wc']
2025-01-23 21:36:53,864 - AITerm - INFO - logger:54 - Final suggestions: ['ssh', 'sort', 'echo', 'python', 'wc']
2025-01-23 21:36:53,864 - AITerm - INFO - logger:54 - Got suggestions: ['ssh', 'sort', 'echo', 'python', 'wc']
2025-01-23 21:36:53,864 - AITerm - INFO - logger:54 - Showing dropdown at position (134, 672)
2025-01-23 21:36:53,864 - AITerm - INFO - logger:54 - Showing dropdown with 5 suggestions at (134, 672)
2025-01-23 21:36:53,865 - AITerm - INFO - logger:54 - Setting geometry to: 404x184+134+672
2025-01-23 21:36:53,866 - AITerm - INFO - logger:54 - Dropdown shown and configured
2025-01-23 21:36:53,866 - AITerm - INFO - logger:54 - Dropdown visible: True
2025-01-23 21:36:53,866 - AITerm - INFO - logger:54 - Dropdown geometry: 404x184+134+672
2025-01-23 21:36:54,966 - AITerm - INFO - logger:54 - Key release event - keysym: l, char: l, keycode: 620757100
2025-01-23 21:36:54,966 - AITerm - INFO - logger:54 - Current text: 'show l'
2025-01-23 21:36:54,966 - AITerm - INFO - logger:54 - Getting suggestions for text: 'show'
2025-01-23 21:36:54,966 - AITerm - INFO - logger:54 - Trying path completion for: ./l*
2025-01-23 21:36:54,966 - AITerm - INFO - logger:54 - Path suggestions: ['show ./logs/']
2025-01-23 21:36:54,966 - AITerm - INFO - logger:54 - Final suggestions: ['show ./logs/']
2025-01-23 21:36:54,967 - AITerm - INFO - logger:54 - Got suggestions: ['show ./logs/']
2025-01-23 21:36:54,967 - AITerm - INFO - logger:54 - Showing dropdown at position (134, 672)
2025-01-23 21:36:54,967 - AITerm - INFO - logger:54 - Showing dropdown with 1 suggestions at (134, 672)
2025-01-23 21:36:54,968 - AITerm - INFO - logger:54 - Setting geometry to: 404x184+134+672
2025-01-23 21:36:54,968 - AITerm - INFO - logger:54 - Dropdown shown and configured
2025-01-23 21:36:54,969 - AITerm - INFO - logger:54 - Dropdown visible: True
2025-01-23 21:36:54,969 - AITerm - INFO - logger:54 - Dropdown geometry: 404x184+134+672
2025-01-23 21:36:55,134 - AITerm - INFO - logger:54 - Key release event - keysym: a, char: a, keycode: 97
2025-01-23 21:36:55,134 - AITerm - INFO - logger:54 - Current text: 'show las'
2025-01-23 21:36:55,134 - AITerm - INFO - logger:54 - Getting suggestions for text: 'show'
2025-01-23 21:36:55,134 - AITerm - INFO - logger:54 - Trying path completion for: ./las*
2025-01-23 21:36:55,135 - AITerm - INFO - logger:54 - Final suggestions: []
2025-01-23 21:36:55,135 - AITerm - INFO - logger:54 - Got suggestions: []
2025-01-23 21:36:55,135 - AITerm - INFO - logger:54 - No suggestions, hiding dropdown
2025-01-23 21:36:55,135 - AITerm - INFO - logger:54 - Hiding dropdown
2025-01-23 21:36:55,258 - AITerm - INFO - logger:54 - Key release event - keysym: s, char: s, keycode: 16777331
2025-01-23 21:36:55,258 - AITerm - INFO - logger:54 - Current text: 'show las'
2025-01-23 21:36:55,258 - AITerm - INFO - logger:54 - Getting suggestions for text: 'show'
2025-01-23 21:36:55,258 - AITerm - INFO - logger:54 - Trying path completion for: ./las*
2025-01-23 21:36:55,258 - AITerm - INFO - logger:54 - Final suggestions: []
2025-01-23 21:36:55,259 - AITerm - INFO - logger:54 - Got suggestions: []
2025-01-23 21:36:55,259 - AITerm - INFO - logger:54 - No suggestions, hiding dropdown
2025-01-23 21:36:55,460 - AITerm - INFO - logger:54 - Key release event - keysym: t, char: t, keycode: 285212788
2025-01-23 21:36:55,460 - AITerm - INFO - logger:54 - Current text: 'show last '
2025-01-23 21:36:55,460 - AITerm - INFO - logger:54 - Getting suggestions for text: 'show'
2025-01-23 21:36:55,460 - AITerm - INFO - logger:54 - Trying path completion for: ./last*
2025-01-23 21:36:55,461 - AITerm - INFO - logger:54 - Final suggestions: []
2025-01-23 21:36:55,461 - AITerm - INFO - logger:54 - Got suggestions: []
2025-01-23 21:36:55,461 - AITerm - INFO - logger:54 - No suggestions, hiding dropdown
2025-01-23 21:36:55,550 - AITerm - INFO - logger:54 - Key release event - keysym: space, char:  , keycode: 822083616
2025-01-23 21:36:55,550 - AITerm - INFO - logger:54 - Current text: 'show last '
2025-01-23 21:36:55,550 - AITerm - INFO - logger:54 - Getting suggestions for text: 'show'
2025-01-23 21:36:55,550 - AITerm - INFO - logger:54 - Trying path completion for: ./last*
2025-01-23 21:36:55,551 - AITerm - INFO - logger:54 - Final suggestions: []
2025-01-23 21:36:55,551 - AITerm - INFO - logger:54 - Got suggestions: []
2025-01-23 21:36:55,551 - AITerm - INFO - logger:54 - No suggestions, hiding dropdown
2025-01-23 21:36:56,483 - AITerm - INFO - logger:54 - Key release event - keysym: 5, char: 5, keycode: 385876021
2025-01-23 21:36:56,483 - AITerm - INFO - logger:54 - Current text: 'show last 5'
2025-01-23 21:36:56,483 - AITerm - INFO - logger:54 - Getting suggestions for text: 'show'
2025-01-23 21:36:56,483 - AITerm - INFO - logger:54 - Trying path completion for: ./5*
2025-01-23 21:36:56,483 - AITerm - INFO - logger:54 - Final suggestions: []
2025-01-23 21:36:56,483 - AITerm - INFO - logger:54 - Got suggestions: []
2025-01-23 21:36:56,483 - AITerm - INFO - logger:54 - No suggestions, hiding dropdown
2025-01-23 21:36:56,653 - AITerm - INFO - logger:54 - Key release event - keysym: space, char:  , keycode: 822083616
2025-01-23 21:36:56,653 - AITerm - INFO - logger:54 - Current text: 'show last 5 '
2025-01-23 21:36:56,653 - AITerm - INFO - logger:54 - Getting suggestions for text: 'show'
2025-01-23 21:36:56,653 - AITerm - INFO - logger:54 - Trying path completion for: ./5*
2025-01-23 21:36:56,654 - AITerm - INFO - logger:54 - Final suggestions: []
2025-01-23 21:36:56,654 - AITerm - INFO - logger:54 - Got suggestions: []
2025-01-23 21:36:56,654 - AITerm - INFO - logger:54 - No suggestions, hiding dropdown
2025-01-23 21:36:56,889 - AITerm - INFO - logger:54 - Key release event - keysym: c, char: c, keycode: 134217827
2025-01-23 21:36:56,889 - AITerm - INFO - logger:54 - Current text: 'show last 5 co'
2025-01-23 21:36:56,889 - AITerm - INFO - logger:54 - Getting suggestions for text: 'show'
2025-01-23 21:36:56,889 - AITerm - INFO - logger:54 - Trying path completion for: ./co*
2025-01-23 21:36:56,889 - AITerm - INFO - logger:54 - Path suggestions: ['show last 5 ./config.py']
2025-01-23 21:36:56,889 - AITerm - INFO - logger:54 - Final suggestions: ['show last 5 ./config.py']
2025-01-23 21:36:56,890 - AITerm - INFO - logger:54 - Got suggestions: ['show last 5 ./config.py']
2025-01-23 21:36:56,890 - AITerm - INFO - logger:54 - Showing dropdown at position (134, 672)
2025-01-23 21:36:56,890 - AITerm - INFO - logger:54 - Showing dropdown with 1 suggestions at (134, 672)
2025-01-23 21:36:56,890 - AITerm - INFO - logger:54 - Setting geometry to: 404x184+134+672
2025-01-23 21:36:56,893 - AITerm - INFO - logger:54 - Dropdown shown and configured
2025-01-23 21:36:56,893 - AITerm - INFO - logger:54 - Dropdown visible: True
2025-01-23 21:36:56,893 - AITerm - INFO - logger:54 - Dropdown geometry: 404x184+134+672
2025-01-23 21:36:56,979 - AITerm - INFO - logger:54 - Key release event - keysym: o, char: o, keycode: 520093807
2025-01-23 21:36:56,979 - AITerm - INFO - logger:54 - Current text: 'show last 5 co'
2025-01-23 21:36:56,979 - AITerm - INFO - logger:54 - Getting suggestions for text: 'show'
2025-01-23 21:36:56,979 - AITerm - INFO - logger:54 - Trying path completion for: ./co*
2025-01-23 21:36:56,980 - AITerm - INFO - logger:54 - Path suggestions: ['show last 5 ./config.py']
2025-01-23 21:36:56,980 - AITerm - INFO - logger:54 - Final suggestions: ['show last 5 ./config.py']
2025-01-23 21:36:56,980 - AITerm - INFO - logger:54 - Got suggestions: ['show last 5 ./config.py']
2025-01-23 21:36:56,980 - AITerm - INFO - logger:54 - Showing dropdown at position (134, 672)
2025-01-23 21:36:56,980 - AITerm - INFO - logger:54 - Showing dropdown with 1 suggestions at (134, 672)
2025-01-23 21:36:56,981 - AITerm - INFO - logger:54 - Setting geometry to: 404x184+134+672
2025-01-23 21:36:56,981 - AITerm - INFO - logger:54 - Dropdown shown and configured
2025-01-23 21:36:56,982 - AITerm - INFO - logger:54 - Dropdown visible: True
2025-01-23 21:36:56,982 - AITerm - INFO - logger:54 - Dropdown geometry: 404x184+134+672
2025-01-23 21:36:57,137 - AITerm - INFO - logger:54 - Key release event - keysym: m, char: m, keycode: 771752045
2025-01-23 21:36:57,137 - AITerm - INFO - logger:54 - Current text: 'show last 5 com'
2025-01-23 21:36:57,137 - AITerm - INFO - logger:54 - Getting suggestions for text: 'show'
2025-01-23 21:36:57,137 - AITerm - INFO - logger:54 - Trying path completion for: ./com*
2025-01-23 21:36:57,137 - AITerm - INFO - logger:54 - Final suggestions: []
2025-01-23 21:36:57,137 - AITerm - INFO - logger:54 - Got suggestions: []
2025-01-23 21:36:57,137 - AITerm - INFO - logger:54 - No suggestions, hiding dropdown
2025-01-23 21:36:57,137 - AITerm - INFO - logger:54 - Hiding dropdown
2025-01-23 21:36:57,451 - AITerm - INFO - logger:54 - Key release event - keysym: m, char: m, keycode: 771752045
2025-01-23 21:36:57,451 - AITerm - INFO - logger:54 - Current text: 'show last 5 commi'
2025-01-23 21:36:57,451 - AITerm - INFO - logger:54 - Getting suggestions for text: 'show'
2025-01-23 21:36:57,451 - AITerm - INFO - logger:54 - Trying path completion for: ./commi*
2025-01-23 21:36:57,451 - AITerm - INFO - logger:54 - Final suggestions: []
2025-01-23 21:36:57,451 - AITerm - INFO - logger:54 - Got suggestions: []
2025-01-23 21:36:57,452 - AITerm - INFO - logger:54 - No suggestions, hiding dropdown
2025-01-23 21:36:57,588 - AITerm - INFO - logger:54 - Key release event - keysym: i, char: i, keycode: 570425449
2025-01-23 21:36:57,588 - AITerm - INFO - logger:54 - Current text: 'show last 5 commi'
2025-01-23 21:36:57,588 - AITerm - INFO - logger:54 - Getting suggestions for text: 'show'
2025-01-23 21:36:57,588 - AITerm - INFO - logger:54 - Trying path completion for: ./commi*
2025-01-23 21:36:57,589 - AITerm - INFO - logger:54 - Final suggestions: []
2025-01-23 21:36:57,589 - AITerm - INFO - logger:54 - Got suggestions: []
2025-01-23 21:36:57,589 - AITerm - INFO - logger:54 - No suggestions, hiding dropdown
2025-01-23 21:36:57,811 - AITerm - INFO - logger:54 - Key release event - keysym: t, char: t, keycode: 285212788
2025-01-23 21:36:57,812 - AITerm - INFO - logger:54 - Current text: 'show last 5 commit'
2025-01-23 21:36:57,812 - AITerm - INFO - logger:54 - Getting suggestions for text: 'show'
2025-01-23 21:36:57,812 - AITerm - INFO - logger:54 - Trying path completion for: ./commit*
2025-01-23 21:36:57,812 - AITerm - INFO - logger:54 - Final suggestions: []
2025-01-23 21:36:57,812 - AITerm - INFO - logger:54 - Got suggestions: []
2025-01-23 21:36:57,812 - AITerm - INFO - logger:54 - No suggestions, hiding dropdown
2025-01-23 21:36:58,182 - AITerm - INFO - logger:54 - Key release event - keysym: s, char: s, keycode: 16777331
2025-01-23 21:36:58,183 - AITerm - INFO - logger:54 - Current text: 'show last 5 commits'
2025-01-23 21:36:58,183 - AITerm - INFO - logger:54 - Getting suggestions for text: 'show'
2025-01-23 21:36:58,183 - AITerm - INFO - logger:54 - Trying path completion for: ./commits*
2025-01-23 21:36:58,183 - AITerm - INFO - logger:54 - Final suggestions: []
2025-01-23 21:36:58,183 - AITerm - INFO - logger:54 - Got suggestions: []
2025-01-23 21:36:58,183 - AITerm - INFO - logger:54 - No suggestions, hiding dropdown
2025-01-23 21:36:58,317 - AITerm - INFO - logger:54 - Hiding dropdown
2025-01-23 21:36:58,317 - AITerm - INFO - logger:54 - Executing command: show last 5 commits
2025-01-23 21:36:58,317 - AITerm - DEBUG - logger:51 - Added command to history. Total commands: 5
2025-01-23 21:36:58,990 - AITerm - INFO - logger:54 - Key release event - keysym: Return, char: , keycode: 603979789
2025-01-23 21:36:58,990 - AITerm - INFO - logger:54 - Ignoring special key: Return
2025-01-23 21:37:00,578 - AITerm - INFO - logger:54 - Key release event - keysym: g, char: g, keycode: 83886183
2025-01-23 21:37:00,579 - AITerm - INFO - logger:54 - Current text: 'gi'
2025-01-23 21:37:00,579 - AITerm - INFO - logger:54 - Getting suggestions for text: 'gi'
2025-01-23 21:37:00,579 - AITerm - INFO - logger:54 - Prefix matches for 'gi': ['git']
2025-01-23 21:37:00,579 - AITerm - INFO - logger:54 - Fuzzy matches for 'gi': ['git', 'gzip', 'zip', 'vim']
2025-01-23 21:37:00,579 - AITerm - INFO - logger:54 - New fuzzy matches: ['gzip', 'zip', 'vim']
2025-01-23 21:37:00,579 - AITerm - INFO - logger:54 - Final suggestions: ['git', 'gzip', 'zip', 'vim']
2025-01-23 21:37:00,579 - AITerm - INFO - logger:54 - Got suggestions: ['git', 'gzip', 'zip', 'vim']
2025-01-23 21:37:00,579 - AITerm - INFO - logger:54 - Showing dropdown at position (134, 672)
2025-01-23 21:37:00,579 - AITerm - INFO - logger:54 - Showing dropdown with 4 suggestions at (134, 672)
2025-01-23 21:37:00,580 - AITerm - INFO - logger:54 - Setting geometry to: 404x184+134+672
2025-01-23 21:37:00,583 - AITerm - INFO - logger:54 - Dropdown shown and configured
2025-01-23 21:37:00,583 - AITerm - INFO - logger:54 - Dropdown visible: True
2025-01-23 21:37:00,583 - AITerm - INFO - logger:54 - Dropdown geometry: 404x184+134+672
2025-01-23 21:37:00,657 - AITerm - INFO - logger:54 - Key release event - keysym: i, char: i, keycode: 570425449
2025-01-23 21:37:00,657 - AITerm - INFO - logger:54 - Current text: 'gi'
2025-01-23 21:37:00,657 - AITerm - INFO - logger:54 - Getting suggestions for text: 'gi'
2025-01-23 21:37:00,657 - AITerm - INFO - logger:54 - Prefix matches for 'gi': ['git']
2025-01-23 21:37:00,657 - AITerm - INFO - logger:54 - Fuzzy matches for 'gi': ['git', 'gzip', 'zip', 'vim']
2025-01-23 21:37:00,657 - AITerm - INFO - logger:54 - New fuzzy matches: ['gzip', 'zip', 'vim']
2025-01-23 21:37:00,657 - AITerm - INFO - logger:54 - Final suggestions: ['git', 'gzip', 'zip', 'vim']
2025-01-23 21:37:00,658 - AITerm - INFO - logger:54 - Got suggestions: ['git', 'gzip', 'zip', 'vim']
2025-01-23 21:37:00,658 - AITerm - INFO - logger:54 - Showing dropdown at position (134, 672)
2025-01-23 21:37:00,658 - AITerm - INFO - logger:54 - Showing dropdown with 4 suggestions at (134, 672)
2025-01-23 21:37:00,659 - AITerm - INFO - logger:54 - Setting geometry to: 404x184+134+672
2025-01-23 21:37:00,660 - AITerm - INFO - logger:54 - Dropdown shown and configured
2025-01-23 21:37:00,660 - AITerm - INFO - logger:54 - Dropdown visible: True
2025-01-23 21:37:00,660 - AITerm - INFO - logger:54 - Dropdown geometry: 404x184+134+672
2025-01-23 21:37:00,815 - AITerm - INFO - logger:54 - Key release event - keysym: t, char: t, keycode: 285212788
2025-01-23 21:37:00,815 - AITerm - INFO - logger:54 - Current text: 'git '
2025-01-23 21:37:00,815 - AITerm - INFO - logger:54 - Getting suggestions for text: 'git'
2025-01-23 21:37:00,815 - AITerm - INFO - logger:54 - Prefix matches for 'git': ['git']
2025-01-23 21:37:00,816 - AITerm - INFO - logger:54 - Fuzzy matches for 'git': ['git', 'wget', 'gzip', 'zip']
2025-01-23 21:37:00,816 - AITerm - INFO - logger:54 - New fuzzy matches: ['wget', 'gzip', 'zip']
2025-01-23 21:37:00,816 - AITerm - INFO - logger:54 - Final suggestions: ['git', 'wget', 'gzip', 'zip']
2025-01-23 21:37:00,816 - AITerm - INFO - logger:54 - Got suggestions: ['git', 'wget', 'gzip', 'zip']
2025-01-23 21:37:00,816 - AITerm - INFO - logger:54 - Showing dropdown at position (134, 672)
2025-01-23 21:37:00,816 - AITerm - INFO - logger:54 - Showing dropdown with 4 suggestions at (134, 672)
2025-01-23 21:37:00,817 - AITerm - INFO - logger:54 - Setting geometry to: 404x184+134+672
2025-01-23 21:37:00,818 - AITerm - INFO - logger:54 - Dropdown shown and configured
2025-01-23 21:37:00,818 - AITerm - INFO - logger:54 - Dropdown visible: True
2025-01-23 21:37:00,818 - AITerm - INFO - logger:54 - Dropdown geometry: 404x184+134+672
2025-01-23 21:37:00,881 - AITerm - INFO - logger:54 - Key release event - keysym: space, char:  , keycode: 822083616
2025-01-23 21:37:00,881 - AITerm - INFO - logger:54 - Current text: 'git '
2025-01-23 21:37:00,881 - AITerm - INFO - logger:54 - Getting suggestions for text: 'git'
2025-01-23 21:37:00,881 - AITerm - INFO - logger:54 - Prefix matches for 'git': ['git']
2025-01-23 21:37:00,882 - AITerm - INFO - logger:54 - Fuzzy matches for 'git': ['git', 'wget', 'gzip', 'zip']
2025-01-23 21:37:00,882 - AITerm - INFO - logger:54 - New fuzzy matches: ['wget', 'gzip', 'zip']
2025-01-23 21:37:00,882 - AITerm - INFO - logger:54 - Final suggestions: ['git', 'wget', 'gzip', 'zip']
2025-01-23 21:37:00,882 - AITerm - INFO - logger:54 - Got suggestions: ['git', 'wget', 'gzip', 'zip']
2025-01-23 21:37:00,882 - AITerm - INFO - logger:54 - Showing dropdown at position (134, 672)
2025-01-23 21:37:00,882 - AITerm - INFO - logger:54 - Showing dropdown with 4 suggestions at (134, 672)
2025-01-23 21:37:00,883 - AITerm - INFO - logger:54 - Setting geometry to: 404x184+134+672
2025-01-23 21:37:00,884 - AITerm - INFO - logger:54 - Dropdown shown and configured
2025-01-23 21:37:00,884 - AITerm - INFO - logger:54 - Dropdown visible: True
2025-01-23 21:37:00,884 - AITerm - INFO - logger:54 - Dropdown geometry: 404x184+134+672
2025-01-23 21:37:01,107 - AITerm - INFO - logger:54 - Key release event - keysym: s, char: s, keycode: 16777331
2025-01-23 21:37:01,108 - AITerm - INFO - logger:54 - Current text: 'git sh'
2025-01-23 21:37:01,108 - AITerm - INFO - logger:54 - Getting suggestions for text: 'git'
2025-01-23 21:37:01,108 - AITerm - INFO - logger:54 - Trying path completion for: ./sh*
2025-01-23 21:37:01,108 - AITerm - INFO - logger:54 - Final suggestions: []
2025-01-23 21:37:01,108 - AITerm - INFO - logger:54 - Got suggestions: []
2025-01-23 21:37:01,108 - AITerm - INFO - logger:54 - No suggestions, hiding dropdown
2025-01-23 21:37:01,108 - AITerm - INFO - logger:54 - Hiding dropdown
2025-01-23 21:37:01,197 - AITerm - INFO - logger:54 - Key release event - keysym: h, char: h, keycode: 67108968
2025-01-23 21:37:01,197 - AITerm - INFO - logger:54 - Current text: 'git sho'
2025-01-23 21:37:01,198 - AITerm - INFO - logger:54 - Getting suggestions for text: 'git'
2025-01-23 21:37:01,198 - AITerm - INFO - logger:54 - Trying path completion for: ./sho*
2025-01-23 21:37:01,198 - AITerm - INFO - logger:54 - Final suggestions: []
2025-01-23 21:37:01,198 - AITerm - INFO - logger:54 - Got suggestions: []
2025-01-23 21:37:01,198 - AITerm - INFO - logger:54 - No suggestions, hiding dropdown
2025-01-23 21:37:01,253 - AITerm - INFO - logger:54 - Key release event - keysym: o, char: o, keycode: 520093807
2025-01-23 21:37:01,253 - AITerm - INFO - logger:54 - Current text: 'git show'
2025-01-23 21:37:01,253 - AITerm - INFO - logger:54 - Getting suggestions for text: 'git'
2025-01-23 21:37:01,254 - AITerm - INFO - logger:54 - Trying path completion for: ./show*
2025-01-23 21:37:01,254 - AITerm - INFO - logger:54 - Final suggestions: []
2025-01-23 21:37:01,254 - AITerm - INFO - logger:54 - Got suggestions: []
2025-01-23 21:37:01,254 - AITerm - INFO - logger:54 - No suggestions, hiding dropdown
2025-01-23 21:37:01,355 - AITerm - INFO - logger:54 - Key release event - keysym: w, char: w, keycode: 218103927
2025-01-23 21:37:01,355 - AITerm - INFO - logger:54 - Current text: 'git show '
2025-01-23 21:37:01,355 - AITerm - INFO - logger:54 - Getting suggestions for text: 'git'
2025-01-23 21:37:01,355 - AITerm - INFO - logger:54 - Trying path completion for: ./show*
2025-01-23 21:37:01,356 - AITerm - INFO - logger:54 - Final suggestions: []
2025-01-23 21:37:01,356 - AITerm - INFO - logger:54 - Got suggestions: []
2025-01-23 21:37:01,356 - AITerm - INFO - logger:54 - No suggestions, hiding dropdown
2025-01-23 21:37:01,434 - AITerm - INFO - logger:54 - Key release event - keysym: space, char:  , keycode: 822083616
2025-01-23 21:37:01,434 - AITerm - INFO - logger:54 - Current text: 'git show '
2025-01-23 21:37:01,434 - AITerm - INFO - logger:54 - Getting suggestions for text: 'git'
2025-01-23 21:37:01,434 - AITerm - INFO - logger:54 - Trying path completion for: ./show*
2025-01-23 21:37:01,435 - AITerm - INFO - logger:54 - Final suggestions: []
2025-01-23 21:37:01,435 - AITerm - INFO - logger:54 - Got suggestions: []
2025-01-23 21:37:01,435 - AITerm - INFO - logger:54 - No suggestions, hiding dropdown
2025-01-23 21:37:01,602 - AITerm - INFO - logger:54 - Key release event - keysym: l, char: l, keycode: 620757100
2025-01-23 21:37:01,602 - AITerm - INFO - logger:54 - Current text: 'git show l'
2025-01-23 21:37:01,602 - AITerm - INFO - logger:54 - Getting suggestions for text: 'git'
2025-01-23 21:37:01,602 - AITerm - INFO - logger:54 - Trying path completion for: ./l*
2025-01-23 21:37:01,602 - AITerm - INFO - logger:54 - Path suggestions: ['git show ./logs/']
2025-01-23 21:37:01,602 - AITerm - INFO - logger:54 - Final suggestions: ['git show ./logs/']
2025-01-23 21:37:01,602 - AITerm - INFO - logger:54 - Got suggestions: ['git show ./logs/']
2025-01-23 21:37:01,602 - AITerm - INFO - logger:54 - Showing dropdown at position (134, 672)
2025-01-23 21:37:01,602 - AITerm - INFO - logger:54 - Showing dropdown with 1 suggestions at (134, 672)
2025-01-23 21:37:01,603 - AITerm - INFO - logger:54 - Setting geometry to: 404x184+134+672
2025-01-23 21:37:01,606 - AITerm - INFO - logger:54 - Dropdown shown and configured
2025-01-23 21:37:01,606 - AITerm - INFO - logger:54 - Dropdown visible: True
2025-01-23 21:37:01,606 - AITerm - INFO - logger:54 - Dropdown geometry: 404x184+134+672
2025-01-23 21:37:01,749 - AITerm - INFO - logger:54 - Key release event - keysym: a, char: a, keycode: 97
2025-01-23 21:37:01,749 - AITerm - INFO - logger:54 - Current text: 'git show las'
2025-01-23 21:37:01,749 - AITerm - INFO - logger:54 - Getting suggestions for text: 'git'
2025-01-23 21:37:01,749 - AITerm - INFO - logger:54 - Trying path completion for: ./las*
2025-01-23 21:37:01,749 - AITerm - INFO - logger:54 - Final suggestions: []
2025-01-23 21:37:01,749 - AITerm - INFO - logger:54 - Got suggestions: []
2025-01-23 21:37:01,749 - AITerm - INFO - logger:54 - No suggestions, hiding dropdown
2025-01-23 21:37:01,749 - AITerm - INFO - logger:54 - Hiding dropdown
2025-01-23 21:37:01,839 - AITerm - INFO - logger:54 - Key release event - keysym: s, char: s, keycode: 16777331
2025-01-23 21:37:01,839 - AITerm - INFO - logger:54 - Current text: 'git show las'
2025-01-23 21:37:01,839 - AITerm - INFO - logger:54 - Getting suggestions for text: 'git'
2025-01-23 21:37:01,839 - AITerm - INFO - logger:54 - Trying path completion for: ./las*
2025-01-23 21:37:01,840 - AITerm - INFO - logger:54 - Final suggestions: []
2025-01-23 21:37:01,840 - AITerm - INFO - logger:54 - Got suggestions: []
2025-01-23 21:37:01,840 - AITerm - INFO - logger:54 - No suggestions, hiding dropdown
2025-01-23 21:37:01,997 - AITerm - INFO - logger:54 - Key release event - keysym: t, char: t, keycode: 285212788
2025-01-23 21:37:01,997 - AITerm - INFO - logger:54 - Current text: 'git show last '
2025-01-23 21:37:01,997 - AITerm - INFO - logger:54 - Getting suggestions for text: 'git'
2025-01-23 21:37:01,997 - AITerm - INFO - logger:54 - Trying path completion for: ./last*
2025-01-23 21:37:01,997 - AITerm - INFO - logger:54 - Final suggestions: []
2025-01-23 21:37:01,997 - AITerm - INFO - logger:54 - Got suggestions: []
2025-01-23 21:37:01,997 - AITerm - INFO - logger:54 - No suggestions, hiding dropdown
2025-01-23 21:37:02,075 - AITerm - INFO - logger:54 - Key release event - keysym: space, char:  , keycode: 822083616
2025-01-23 21:37:02,075 - AITerm - INFO - logger:54 - Current text: 'git show last '
2025-01-23 21:37:02,076 - AITerm - INFO - logger:54 - Getting suggestions for text: 'git'
2025-01-23 21:37:02,076 - AITerm - INFO - logger:54 - Trying path completion for: ./last*
2025-01-23 21:37:02,076 - AITerm - INFO - logger:54 - Final suggestions: []
2025-01-23 21:37:02,076 - AITerm - INFO - logger:54 - Got suggestions: []
2025-01-23 21:37:02,076 - AITerm - INFO - logger:54 - No suggestions, hiding dropdown
2025-01-23 21:37:02,413 - AITerm - INFO - logger:54 - Key release event - keysym: 5, char: 5, keycode: 385876021
2025-01-23 21:37:02,413 - AITerm - INFO - logger:54 - Current text: 'git show last 5'
2025-01-23 21:37:02,413 - AITerm - INFO - logger:54 - Getting suggestions for text: 'git'
2025-01-23 21:37:02,413 - AITerm - INFO - logger:54 - Trying path completion for: ./5*
2025-01-23 21:37:02,413 - AITerm - INFO - logger:54 - Final suggestions: []
2025-01-23 21:37:02,413 - AITerm - INFO - logger:54 - Got suggestions: []
2025-01-23 21:37:02,414 - AITerm - INFO - logger:54 - No suggestions, hiding dropdown
2025-01-23 21:37:02,559 - AITerm - INFO - logger:54 - Key release event - keysym: space, char:  , keycode: 822083616
2025-01-23 21:37:02,559 - AITerm - INFO - logger:54 - Current text: 'git show last 5 '
2025-01-23 21:37:02,559 - AITerm - INFO - logger:54 - Getting suggestions for text: 'git'
2025-01-23 21:37:02,559 - AITerm - INFO - logger:54 - Trying path completion for: ./5*
2025-01-23 21:37:02,559 - AITerm - INFO - logger:54 - Final suggestions: []
2025-01-23 21:37:02,559 - AITerm - INFO - logger:54 - Got suggestions: []
2025-01-23 21:37:02,559 - AITerm - INFO - logger:54 - No suggestions, hiding dropdown
2025-01-23 21:37:03,032 - AITerm - INFO - logger:54 - Key release event - keysym: c, char: c, keycode: 134217827
2025-01-23 21:37:03,032 - AITerm - INFO - logger:54 - Current text: 'git show last 5 co'
2025-01-23 21:37:03,032 - AITerm - INFO - logger:54 - Getting suggestions for text: 'git'
2025-01-23 21:37:03,032 - AITerm - INFO - logger:54 - Trying path completion for: ./co*
2025-01-23 21:37:03,032 - AITerm - INFO - logger:54 - Path suggestions: ['git show last 5 ./config.py']
2025-01-23 21:37:03,032 - AITerm - INFO - logger:54 - Final suggestions: ['git show last 5 ./config.py']
2025-01-23 21:37:03,032 - AITerm - INFO - logger:54 - Got suggestions: ['git show last 5 ./config.py']
2025-01-23 21:37:03,032 - AITerm - INFO - logger:54 - Showing dropdown at position (134, 672)
2025-01-23 21:37:03,033 - AITerm - INFO - logger:54 - Showing dropdown with 1 suggestions at (134, 672)
2025-01-23 21:37:03,033 - AITerm - INFO - logger:54 - Setting geometry to: 404x184+134+672
2025-01-23 21:37:03,036 - AITerm - INFO - logger:54 - Dropdown shown and configured
2025-01-23 21:37:03,036 - AITerm - INFO - logger:54 - Dropdown visible: True
2025-01-23 21:37:03,036 - AITerm - INFO - logger:54 - Dropdown geometry: 404x184+134+672
2025-01-23 21:37:03,098 - AITerm - INFO - logger:54 - Key release event - keysym: o, char: o, keycode: 520093807
2025-01-23 21:37:03,098 - AITerm - INFO - logger:54 - Current text: 'git show last 5 com'
2025-01-23 21:37:03,098 - AITerm - INFO - logger:54 - Getting suggestions for text: 'git'
2025-01-23 21:37:03,098 - AITerm - INFO - logger:54 - Trying path completion for: ./com*
2025-01-23 21:37:03,098 - AITerm - INFO - logger:54 - Final suggestions: []
2025-01-23 21:37:03,098 - AITerm - INFO - logger:54 - Got suggestions: []
2025-01-23 21:37:03,099 - AITerm - INFO - logger:54 - No suggestions, hiding dropdown
2025-01-23 21:37:03,099 - AITerm - INFO - logger:54 - Hiding dropdown
2025-01-23 21:37:03,178 - AITerm - INFO - logger:54 - Key release event - keysym: m, char: m, keycode: 771752045
2025-01-23 21:37:03,178 - AITerm - INFO - logger:54 - Current text: 'git show last 5 com'
2025-01-23 21:37:03,178 - AITerm - INFO - logger:54 - Getting suggestions for text: 'git'
2025-01-23 21:37:03,178 - AITerm - INFO - logger:54 - Trying path completion for: ./com*
2025-01-23 21:37:03,178 - AITerm - INFO - logger:54 - Final suggestions: []
2025-01-23 21:37:03,178 - AITerm - INFO - logger:54 - Got suggestions: []
2025-01-23 21:37:03,178 - AITerm - INFO - logger:54 - No suggestions, hiding dropdown
2025-01-23 21:37:03,437 - AITerm - INFO - logger:54 - Key release event - keysym: m, char: m, keycode: 771752045
2025-01-23 21:37:03,437 - AITerm - INFO - logger:54 - Current text: 'git show last 5 commi'
2025-01-23 21:37:03,437 - AITerm - INFO - logger:54 - Getting suggestions for text: 'git'
2025-01-23 21:37:03,437 - AITerm - INFO - logger:54 - Trying path completion for: ./commi*
2025-01-23 21:37:03,437 - AITerm - INFO - logger:54 - Final suggestions: []
2025-01-23 21:37:03,437 - AITerm - INFO - logger:54 - Got suggestions: []
2025-01-23 21:37:03,437 - AITerm - INFO - logger:54 - No suggestions, hiding dropdown
2025-01-23 21:37:03,538 - AITerm - INFO - logger:54 - Key release event - keysym: i, char: i, keycode: 570425449
2025-01-23 21:37:03,538 - AITerm - INFO - logger:54 - Current text: 'git show last 5 commi'
2025-01-23 21:37:03,538 - AITerm - INFO - logger:54 - Getting suggestions for text: 'git'
2025-01-23 21:37:03,538 - AITerm - INFO - logger:54 - Trying path completion for: ./commi*
2025-01-23 21:37:03,539 - AITerm - INFO - logger:54 - Final suggestions: []
2025-01-23 21:37:03,539 - AITerm - INFO - logger:54 - Got suggestions: []
2025-01-23 21:37:03,539 - AITerm - INFO - logger:54 - No suggestions, hiding dropdown
2025-01-23 21:37:03,672 - AITerm - INFO - logger:54 - Key release event - keysym: t, char: t, keycode: 285212788
2025-01-23 21:37:03,672 - AITerm - INFO - logger:54 - Current text: 'git show last 5 commits'
2025-01-23 21:37:03,672 - AITerm - INFO - logger:54 - Getting suggestions for text: 'git'
2025-01-23 21:37:03,672 - AITerm - INFO - logger:54 - Trying path completion for: ./commits*
2025-01-23 21:37:03,673 - AITerm - INFO - logger:54 - Final suggestions: []
2025-01-23 21:37:03,673 - AITerm - INFO - logger:54 - Got suggestions: []
2025-01-23 21:37:03,673 - AITerm - INFO - logger:54 - No suggestions, hiding dropdown
2025-01-23 21:37:03,864 - AITerm - INFO - logger:54 - Key release event - keysym: s, char: s, keycode: 16777331
2025-01-23 21:37:03,864 - AITerm - INFO - logger:54 - Current text: 'git show last 5 commits'
2025-01-23 21:37:03,864 - AITerm - INFO - logger:54 - Getting suggestions for text: 'git'
2025-01-23 21:37:03,864 - AITerm - INFO - logger:54 - Trying path completion for: ./commits*
2025-01-23 21:37:03,864 - AITerm - INFO - logger:54 - Final suggestions: []
2025-01-23 21:37:03,864 - AITerm - INFO - logger:54 - Got suggestions: []
2025-01-23 21:37:03,864 - AITerm - INFO - logger:54 - No suggestions, hiding dropdown
2025-01-23 21:37:04,033 - AITerm - INFO - logger:54 - Hiding dropdown
2025-01-23 21:37:04,033 - AITerm - INFO - logger:54 - Executing command: git show last 5 commits
2025-01-23 21:37:04,033 - AITerm - DEBUG - logger:51 - Added command to history. Total commands: 6
2025-01-23 21:37:04,157 - AITerm - INFO - logger:54 - Key release event - keysym: Return, char: , keycode: 603979789
2025-01-23 21:37:04,157 - AITerm - INFO - logger:54 - Ignoring special key: Return
