2025-01-23 19:36:54,657 - AITerm - INFO - logger:48 - Logger initialized. Log file: logs/aiterm_20250123_193654.log
2025-01-23 19:36:54,894 - AITerm - INFO - logger:54 - Initialized TerminalCompleter with 46 commands
2025-01-23 19:36:54,894 - AITerm - INFO - logger:54 - Initializing SuggestionDropdown
2025-01-23 19:36:54,924 - AITerm - INFO - logger:54 - SuggestionDropdown initialized and hidden
2025-01-23 19:36:58,991 - AITerm - DEBUG - logger:51 - Key released: s, current text: sh
2025-01-23 19:36:58,991 - AITerm - INFO - logger:54 - Updating suggestions for text: 'sh'
2025-01-23 19:36:58,991 - AITerm - INFO - logger:54 - Getting suggestions for text: 'sh'
2025-01-23 19:36:58,991 - AITerm - INFO - logger:54 - Prefix matches for 'sh': []
2025-01-23 19:36:58,991 - AITerm - INFO - logger:54 - Fuzzy matches for 'sh': ['ssh', 'ps', 'ls', 'svn', 'sed']
2025-01-23 19:36:58,991 - AITerm - INFO - logger:54 - New fuzzy matches: ['ssh', 'ps', 'ls', 'svn', 'sed']
2025-01-23 19:36:58,991 - AITerm - INFO - logger:54 - Final suggestions: ['ssh', 'ps', 'ls', 'svn', 'sed']
2025-01-23 19:36:58,991 - AITerm - INFO - logger:54 - Got suggestions: ['ssh', 'ps', 'ls', 'svn', 'sed']
2025-01-23 19:36:58,991 - AITerm - INFO - logger:54 - Showing dropdown with 5 suggestions at (134, 672)
2025-01-23 19:36:58,992 - AITerm - INFO - logger:54 - Setting geometry to: 1x1+34+59
2025-01-23 19:36:58,996 - AITerm - INFO - logger:54 - Dropdown shown and configured
2025-01-23 19:36:59,161 - AITerm - DEBUG - logger:51 - Key released: h, current text: show
2025-01-23 19:36:59,161 - AITerm - INFO - logger:54 - Updating suggestions for text: 'show'
2025-01-23 19:36:59,161 - AITerm - INFO - logger:54 - Getting suggestions for text: 'show'
2025-01-23 19:36:59,161 - AITerm - INFO - logger:54 - Prefix matches for 'show': []
2025-01-23 19:36:59,161 - AITerm - INFO - logger:54 - Fuzzy matches for 'show': ['ssh', 'sort', 'echo', 'python', 'wc']
2025-01-23 19:36:59,161 - AITerm - INFO - logger:54 - New fuzzy matches: ['ssh', 'sort', 'echo', 'python', 'wc']
2025-01-23 19:36:59,161 - AITerm - INFO - logger:54 - Final suggestions: ['ssh', 'sort', 'echo', 'python', 'wc']
2025-01-23 19:36:59,161 - AITerm - INFO - logger:54 - Got suggestions: ['ssh', 'sort', 'echo', 'python', 'wc']
2025-01-23 19:36:59,161 - AITerm - INFO - logger:54 - Showing dropdown with 5 suggestions at (134, 672)
2025-01-23 19:36:59,163 - AITerm - INFO - logger:54 - Setting geometry to: 404x184+134+672
2025-01-23 19:36:59,164 - AITerm - INFO - logger:54 - Dropdown shown and configured
2025-01-23 19:36:59,195 - AITerm - DEBUG - logger:51 - Key released: o, current text: show
2025-01-23 19:36:59,195 - AITerm - INFO - logger:54 - Updating suggestions for text: 'show'
2025-01-23 19:36:59,195 - AITerm - INFO - logger:54 - Getting suggestions for text: 'show'
2025-01-23 19:36:59,195 - AITerm - INFO - logger:54 - Prefix matches for 'show': []
2025-01-23 19:36:59,195 - AITerm - INFO - logger:54 - Fuzzy matches for 'show': ['ssh', 'sort', 'echo', 'python', 'wc']
2025-01-23 19:36:59,195 - AITerm - INFO - logger:54 - New fuzzy matches: ['ssh', 'sort', 'echo', 'python', 'wc']
2025-01-23 19:36:59,195 - AITerm - INFO - logger:54 - Final suggestions: ['ssh', 'sort', 'echo', 'python', 'wc']
2025-01-23 19:36:59,195 - AITerm - INFO - logger:54 - Got suggestions: ['ssh', 'sort', 'echo', 'python', 'wc']
2025-01-23 19:36:59,195 - AITerm - INFO - logger:54 - Showing dropdown with 5 suggestions at (134, 672)
2025-01-23 19:36:59,197 - AITerm - INFO - logger:54 - Setting geometry to: 404x184+134+672
2025-01-23 19:36:59,198 - AITerm - INFO - logger:54 - Dropdown shown and configured
2025-01-23 19:36:59,250 - AITerm - DEBUG - logger:51 - Key released: w, current text: show
2025-01-23 19:36:59,250 - AITerm - INFO - logger:54 - Updating suggestions for text: 'show'
2025-01-23 19:36:59,250 - AITerm - INFO - logger:54 - Getting suggestions for text: 'show'
2025-01-23 19:36:59,251 - AITerm - INFO - logger:54 - Prefix matches for 'show': []
2025-01-23 19:36:59,251 - AITerm - INFO - logger:54 - Fuzzy matches for 'show': ['ssh', 'sort', 'echo', 'python', 'wc']
2025-01-23 19:36:59,251 - AITerm - INFO - logger:54 - New fuzzy matches: ['ssh', 'sort', 'echo', 'python', 'wc']
2025-01-23 19:36:59,251 - AITerm - INFO - logger:54 - Final suggestions: ['ssh', 'sort', 'echo', 'python', 'wc']
2025-01-23 19:36:59,251 - AITerm - INFO - logger:54 - Got suggestions: ['ssh', 'sort', 'echo', 'python', 'wc']
2025-01-23 19:36:59,251 - AITerm - INFO - logger:54 - Showing dropdown with 5 suggestions at (134, 672)
2025-01-23 19:36:59,252 - AITerm - INFO - logger:54 - Setting geometry to: 404x184+134+672
2025-01-23 19:36:59,253 - AITerm - INFO - logger:54 - Dropdown shown and configured
2025-01-23 19:36:59,374 - AITerm - DEBUG - logger:51 - Key released: space, current text: show 
2025-01-23 19:36:59,375 - AITerm - INFO - logger:54 - Updating suggestions for text: 'show '
2025-01-23 19:36:59,375 - AITerm - INFO - logger:54 - Getting suggestions for text: 'show'
2025-01-23 19:36:59,375 - AITerm - INFO - logger:54 - Prefix matches for 'show': []
2025-01-23 19:36:59,375 - AITerm - INFO - logger:54 - Fuzzy matches for 'show': ['ssh', 'sort', 'echo', 'python', 'wc']
2025-01-23 19:36:59,375 - AITerm - INFO - logger:54 - New fuzzy matches: ['ssh', 'sort', 'echo', 'python', 'wc']
2025-01-23 19:36:59,375 - AITerm - INFO - logger:54 - Final suggestions: ['ssh', 'sort', 'echo', 'python', 'wc']
2025-01-23 19:36:59,375 - AITerm - INFO - logger:54 - Got suggestions: ['ssh', 'sort', 'echo', 'python', 'wc']
2025-01-23 19:36:59,375 - AITerm - INFO - logger:54 - Showing dropdown with 5 suggestions at (134, 672)
2025-01-23 19:36:59,377 - AITerm - INFO - logger:54 - Setting geometry to: 404x184+134+672
2025-01-23 19:36:59,377 - AITerm - INFO - logger:54 - Dropdown shown and configured
2025-01-23 19:36:59,554 - AITerm - DEBUG - logger:51 - Key released: l, current text: show la
2025-01-23 19:36:59,554 - AITerm - INFO - logger:54 - Updating suggestions for text: 'show la'
2025-01-23 19:36:59,554 - AITerm - INFO - logger:54 - Getting suggestions for text: 'show'
2025-01-23 19:36:59,554 - AITerm - INFO - logger:54 - Trying path completion for: ./la*
2025-01-23 19:36:59,555 - AITerm - INFO - logger:54 - Final suggestions: []
2025-01-23 19:36:59,555 - AITerm - INFO - logger:54 - Got suggestions: []
2025-01-23 19:36:59,555 - AITerm - INFO - logger:54 - Hiding dropdown
2025-01-23 19:36:59,656 - AITerm - DEBUG - logger:51 - Key released: a, current text: show las
2025-01-23 19:36:59,656 - AITerm - INFO - logger:54 - Updating suggestions for text: 'show las'
2025-01-23 19:36:59,656 - AITerm - INFO - logger:54 - Getting suggestions for text: 'show'
2025-01-23 19:36:59,656 - AITerm - INFO - logger:54 - Trying path completion for: ./las*
2025-01-23 19:36:59,656 - AITerm - INFO - logger:54 - Final suggestions: []
2025-01-23 19:36:59,656 - AITerm - INFO - logger:54 - Got suggestions: []
2025-01-23 19:36:59,757 - AITerm - DEBUG - logger:51 - Key released: s, current text: show las
2025-01-23 19:36:59,757 - AITerm - INFO - logger:54 - Updating suggestions for text: 'show las'
2025-01-23 19:36:59,757 - AITerm - INFO - logger:54 - Getting suggestions for text: 'show'
2025-01-23 19:36:59,757 - AITerm - INFO - logger:54 - Trying path completion for: ./las*
2025-01-23 19:36:59,757 - AITerm - INFO - logger:54 - Final suggestions: []
2025-01-23 19:36:59,757 - AITerm - INFO - logger:54 - Got suggestions: []
2025-01-23 19:36:59,947 - AITerm - DEBUG - logger:51 - Key released: t, current text: show last 
2025-01-23 19:36:59,947 - AITerm - INFO - logger:54 - Updating suggestions for text: 'show last '
2025-01-23 19:36:59,947 - AITerm - INFO - logger:54 - Getting suggestions for text: 'show'
2025-01-23 19:36:59,947 - AITerm - INFO - logger:54 - Trying path completion for: ./last*
2025-01-23 19:36:59,947 - AITerm - INFO - logger:54 - Final suggestions: []
2025-01-23 19:36:59,947 - AITerm - INFO - logger:54 - Got suggestions: []
2025-01-23 19:37:00,061 - AITerm - DEBUG - logger:51 - Key released: space, current text: show last 
2025-01-23 19:37:00,061 - AITerm - INFO - logger:54 - Updating suggestions for text: 'show last '
2025-01-23 19:37:00,061 - AITerm - INFO - logger:54 - Getting suggestions for text: 'show'
2025-01-23 19:37:00,061 - AITerm - INFO - logger:54 - Trying path completion for: ./last*
2025-01-23 19:37:00,061 - AITerm - INFO - logger:54 - Final suggestions: []
2025-01-23 19:37:00,061 - AITerm - INFO - logger:54 - Got suggestions: []
2025-01-23 19:37:00,273 - AITerm - DEBUG - logger:51 - Key released: c, current text: show last com
2025-01-23 19:37:00,273 - AITerm - INFO - logger:54 - Updating suggestions for text: 'show last com'
2025-01-23 19:37:00,274 - AITerm - INFO - logger:54 - Getting suggestions for text: 'show'
2025-01-23 19:37:00,274 - AITerm - INFO - logger:54 - Trying path completion for: ./com*
2025-01-23 19:37:00,274 - AITerm - INFO - logger:54 - Final suggestions: []
2025-01-23 19:37:00,274 - AITerm - INFO - logger:54 - Got suggestions: []
2025-01-23 19:37:00,296 - AITerm - DEBUG - logger:51 - Key released: o, current text: show last com
2025-01-23 19:37:00,296 - AITerm - INFO - logger:54 - Updating suggestions for text: 'show last com'
2025-01-23 19:37:00,296 - AITerm - INFO - logger:54 - Getting suggestions for text: 'show'
2025-01-23 19:37:00,296 - AITerm - INFO - logger:54 - Trying path completion for: ./com*
2025-01-23 19:37:00,296 - AITerm - INFO - logger:54 - Final suggestions: []
2025-01-23 19:37:00,296 - AITerm - INFO - logger:54 - Got suggestions: []
2025-01-23 19:37:00,397 - AITerm - DEBUG - logger:51 - Key released: m, current text: show last com
2025-01-23 19:37:00,397 - AITerm - INFO - logger:54 - Updating suggestions for text: 'show last com'
2025-01-23 19:37:00,398 - AITerm - INFO - logger:54 - Getting suggestions for text: 'show'
2025-01-23 19:37:00,398 - AITerm - INFO - logger:54 - Trying path completion for: ./com*
2025-01-23 19:37:00,398 - AITerm - INFO - logger:54 - Final suggestions: []
2025-01-23 19:37:00,398 - AITerm - INFO - logger:54 - Got suggestions: []
2025-01-23 19:37:00,634 - AITerm - DEBUG - logger:51 - Key released: m, current text: show last comm
2025-01-23 19:37:00,634 - AITerm - INFO - logger:54 - Updating suggestions for text: 'show last comm'
2025-01-23 19:37:00,635 - AITerm - INFO - logger:54 - Getting suggestions for text: 'show'
2025-01-23 19:37:00,635 - AITerm - INFO - logger:54 - Trying path completion for: ./comm*
2025-01-23 19:37:00,635 - AITerm - INFO - logger:54 - Final suggestions: []
2025-01-23 19:37:00,635 - AITerm - INFO - logger:54 - Got suggestions: []
2025-01-23 19:37:01,230 - AITerm - DEBUG - logger:51 - Key released: i, current text: show last commi
2025-01-23 19:37:01,230 - AITerm - INFO - logger:54 - Updating suggestions for text: 'show last commi'
2025-01-23 19:37:01,230 - AITerm - INFO - logger:54 - Getting suggestions for text: 'show'
2025-01-23 19:37:01,230 - AITerm - INFO - logger:54 - Trying path completion for: ./commi*
2025-01-23 19:37:01,231 - AITerm - INFO - logger:54 - Final suggestions: []
2025-01-23 19:37:01,231 - AITerm - INFO - logger:54 - Got suggestions: []
2025-01-23 19:37:01,433 - AITerm - DEBUG - logger:51 - Key released: t, current text: show last commit
2025-01-23 19:37:01,433 - AITerm - INFO - logger:54 - Updating suggestions for text: 'show last commit'
2025-01-23 19:37:01,433 - AITerm - INFO - logger:54 - Getting suggestions for text: 'show'
2025-01-23 19:37:01,433 - AITerm - INFO - logger:54 - Trying path completion for: ./commit*
2025-01-23 19:37:01,434 - AITerm - INFO - logger:54 - Final suggestions: []
2025-01-23 19:37:01,434 - AITerm - INFO - logger:54 - Got suggestions: []
2025-01-23 19:37:01,466 - AITerm - INFO - logger:54 - Interpreted command 'show last commit' as 'git show HEAD'
2025-01-23 19:37:01,466 - AITerm - DEBUG - logger:51 - Starting PTY mode with command: git show HEAD
2025-01-23 19:37:01,466 - AITerm - INFO - logger:54 - Initializing PseudoTerminal
2025-01-23 19:37:01,466 - AITerm - DEBUG - logger:51 - Starting PTY with command: git show HEAD
2025-01-23 19:37:01,478 - AITerm - DEBUG - logger:51 - PTY started successfully
2025-01-23 19:37:06,462 - AITerm - INFO - logger:54 - Key event - keysym: space, state: 0, char: ' '
2025-01-23 19:37:06,462 - AITerm - INFO - logger:54 - Sending next page command (space)
2025-01-23 19:37:07,417 - AITerm - INFO - logger:54 - Key event - keysym: space, state: 0, char: ' '
2025-01-23 19:37:07,417 - AITerm - INFO - logger:54 - Sending next page command (space)
2025-01-23 19:37:08,126 - AITerm - INFO - logger:54 - Key event - keysym: space, state: 0, char: ' '
2025-01-23 19:37:08,126 - AITerm - INFO - logger:54 - Sending next page command (space)
2025-01-23 19:37:08,486 - AITerm - INFO - logger:54 - Key event - keysym: space, state: 0, char: ' '
2025-01-23 19:37:08,486 - AITerm - INFO - logger:54 - Sending next page command (space)
2025-01-23 19:37:08,723 - AITerm - INFO - logger:54 - Key event - keysym: space, state: 0, char: ' '
2025-01-23 19:37:08,723 - AITerm - INFO - logger:54 - Sending next page command (space)
2025-01-23 19:37:08,905 - AITerm - INFO - logger:54 - Key event - keysym: space, state: 0, char: ' '
2025-01-23 19:37:08,905 - AITerm - INFO - logger:54 - Sending next page command (space)
2025-01-23 19:37:09,094 - AITerm - INFO - logger:54 - Key event - keysym: space, state: 0, char: ' '
2025-01-23 19:37:09,094 - AITerm - INFO - logger:54 - Sending next page command (space)
2025-01-23 19:37:09,331 - AITerm - INFO - logger:54 - Key event - keysym: space, state: 0, char: ' '
2025-01-23 19:37:09,331 - AITerm - INFO - logger:54 - Sending next page command (space)
2025-01-23 19:37:09,915 - AITerm - INFO - logger:54 - Key event - keysym: space, state: 0, char: ' '
2025-01-23 19:37:09,915 - AITerm - INFO - logger:54 - Sending next page command (space)
2025-01-23 19:37:10,692 - AITerm - INFO - logger:54 - Key event - keysym: space, state: 0, char: ' '
2025-01-23 19:37:10,693 - AITerm - INFO - logger:54 - Sending next page command (space)
2025-01-23 19:37:10,961 - AITerm - INFO - logger:54 - Key event - keysym: space, state: 0, char: ' '
2025-01-23 19:37:10,961 - AITerm - INFO - logger:54 - Sending next page command (space)
2025-01-23 19:37:11,187 - AITerm - INFO - logger:54 - Key event - keysym: space, state: 0, char: ' '
2025-01-23 19:37:11,187 - AITerm - INFO - logger:54 - Sending next page command (space)
2025-01-23 19:37:11,715 - AITerm - INFO - logger:54 - Key event - keysym: space, state: 0, char: ' '
2025-01-23 19:37:11,715 - AITerm - INFO - logger:54 - Sending next page command (space)
2025-01-23 19:37:11,985 - AITerm - INFO - logger:54 - Key event - keysym: space, state: 0, char: ' '
2025-01-23 19:37:11,986 - AITerm - INFO - logger:54 - Sending next page command (space)
2025-01-23 19:37:12,233 - AITerm - INFO - logger:54 - Key event - keysym: space, state: 0, char: ' '
2025-01-23 19:37:12,233 - AITerm - INFO - logger:54 - Sending next page command (space)
2025-01-23 19:37:13,225 - AITerm - INFO - logger:54 - Key event - keysym: Control_L, state: 4, char: ''
2025-01-23 19:37:13,547 - AITerm - INFO - logger:54 - Key event - keysym: c, state: 4, char: ''
2025-01-23 19:37:13,547 - AITerm - INFO - logger:54 - Sending SIGINT (Ctrl+C)
2025-01-23 19:37:27,127 - AITerm - INFO - logger:54 - Key event - keysym: q, state: 0, char: 'q'
2025-01-23 19:37:27,127 - AITerm - INFO - logger:54 - Sending quit command (q)
2025-01-23 19:37:27,188 - AITerm - DEBUG - logger:51 - Stopping pseudo-terminal
2025-01-23 19:37:27,188 - AITerm - DEBUG - logger:51 - Attempting graceful process termination
2025-01-23 19:37:27,188 - AITerm - DEBUG - logger:51 - Process terminated gracefully
2025-01-23 19:37:27,188 - AITerm - DEBUG - logger:51 - Closed master file descriptor
2025-01-23 19:37:27,188 - AITerm - DEBUG - logger:51 - PTY process exited
2025-01-23 19:37:27,284 - AITerm - DEBUG - logger:51 - Key released: q, current text: 
2025-01-23 19:37:27,284 - AITerm - INFO - logger:54 - Updating suggestions for text: ''
2025-01-23 19:37:27,284 - AITerm - INFO - logger:54 - No text to get suggestions for
2025-01-23 19:37:27,284 - AITerm - INFO - logger:54 - Got suggestions: []
2025-01-23 19:37:33,629 - AITerm - DEBUG - logger:51 - Ignoring special key: Up
2025-01-23 19:37:34,461 - AITerm - DEBUG - logger:51 - Ignoring special key: Up
2025-01-23 19:37:35,789 - AITerm - DEBUG - logger:51 - Key released: h, current text: hi
2025-01-23 19:37:35,789 - AITerm - INFO - logger:54 - Updating suggestions for text: 'hi'
2025-01-23 19:37:35,789 - AITerm - INFO - logger:54 - Getting suggestions for text: 'hi'
2025-01-23 19:37:35,789 - AITerm - INFO - logger:54 - Prefix matches for 'hi': []
2025-01-23 19:37:35,790 - AITerm - INFO - logger:54 - Fuzzy matches for 'hi': ['which', 'zip', 'vim', 'ssh', 'pip']
2025-01-23 19:37:35,790 - AITerm - INFO - logger:54 - New fuzzy matches: ['which', 'zip', 'vim', 'ssh', 'pip']
2025-01-23 19:37:35,790 - AITerm - INFO - logger:54 - Final suggestions: ['which', 'zip', 'vim', 'ssh', 'pip']
2025-01-23 19:37:35,790 - AITerm - INFO - logger:54 - Got suggestions: ['which', 'zip', 'vim', 'ssh', 'pip']
2025-01-23 19:37:35,790 - AITerm - INFO - logger:54 - Showing dropdown with 5 suggestions at (134, 672)
2025-01-23 19:37:35,791 - AITerm - INFO - logger:54 - Setting geometry to: 404x184+134+672
2025-01-23 19:37:35,794 - AITerm - INFO - logger:54 - Dropdown shown and configured
2025-01-23 19:37:35,857 - AITerm - DEBUG - logger:51 - Key released: i, current text: hi
2025-01-23 19:37:35,857 - AITerm - INFO - logger:54 - Updating suggestions for text: 'hi'
2025-01-23 19:37:35,857 - AITerm - INFO - logger:54 - Getting suggestions for text: 'hi'
2025-01-23 19:37:35,857 - AITerm - INFO - logger:54 - Prefix matches for 'hi': []
2025-01-23 19:37:35,857 - AITerm - INFO - logger:54 - Fuzzy matches for 'hi': ['which', 'zip', 'vim', 'ssh', 'pip']
2025-01-23 19:37:35,858 - AITerm - INFO - logger:54 - New fuzzy matches: ['which', 'zip', 'vim', 'ssh', 'pip']
2025-01-23 19:37:35,858 - AITerm - INFO - logger:54 - Final suggestions: ['which', 'zip', 'vim', 'ssh', 'pip']
2025-01-23 19:37:35,858 - AITerm - INFO - logger:54 - Got suggestions: ['which', 'zip', 'vim', 'ssh', 'pip']
2025-01-23 19:37:35,858 - AITerm - INFO - logger:54 - Showing dropdown with 5 suggestions at (134, 672)
2025-01-23 19:37:35,859 - AITerm - INFO - logger:54 - Setting geometry to: 404x184+134+672
2025-01-23 19:37:35,860 - AITerm - INFO - logger:54 - Dropdown shown and configured
2025-01-23 19:37:36,497 - AITerm - DEBUG - logger:51 - Key released: BackSpace, current text: h
2025-01-23 19:37:36,498 - AITerm - INFO - logger:54 - Updating suggestions for text: 'h'
2025-01-23 19:37:36,498 - AITerm - INFO - logger:54 - Getting suggestions for text: 'h'
2025-01-23 19:37:36,498 - AITerm - INFO - logger:54 - Prefix matches for 'h': ['head']
2025-01-23 19:37:36,498 - AITerm - INFO - logger:54 - Fuzzy matches for 'h': ['ssh', 'head', 'echo', 'which']
2025-01-23 19:37:36,498 - AITerm - INFO - logger:54 - New fuzzy matches: ['ssh', 'echo', 'which']
2025-01-23 19:37:36,498 - AITerm - INFO - logger:54 - Final suggestions: ['head', 'ssh', 'echo', 'which']
2025-01-23 19:37:36,498 - AITerm - INFO - logger:54 - Got suggestions: ['head', 'ssh', 'echo', 'which']
2025-01-23 19:37:36,498 - AITerm - INFO - logger:54 - Showing dropdown with 4 suggestions at (134, 672)
2025-01-23 19:37:36,499 - AITerm - INFO - logger:54 - Setting geometry to: 404x184+134+672
2025-01-23 19:37:36,500 - AITerm - INFO - logger:54 - Dropdown shown and configured
2025-01-23 19:37:36,644 - AITerm - DEBUG - logger:51 - Key released: BackSpace, current text: 
2025-01-23 19:37:36,644 - AITerm - INFO - logger:54 - Updating suggestions for text: ''
2025-01-23 19:37:36,644 - AITerm - INFO - logger:54 - No text to get suggestions for
2025-01-23 19:37:36,644 - AITerm - INFO - logger:54 - Got suggestions: []
2025-01-23 19:37:36,644 - AITerm - INFO - logger:54 - Hiding dropdown
2025-01-23 19:37:37,175 - AITerm - DEBUG - logger:51 - Key released: h, current text: hi
2025-01-23 19:37:37,175 - AITerm - INFO - logger:54 - Updating suggestions for text: 'hi'
2025-01-23 19:37:37,175 - AITerm - INFO - logger:54 - Getting suggestions for text: 'hi'
2025-01-23 19:37:37,175 - AITerm - INFO - logger:54 - Prefix matches for 'hi': []
2025-01-23 19:37:37,175 - AITerm - INFO - logger:54 - Fuzzy matches for 'hi': ['which', 'zip', 'vim', 'ssh', 'pip']
2025-01-23 19:37:37,175 - AITerm - INFO - logger:54 - New fuzzy matches: ['which', 'zip', 'vim', 'ssh', 'pip']
2025-01-23 19:37:37,175 - AITerm - INFO - logger:54 - Final suggestions: ['which', 'zip', 'vim', 'ssh', 'pip']
2025-01-23 19:37:37,175 - AITerm - INFO - logger:54 - Got suggestions: ['which', 'zip', 'vim', 'ssh', 'pip']
2025-01-23 19:37:37,175 - AITerm - INFO - logger:54 - Showing dropdown with 5 suggestions at (134, 672)
2025-01-23 19:37:37,176 - AITerm - INFO - logger:54 - Setting geometry to: 404x184+134+672
2025-01-23 19:37:37,180 - AITerm - INFO - logger:54 - Dropdown shown and configured
2025-01-23 19:37:37,217 - AITerm - DEBUG - logger:51 - Key released: i, current text: his
2025-01-23 19:37:37,217 - AITerm - INFO - logger:54 - Updating suggestions for text: 'his'
2025-01-23 19:37:37,217 - AITerm - INFO - logger:54 - Getting suggestions for text: 'his'
2025-01-23 19:37:37,217 - AITerm - INFO - logger:54 - Prefix matches for 'his': []
2025-01-23 19:37:37,218 - AITerm - INFO - logger:54 - Fuzzy matches for 'his': ['which', 'ps', 'ls', 'zip', 'vim']
2025-01-23 19:37:37,218 - AITerm - INFO - logger:54 - New fuzzy matches: ['which', 'ps', 'ls', 'zip', 'vim']
2025-01-23 19:37:37,218 - AITerm - INFO - logger:54 - Final suggestions: ['which', 'ps', 'ls', 'zip', 'vim']
2025-01-23 19:37:37,218 - AITerm - INFO - logger:54 - Got suggestions: ['which', 'ps', 'ls', 'zip', 'vim']
2025-01-23 19:37:37,218 - AITerm - INFO - logger:54 - Showing dropdown with 5 suggestions at (134, 672)
2025-01-23 19:37:37,219 - AITerm - INFO - logger:54 - Setting geometry to: 404x184+134+672
2025-01-23 19:37:37,220 - AITerm - INFO - logger:54 - Dropdown shown and configured
2025-01-23 19:37:37,341 - AITerm - DEBUG - logger:51 - Key released: s, current text: his
2025-01-23 19:37:37,341 - AITerm - INFO - logger:54 - Updating suggestions for text: 'his'
2025-01-23 19:37:37,341 - AITerm - INFO - logger:54 - Getting suggestions for text: 'his'
2025-01-23 19:37:37,341 - AITerm - INFO - logger:54 - Prefix matches for 'his': []
2025-01-23 19:37:37,342 - AITerm - INFO - logger:54 - Fuzzy matches for 'his': ['which', 'ps', 'ls', 'zip', 'vim']
2025-01-23 19:37:37,342 - AITerm - INFO - logger:54 - New fuzzy matches: ['which', 'ps', 'ls', 'zip', 'vim']
2025-01-23 19:37:37,342 - AITerm - INFO - logger:54 - Final suggestions: ['which', 'ps', 'ls', 'zip', 'vim']
2025-01-23 19:37:37,342 - AITerm - INFO - logger:54 - Got suggestions: ['which', 'ps', 'ls', 'zip', 'vim']
2025-01-23 19:37:37,342 - AITerm - INFO - logger:54 - Showing dropdown with 5 suggestions at (134, 672)
2025-01-23 19:37:37,343 - AITerm - INFO - logger:54 - Setting geometry to: 404x184+134+672
2025-01-23 19:37:37,344 - AITerm - INFO - logger:54 - Dropdown shown and configured
2025-01-23 19:37:37,455 - AITerm - DEBUG - logger:51 - Key released: t, current text: histo
2025-01-23 19:37:37,455 - AITerm - INFO - logger:54 - Updating suggestions for text: 'histo'
2025-01-23 19:37:37,455 - AITerm - INFO - logger:54 - Getting suggestions for text: 'histo'
2025-01-23 19:37:37,455 - AITerm - INFO - logger:54 - Prefix matches for 'histo': []
2025-01-23 19:37:37,455 - AITerm - INFO - logger:54 - Fuzzy matches for 'histo': ['top', 'git', 'sort', 'echo', 'which']
2025-01-23 19:37:37,455 - AITerm - INFO - logger:54 - New fuzzy matches: ['top', 'git', 'sort', 'echo', 'which']
2025-01-23 19:37:37,455 - AITerm - INFO - logger:54 - Final suggestions: ['top', 'git', 'sort', 'echo', 'which']
2025-01-23 19:37:37,455 - AITerm - INFO - logger:54 - Got suggestions: ['top', 'git', 'sort', 'echo', 'which']
2025-01-23 19:37:37,456 - AITerm - INFO - logger:54 - Showing dropdown with 5 suggestions at (134, 672)
2025-01-23 19:37:37,457 - AITerm - INFO - logger:54 - Setting geometry to: 404x184+134+672
2025-01-23 19:37:37,458 - AITerm - INFO - logger:54 - Dropdown shown and configured
2025-01-23 19:37:37,522 - AITerm - DEBUG - logger:51 - Key released: o, current text: histo
2025-01-23 19:37:37,522 - AITerm - INFO - logger:54 - Updating suggestions for text: 'histo'
2025-01-23 19:37:37,522 - AITerm - INFO - logger:54 - Getting suggestions for text: 'histo'
2025-01-23 19:37:37,522 - AITerm - INFO - logger:54 - Prefix matches for 'histo': []
2025-01-23 19:37:37,522 - AITerm - INFO - logger:54 - Fuzzy matches for 'histo': ['top', 'git', 'sort', 'echo', 'which']
2025-01-23 19:37:37,522 - AITerm - INFO - logger:54 - New fuzzy matches: ['top', 'git', 'sort', 'echo', 'which']
2025-01-23 19:37:37,522 - AITerm - INFO - logger:54 - Final suggestions: ['top', 'git', 'sort', 'echo', 'which']
2025-01-23 19:37:37,522 - AITerm - INFO - logger:54 - Got suggestions: ['top', 'git', 'sort', 'echo', 'which']
2025-01-23 19:37:37,523 - AITerm - INFO - logger:54 - Showing dropdown with 5 suggestions at (134, 672)
2025-01-23 19:37:37,524 - AITerm - INFO - logger:54 - Setting geometry to: 404x184+134+672
2025-01-23 19:37:37,525 - AITerm - INFO - logger:54 - Dropdown shown and configured
2025-01-23 19:37:37,713 - AITerm - DEBUG - logger:51 - Key released: r, current text: history
2025-01-23 19:37:37,713 - AITerm - INFO - logger:54 - Updating suggestions for text: 'history'
2025-01-23 19:37:37,713 - AITerm - INFO - logger:54 - Getting suggestions for text: 'history'
2025-01-23 19:37:37,713 - AITerm - INFO - logger:54 - Prefix matches for 'history': []
2025-01-23 19:37:37,714 - AITerm - INFO - logger:54 - Fuzzy matches for 'history': ['sort', 'top', 'tar', 'git', 'more']
2025-01-23 19:37:37,714 - AITerm - INFO - logger:54 - New fuzzy matches: ['sort', 'top', 'tar', 'git', 'more']
2025-01-23 19:37:37,714 - AITerm - INFO - logger:54 - Final suggestions: ['sort', 'top', 'tar', 'git', 'more']
2025-01-23 19:37:37,714 - AITerm - INFO - logger:54 - Got suggestions: ['sort', 'top', 'tar', 'git', 'more']
2025-01-23 19:37:37,714 - AITerm - INFO - logger:54 - Showing dropdown with 5 suggestions at (134, 672)
2025-01-23 19:37:37,715 - AITerm - INFO - logger:54 - Setting geometry to: 404x184+134+672
2025-01-23 19:37:37,716 - AITerm - INFO - logger:54 - Dropdown shown and configured
2025-01-23 19:37:37,795 - AITerm - DEBUG - logger:51 - Key released: y, current text: history
2025-01-23 19:37:37,795 - AITerm - INFO - logger:54 - Updating suggestions for text: 'history'
2025-01-23 19:37:37,795 - AITerm - INFO - logger:54 - Getting suggestions for text: 'history'
2025-01-23 19:37:37,795 - AITerm - INFO - logger:54 - Prefix matches for 'history': []
2025-01-23 19:37:37,795 - AITerm - INFO - logger:54 - Fuzzy matches for 'history': ['sort', 'top', 'tar', 'git', 'more']
2025-01-23 19:37:37,795 - AITerm - INFO - logger:54 - New fuzzy matches: ['sort', 'top', 'tar', 'git', 'more']
2025-01-23 19:37:37,795 - AITerm - INFO - logger:54 - Final suggestions: ['sort', 'top', 'tar', 'git', 'more']
2025-01-23 19:37:37,795 - AITerm - INFO - logger:54 - Got suggestions: ['sort', 'top', 'tar', 'git', 'more']
2025-01-23 19:37:37,795 - AITerm - INFO - logger:54 - Showing dropdown with 5 suggestions at (134, 672)
2025-01-23 19:37:37,796 - AITerm - INFO - logger:54 - Setting geometry to: 404x184+134+672
2025-01-23 19:37:37,797 - AITerm - INFO - logger:54 - Dropdown shown and configured
2025-01-23 19:37:37,972 - AITerm - INFO - logger:54 - Hiding dropdown
2025-01-23 19:37:38,705 - AITerm - INFO - logger:54 - Interpreted command 'history' as 'history'
2025-01-23 19:37:38,705 - AITerm - INFO - logger:54 - Executing command: history in /Volumes/wd/code/Python/AITerm
2025-01-23 19:37:38,725 - AITerm - DEBUG - logger:51 - Command stdout: 
2025-01-23 19:37:38,726 - AITerm - DEBUG - logger:51 - Command stderr: 
2025-01-23 19:37:38,730 - AITerm - DEBUG - logger:51 - Key released: Return, current text: 
2025-01-23 19:37:38,730 - AITerm - INFO - logger:54 - Updating suggestions for text: ''
2025-01-23 19:37:38,731 - AITerm - INFO - logger:54 - No text to get suggestions for
2025-01-23 19:37:38,731 - AITerm - INFO - logger:54 - Got suggestions: []
2025-01-23 19:37:46,522 - AITerm - DEBUG - logger:51 - Key released: p, current text: pw
2025-01-23 19:37:46,522 - AITerm - INFO - logger:54 - Updating suggestions for text: 'pw'
2025-01-23 19:37:46,522 - AITerm - INFO - logger:54 - Getting suggestions for text: 'pw'
2025-01-23 19:37:46,523 - AITerm - INFO - logger:54 - Prefix matches for 'pw': ['pwd']
2025-01-23 19:37:46,523 - AITerm - INFO - logger:54 - Fuzzy matches for 'pw': ['pwd', 'wc', 'ps', 'cp']
2025-01-23 19:37:46,523 - AITerm - INFO - logger:54 - New fuzzy matches: ['wc', 'ps', 'cp']
2025-01-23 19:37:46,523 - AITerm - INFO - logger:54 - Final suggestions: ['pwd', 'wc', 'ps', 'cp']
2025-01-23 19:37:46,523 - AITerm - INFO - logger:54 - Got suggestions: ['pwd', 'wc', 'ps', 'cp']
2025-01-23 19:37:46,523 - AITerm - INFO - logger:54 - Showing dropdown with 4 suggestions at (134, 672)
2025-01-23 19:37:46,524 - AITerm - INFO - logger:54 - Setting geometry to: 404x184+134+672
2025-01-23 19:37:46,527 - AITerm - INFO - logger:54 - Dropdown shown and configured
2025-01-23 19:37:46,701 - AITerm - DEBUG - logger:51 - Key released: w, current text: pwd
2025-01-23 19:37:46,701 - AITerm - INFO - logger:54 - Updating suggestions for text: 'pwd'
2025-01-23 19:37:46,701 - AITerm - INFO - logger:54 - Getting suggestions for text: 'pwd'
2025-01-23 19:37:46,701 - AITerm - INFO - logger:54 - Prefix matches for 'pwd': ['pwd']
2025-01-23 19:37:46,702 - AITerm - INFO - logger:54 - Fuzzy matches for 'pwd': ['pwd', 'wc', 'ps', 'du']
2025-01-23 19:37:46,702 - AITerm - INFO - logger:54 - New fuzzy matches: ['wc', 'ps', 'du']
2025-01-23 19:37:46,702 - AITerm - INFO - logger:54 - Final suggestions: ['pwd', 'wc', 'ps', 'du']
2025-01-23 19:37:46,702 - AITerm - INFO - logger:54 - Got suggestions: ['pwd', 'wc', 'ps', 'du']
2025-01-23 19:37:46,702 - AITerm - INFO - logger:54 - Showing dropdown with 4 suggestions at (134, 672)
2025-01-23 19:37:46,703 - AITerm - INFO - logger:54 - Setting geometry to: 404x184+134+672
2025-01-23 19:37:46,704 - AITerm - INFO - logger:54 - Dropdown shown and configured
2025-01-23 19:37:46,756 - AITerm - DEBUG - logger:51 - Key released: d, current text: pwd
2025-01-23 19:37:46,756 - AITerm - INFO - logger:54 - Updating suggestions for text: 'pwd'
2025-01-23 19:37:46,756 - AITerm - INFO - logger:54 - Getting suggestions for text: 'pwd'
2025-01-23 19:37:46,756 - AITerm - INFO - logger:54 - Prefix matches for 'pwd': ['pwd']
2025-01-23 19:37:46,756 - AITerm - INFO - logger:54 - Fuzzy matches for 'pwd': ['pwd', 'wc', 'ps', 'du']
2025-01-23 19:37:46,756 - AITerm - INFO - logger:54 - New fuzzy matches: ['wc', 'ps', 'du']
2025-01-23 19:37:46,756 - AITerm - INFO - logger:54 - Final suggestions: ['pwd', 'wc', 'ps', 'du']
2025-01-23 19:37:46,756 - AITerm - INFO - logger:54 - Got suggestions: ['pwd', 'wc', 'ps', 'du']
2025-01-23 19:37:46,756 - AITerm - INFO - logger:54 - Showing dropdown with 4 suggestions at (134, 672)
2025-01-23 19:37:46,757 - AITerm - INFO - logger:54 - Setting geometry to: 404x184+134+672
2025-01-23 19:37:46,758 - AITerm - INFO - logger:54 - Dropdown shown and configured
2025-01-23 19:37:46,790 - AITerm - INFO - logger:54 - Hiding dropdown
2025-01-23 19:37:47,431 - AITerm - INFO - logger:54 - Interpreted command 'pwd' as 'pwd'
2025-01-23 19:37:47,431 - AITerm - INFO - logger:54 - Executing command: pwd in /Volumes/wd/code/Python/AITerm
2025-01-23 19:37:47,450 - AITerm - DEBUG - logger:51 - Command stdout: /Volumes/wd/code/Python/AITerm

2025-01-23 19:37:47,450 - AITerm - DEBUG - logger:51 - Command stderr: 
2025-01-23 19:37:47,458 - AITerm - DEBUG - logger:51 - Key released: Return, current text: 
2025-01-23 19:37:47,458 - AITerm - INFO - logger:54 - Updating suggestions for text: ''
2025-01-23 19:37:47,458 - AITerm - INFO - logger:54 - No text to get suggestions for
2025-01-23 19:37:47,458 - AITerm - INFO - logger:54 - Got suggestions: []
2025-01-23 19:37:47,702 - AITerm - DEBUG - logger:51 - Key released: Return, current text: 
2025-01-23 19:37:47,702 - AITerm - INFO - logger:54 - Updating suggestions for text: ''
2025-01-23 19:37:47,702 - AITerm - INFO - logger:54 - No text to get suggestions for
2025-01-23 19:37:47,702 - AITerm - INFO - logger:54 - Got suggestions: []
2025-01-23 19:37:51,775 - AITerm - DEBUG - logger:51 - Key released: h, current text: hi
2025-01-23 19:37:51,775 - AITerm - INFO - logger:54 - Updating suggestions for text: 'hi'
2025-01-23 19:37:51,775 - AITerm - INFO - logger:54 - Getting suggestions for text: 'hi'
2025-01-23 19:37:51,775 - AITerm - INFO - logger:54 - Prefix matches for 'hi': []
2025-01-23 19:37:51,775 - AITerm - INFO - logger:54 - Fuzzy matches for 'hi': ['which', 'zip', 'vim', 'ssh', 'pip']
2025-01-23 19:37:51,775 - AITerm - INFO - logger:54 - New fuzzy matches: ['which', 'zip', 'vim', 'ssh', 'pip']
2025-01-23 19:37:51,776 - AITerm - INFO - logger:54 - Final suggestions: ['which', 'zip', 'vim', 'ssh', 'pip']
2025-01-23 19:37:51,776 - AITerm - INFO - logger:54 - Got suggestions: ['which', 'zip', 'vim', 'ssh', 'pip']
2025-01-23 19:37:51,776 - AITerm - INFO - logger:54 - Showing dropdown with 5 suggestions at (134, 672)
2025-01-23 19:37:51,776 - AITerm - INFO - logger:54 - Setting geometry to: 404x184+134+672
2025-01-23 19:37:51,779 - AITerm - INFO - logger:54 - Dropdown shown and configured
2025-01-23 19:37:51,822 - AITerm - DEBUG - logger:51 - Key released: i, current text: his
2025-01-23 19:37:51,822 - AITerm - INFO - logger:54 - Updating suggestions for text: 'his'
2025-01-23 19:37:51,822 - AITerm - INFO - logger:54 - Getting suggestions for text: 'his'
2025-01-23 19:37:51,823 - AITerm - INFO - logger:54 - Prefix matches for 'his': []
2025-01-23 19:37:51,823 - AITerm - INFO - logger:54 - Fuzzy matches for 'his': ['which', 'ps', 'ls', 'zip', 'vim']
2025-01-23 19:37:51,823 - AITerm - INFO - logger:54 - New fuzzy matches: ['which', 'ps', 'ls', 'zip', 'vim']
2025-01-23 19:37:51,823 - AITerm - INFO - logger:54 - Final suggestions: ['which', 'ps', 'ls', 'zip', 'vim']
2025-01-23 19:37:51,823 - AITerm - INFO - logger:54 - Got suggestions: ['which', 'ps', 'ls', 'zip', 'vim']
2025-01-23 19:37:51,823 - AITerm - INFO - logger:54 - Showing dropdown with 5 suggestions at (134, 672)
2025-01-23 19:37:51,824 - AITerm - INFO - logger:54 - Setting geometry to: 404x184+134+672
2025-01-23 19:37:51,825 - AITerm - INFO - logger:54 - Dropdown shown and configured
2025-01-23 19:37:51,921 - AITerm - DEBUG - logger:51 - Key released: s, current text: his
2025-01-23 19:37:51,921 - AITerm - INFO - logger:54 - Updating suggestions for text: 'his'
2025-01-23 19:37:51,921 - AITerm - INFO - logger:54 - Getting suggestions for text: 'his'
2025-01-23 19:37:51,921 - AITerm - INFO - logger:54 - Prefix matches for 'his': []
2025-01-23 19:37:51,922 - AITerm - INFO - logger:54 - Fuzzy matches for 'his': ['which', 'ps', 'ls', 'zip', 'vim']
2025-01-23 19:37:51,922 - AITerm - INFO - logger:54 - New fuzzy matches: ['which', 'ps', 'ls', 'zip', 'vim']
2025-01-23 19:37:51,922 - AITerm - INFO - logger:54 - Final suggestions: ['which', 'ps', 'ls', 'zip', 'vim']
2025-01-23 19:37:51,922 - AITerm - INFO - logger:54 - Got suggestions: ['which', 'ps', 'ls', 'zip', 'vim']
2025-01-23 19:37:51,922 - AITerm - INFO - logger:54 - Showing dropdown with 5 suggestions at (134, 672)
2025-01-23 19:37:51,923 - AITerm - INFO - logger:54 - Setting geometry to: 404x184+134+672
2025-01-23 19:37:51,924 - AITerm - INFO - logger:54 - Dropdown shown and configured
2025-01-23 19:37:52,044 - AITerm - DEBUG - logger:51 - Key released: t, current text: histo
2025-01-23 19:37:52,045 - AITerm - INFO - logger:54 - Updating suggestions for text: 'histo'
2025-01-23 19:37:52,045 - AITerm - INFO - logger:54 - Getting suggestions for text: 'histo'
2025-01-23 19:37:52,045 - AITerm - INFO - logger:54 - Prefix matches for 'histo': []
2025-01-23 19:37:52,045 - AITerm - INFO - logger:54 - Fuzzy matches for 'histo': ['top', 'git', 'sort', 'echo', 'which']
2025-01-23 19:37:52,045 - AITerm - INFO - logger:54 - New fuzzy matches: ['top', 'git', 'sort', 'echo', 'which']
2025-01-23 19:37:52,045 - AITerm - INFO - logger:54 - Final suggestions: ['top', 'git', 'sort', 'echo', 'which']
2025-01-23 19:37:52,045 - AITerm - INFO - logger:54 - Got suggestions: ['top', 'git', 'sort', 'echo', 'which']
2025-01-23 19:37:52,045 - AITerm - INFO - logger:54 - Showing dropdown with 5 suggestions at (134, 672)
2025-01-23 19:37:52,047 - AITerm - INFO - logger:54 - Setting geometry to: 404x184+134+672
2025-01-23 19:37:52,047 - AITerm - INFO - logger:54 - Dropdown shown and configured
2025-01-23 19:37:52,089 - AITerm - DEBUG - logger:51 - Key released: o, current text: histo
2025-01-23 19:37:52,089 - AITerm - INFO - logger:54 - Updating suggestions for text: 'histo'
2025-01-23 19:37:52,089 - AITerm - INFO - logger:54 - Getting suggestions for text: 'histo'
2025-01-23 19:37:52,089 - AITerm - INFO - logger:54 - Prefix matches for 'histo': []
2025-01-23 19:37:52,089 - AITerm - INFO - logger:54 - Fuzzy matches for 'histo': ['top', 'git', 'sort', 'echo', 'which']
2025-01-23 19:37:52,089 - AITerm - INFO - logger:54 - New fuzzy matches: ['top', 'git', 'sort', 'echo', 'which']
2025-01-23 19:37:52,089 - AITerm - INFO - logger:54 - Final suggestions: ['top', 'git', 'sort', 'echo', 'which']
2025-01-23 19:37:52,089 - AITerm - INFO - logger:54 - Got suggestions: ['top', 'git', 'sort', 'echo', 'which']
2025-01-23 19:37:52,089 - AITerm - INFO - logger:54 - Showing dropdown with 5 suggestions at (134, 672)
2025-01-23 19:37:52,091 - AITerm - INFO - logger:54 - Setting geometry to: 404x184+134+672
2025-01-23 19:37:52,091 - AITerm - INFO - logger:54 - Dropdown shown and configured
2025-01-23 19:37:52,292 - AITerm - DEBUG - logger:51 - Key released: r, current text: history
2025-01-23 19:37:52,292 - AITerm - INFO - logger:54 - Updating suggestions for text: 'history'
2025-01-23 19:37:52,292 - AITerm - INFO - logger:54 - Getting suggestions for text: 'history'
2025-01-23 19:37:52,292 - AITerm - INFO - logger:54 - Prefix matches for 'history': []
2025-01-23 19:37:52,293 - AITerm - INFO - logger:54 - Fuzzy matches for 'history': ['sort', 'top', 'tar', 'git', 'more']
2025-01-23 19:37:52,293 - AITerm - INFO - logger:54 - New fuzzy matches: ['sort', 'top', 'tar', 'git', 'more']
2025-01-23 19:37:52,293 - AITerm - INFO - logger:54 - Final suggestions: ['sort', 'top', 'tar', 'git', 'more']
2025-01-23 19:37:52,293 - AITerm - INFO - logger:54 - Got suggestions: ['sort', 'top', 'tar', 'git', 'more']
2025-01-23 19:37:52,293 - AITerm - INFO - logger:54 - Showing dropdown with 5 suggestions at (134, 672)
2025-01-23 19:37:52,294 - AITerm - INFO - logger:54 - Setting geometry to: 404x184+134+672
2025-01-23 19:37:52,295 - AITerm - INFO - logger:54 - Dropdown shown and configured
2025-01-23 19:37:52,371 - AITerm - DEBUG - logger:51 - Key released: y, current text: history
2025-01-23 19:37:52,371 - AITerm - INFO - logger:54 - Updating suggestions for text: 'history'
2025-01-23 19:37:52,371 - AITerm - INFO - logger:54 - Getting suggestions for text: 'history'
2025-01-23 19:37:52,371 - AITerm - INFO - logger:54 - Prefix matches for 'history': []
2025-01-23 19:37:52,371 - AITerm - INFO - logger:54 - Fuzzy matches for 'history': ['sort', 'top', 'tar', 'git', 'more']
2025-01-23 19:37:52,371 - AITerm - INFO - logger:54 - New fuzzy matches: ['sort', 'top', 'tar', 'git', 'more']
2025-01-23 19:37:52,372 - AITerm - INFO - logger:54 - Final suggestions: ['sort', 'top', 'tar', 'git', 'more']
2025-01-23 19:37:52,372 - AITerm - INFO - logger:54 - Got suggestions: ['sort', 'top', 'tar', 'git', 'more']
2025-01-23 19:37:52,372 - AITerm - INFO - logger:54 - Showing dropdown with 5 suggestions at (134, 672)
2025-01-23 19:37:52,373 - AITerm - INFO - logger:54 - Setting geometry to: 404x184+134+672
2025-01-23 19:37:52,374 - AITerm - INFO - logger:54 - Dropdown shown and configured
2025-01-23 19:37:52,551 - AITerm - INFO - logger:54 - Hiding dropdown
2025-01-23 19:37:53,124 - AITerm - INFO - logger:54 - Interpreted command 'history' as 'history'
2025-01-23 19:37:53,124 - AITerm - INFO - logger:54 - Executing command: history in /Volumes/wd/code/Python/AITerm
2025-01-23 19:37:53,144 - AITerm - DEBUG - logger:51 - Command stdout: 
2025-01-23 19:37:53,144 - AITerm - DEBUG - logger:51 - Command stderr: 
2025-01-23 19:37:53,148 - AITerm - DEBUG - logger:51 - Key released: Return, current text: 
2025-01-23 19:37:53,148 - AITerm - INFO - logger:54 - Updating suggestions for text: ''
2025-01-23 19:37:53,148 - AITerm - INFO - logger:54 - No text to get suggestions for
2025-01-23 19:37:53,149 - AITerm - INFO - logger:54 - Got suggestions: []
2025-01-23 19:38:01,100 - AITerm - DEBUG - logger:51 - Key event ignored - not in PTY mode
2025-01-23 19:38:01,236 - AITerm - DEBUG - logger:51 - Key event ignored - not in PTY mode
