2025-01-23 20:11:41,908 - AITerm - INFO - logger:48 - Logger initialized. Log file: logs/aiterm_20250123_201141.log
2025-01-23 20:11:42,157 - AITerm - INFO - logger:54 - Initialized TerminalCompleter with 46 commands
2025-01-23 20:11:42,157 - AITerm - INFO - logger:54 - Initializing SuggestionDropdown
2025-01-23 20:11:42,191 - AITerm - INFO - logger:54 - SuggestionDropdown initialized and hidden
2025-01-23 20:11:44,949 - AITerm - DEBUG - logger:51 - Key released: s, current text: sh
2025-01-23 20:11:44,949 - AITerm - INFO - logger:54 - Updating suggestions for text: 'sh'
2025-01-23 20:11:44,950 - AITerm - INFO - logger:54 - Getting suggestions for text: 'sh'
2025-01-23 20:11:44,950 - AITerm - INFO - logger:54 - Prefix matches for 'sh': []
2025-01-23 20:11:44,950 - AITerm - INFO - logger:54 - Fuzzy matches for 'sh': ['ssh', 'ps', 'ls', 'svn', 'sed']
2025-01-23 20:11:44,950 - AITerm - INFO - logger:54 - New fuzzy matches: ['ssh', 'ps', 'ls', 'svn', 'sed']
2025-01-23 20:11:44,950 - AITerm - INFO - logger:54 - Final suggestions: ['ssh', 'ps', 'ls', 'svn', 'sed']
2025-01-23 20:11:44,950 - AITerm - INFO - logger:54 - Got suggestions: ['ssh', 'ps', 'ls', 'svn', 'sed']
2025-01-23 20:11:44,950 - AITerm - INFO - logger:54 - Showing dropdown with 5 suggestions at (134, 672)
2025-01-23 20:11:44,950 - AITerm - INFO - logger:54 - Setting geometry to: 1x1+34+59
2025-01-23 20:11:44,955 - AITerm - INFO - logger:54 - Dropdown shown and configured
2025-01-23 20:11:45,118 - AITerm - DEBUG - logger:51 - Key released: h, current text: show
2025-01-23 20:11:45,118 - AITerm - INFO - logger:54 - Updating suggestions for text: 'show'
2025-01-23 20:11:45,118 - AITerm - INFO - logger:54 - Getting suggestions for text: 'show'
2025-01-23 20:11:45,118 - AITerm - INFO - logger:54 - Prefix matches for 'show': []
2025-01-23 20:11:45,118 - AITerm - INFO - logger:54 - Fuzzy matches for 'show': ['ssh', 'sort', 'echo', 'python', 'wc']
2025-01-23 20:11:45,118 - AITerm - INFO - logger:54 - New fuzzy matches: ['ssh', 'sort', 'echo', 'python', 'wc']
2025-01-23 20:11:45,118 - AITerm - INFO - logger:54 - Final suggestions: ['ssh', 'sort', 'echo', 'python', 'wc']
2025-01-23 20:11:45,118 - AITerm - INFO - logger:54 - Got suggestions: ['ssh', 'sort', 'echo', 'python', 'wc']
2025-01-23 20:11:45,119 - AITerm - INFO - logger:54 - Showing dropdown with 5 suggestions at (134, 672)
2025-01-23 20:11:45,120 - AITerm - INFO - logger:54 - Setting geometry to: 404x184+134+672
2025-01-23 20:11:45,121 - AITerm - INFO - logger:54 - Dropdown shown and configured
2025-01-23 20:11:45,150 - AITerm - DEBUG - logger:51 - Key released: o, current text: show
2025-01-23 20:11:45,150 - AITerm - INFO - logger:54 - Updating suggestions for text: 'show'
2025-01-23 20:11:45,150 - AITerm - INFO - logger:54 - Getting suggestions for text: 'show'
2025-01-23 20:11:45,150 - AITerm - INFO - logger:54 - Prefix matches for 'show': []
2025-01-23 20:11:45,151 - AITerm - INFO - logger:54 - Fuzzy matches for 'show': ['ssh', 'sort', 'echo', 'python', 'wc']
2025-01-23 20:11:45,151 - AITerm - INFO - logger:54 - New fuzzy matches: ['ssh', 'sort', 'echo', 'python', 'wc']
2025-01-23 20:11:45,151 - AITerm - INFO - logger:54 - Final suggestions: ['ssh', 'sort', 'echo', 'python', 'wc']
2025-01-23 20:11:45,151 - AITerm - INFO - logger:54 - Got suggestions: ['ssh', 'sort', 'echo', 'python', 'wc']
2025-01-23 20:11:45,151 - AITerm - INFO - logger:54 - Showing dropdown with 5 suggestions at (134, 672)
2025-01-23 20:11:45,152 - AITerm - INFO - logger:54 - Setting geometry to: 404x184+134+672
2025-01-23 20:11:45,153 - AITerm - INFO - logger:54 - Dropdown shown and configured
2025-01-23 20:11:45,241 - AITerm - DEBUG - logger:51 - Key released: w, current text: show
2025-01-23 20:11:45,242 - AITerm - INFO - logger:54 - Updating suggestions for text: 'show'
2025-01-23 20:11:45,242 - AITerm - INFO - logger:54 - Getting suggestions for text: 'show'
2025-01-23 20:11:45,242 - AITerm - INFO - logger:54 - Prefix matches for 'show': []
2025-01-23 20:11:45,242 - AITerm - INFO - logger:54 - Fuzzy matches for 'show': ['ssh', 'sort', 'echo', 'python', 'wc']
2025-01-23 20:11:45,242 - AITerm - INFO - logger:54 - New fuzzy matches: ['ssh', 'sort', 'echo', 'python', 'wc']
2025-01-23 20:11:45,242 - AITerm - INFO - logger:54 - Final suggestions: ['ssh', 'sort', 'echo', 'python', 'wc']
2025-01-23 20:11:45,242 - AITerm - INFO - logger:54 - Got suggestions: ['ssh', 'sort', 'echo', 'python', 'wc']
2025-01-23 20:11:45,242 - AITerm - INFO - logger:54 - Showing dropdown with 5 suggestions at (134, 672)
2025-01-23 20:11:45,244 - AITerm - INFO - logger:54 - Setting geometry to: 404x184+134+672
2025-01-23 20:11:45,245 - AITerm - INFO - logger:54 - Dropdown shown and configured
2025-01-23 20:11:45,377 - AITerm - DEBUG - logger:51 - Key released: space, current text: show 
2025-01-23 20:11:45,377 - AITerm - INFO - logger:54 - Updating suggestions for text: 'show '
2025-01-23 20:11:45,377 - AITerm - INFO - logger:54 - Getting suggestions for text: 'show'
2025-01-23 20:11:45,377 - AITerm - INFO - logger:54 - Prefix matches for 'show': []
2025-01-23 20:11:45,377 - AITerm - INFO - logger:54 - Fuzzy matches for 'show': ['ssh', 'sort', 'echo', 'python', 'wc']
2025-01-23 20:11:45,377 - AITerm - INFO - logger:54 - New fuzzy matches: ['ssh', 'sort', 'echo', 'python', 'wc']
2025-01-23 20:11:45,378 - AITerm - INFO - logger:54 - Final suggestions: ['ssh', 'sort', 'echo', 'python', 'wc']
2025-01-23 20:11:45,378 - AITerm - INFO - logger:54 - Got suggestions: ['ssh', 'sort', 'echo', 'python', 'wc']
2025-01-23 20:11:45,378 - AITerm - INFO - logger:54 - Showing dropdown with 5 suggestions at (134, 672)
2025-01-23 20:11:45,379 - AITerm - INFO - logger:54 - Setting geometry to: 404x184+134+672
2025-01-23 20:11:45,380 - AITerm - INFO - logger:54 - Dropdown shown and configured
2025-01-23 20:11:49,381 - AITerm - DEBUG - logger:51 - Key released: c, current text: show cu
2025-01-23 20:11:49,381 - AITerm - INFO - logger:54 - Updating suggestions for text: 'show cu'
2025-01-23 20:11:49,381 - AITerm - INFO - logger:54 - Getting suggestions for text: 'show'
2025-01-23 20:11:49,381 - AITerm - INFO - logger:54 - Trying path completion for: ./cu*
2025-01-23 20:11:49,382 - AITerm - INFO - logger:54 - Final suggestions: []
2025-01-23 20:11:49,382 - AITerm - INFO - logger:54 - Got suggestions: []
2025-01-23 20:11:49,382 - AITerm - INFO - logger:54 - Hiding dropdown
2025-01-23 20:11:49,449 - AITerm - DEBUG - logger:51 - Key released: u, current text: show cu
2025-01-23 20:11:49,449 - AITerm - INFO - logger:54 - Updating suggestions for text: 'show cu'
2025-01-23 20:11:49,450 - AITerm - INFO - logger:54 - Getting suggestions for text: 'show'
2025-01-23 20:11:49,450 - AITerm - INFO - logger:54 - Trying path completion for: ./cu*
2025-01-23 20:11:49,450 - AITerm - INFO - logger:54 - Final suggestions: []
2025-01-23 20:11:49,450 - AITerm - INFO - logger:54 - Got suggestions: []
2025-01-23 20:11:49,629 - AITerm - DEBUG - logger:51 - Key released: r, current text: show cur
2025-01-23 20:11:49,629 - AITerm - INFO - logger:54 - Updating suggestions for text: 'show cur'
2025-01-23 20:11:49,629 - AITerm - INFO - logger:54 - Getting suggestions for text: 'show'
2025-01-23 20:11:49,629 - AITerm - INFO - logger:54 - Trying path completion for: ./cur*
2025-01-23 20:11:49,630 - AITerm - INFO - logger:54 - Final suggestions: []
2025-01-23 20:11:49,630 - AITerm - INFO - logger:54 - Got suggestions: []
2025-01-23 20:11:49,876 - AITerm - DEBUG - logger:51 - Key released: r, current text: show curre
2025-01-23 20:11:49,876 - AITerm - INFO - logger:54 - Updating suggestions for text: 'show curre'
2025-01-23 20:11:49,877 - AITerm - INFO - logger:54 - Getting suggestions for text: 'show'
2025-01-23 20:11:49,877 - AITerm - INFO - logger:54 - Trying path completion for: ./curre*
2025-01-23 20:11:49,877 - AITerm - INFO - logger:54 - Final suggestions: []
2025-01-23 20:11:49,877 - AITerm - INFO - logger:54 - Got suggestions: []
2025-01-23 20:11:49,966 - AITerm - DEBUG - logger:51 - Key released: e, current text: show curren
2025-01-23 20:11:49,966 - AITerm - INFO - logger:54 - Updating suggestions for text: 'show curren'
2025-01-23 20:11:49,966 - AITerm - INFO - logger:54 - Getting suggestions for text: 'show'
2025-01-23 20:11:49,966 - AITerm - INFO - logger:54 - Trying path completion for: ./curren*
2025-01-23 20:11:49,967 - AITerm - INFO - logger:54 - Final suggestions: []
2025-01-23 20:11:49,967 - AITerm - INFO - logger:54 - Got suggestions: []
2025-01-23 20:11:50,044 - AITerm - DEBUG - logger:51 - Key released: n, current text: show current
2025-01-23 20:11:50,044 - AITerm - INFO - logger:54 - Updating suggestions for text: 'show current'
2025-01-23 20:11:50,044 - AITerm - INFO - logger:54 - Getting suggestions for text: 'show'
2025-01-23 20:11:50,044 - AITerm - INFO - logger:54 - Trying path completion for: ./current*
2025-01-23 20:11:50,045 - AITerm - INFO - logger:54 - Final suggestions: []
2025-01-23 20:11:50,045 - AITerm - INFO - logger:54 - Got suggestions: []
2025-01-23 20:11:50,157 - AITerm - DEBUG - logger:51 - Key released: t, current text: show current 
2025-01-23 20:11:50,158 - AITerm - INFO - logger:54 - Updating suggestions for text: 'show current '
2025-01-23 20:11:50,158 - AITerm - INFO - logger:54 - Getting suggestions for text: 'show'
2025-01-23 20:11:50,158 - AITerm - INFO - logger:54 - Trying path completion for: ./current*
2025-01-23 20:11:50,158 - AITerm - INFO - logger:54 - Final suggestions: []
2025-01-23 20:11:50,158 - AITerm - INFO - logger:54 - Got suggestions: []
2025-01-23 20:11:50,235 - AITerm - DEBUG - logger:51 - Key released: space, current text: show current 
2025-01-23 20:11:50,236 - AITerm - INFO - logger:54 - Updating suggestions for text: 'show current '
2025-01-23 20:11:50,236 - AITerm - INFO - logger:54 - Getting suggestions for text: 'show'
2025-01-23 20:11:50,236 - AITerm - INFO - logger:54 - Trying path completion for: ./current*
2025-01-23 20:11:50,236 - AITerm - INFO - logger:54 - Final suggestions: []
2025-01-23 20:11:50,236 - AITerm - INFO - logger:54 - Got suggestions: []
2025-01-23 20:11:50,518 - AITerm - DEBUG - logger:51 - Key released: c, current text: show current ci
2025-01-23 20:11:50,518 - AITerm - INFO - logger:54 - Updating suggestions for text: 'show current ci'
2025-01-23 20:11:50,518 - AITerm - INFO - logger:54 - Getting suggestions for text: 'show'
2025-01-23 20:11:50,518 - AITerm - INFO - logger:54 - Trying path completion for: ./ci*
2025-01-23 20:11:50,518 - AITerm - INFO - logger:54 - Final suggestions: []
2025-01-23 20:11:50,518 - AITerm - INFO - logger:54 - Got suggestions: []
2025-01-23 20:11:50,539 - AITerm - DEBUG - logger:51 - Key released: i, current text: show current ci
2025-01-23 20:11:50,540 - AITerm - INFO - logger:54 - Updating suggestions for text: 'show current ci'
2025-01-23 20:11:50,540 - AITerm - INFO - logger:54 - Getting suggestions for text: 'show'
2025-01-23 20:11:50,540 - AITerm - INFO - logger:54 - Trying path completion for: ./ci*
2025-01-23 20:11:50,540 - AITerm - INFO - logger:54 - Final suggestions: []
2025-01-23 20:11:50,540 - AITerm - INFO - logger:54 - Got suggestions: []
2025-01-23 20:11:50,889 - AITerm - DEBUG - logger:51 - Key released: r, current text: show current cir
2025-01-23 20:11:50,889 - AITerm - INFO - logger:54 - Updating suggestions for text: 'show current cir'
2025-01-23 20:11:50,889 - AITerm - INFO - logger:54 - Getting suggestions for text: 'show'
2025-01-23 20:11:50,889 - AITerm - INFO - logger:54 - Trying path completion for: ./cir*
2025-01-23 20:11:50,890 - AITerm - INFO - logger:54 - Final suggestions: []
2025-01-23 20:11:50,890 - AITerm - INFO - logger:54 - Got suggestions: []
2025-01-23 20:11:51,485 - AITerm - DEBUG - logger:51 - Key released: BackSpace, current text: show current ci
2025-01-23 20:11:51,485 - AITerm - INFO - logger:54 - Updating suggestions for text: 'show current ci'
2025-01-23 20:11:51,485 - AITerm - INFO - logger:54 - Getting suggestions for text: 'show'
2025-01-23 20:11:51,485 - AITerm - INFO - logger:54 - Trying path completion for: ./ci*
2025-01-23 20:11:51,485 - AITerm - INFO - logger:54 - Final suggestions: []
2025-01-23 20:11:51,485 - AITerm - INFO - logger:54 - Got suggestions: []
2025-01-23 20:11:51,643 - AITerm - DEBUG - logger:51 - Key released: BackSpace, current text: show current c
2025-01-23 20:11:51,643 - AITerm - INFO - logger:54 - Updating suggestions for text: 'show current c'
2025-01-23 20:11:51,643 - AITerm - INFO - logger:54 - Getting suggestions for text: 'show'
2025-01-23 20:11:51,643 - AITerm - INFO - logger:54 - Trying path completion for: ./c*
2025-01-23 20:11:51,643 - AITerm - INFO - logger:54 - Path suggestions: ['show current ./config.py']
2025-01-23 20:11:51,643 - AITerm - INFO - logger:54 - Final suggestions: ['show current ./config.py']
2025-01-23 20:11:51,643 - AITerm - INFO - logger:54 - Got suggestions: ['show current ./config.py']
2025-01-23 20:11:51,643 - AITerm - INFO - logger:54 - Showing dropdown with 1 suggestions at (134, 672)
2025-01-23 20:11:51,644 - AITerm - INFO - logger:54 - Setting geometry to: 404x184+134+672
2025-01-23 20:11:51,647 - AITerm - INFO - logger:54 - Dropdown shown and configured
2025-01-23 20:11:51,823 - AITerm - DEBUG - logger:51 - Key released: BackSpace, current text: show current 
2025-01-23 20:11:51,823 - AITerm - INFO - logger:54 - Updating suggestions for text: 'show current '
2025-01-23 20:11:51,823 - AITerm - INFO - logger:54 - Getting suggestions for text: 'show'
2025-01-23 20:11:51,823 - AITerm - INFO - logger:54 - Trying path completion for: ./current*
2025-01-23 20:11:51,824 - AITerm - INFO - logger:54 - Final suggestions: []
2025-01-23 20:11:51,824 - AITerm - INFO - logger:54 - Got suggestions: []
2025-01-23 20:11:51,824 - AITerm - INFO - logger:54 - Hiding dropdown
2025-01-23 20:11:52,171 - AITerm - DEBUG - logger:51 - Key released: d, current text: show current di
2025-01-23 20:11:52,171 - AITerm - INFO - logger:54 - Updating suggestions for text: 'show current di'
2025-01-23 20:11:52,171 - AITerm - INFO - logger:54 - Getting suggestions for text: 'show'
2025-01-23 20:11:52,171 - AITerm - INFO - logger:54 - Trying path completion for: ./di*
2025-01-23 20:11:52,172 - AITerm - INFO - logger:54 - Final suggestions: []
2025-01-23 20:11:52,172 - AITerm - INFO - logger:54 - Got suggestions: []
2025-01-23 20:11:52,216 - AITerm - DEBUG - logger:51 - Key released: i, current text: show current di
2025-01-23 20:11:52,216 - AITerm - INFO - logger:54 - Updating suggestions for text: 'show current di'
2025-01-23 20:11:52,217 - AITerm - INFO - logger:54 - Getting suggestions for text: 'show'
2025-01-23 20:11:52,217 - AITerm - INFO - logger:54 - Trying path completion for: ./di*
2025-01-23 20:11:52,217 - AITerm - INFO - logger:54 - Final suggestions: []
2025-01-23 20:11:52,217 - AITerm - INFO - logger:54 - Got suggestions: []
2025-01-23 20:11:52,441 - AITerm - DEBUG - logger:51 - Key released: r, current text: show current dire
2025-01-23 20:11:52,442 - AITerm - INFO - logger:54 - Updating suggestions for text: 'show current dire'
2025-01-23 20:11:52,442 - AITerm - INFO - logger:54 - Getting suggestions for text: 'show'
2025-01-23 20:11:52,442 - AITerm - INFO - logger:54 - Trying path completion for: ./dire*
2025-01-23 20:11:52,442 - AITerm - INFO - logger:54 - Final suggestions: []
2025-01-23 20:11:52,442 - AITerm - INFO - logger:54 - Got suggestions: []
2025-01-23 20:11:52,475 - AITerm - DEBUG - logger:51 - Key released: e, current text: show current dire
2025-01-23 20:11:52,475 - AITerm - INFO - logger:54 - Updating suggestions for text: 'show current dire'
2025-01-23 20:11:52,475 - AITerm - INFO - logger:54 - Getting suggestions for text: 'show'
2025-01-23 20:11:52,475 - AITerm - INFO - logger:54 - Trying path completion for: ./dire*
2025-01-23 20:11:52,476 - AITerm - INFO - logger:54 - Final suggestions: []
2025-01-23 20:11:52,476 - AITerm - INFO - logger:54 - Got suggestions: []
2025-01-23 20:11:52,678 - AITerm - DEBUG - logger:51 - Key released: c, current text: show current direc
2025-01-23 20:11:52,678 - AITerm - INFO - logger:54 - Updating suggestions for text: 'show current direc'
2025-01-23 20:11:52,678 - AITerm - INFO - logger:54 - Getting suggestions for text: 'show'
2025-01-23 20:11:52,679 - AITerm - INFO - logger:54 - Trying path completion for: ./direc*
2025-01-23 20:11:52,679 - AITerm - INFO - logger:54 - Final suggestions: []
2025-01-23 20:11:52,679 - AITerm - INFO - logger:54 - Got suggestions: []
2025-01-23 20:11:52,869 - AITerm - DEBUG - logger:51 - Key released: t, current text: show current directo
2025-01-23 20:11:52,869 - AITerm - INFO - logger:54 - Updating suggestions for text: 'show current directo'
2025-01-23 20:11:52,870 - AITerm - INFO - logger:54 - Getting suggestions for text: 'show'
2025-01-23 20:11:52,870 - AITerm - INFO - logger:54 - Trying path completion for: ./directo*
2025-01-23 20:11:52,870 - AITerm - INFO - logger:54 - Final suggestions: []
2025-01-23 20:11:52,870 - AITerm - INFO - logger:54 - Got suggestions: []
2025-01-23 20:11:52,971 - AITerm - DEBUG - logger:51 - Key released: o, current text: show current director
2025-01-23 20:11:52,971 - AITerm - INFO - logger:54 - Updating suggestions for text: 'show current director'
2025-01-23 20:11:52,971 - AITerm - INFO - logger:54 - Getting suggestions for text: 'show'
2025-01-23 20:11:52,971 - AITerm - INFO - logger:54 - Trying path completion for: ./director*
2025-01-23 20:11:52,971 - AITerm - INFO - logger:54 - Final suggestions: []
2025-01-23 20:11:52,972 - AITerm - INFO - logger:54 - Got suggestions: []
2025-01-23 20:11:53,105 - AITerm - DEBUG - logger:51 - Key released: r, current text: show current directory
2025-01-23 20:11:53,105 - AITerm - INFO - logger:54 - Updating suggestions for text: 'show current directory'
2025-01-23 20:11:53,105 - AITerm - INFO - logger:54 - Getting suggestions for text: 'show'
2025-01-23 20:11:53,105 - AITerm - INFO - logger:54 - Trying path completion for: ./directory*
2025-01-23 20:11:53,105 - AITerm - INFO - logger:54 - Final suggestions: []
2025-01-23 20:11:53,105 - AITerm - INFO - logger:54 - Got suggestions: []
2025-01-23 20:11:53,194 - AITerm - DEBUG - logger:51 - Key released: y, current text: show current directory
2025-01-23 20:11:53,194 - AITerm - INFO - logger:54 - Updating suggestions for text: 'show current directory'
2025-01-23 20:11:53,194 - AITerm - INFO - logger:54 - Getting suggestions for text: 'show'
2025-01-23 20:11:53,194 - AITerm - INFO - logger:54 - Trying path completion for: ./directory*
2025-01-23 20:11:53,194 - AITerm - INFO - logger:54 - Final suggestions: []
2025-01-23 20:11:53,195 - AITerm - INFO - logger:54 - Got suggestions: []
2025-01-23 20:11:54,133 - AITerm - INFO - logger:54 - Interpreted command 'show current directory' as 'pwd'
2025-01-23 20:11:54,134 - AITerm - INFO - logger:54 - Executing command: pwd in /Volumes/wd/code/Python/AITerm
2025-01-23 20:11:54,152 - AITerm - DEBUG - logger:51 - Command stdout: /Volumes/wd/code/Python/AITerm

2025-01-23 20:11:54,152 - AITerm - DEBUG - logger:51 - Command stderr: 
2025-01-23 20:11:54,153 - AITerm - DEBUG - logger:51 - Key released: Return, current text: 
2025-01-23 20:11:54,153 - AITerm - INFO - logger:54 - Updating suggestions for text: ''
2025-01-23 20:11:54,153 - AITerm - INFO - logger:54 - No text to get suggestions for
2025-01-23 20:11:54,154 - AITerm - INFO - logger:54 - Got suggestions: []
2025-01-23 20:12:05,053 - AITerm - DEBUG - logger:51 - Key released: c, current text: c
2025-01-23 20:12:05,053 - AITerm - INFO - logger:54 - Updating suggestions for text: 'c'
2025-01-23 20:12:05,053 - AITerm - INFO - logger:54 - Getting suggestions for text: 'c'
2025-01-23 20:12:05,053 - AITerm - INFO - logger:54 - Prefix matches for 'c': ['cat', 'cd', 'clear', 'cp', 'curl']
2025-01-23 20:12:05,053 - AITerm - INFO - logger:54 - Final suggestions: ['cat', 'cd', 'clear', 'cp', 'curl']
2025-01-23 20:12:05,054 - AITerm - INFO - logger:54 - Got suggestions: ['cat', 'cd', 'clear', 'cp', 'curl']
2025-01-23 20:12:05,054 - AITerm - INFO - logger:54 - Showing dropdown with 5 suggestions at (134, 672)
2025-01-23 20:12:05,054 - AITerm - INFO - logger:54 - Setting geometry to: 404x184+134+672
2025-01-23 20:12:05,057 - AITerm - INFO - logger:54 - Dropdown shown and configured
2025-01-23 20:12:05,300 - AITerm - DEBUG - logger:51 - Key released: d, current text: cd
2025-01-23 20:12:05,300 - AITerm - INFO - logger:54 - Updating suggestions for text: 'cd'
2025-01-23 20:12:05,300 - AITerm - INFO - logger:54 - Getting suggestions for text: 'cd'
2025-01-23 20:12:05,301 - AITerm - INFO - logger:54 - Prefix matches for 'cd': ['cd']
2025-01-23 20:12:05,301 - AITerm - INFO - logger:54 - Fuzzy matches for 'cd': ['cd', 'wc', 'du', 'df']
2025-01-23 20:12:05,301 - AITerm - INFO - logger:54 - New fuzzy matches: ['wc', 'du', 'df']
2025-01-23 20:12:05,301 - AITerm - INFO - logger:54 - Final suggestions: ['cd', 'wc', 'du', 'df']
2025-01-23 20:12:05,301 - AITerm - INFO - logger:54 - Got suggestions: ['cd', 'wc', 'du', 'df']
2025-01-23 20:12:05,301 - AITerm - INFO - logger:54 - Showing dropdown with 4 suggestions at (134, 672)
2025-01-23 20:12:05,302 - AITerm - INFO - logger:54 - Setting geometry to: 404x184+134+672
2025-01-23 20:12:05,303 - AITerm - INFO - logger:54 - Dropdown shown and configured
2025-01-23 20:12:05,447 - AITerm - DEBUG - logger:51 - Key released: space, current text: cd 
2025-01-23 20:12:05,447 - AITerm - INFO - logger:54 - Updating suggestions for text: 'cd '
2025-01-23 20:12:05,447 - AITerm - INFO - logger:54 - Getting suggestions for text: 'cd'
2025-01-23 20:12:05,447 - AITerm - INFO - logger:54 - Prefix matches for 'cd': ['cd']
2025-01-23 20:12:05,447 - AITerm - INFO - logger:54 - Fuzzy matches for 'cd': ['cd', 'wc', 'du', 'df']
2025-01-23 20:12:05,447 - AITerm - INFO - logger:54 - New fuzzy matches: ['wc', 'du', 'df']
2025-01-23 20:12:05,447 - AITerm - INFO - logger:54 - Final suggestions: ['cd', 'wc', 'du', 'df']
2025-01-23 20:12:05,447 - AITerm - INFO - logger:54 - Got suggestions: ['cd', 'wc', 'du', 'df']
2025-01-23 20:12:05,447 - AITerm - INFO - logger:54 - Showing dropdown with 4 suggestions at (134, 672)
2025-01-23 20:12:05,449 - AITerm - INFO - logger:54 - Setting geometry to: 404x184+134+672
2025-01-23 20:12:05,449 - AITerm - INFO - logger:54 - Dropdown shown and configured
2025-01-23 20:12:07,348 - AITerm - INFO - logger:54 - Hiding dropdown
2025-01-23 20:12:07,854 - AITerm - INFO - logger:54 - Interpreted command 'cd' as 'pwd'
2025-01-23 20:12:07,854 - AITerm - INFO - logger:54 - Executing command: pwd in /Volumes/wd/code/Python/AITerm
2025-01-23 20:12:07,872 - AITerm - DEBUG - logger:51 - Command stdout: /Volumes/wd/code/Python/AITerm

2025-01-23 20:12:07,872 - AITerm - DEBUG - logger:51 - Command stderr: 
2025-01-23 20:12:07,873 - AITerm - DEBUG - logger:51 - Key released: Return, current text: 
2025-01-23 20:12:07,874 - AITerm - INFO - logger:54 - Updating suggestions for text: ''
2025-01-23 20:12:07,874 - AITerm - INFO - logger:54 - No text to get suggestions for
2025-01-23 20:12:07,874 - AITerm - INFO - logger:54 - Got suggestions: []
2025-01-23 20:12:09,631 - AITerm - DEBUG - logger:51 - Key released: c, current text: c
2025-01-23 20:12:09,631 - AITerm - INFO - logger:54 - Updating suggestions for text: 'c'
2025-01-23 20:12:09,631 - AITerm - INFO - logger:54 - Getting suggestions for text: 'c'
2025-01-23 20:12:09,632 - AITerm - INFO - logger:54 - Prefix matches for 'c': ['cat', 'cd', 'clear', 'cp', 'curl']
2025-01-23 20:12:09,632 - AITerm - INFO - logger:54 - Final suggestions: ['cat', 'cd', 'clear', 'cp', 'curl']
2025-01-23 20:12:09,632 - AITerm - INFO - logger:54 - Got suggestions: ['cat', 'cd', 'clear', 'cp', 'curl']
2025-01-23 20:12:09,632 - AITerm - INFO - logger:54 - Showing dropdown with 5 suggestions at (134, 672)
2025-01-23 20:12:09,632 - AITerm - INFO - logger:54 - Setting geometry to: 404x184+134+672
2025-01-23 20:12:09,635 - AITerm - INFO - logger:54 - Dropdown shown and configured
2025-01-23 20:12:09,856 - AITerm - DEBUG - logger:51 - Key released: d, current text: cd 
2025-01-23 20:12:09,857 - AITerm - INFO - logger:54 - Updating suggestions for text: 'cd '
2025-01-23 20:12:09,857 - AITerm - INFO - logger:54 - Getting suggestions for text: 'cd'
2025-01-23 20:12:09,857 - AITerm - INFO - logger:54 - Prefix matches for 'cd': ['cd']
2025-01-23 20:12:09,857 - AITerm - INFO - logger:54 - Fuzzy matches for 'cd': ['cd', 'wc', 'du', 'df']
2025-01-23 20:12:09,857 - AITerm - INFO - logger:54 - New fuzzy matches: ['wc', 'du', 'df']
2025-01-23 20:12:09,857 - AITerm - INFO - logger:54 - Final suggestions: ['cd', 'wc', 'du', 'df']
2025-01-23 20:12:09,857 - AITerm - INFO - logger:54 - Got suggestions: ['cd', 'wc', 'du', 'df']
2025-01-23 20:12:09,857 - AITerm - INFO - logger:54 - Showing dropdown with 4 suggestions at (134, 672)
2025-01-23 20:12:09,858 - AITerm - INFO - logger:54 - Setting geometry to: 404x184+134+672
2025-01-23 20:12:09,859 - AITerm - INFO - logger:54 - Dropdown shown and configured
2025-01-23 20:12:09,947 - AITerm - DEBUG - logger:51 - Key released: space, current text: cd 
2025-01-23 20:12:09,947 - AITerm - INFO - logger:54 - Updating suggestions for text: 'cd '
2025-01-23 20:12:09,947 - AITerm - INFO - logger:54 - Getting suggestions for text: 'cd'
2025-01-23 20:12:09,947 - AITerm - INFO - logger:54 - Prefix matches for 'cd': ['cd']
2025-01-23 20:12:09,947 - AITerm - INFO - logger:54 - Fuzzy matches for 'cd': ['cd', 'wc', 'du', 'df']
2025-01-23 20:12:09,948 - AITerm - INFO - logger:54 - New fuzzy matches: ['wc', 'du', 'df']
2025-01-23 20:12:09,948 - AITerm - INFO - logger:54 - Final suggestions: ['cd', 'wc', 'du', 'df']
2025-01-23 20:12:09,948 - AITerm - INFO - logger:54 - Got suggestions: ['cd', 'wc', 'du', 'df']
2025-01-23 20:12:09,948 - AITerm - INFO - logger:54 - Showing dropdown with 4 suggestions at (134, 672)
2025-01-23 20:12:09,949 - AITerm - INFO - logger:54 - Setting geometry to: 404x184+134+672
2025-01-23 20:12:09,949 - AITerm - INFO - logger:54 - Dropdown shown and configured
2025-01-23 20:12:10,116 - AITerm - DEBUG - logger:51 - Key released: ., current text: cd .
2025-01-23 20:12:10,116 - AITerm - INFO - logger:54 - Updating suggestions for text: 'cd .'
2025-01-23 20:12:10,116 - AITerm - INFO - logger:54 - Getting suggestions for text: 'cd'
2025-01-23 20:12:10,116 - AITerm - INFO - logger:54 - Trying path completion for: ./.*
2025-01-23 20:12:10,117 - AITerm - INFO - logger:54 - Path suggestions: ['cd ./.gitignore', 'cd ./.env', 'cd ./.venv/', 'cd ./.git/']
2025-01-23 20:12:10,117 - AITerm - INFO - logger:54 - Final suggestions: ['cd ./.gitignore', 'cd ./.env', 'cd ./.venv/', 'cd ./.git/']
2025-01-23 20:12:10,117 - AITerm - INFO - logger:54 - Got suggestions: ['cd ./.gitignore', 'cd ./.env', 'cd ./.venv/', 'cd ./.git/']
2025-01-23 20:12:10,117 - AITerm - INFO - logger:54 - Showing dropdown with 4 suggestions at (134, 672)
2025-01-23 20:12:10,118 - AITerm - INFO - logger:54 - Setting geometry to: 404x184+134+672
2025-01-23 20:12:10,119 - AITerm - INFO - logger:54 - Dropdown shown and configured
2025-01-23 20:12:10,262 - AITerm - DEBUG - logger:51 - Key released: ., current text: cd ..
2025-01-23 20:12:10,262 - AITerm - INFO - logger:54 - Updating suggestions for text: 'cd ..'
2025-01-23 20:12:10,262 - AITerm - INFO - logger:54 - Getting suggestions for text: 'cd'
2025-01-23 20:12:10,262 - AITerm - INFO - logger:54 - Trying path completion for: ./..*
2025-01-23 20:12:10,262 - AITerm - INFO - logger:54 - Final suggestions: []
2025-01-23 20:12:10,262 - AITerm - INFO - logger:54 - Got suggestions: []
2025-01-23 20:12:10,262 - AITerm - INFO - logger:54 - Hiding dropdown
2025-01-23 20:12:11,334 - AITerm - INFO - logger:54 - Interpreted command 'cd ..' as 'cd /Volumes/wd/code/Python'
2025-01-23 20:12:11,335 - AITerm - INFO - logger:54 - Executing command: cd /Volumes/wd/code/Python in /Volumes/wd/code/Python/AITerm
2025-01-23 20:12:11,353 - AITerm - DEBUG - logger:51 - Command stdout: 
2025-01-23 20:12:11,353 - AITerm - DEBUG - logger:51 - Command stderr: 
2025-01-23 20:12:11,354 - AITerm - DEBUG - logger:51 - Key released: Return, current text: 
2025-01-23 20:12:11,354 - AITerm - INFO - logger:54 - Updating suggestions for text: ''
2025-01-23 20:12:11,354 - AITerm - INFO - logger:54 - No text to get suggestions for
2025-01-23 20:12:11,355 - AITerm - INFO - logger:54 - Got suggestions: []
