2025-01-23 21:23:21,061 - AITerm - INFO - logger:48 - Logger initialized. Log file: logs/aiterm_20250123_212321.log
2025-01-23 21:23:21,354 - AITerm - INFO - logger:54 - Initialized TerminalCompleter with 46 commands
2025-01-23 21:23:21,355 - AITerm - INFO - logger:54 - Initializing SuggestionDropdown
2025-01-23 21:23:21,391 - AITerm - INFO - logger:54 - SuggestionDropdown initialized and hidden
2025-01-23 21:23:23,831 - AITerm - INFO - logger:54 - Key release event - keysym: g, char: g, keycode: 83886183
2025-01-23 21:23:23,831 - AITerm - INFO - logger:54 - Current text: 'gi'
2025-01-23 21:23:23,831 - AITerm - INFO - logger:54 - Getting suggestions for text: 'gi'
2025-01-23 21:23:23,831 - AITerm - INFO - logger:54 - Prefix matches for 'gi': ['git']
2025-01-23 21:23:23,832 - AITerm - INFO - logger:54 - Fuzzy matches for 'gi': ['git', 'gzip', 'zip', 'vim']
2025-01-23 21:23:23,832 - AITerm - INFO - logger:54 - New fuzzy matches: ['gzip', 'zip', 'vim']
2025-01-23 21:23:23,832 - AITerm - INFO - logger:54 - Final suggestions: ['git', 'gzip', 'zip', 'vim']
2025-01-23 21:23:23,832 - AITerm - INFO - logger:54 - Got suggestions: ['git', 'gzip', 'zip', 'vim']
2025-01-23 21:23:23,832 - AITerm - INFO - logger:54 - Showing dropdown at position (134, 672)
2025-01-23 21:23:23,832 - AITerm - INFO - logger:54 - Showing dropdown with 4 suggestions at (134, 672)
2025-01-23 21:23:23,832 - AITerm - INFO - logger:54 - Setting geometry to: 1x1+34+59
2025-01-23 21:23:23,838 - AITerm - INFO - logger:54 - Dropdown shown and configured
2025-01-23 21:23:23,838 - AITerm - INFO - logger:54 - Dropdown visible: True
2025-01-23 21:23:23,838 - AITerm - INFO - logger:54 - Dropdown geometry: 404x184+134+672
2025-01-23 21:23:23,898 - AITerm - INFO - logger:54 - Key release event - keysym: i, char: i, keycode: 570425449
2025-01-23 21:23:23,898 - AITerm - INFO - logger:54 - Current text: 'gi'
2025-01-23 21:23:23,898 - AITerm - INFO - logger:54 - Getting suggestions for text: 'gi'
2025-01-23 21:23:23,898 - AITerm - INFO - logger:54 - Prefix matches for 'gi': ['git']
2025-01-23 21:23:23,898 - AITerm - INFO - logger:54 - Fuzzy matches for 'gi': ['git', 'gzip', 'zip', 'vim']
2025-01-23 21:23:23,898 - AITerm - INFO - logger:54 - New fuzzy matches: ['gzip', 'zip', 'vim']
2025-01-23 21:23:23,898 - AITerm - INFO - logger:54 - Final suggestions: ['git', 'gzip', 'zip', 'vim']
2025-01-23 21:23:23,898 - AITerm - INFO - logger:54 - Got suggestions: ['git', 'gzip', 'zip', 'vim']
2025-01-23 21:23:23,899 - AITerm - INFO - logger:54 - Showing dropdown at position (134, 672)
2025-01-23 21:23:23,899 - AITerm - INFO - logger:54 - Showing dropdown with 4 suggestions at (134, 672)
2025-01-23 21:23:23,900 - AITerm - INFO - logger:54 - Setting geometry to: 404x184+134+672
2025-01-23 21:23:23,901 - AITerm - INFO - logger:54 - Dropdown shown and configured
2025-01-23 21:23:23,901 - AITerm - INFO - logger:54 - Dropdown visible: True
2025-01-23 21:23:23,901 - AITerm - INFO - logger:54 - Dropdown geometry: 404x184+134+672
2025-01-23 21:23:24,045 - AITerm - INFO - logger:54 - Key release event - keysym: t, char: t, keycode: 285212788
2025-01-23 21:23:24,045 - AITerm - INFO - logger:54 - Current text: 'git'
2025-01-23 21:23:24,045 - AITerm - INFO - logger:54 - Getting suggestions for text: 'git'
2025-01-23 21:23:24,045 - AITerm - INFO - logger:54 - Prefix matches for 'git': ['git']
2025-01-23 21:23:24,046 - AITerm - INFO - logger:54 - Fuzzy matches for 'git': ['git', 'wget', 'gzip', 'zip']
2025-01-23 21:23:24,046 - AITerm - INFO - logger:54 - New fuzzy matches: ['wget', 'gzip', 'zip']
2025-01-23 21:23:24,046 - AITerm - INFO - logger:54 - Final suggestions: ['git', 'wget', 'gzip', 'zip']
2025-01-23 21:23:24,046 - AITerm - INFO - logger:54 - Got suggestions: ['git', 'wget', 'gzip', 'zip']
2025-01-23 21:23:24,046 - AITerm - INFO - logger:54 - Showing dropdown at position (134, 672)
2025-01-23 21:23:24,046 - AITerm - INFO - logger:54 - Showing dropdown with 4 suggestions at (134, 672)
2025-01-23 21:23:24,047 - AITerm - INFO - logger:54 - Setting geometry to: 404x184+134+672
2025-01-23 21:23:24,048 - AITerm - INFO - logger:54 - Dropdown shown and configured
2025-01-23 21:23:24,048 - AITerm - INFO - logger:54 - Dropdown visible: True
2025-01-23 21:23:24,048 - AITerm - INFO - logger:54 - Dropdown geometry: 404x184+134+672
2025-01-23 21:23:24,123 - AITerm - INFO - logger:54 - Key release event - keysym: space, char:  , keycode: 822083616
2025-01-23 21:23:24,123 - AITerm - INFO - logger:54 - Current text: 'git '
2025-01-23 21:23:24,124 - AITerm - INFO - logger:54 - Getting suggestions for text: 'git'
2025-01-23 21:23:24,124 - AITerm - INFO - logger:54 - Prefix matches for 'git': ['git']
2025-01-23 21:23:24,124 - AITerm - INFO - logger:54 - Fuzzy matches for 'git': ['git', 'wget', 'gzip', 'zip']
2025-01-23 21:23:24,124 - AITerm - INFO - logger:54 - New fuzzy matches: ['wget', 'gzip', 'zip']
2025-01-23 21:23:24,124 - AITerm - INFO - logger:54 - Final suggestions: ['git', 'wget', 'gzip', 'zip']
2025-01-23 21:23:24,124 - AITerm - INFO - logger:54 - Got suggestions: ['git', 'wget', 'gzip', 'zip']
2025-01-23 21:23:24,124 - AITerm - INFO - logger:54 - Showing dropdown at position (134, 672)
2025-01-23 21:23:24,124 - AITerm - INFO - logger:54 - Showing dropdown with 4 suggestions at (134, 672)
2025-01-23 21:23:24,125 - AITerm - INFO - logger:54 - Setting geometry to: 404x184+134+672
2025-01-23 21:23:24,126 - AITerm - INFO - logger:54 - Dropdown shown and configured
2025-01-23 21:23:24,126 - AITerm - INFO - logger:54 - Dropdown visible: True
2025-01-23 21:23:24,126 - AITerm - INFO - logger:54 - Dropdown geometry: 404x184+134+672
2025-01-23 21:23:24,337 - AITerm - INFO - logger:54 - Key release event - keysym: s, char: s, keycode: 16777331
2025-01-23 21:23:24,337 - AITerm - INFO - logger:54 - Current text: 'git st'
2025-01-23 21:23:24,337 - AITerm - INFO - logger:54 - Getting suggestions for text: 'git'
2025-01-23 21:23:24,337 - AITerm - INFO - logger:54 - Trying path completion for: ./st*
2025-01-23 21:23:24,338 - AITerm - INFO - logger:54 - Final suggestions: []
2025-01-23 21:23:24,338 - AITerm - INFO - logger:54 - Got suggestions: []
2025-01-23 21:23:24,338 - AITerm - INFO - logger:54 - No suggestions, hiding dropdown
2025-01-23 21:23:24,338 - AITerm - INFO - logger:54 - Hiding dropdown
2025-01-23 21:23:24,417 - AITerm - INFO - logger:54 - Key release event - keysym: t, char: t, keycode: 285212788
2025-01-23 21:23:24,417 - AITerm - INFO - logger:54 - Current text: 'git sta'
2025-01-23 21:23:24,417 - AITerm - INFO - logger:54 - Getting suggestions for text: 'git'
2025-01-23 21:23:24,417 - AITerm - INFO - logger:54 - Trying path completion for: ./sta*
2025-01-23 21:23:24,417 - AITerm - INFO - logger:54 - Final suggestions: []
2025-01-23 21:23:24,417 - AITerm - INFO - logger:54 - Got suggestions: []
2025-01-23 21:23:24,417 - AITerm - INFO - logger:54 - No suggestions, hiding dropdown
2025-01-23 21:23:24,518 - AITerm - INFO - logger:54 - Key release event - keysym: a, char: a, keycode: 97
2025-01-23 21:23:24,518 - AITerm - INFO - logger:54 - Current text: 'git stat'
2025-01-23 21:23:24,519 - AITerm - INFO - logger:54 - Getting suggestions for text: 'git'
2025-01-23 21:23:24,519 - AITerm - INFO - logger:54 - Trying path completion for: ./stat*
2025-01-23 21:23:24,519 - AITerm - INFO - logger:54 - Final suggestions: []
2025-01-23 21:23:24,519 - AITerm - INFO - logger:54 - Got suggestions: []
2025-01-23 21:23:24,519 - AITerm - INFO - logger:54 - No suggestions, hiding dropdown
2025-01-23 21:23:24,630 - AITerm - INFO - logger:54 - Key release event - keysym: t, char: t, keycode: 285212788
2025-01-23 21:23:24,630 - AITerm - INFO - logger:54 - Current text: 'git stat'
2025-01-23 21:23:24,630 - AITerm - INFO - logger:54 - Getting suggestions for text: 'git'
2025-01-23 21:23:24,630 - AITerm - INFO - logger:54 - Trying path completion for: ./stat*
2025-01-23 21:23:24,631 - AITerm - INFO - logger:54 - Final suggestions: []
2025-01-23 21:23:24,631 - AITerm - INFO - logger:54 - Got suggestions: []
2025-01-23 21:23:24,631 - AITerm - INFO - logger:54 - No suggestions, hiding dropdown
2025-01-23 21:23:24,765 - AITerm - INFO - logger:54 - Key release event - keysym: u, char: u, keycode: 536871029
2025-01-23 21:23:24,765 - AITerm - INFO - logger:54 - Current text: 'git status'
2025-01-23 21:23:24,765 - AITerm - INFO - logger:54 - Getting suggestions for text: 'git'
2025-01-23 21:23:24,765 - AITerm - INFO - logger:54 - Trying path completion for: ./status*
2025-01-23 21:23:24,765 - AITerm - INFO - logger:54 - Final suggestions: []
2025-01-23 21:23:24,765 - AITerm - INFO - logger:54 - Got suggestions: []
2025-01-23 21:23:24,766 - AITerm - INFO - logger:54 - No suggestions, hiding dropdown
2025-01-23 21:23:24,934 - AITerm - INFO - logger:54 - Key release event - keysym: s, char: s, keycode: 16777331
2025-01-23 21:23:24,934 - AITerm - INFO - logger:54 - Current text: 'git status'
2025-01-23 21:23:24,934 - AITerm - INFO - logger:54 - Getting suggestions for text: 'git'
2025-01-23 21:23:24,934 - AITerm - INFO - logger:54 - Trying path completion for: ./status*
2025-01-23 21:23:24,934 - AITerm - INFO - logger:54 - Final suggestions: []
2025-01-23 21:23:24,934 - AITerm - INFO - logger:54 - Got suggestions: []
2025-01-23 21:23:24,934 - AITerm - INFO - logger:54 - No suggestions, hiding dropdown
2025-01-23 21:23:25,282 - AITerm - INFO - logger:54 - Hiding dropdown
2025-01-23 21:23:25,282 - AITerm - INFO - logger:54 - Executing command: git status
2025-01-23 21:23:25,282 - AITerm - DEBUG - logger:51 - Added command to history. Total commands: 1
2025-01-23 21:23:25,395 - AITerm - INFO - logger:54 - Key release event - keysym: Return, char: , keycode: 603979789
2025-01-23 21:23:25,395 - AITerm - INFO - logger:54 - Ignoring special key: Return
2025-01-23 21:23:28,601 - AITerm - INFO - logger:54 - Key release event - keysym: g, char: g, keycode: 83886183
2025-01-23 21:23:28,601 - AITerm - INFO - logger:54 - Current text: 'gi'
2025-01-23 21:23:28,601 - AITerm - INFO - logger:54 - Getting suggestions for text: 'gi'
2025-01-23 21:23:28,602 - AITerm - INFO - logger:54 - Prefix matches for 'gi': ['git']
2025-01-23 21:23:28,602 - AITerm - INFO - logger:54 - Fuzzy matches for 'gi': ['git', 'gzip', 'zip', 'vim']
2025-01-23 21:23:28,602 - AITerm - INFO - logger:54 - New fuzzy matches: ['gzip', 'zip', 'vim']
2025-01-23 21:23:28,602 - AITerm - INFO - logger:54 - Final suggestions: ['git', 'gzip', 'zip', 'vim']
2025-01-23 21:23:28,602 - AITerm - INFO - logger:54 - Got suggestions: ['git', 'gzip', 'zip', 'vim']
2025-01-23 21:23:28,602 - AITerm - INFO - logger:54 - Showing dropdown at position (134, 672)
2025-01-23 21:23:28,602 - AITerm - INFO - logger:54 - Showing dropdown with 4 suggestions at (134, 672)
2025-01-23 21:23:28,603 - AITerm - INFO - logger:54 - Setting geometry to: 404x184+134+672
2025-01-23 21:23:28,606 - AITerm - INFO - logger:54 - Dropdown shown and configured
2025-01-23 21:23:28,606 - AITerm - INFO - logger:54 - Dropdown visible: True
2025-01-23 21:23:28,606 - AITerm - INFO - logger:54 - Dropdown geometry: 404x184+134+672
2025-01-23 21:23:28,646 - AITerm - INFO - logger:54 - Key release event - keysym: i, char: i, keycode: 570425449
2025-01-23 21:23:28,646 - AITerm - INFO - logger:54 - Current text: 'gi'
2025-01-23 21:23:28,646 - AITerm - INFO - logger:54 - Getting suggestions for text: 'gi'
2025-01-23 21:23:28,646 - AITerm - INFO - logger:54 - Prefix matches for 'gi': ['git']
2025-01-23 21:23:28,646 - AITerm - INFO - logger:54 - Fuzzy matches for 'gi': ['git', 'gzip', 'zip', 'vim']
2025-01-23 21:23:28,647 - AITerm - INFO - logger:54 - New fuzzy matches: ['gzip', 'zip', 'vim']
2025-01-23 21:23:28,647 - AITerm - INFO - logger:54 - Final suggestions: ['git', 'gzip', 'zip', 'vim']
2025-01-23 21:23:28,647 - AITerm - INFO - logger:54 - Got suggestions: ['git', 'gzip', 'zip', 'vim']
2025-01-23 21:23:28,647 - AITerm - INFO - logger:54 - Showing dropdown at position (134, 672)
2025-01-23 21:23:28,647 - AITerm - INFO - logger:54 - Showing dropdown with 4 suggestions at (134, 672)
2025-01-23 21:23:28,648 - AITerm - INFO - logger:54 - Setting geometry to: 404x184+134+672
2025-01-23 21:23:28,649 - AITerm - INFO - logger:54 - Dropdown shown and configured
2025-01-23 21:23:28,649 - AITerm - INFO - logger:54 - Dropdown visible: True
2025-01-23 21:23:28,649 - AITerm - INFO - logger:54 - Dropdown geometry: 404x184+134+672
2025-01-23 21:23:28,814 - AITerm - INFO - logger:54 - Key release event - keysym: t, char: t, keycode: 285212788
2025-01-23 21:23:28,814 - AITerm - INFO - logger:54 - Current text: 'git '
2025-01-23 21:23:28,814 - AITerm - INFO - logger:54 - Getting suggestions for text: 'git'
2025-01-23 21:23:28,814 - AITerm - INFO - logger:54 - Prefix matches for 'git': ['git']
2025-01-23 21:23:28,814 - AITerm - INFO - logger:54 - Fuzzy matches for 'git': ['git', 'wget', 'gzip', 'zip']
2025-01-23 21:23:28,814 - AITerm - INFO - logger:54 - New fuzzy matches: ['wget', 'gzip', 'zip']
2025-01-23 21:23:28,814 - AITerm - INFO - logger:54 - Final suggestions: ['git', 'wget', 'gzip', 'zip']
2025-01-23 21:23:28,814 - AITerm - INFO - logger:54 - Got suggestions: ['git', 'wget', 'gzip', 'zip']
2025-01-23 21:23:28,815 - AITerm - INFO - logger:54 - Showing dropdown at position (134, 672)
2025-01-23 21:23:28,815 - AITerm - INFO - logger:54 - Showing dropdown with 4 suggestions at (134, 672)
2025-01-23 21:23:28,816 - AITerm - INFO - logger:54 - Setting geometry to: 404x184+134+672
2025-01-23 21:23:28,817 - AITerm - INFO - logger:54 - Dropdown shown and configured
2025-01-23 21:23:28,817 - AITerm - INFO - logger:54 - Dropdown visible: True
2025-01-23 21:23:28,817 - AITerm - INFO - logger:54 - Dropdown geometry: 404x184+134+672
2025-01-23 21:23:28,882 - AITerm - INFO - logger:54 - Key release event - keysym: space, char:  , keycode: 822083616
2025-01-23 21:23:28,883 - AITerm - INFO - logger:54 - Current text: 'git '
2025-01-23 21:23:28,883 - AITerm - INFO - logger:54 - Getting suggestions for text: 'git'
2025-01-23 21:23:28,883 - AITerm - INFO - logger:54 - Prefix matches for 'git': ['git']
2025-01-23 21:23:28,883 - AITerm - INFO - logger:54 - Fuzzy matches for 'git': ['git', 'wget', 'gzip', 'zip']
2025-01-23 21:23:28,883 - AITerm - INFO - logger:54 - New fuzzy matches: ['wget', 'gzip', 'zip']
2025-01-23 21:23:28,883 - AITerm - INFO - logger:54 - Final suggestions: ['git', 'wget', 'gzip', 'zip']
2025-01-23 21:23:28,883 - AITerm - INFO - logger:54 - Got suggestions: ['git', 'wget', 'gzip', 'zip']
2025-01-23 21:23:28,883 - AITerm - INFO - logger:54 - Showing dropdown at position (134, 672)
2025-01-23 21:23:28,883 - AITerm - INFO - logger:54 - Showing dropdown with 4 suggestions at (134, 672)
2025-01-23 21:23:28,885 - AITerm - INFO - logger:54 - Setting geometry to: 404x184+134+672
2025-01-23 21:23:28,886 - AITerm - INFO - logger:54 - Dropdown shown and configured
2025-01-23 21:23:28,886 - AITerm - INFO - logger:54 - Dropdown visible: True
2025-01-23 21:23:28,886 - AITerm - INFO - logger:54 - Dropdown geometry: 404x184+134+672
2025-01-23 21:23:29,141 - AITerm - INFO - logger:54 - Key release event - keysym: s, char: s, keycode: 16777331
2025-01-23 21:23:29,142 - AITerm - INFO - logger:54 - Current text: 'git sh'
2025-01-23 21:23:29,142 - AITerm - INFO - logger:54 - Getting suggestions for text: 'git'
2025-01-23 21:23:29,142 - AITerm - INFO - logger:54 - Trying path completion for: ./sh*
2025-01-23 21:23:29,142 - AITerm - INFO - logger:54 - Final suggestions: []
2025-01-23 21:23:29,142 - AITerm - INFO - logger:54 - Got suggestions: []
2025-01-23 21:23:29,142 - AITerm - INFO - logger:54 - No suggestions, hiding dropdown
2025-01-23 21:23:29,143 - AITerm - INFO - logger:54 - Hiding dropdown
2025-01-23 21:23:29,253 - AITerm - INFO - logger:54 - Key release event - keysym: h, char: h, keycode: 67108968
2025-01-23 21:23:29,253 - AITerm - INFO - logger:54 - Current text: 'git sho'
2025-01-23 21:23:29,253 - AITerm - INFO - logger:54 - Getting suggestions for text: 'git'
2025-01-23 21:23:29,253 - AITerm - INFO - logger:54 - Trying path completion for: ./sho*
2025-01-23 21:23:29,254 - AITerm - INFO - logger:54 - Final suggestions: []
2025-01-23 21:23:29,254 - AITerm - INFO - logger:54 - Got suggestions: []
2025-01-23 21:23:29,254 - AITerm - INFO - logger:54 - No suggestions, hiding dropdown
2025-01-23 21:23:29,298 - AITerm - INFO - logger:54 - Key release event - keysym: o, char: o, keycode: 520093807
2025-01-23 21:23:29,298 - AITerm - INFO - logger:54 - Current text: 'git show'
2025-01-23 21:23:29,298 - AITerm - INFO - logger:54 - Getting suggestions for text: 'git'
2025-01-23 21:23:29,298 - AITerm - INFO - logger:54 - Trying path completion for: ./show*
2025-01-23 21:23:29,299 - AITerm - INFO - logger:54 - Final suggestions: []
2025-01-23 21:23:29,299 - AITerm - INFO - logger:54 - Got suggestions: []
2025-01-23 21:23:29,299 - AITerm - INFO - logger:54 - No suggestions, hiding dropdown
2025-01-23 21:23:29,401 - AITerm - INFO - logger:54 - Key release event - keysym: w, char: w, keycode: 218103927
2025-01-23 21:23:29,401 - AITerm - INFO - logger:54 - Current text: 'git show'
2025-01-23 21:23:29,401 - AITerm - INFO - logger:54 - Getting suggestions for text: 'git'
2025-01-23 21:23:29,401 - AITerm - INFO - logger:54 - Trying path completion for: ./show*
2025-01-23 21:23:29,401 - AITerm - INFO - logger:54 - Final suggestions: []
2025-01-23 21:23:29,401 - AITerm - INFO - logger:54 - Got suggestions: []
2025-01-23 21:23:29,401 - AITerm - INFO - logger:54 - No suggestions, hiding dropdown
2025-01-23 21:23:29,512 - AITerm - INFO - logger:54 - Key release event - keysym: space, char:  , keycode: 822083616
2025-01-23 21:23:29,512 - AITerm - INFO - logger:54 - Current text: 'git show '
2025-01-23 21:23:29,512 - AITerm - INFO - logger:54 - Getting suggestions for text: 'git'
2025-01-23 21:23:29,512 - AITerm - INFO - logger:54 - Trying path completion for: ./show*
2025-01-23 21:23:29,513 - AITerm - INFO - logger:54 - Final suggestions: []
2025-01-23 21:23:29,513 - AITerm - INFO - logger:54 - Got suggestions: []
2025-01-23 21:23:29,513 - AITerm - INFO - logger:54 - No suggestions, hiding dropdown
2025-01-23 21:23:30,042 - AITerm - INFO - logger:54 - Key release event - keysym: l, char: l, keycode: 620757100
2025-01-23 21:23:30,042 - AITerm - INFO - logger:54 - Current text: 'git show l'
2025-01-23 21:23:30,042 - AITerm - INFO - logger:54 - Getting suggestions for text: 'git'
2025-01-23 21:23:30,042 - AITerm - INFO - logger:54 - Trying path completion for: ./l*
2025-01-23 21:23:30,042 - AITerm - INFO - logger:54 - Path suggestions: ['git show ./logs/']
2025-01-23 21:23:30,042 - AITerm - INFO - logger:54 - Final suggestions: ['git show ./logs/']
2025-01-23 21:23:30,042 - AITerm - INFO - logger:54 - Got suggestions: ['git show ./logs/']
2025-01-23 21:23:30,042 - AITerm - INFO - logger:54 - Showing dropdown at position (134, 672)
2025-01-23 21:23:30,042 - AITerm - INFO - logger:54 - Showing dropdown with 1 suggestions at (134, 672)
2025-01-23 21:23:30,043 - AITerm - INFO - logger:54 - Setting geometry to: 404x184+134+672
2025-01-23 21:23:30,046 - AITerm - INFO - logger:54 - Dropdown shown and configured
2025-01-23 21:23:30,046 - AITerm - INFO - logger:54 - Dropdown visible: True
2025-01-23 21:23:30,046 - AITerm - INFO - logger:54 - Dropdown geometry: 404x184+134+672
2025-01-23 21:23:30,198 - AITerm - INFO - logger:54 - Key release event - keysym: a, char: a, keycode: 97
2025-01-23 21:23:30,199 - AITerm - INFO - logger:54 - Current text: 'git show las'
2025-01-23 21:23:30,199 - AITerm - INFO - logger:54 - Getting suggestions for text: 'git'
2025-01-23 21:23:30,199 - AITerm - INFO - logger:54 - Trying path completion for: ./las*
2025-01-23 21:23:30,199 - AITerm - INFO - logger:54 - Final suggestions: []
2025-01-23 21:23:30,199 - AITerm - INFO - logger:54 - Got suggestions: []
2025-01-23 21:23:30,199 - AITerm - INFO - logger:54 - No suggestions, hiding dropdown
2025-01-23 21:23:30,199 - AITerm - INFO - logger:54 - Hiding dropdown
2025-01-23 21:23:30,289 - AITerm - INFO - logger:54 - Key release event - keysym: s, char: s, keycode: 16777331
2025-01-23 21:23:30,289 - AITerm - INFO - logger:54 - Current text: 'git show las'
2025-01-23 21:23:30,289 - AITerm - INFO - logger:54 - Getting suggestions for text: 'git'
2025-01-23 21:23:30,289 - AITerm - INFO - logger:54 - Trying path completion for: ./las*
2025-01-23 21:23:30,289 - AITerm - INFO - logger:54 - Final suggestions: []
2025-01-23 21:23:30,289 - AITerm - INFO - logger:54 - Got suggestions: []
2025-01-23 21:23:30,289 - AITerm - INFO - logger:54 - No suggestions, hiding dropdown
2025-01-23 21:23:30,469 - AITerm - INFO - logger:54 - Key release event - keysym: t, char: t, keycode: 285212788
2025-01-23 21:23:30,469 - AITerm - INFO - logger:54 - Current text: 'git show last '
2025-01-23 21:23:30,469 - AITerm - INFO - logger:54 - Getting suggestions for text: 'git'
2025-01-23 21:23:30,469 - AITerm - INFO - logger:54 - Trying path completion for: ./last*
2025-01-23 21:23:30,470 - AITerm - INFO - logger:54 - Final suggestions: []
2025-01-23 21:23:30,470 - AITerm - INFO - logger:54 - Got suggestions: []
2025-01-23 21:23:30,470 - AITerm - INFO - logger:54 - No suggestions, hiding dropdown
2025-01-23 21:23:30,536 - AITerm - INFO - logger:54 - Key release event - keysym: space, char:  , keycode: 822083616
2025-01-23 21:23:30,537 - AITerm - INFO - logger:54 - Current text: 'git show last '
2025-01-23 21:23:30,537 - AITerm - INFO - logger:54 - Getting suggestions for text: 'git'
2025-01-23 21:23:30,537 - AITerm - INFO - logger:54 - Trying path completion for: ./last*
2025-01-23 21:23:30,537 - AITerm - INFO - logger:54 - Final suggestions: []
2025-01-23 21:23:30,537 - AITerm - INFO - logger:54 - Got suggestions: []
2025-01-23 21:23:30,537 - AITerm - INFO - logger:54 - No suggestions, hiding dropdown
2025-01-23 21:23:31,132 - AITerm - INFO - logger:54 - Key release event - keysym: 2, char: 2, keycode: 318767154
2025-01-23 21:23:31,132 - AITerm - INFO - logger:54 - Current text: 'git show last 2'
2025-01-23 21:23:31,132 - AITerm - INFO - logger:54 - Getting suggestions for text: 'git'
2025-01-23 21:23:31,132 - AITerm - INFO - logger:54 - Trying path completion for: ./2*
2025-01-23 21:23:31,132 - AITerm - INFO - logger:54 - Final suggestions: []
2025-01-23 21:23:31,132 - AITerm - INFO - logger:54 - Got suggestions: []
2025-01-23 21:23:31,132 - AITerm - INFO - logger:54 - No suggestions, hiding dropdown
2025-01-23 21:23:31,301 - AITerm - INFO - logger:54 - Key release event - keysym: space, char:  , keycode: 822083616
2025-01-23 21:23:31,301 - AITerm - INFO - logger:54 - Current text: 'git show last 2 '
2025-01-23 21:23:31,301 - AITerm - INFO - logger:54 - Getting suggestions for text: 'git'
2025-01-23 21:23:31,301 - AITerm - INFO - logger:54 - Trying path completion for: ./2*
2025-01-23 21:23:31,301 - AITerm - INFO - logger:54 - Final suggestions: []
2025-01-23 21:23:31,302 - AITerm - INFO - logger:54 - Got suggestions: []
2025-01-23 21:23:31,302 - AITerm - INFO - logger:54 - No suggestions, hiding dropdown
2025-01-23 21:23:31,548 - AITerm - INFO - logger:54 - Key release event - keysym: c, char: c, keycode: 134217827
2025-01-23 21:23:31,548 - AITerm - INFO - logger:54 - Current text: 'git show last 2 co'
2025-01-23 21:23:31,548 - AITerm - INFO - logger:54 - Getting suggestions for text: 'git'
2025-01-23 21:23:31,548 - AITerm - INFO - logger:54 - Trying path completion for: ./co*
2025-01-23 21:23:31,549 - AITerm - INFO - logger:54 - Path suggestions: ['git show last 2 ./config.py']
2025-01-23 21:23:31,549 - AITerm - INFO - logger:54 - Final suggestions: ['git show last 2 ./config.py']
2025-01-23 21:23:31,549 - AITerm - INFO - logger:54 - Got suggestions: ['git show last 2 ./config.py']
2025-01-23 21:23:31,549 - AITerm - INFO - logger:54 - Showing dropdown at position (134, 672)
2025-01-23 21:23:31,549 - AITerm - INFO - logger:54 - Showing dropdown with 1 suggestions at (134, 672)
2025-01-23 21:23:31,549 - AITerm - INFO - logger:54 - Setting geometry to: 404x184+134+672
2025-01-23 21:23:31,552 - AITerm - INFO - logger:54 - Dropdown shown and configured
2025-01-23 21:23:31,552 - AITerm - INFO - logger:54 - Dropdown visible: True
2025-01-23 21:23:31,552 - AITerm - INFO - logger:54 - Dropdown geometry: 404x184+134+672
2025-01-23 21:23:31,651 - AITerm - INFO - logger:54 - Key release event - keysym: o, char: o, keycode: 520093807
2025-01-23 21:23:31,651 - AITerm - INFO - logger:54 - Current text: 'git show last 2 com'
2025-01-23 21:23:31,651 - AITerm - INFO - logger:54 - Getting suggestions for text: 'git'
2025-01-23 21:23:31,651 - AITerm - INFO - logger:54 - Trying path completion for: ./com*
2025-01-23 21:23:31,652 - AITerm - INFO - logger:54 - Final suggestions: []
2025-01-23 21:23:31,652 - AITerm - INFO - logger:54 - Got suggestions: []
2025-01-23 21:23:31,652 - AITerm - INFO - logger:54 - No suggestions, hiding dropdown
2025-01-23 21:23:31,652 - AITerm - INFO - logger:54 - Hiding dropdown
2025-01-23 21:23:31,694 - AITerm - INFO - logger:54 - Key release event - keysym: m, char: m, keycode: 771752045
2025-01-23 21:23:31,694 - AITerm - INFO - logger:54 - Current text: 'git show last 2 com'
2025-01-23 21:23:31,694 - AITerm - INFO - logger:54 - Getting suggestions for text: 'git'
2025-01-23 21:23:31,694 - AITerm - INFO - logger:54 - Trying path completion for: ./com*
2025-01-23 21:23:31,694 - AITerm - INFO - logger:54 - Final suggestions: []
2025-01-23 21:23:31,694 - AITerm - INFO - logger:54 - Got suggestions: []
2025-01-23 21:23:31,695 - AITerm - INFO - logger:54 - No suggestions, hiding dropdown
2025-01-23 21:23:31,941 - AITerm - INFO - logger:54 - Key release event - keysym: m, char: m, keycode: 771752045
2025-01-23 21:23:31,941 - AITerm - INFO - logger:54 - Current text: 'git show last 2 commi'
2025-01-23 21:23:31,941 - AITerm - INFO - logger:54 - Getting suggestions for text: 'git'
2025-01-23 21:23:31,941 - AITerm - INFO - logger:54 - Trying path completion for: ./commi*
2025-01-23 21:23:31,942 - AITerm - INFO - logger:54 - Final suggestions: []
2025-01-23 21:23:31,942 - AITerm - INFO - logger:54 - Got suggestions: []
2025-01-23 21:23:31,942 - AITerm - INFO - logger:54 - No suggestions, hiding dropdown
2025-01-23 21:23:32,021 - AITerm - INFO - logger:54 - Key release event - keysym: i, char: i, keycode: 570425449
2025-01-23 21:23:32,021 - AITerm - INFO - logger:54 - Current text: 'git show last 2 commi'
2025-01-23 21:23:32,021 - AITerm - INFO - logger:54 - Getting suggestions for text: 'git'
2025-01-23 21:23:32,021 - AITerm - INFO - logger:54 - Trying path completion for: ./commi*
2025-01-23 21:23:32,021 - AITerm - INFO - logger:54 - Final suggestions: []
2025-01-23 21:23:32,021 - AITerm - INFO - logger:54 - Got suggestions: []
2025-01-23 21:23:32,021 - AITerm - INFO - logger:54 - No suggestions, hiding dropdown
2025-01-23 21:23:32,168 - AITerm - INFO - logger:54 - Key release event - keysym: t, char: t, keycode: 285212788
2025-01-23 21:23:32,168 - AITerm - INFO - logger:54 - Current text: 'git show last 2 commits'
2025-01-23 21:23:32,168 - AITerm - INFO - logger:54 - Getting suggestions for text: 'git'
2025-01-23 21:23:32,168 - AITerm - INFO - logger:54 - Trying path completion for: ./commits*
2025-01-23 21:23:32,168 - AITerm - INFO - logger:54 - Final suggestions: []
2025-01-23 21:23:32,169 - AITerm - INFO - logger:54 - Got suggestions: []
2025-01-23 21:23:32,169 - AITerm - INFO - logger:54 - No suggestions, hiding dropdown
2025-01-23 21:23:32,369 - AITerm - INFO - logger:54 - Key release event - keysym: s, char: s, keycode: 16777331
2025-01-23 21:23:32,370 - AITerm - INFO - logger:54 - Current text: 'git show last 2 commits'
2025-01-23 21:23:32,370 - AITerm - INFO - logger:54 - Getting suggestions for text: 'git'
2025-01-23 21:23:32,370 - AITerm - INFO - logger:54 - Trying path completion for: ./commits*
2025-01-23 21:23:32,370 - AITerm - INFO - logger:54 - Final suggestions: []
2025-01-23 21:23:32,370 - AITerm - INFO - logger:54 - Got suggestions: []
2025-01-23 21:23:32,370 - AITerm - INFO - logger:54 - No suggestions, hiding dropdown
2025-01-23 21:23:32,684 - AITerm - INFO - logger:54 - Hiding dropdown
2025-01-23 21:23:32,684 - AITerm - INFO - logger:54 - Executing command: git show last 2 commits
2025-01-23 21:23:32,684 - AITerm - DEBUG - logger:51 - Added command to history. Total commands: 2
2025-01-23 21:23:32,820 - AITerm - INFO - logger:54 - Key release event - keysym: Return, char: , keycode: 603979789
2025-01-23 21:23:32,820 - AITerm - INFO - logger:54 - Ignoring special key: Return
2025-01-23 21:24:22,973 - AITerm - INFO - logger:54 - Key release event - keysym: c, char: c, keycode: 134217827
2025-01-23 21:24:22,973 - AITerm - INFO - logger:54 - Current text: 'cl'
2025-01-23 21:24:22,973 - AITerm - INFO - logger:54 - Getting suggestions for text: 'cl'
2025-01-23 21:24:22,973 - AITerm - INFO - logger:54 - Prefix matches for 'cl': ['clear']
2025-01-23 21:24:22,973 - AITerm - INFO - logger:54 - Fuzzy matches for 'cl': ['curl', 'clear', 'wc', 'ls']
2025-01-23 21:24:22,973 - AITerm - INFO - logger:54 - New fuzzy matches: ['curl', 'wc', 'ls']
2025-01-23 21:24:22,974 - AITerm - INFO - logger:54 - Final suggestions: ['clear', 'curl', 'wc', 'ls']
2025-01-23 21:24:22,974 - AITerm - INFO - logger:54 - Got suggestions: ['clear', 'curl', 'wc', 'ls']
2025-01-23 21:24:22,974 - AITerm - INFO - logger:54 - Showing dropdown at position (134, 672)
2025-01-23 21:24:22,974 - AITerm - INFO - logger:54 - Showing dropdown with 4 suggestions at (134, 672)
2025-01-23 21:24:22,974 - AITerm - INFO - logger:54 - Setting geometry to: 404x184+134+672
2025-01-23 21:24:22,977 - AITerm - INFO - logger:54 - Dropdown shown and configured
2025-01-23 21:24:22,977 - AITerm - INFO - logger:54 - Dropdown visible: True
2025-01-23 21:24:22,977 - AITerm - INFO - logger:54 - Dropdown geometry: 404x184+134+672
2025-01-23 21:24:23,051 - AITerm - INFO - logger:54 - Key release event - keysym: l, char: l, keycode: 620757100
2025-01-23 21:24:23,052 - AITerm - INFO - logger:54 - Current text: 'cl'
2025-01-23 21:24:23,052 - AITerm - INFO - logger:54 - Getting suggestions for text: 'cl'
2025-01-23 21:24:23,052 - AITerm - INFO - logger:54 - Prefix matches for 'cl': ['clear']
2025-01-23 21:24:23,052 - AITerm - INFO - logger:54 - Fuzzy matches for 'cl': ['curl', 'clear', 'wc', 'ls']
2025-01-23 21:24:23,052 - AITerm - INFO - logger:54 - New fuzzy matches: ['curl', 'wc', 'ls']
2025-01-23 21:24:23,052 - AITerm - INFO - logger:54 - Final suggestions: ['clear', 'curl', 'wc', 'ls']
2025-01-23 21:24:23,052 - AITerm - INFO - logger:54 - Got suggestions: ['clear', 'curl', 'wc', 'ls']
2025-01-23 21:24:23,052 - AITerm - INFO - logger:54 - Showing dropdown at position (134, 672)
2025-01-23 21:24:23,052 - AITerm - INFO - logger:54 - Showing dropdown with 4 suggestions at (134, 672)
2025-01-23 21:24:23,053 - AITerm - INFO - logger:54 - Setting geometry to: 404x184+134+672
2025-01-23 21:24:23,054 - AITerm - INFO - logger:54 - Dropdown shown and configured
2025-01-23 21:24:23,054 - AITerm - INFO - logger:54 - Dropdown visible: True
2025-01-23 21:24:23,054 - AITerm - INFO - logger:54 - Dropdown geometry: 404x184+134+672
2025-01-23 21:24:23,276 - AITerm - INFO - logger:54 - Key release event - keysym: e, char: e, keycode: 234881125
2025-01-23 21:24:23,276 - AITerm - INFO - logger:54 - Current text: 'clea'
2025-01-23 21:24:23,277 - AITerm - INFO - logger:54 - Getting suggestions for text: 'clea'
2025-01-23 21:24:23,277 - AITerm - INFO - logger:54 - Prefix matches for 'clea': ['clear']
2025-01-23 21:24:23,277 - AITerm - INFO - logger:54 - Fuzzy matches for 'clea': ['clear', 'cat', 'less', 'head']
2025-01-23 21:24:23,277 - AITerm - INFO - logger:54 - New fuzzy matches: ['cat', 'less', 'head']
2025-01-23 21:24:23,277 - AITerm - INFO - logger:54 - Final suggestions: ['clear', 'cat', 'less', 'head']
2025-01-23 21:24:23,277 - AITerm - INFO - logger:54 - Got suggestions: ['clear', 'cat', 'less', 'head']
2025-01-23 21:24:23,277 - AITerm - INFO - logger:54 - Showing dropdown at position (134, 672)
2025-01-23 21:24:23,277 - AITerm - INFO - logger:54 - Showing dropdown with 4 suggestions at (134, 672)
2025-01-23 21:24:23,279 - AITerm - INFO - logger:54 - Setting geometry to: 404x184+134+672
2025-01-23 21:24:23,280 - AITerm - INFO - logger:54 - Dropdown shown and configured
2025-01-23 21:24:23,280 - AITerm - INFO - logger:54 - Dropdown visible: True
2025-01-23 21:24:23,280 - AITerm - INFO - logger:54 - Dropdown geometry: 404x184+134+672
2025-01-23 21:24:23,389 - AITerm - INFO - logger:54 - Key release event - keysym: a, char: a, keycode: 97
2025-01-23 21:24:23,390 - AITerm - INFO - logger:54 - Current text: 'clear'
2025-01-23 21:24:23,390 - AITerm - INFO - logger:54 - Getting suggestions for text: 'clear'
2025-01-23 21:24:23,390 - AITerm - INFO - logger:54 - Prefix matches for 'clear': ['clear']
2025-01-23 21:24:23,390 - AITerm - INFO - logger:54 - Fuzzy matches for 'clear': ['clear', 'tar', 'cat', 'less']
2025-01-23 21:24:23,390 - AITerm - INFO - logger:54 - New fuzzy matches: ['tar', 'cat', 'less']
2025-01-23 21:24:23,390 - AITerm - INFO - logger:54 - Final suggestions: ['clear', 'tar', 'cat', 'less']
2025-01-23 21:24:23,390 - AITerm - INFO - logger:54 - Got suggestions: ['clear', 'tar', 'cat', 'less']
2025-01-23 21:24:23,390 - AITerm - INFO - logger:54 - Showing dropdown at position (134, 672)
2025-01-23 21:24:23,390 - AITerm - INFO - logger:54 - Showing dropdown with 4 suggestions at (134, 672)
2025-01-23 21:24:23,391 - AITerm - INFO - logger:54 - Setting geometry to: 404x184+134+672
2025-01-23 21:24:23,392 - AITerm - INFO - logger:54 - Dropdown shown and configured
2025-01-23 21:24:23,392 - AITerm - INFO - logger:54 - Dropdown visible: True
2025-01-23 21:24:23,392 - AITerm - INFO - logger:54 - Dropdown geometry: 404x184+134+672
2025-01-23 21:24:23,514 - AITerm - INFO - logger:54 - Hiding dropdown
2025-01-23 21:24:23,515 - AITerm - INFO - logger:54 - Executing command: clear
2025-01-23 21:24:23,515 - AITerm - DEBUG - logger:51 - Added command to history. Total commands: 3
2025-01-23 21:24:23,518 - AITerm - DEBUG - logger:51 - Clearing terminal output
2025-01-23 21:24:23,525 - AITerm - INFO - logger:54 - Key release event - keysym: r, char: r, keycode: 251658354
2025-01-23 21:24:23,525 - AITerm - INFO - logger:54 - Current text: ''
2025-01-23 21:24:23,525 - AITerm - INFO - logger:54 - No text, hiding suggestions
2025-01-23 21:24:23,625 - AITerm - INFO - logger:54 - Key release event - keysym: Return, char: , keycode: 603979789
2025-01-23 21:24:23,625 - AITerm - INFO - logger:54 - Ignoring special key: Return
