2025-01-23 20:27:54,637 - AITerm - INFO - logger:48 - Logger initialized. Log file: logs/aiterm_20250123_202754.log
2025-01-23 20:27:54,879 - AITerm - INFO - logger:54 - Initialized TerminalCompleter with 46 commands
2025-01-23 20:27:54,879 - AITerm - INFO - logger:54 - Initializing SuggestionDropdown
2025-01-23 20:27:54,912 - AITerm - INFO - logger:54 - SuggestionDropdown initialized and hidden
2025-01-23 20:27:59,642 - AITerm - DEBUG - logger:51 - Key released: l, current text: ls
2025-01-23 20:27:59,642 - AITerm - INFO - logger:54 - Updating suggestions for text: 'ls'
2025-01-23 20:27:59,642 - AITerm - INFO - logger:54 - Getting suggestions for text: 'ls'
2025-01-23 20:27:59,642 - AITerm - INFO - logger:54 - Prefix matches for 'ls': ['ls']
2025-01-23 20:27:59,642 - AITerm - INFO - logger:54 - Fuzzy matches for 'ls': ['ls', 'less', 'ps', 'svn']
2025-01-23 20:27:59,643 - AITerm - INFO - logger:54 - New fuzzy matches: ['less', 'ps', 'svn']
2025-01-23 20:27:59,643 - AITerm - INFO - logger:54 - Final suggestions: ['ls', 'less', 'ps', 'svn']
2025-01-23 20:27:59,643 - AITerm - INFO - logger:54 - Got suggestions: ['ls', 'less', 'ps', 'svn']
2025-01-23 20:27:59,643 - AITerm - INFO - logger:54 - Showing dropdown with 4 suggestions at (134, 672)
2025-01-23 20:27:59,643 - AITerm - INFO - logger:54 - Setting geometry to: 1x1+34+59
2025-01-23 20:27:59,649 - AITerm - INFO - logger:54 - Dropdown shown and configured
2025-01-23 20:27:59,755 - AITerm - DEBUG - logger:51 - Key released: s, current text: ls
2025-01-23 20:27:59,755 - AITerm - INFO - logger:54 - Updating suggestions for text: 'ls'
2025-01-23 20:27:59,755 - AITerm - INFO - logger:54 - Getting suggestions for text: 'ls'
2025-01-23 20:27:59,755 - AITerm - INFO - logger:54 - Prefix matches for 'ls': ['ls']
2025-01-23 20:27:59,755 - AITerm - INFO - logger:54 - Fuzzy matches for 'ls': ['ls', 'less', 'ps', 'svn']
2025-01-23 20:27:59,756 - AITerm - INFO - logger:54 - New fuzzy matches: ['less', 'ps', 'svn']
2025-01-23 20:27:59,756 - AITerm - INFO - logger:54 - Final suggestions: ['ls', 'less', 'ps', 'svn']
2025-01-23 20:27:59,756 - AITerm - INFO - logger:54 - Got suggestions: ['ls', 'less', 'ps', 'svn']
2025-01-23 20:27:59,756 - AITerm - INFO - logger:54 - Showing dropdown with 4 suggestions at (134, 672)
2025-01-23 20:27:59,757 - AITerm - INFO - logger:54 - Setting geometry to: 404x184+134+672
2025-01-23 20:27:59,758 - AITerm - INFO - logger:54 - Dropdown shown and configured
2025-01-23 20:27:59,788 - AITerm - INFO - logger:54 - Hiding dropdown
2025-01-23 20:28:00,989 - AITerm - INFO - logger:54 - Interpreted command 'ls' as 'ls -F'
2025-01-23 20:28:00,989 - AITerm - INFO - logger:54 - Executing command: ls -F in /Volumes/wd/code/Python/AITerm
2025-01-23 20:28:01,016 - AITerm - DEBUG - logger:51 - Command stdout: Info.plist
README.md
aiterm_env/
config.py
logs/
main.py
requirements.txt
setup.py
src/
test.txt

2025-01-23 20:28:01,017 - AITerm - DEBUG - logger:51 - Command stderr: 
2025-01-23 20:28:01,019 - AITerm - DEBUG - logger:51 - Key released: Return, current text: 
2025-01-23 20:28:01,019 - AITerm - INFO - logger:54 - Updating suggestions for text: ''
2025-01-23 20:28:01,019 - AITerm - INFO - logger:54 - No text to get suggestions for
2025-01-23 20:28:01,019 - AITerm - INFO - logger:54 - Got suggestions: []
2025-01-23 20:28:08,823 - AITerm - DEBUG - logger:51 - Key released: m, current text: mor
2025-01-23 20:28:08,823 - AITerm - INFO - logger:54 - Updating suggestions for text: 'mor'
2025-01-23 20:28:08,823 - AITerm - INFO - logger:54 - Getting suggestions for text: 'mor'
2025-01-23 20:28:08,823 - AITerm - INFO - logger:54 - Prefix matches for 'mor': ['more']
2025-01-23 20:28:08,823 - AITerm - INFO - logger:54 - Fuzzy matches for 'mor': ['more', 'sort', 'mkdir', 'rm']
2025-01-23 20:28:08,823 - AITerm - INFO - logger:54 - New fuzzy matches: ['sort', 'mkdir', 'rm']
2025-01-23 20:28:08,823 - AITerm - INFO - logger:54 - Final suggestions: ['more', 'sort', 'mkdir', 'rm']
2025-01-23 20:28:08,823 - AITerm - INFO - logger:54 - Got suggestions: ['more', 'sort', 'mkdir', 'rm']
2025-01-23 20:28:08,823 - AITerm - INFO - logger:54 - Showing dropdown with 4 suggestions at (134, 672)
2025-01-23 20:28:08,824 - AITerm - INFO - logger:54 - Setting geometry to: 404x184+134+672
2025-01-23 20:28:08,827 - AITerm - INFO - logger:54 - Dropdown shown and configured
2025-01-23 20:28:08,878 - AITerm - DEBUG - logger:51 - Key released: o, current text: mor
2025-01-23 20:28:08,878 - AITerm - INFO - logger:54 - Updating suggestions for text: 'mor'
2025-01-23 20:28:08,878 - AITerm - INFO - logger:54 - Getting suggestions for text: 'mor'
2025-01-23 20:28:08,878 - AITerm - INFO - logger:54 - Prefix matches for 'mor': ['more']
2025-01-23 20:28:08,878 - AITerm - INFO - logger:54 - Fuzzy matches for 'mor': ['more', 'sort', 'mkdir', 'rm']
2025-01-23 20:28:08,878 - AITerm - INFO - logger:54 - New fuzzy matches: ['sort', 'mkdir', 'rm']
2025-01-23 20:28:08,878 - AITerm - INFO - logger:54 - Final suggestions: ['more', 'sort', 'mkdir', 'rm']
2025-01-23 20:28:08,878 - AITerm - INFO - logger:54 - Got suggestions: ['more', 'sort', 'mkdir', 'rm']
2025-01-23 20:28:08,878 - AITerm - INFO - logger:54 - Showing dropdown with 4 suggestions at (134, 672)
2025-01-23 20:28:08,879 - AITerm - INFO - logger:54 - Setting geometry to: 404x184+134+672
2025-01-23 20:28:08,880 - AITerm - INFO - logger:54 - Dropdown shown and configured
2025-01-23 20:28:09,002 - AITerm - DEBUG - logger:51 - Key released: r, current text: more
2025-01-23 20:28:09,002 - AITerm - INFO - logger:54 - Updating suggestions for text: 'more'
2025-01-23 20:28:09,002 - AITerm - INFO - logger:54 - Getting suggestions for text: 'more'
2025-01-23 20:28:09,002 - AITerm - INFO - logger:54 - Prefix matches for 'more': ['more']
2025-01-23 20:28:09,003 - AITerm - INFO - logger:54 - Fuzzy matches for 'more': ['more', 'sort', 'node', 'grep']
2025-01-23 20:28:09,003 - AITerm - INFO - logger:54 - New fuzzy matches: ['sort', 'node', 'grep']
2025-01-23 20:28:09,003 - AITerm - INFO - logger:54 - Final suggestions: ['more', 'sort', 'node', 'grep']
2025-01-23 20:28:09,003 - AITerm - INFO - logger:54 - Got suggestions: ['more', 'sort', 'node', 'grep']
2025-01-23 20:28:09,003 - AITerm - INFO - logger:54 - Showing dropdown with 4 suggestions at (134, 672)
2025-01-23 20:28:09,004 - AITerm - INFO - logger:54 - Setting geometry to: 404x184+134+672
2025-01-23 20:28:09,005 - AITerm - INFO - logger:54 - Dropdown shown and configured
2025-01-23 20:28:09,025 - AITerm - DEBUG - logger:51 - Key released: e, current text: more 
2025-01-23 20:28:09,025 - AITerm - INFO - logger:54 - Updating suggestions for text: 'more '
2025-01-23 20:28:09,025 - AITerm - INFO - logger:54 - Getting suggestions for text: 'more'
2025-01-23 20:28:09,025 - AITerm - INFO - logger:54 - Prefix matches for 'more': ['more']
2025-01-23 20:28:09,025 - AITerm - INFO - logger:54 - Fuzzy matches for 'more': ['more', 'sort', 'node', 'grep']
2025-01-23 20:28:09,026 - AITerm - INFO - logger:54 - New fuzzy matches: ['sort', 'node', 'grep']
2025-01-23 20:28:09,026 - AITerm - INFO - logger:54 - Final suggestions: ['more', 'sort', 'node', 'grep']
2025-01-23 20:28:09,026 - AITerm - INFO - logger:54 - Got suggestions: ['more', 'sort', 'node', 'grep']
2025-01-23 20:28:09,026 - AITerm - INFO - logger:54 - Showing dropdown with 4 suggestions at (134, 672)
2025-01-23 20:28:09,027 - AITerm - INFO - logger:54 - Setting geometry to: 404x184+134+672
2025-01-23 20:28:09,028 - AITerm - INFO - logger:54 - Dropdown shown and configured
2025-01-23 20:28:09,103 - AITerm - DEBUG - logger:51 - Key released: space, current text: more 
2025-01-23 20:28:09,103 - AITerm - INFO - logger:54 - Updating suggestions for text: 'more '
2025-01-23 20:28:09,103 - AITerm - INFO - logger:54 - Getting suggestions for text: 'more'
2025-01-23 20:28:09,103 - AITerm - INFO - logger:54 - Prefix matches for 'more': ['more']
2025-01-23 20:28:09,104 - AITerm - INFO - logger:54 - Fuzzy matches for 'more': ['more', 'sort', 'node', 'grep']
2025-01-23 20:28:09,104 - AITerm - INFO - logger:54 - New fuzzy matches: ['sort', 'node', 'grep']
2025-01-23 20:28:09,104 - AITerm - INFO - logger:54 - Final suggestions: ['more', 'sort', 'node', 'grep']
2025-01-23 20:28:09,104 - AITerm - INFO - logger:54 - Got suggestions: ['more', 'sort', 'node', 'grep']
2025-01-23 20:28:09,104 - AITerm - INFO - logger:54 - Showing dropdown with 4 suggestions at (134, 672)
2025-01-23 20:28:09,105 - AITerm - INFO - logger:54 - Setting geometry to: 404x184+134+672
2025-01-23 20:28:09,106 - AITerm - INFO - logger:54 - Dropdown shown and configured
2025-01-23 20:28:09,655 - AITerm - DEBUG - logger:51 - Key released: t, current text: more te
2025-01-23 20:28:09,655 - AITerm - INFO - logger:54 - Updating suggestions for text: 'more te'
2025-01-23 20:28:09,655 - AITerm - INFO - logger:54 - Getting suggestions for text: 'more'
2025-01-23 20:28:09,655 - AITerm - INFO - logger:54 - Trying path completion for: ./te*
2025-01-23 20:28:09,656 - AITerm - INFO - logger:54 - Path suggestions: ['more ./test.txt']
2025-01-23 20:28:09,656 - AITerm - INFO - logger:54 - Final suggestions: ['more ./test.txt']
2025-01-23 20:28:09,656 - AITerm - INFO - logger:54 - Got suggestions: ['more ./test.txt']
2025-01-23 20:28:09,656 - AITerm - INFO - logger:54 - Showing dropdown with 1 suggestions at (134, 672)
2025-01-23 20:28:09,657 - AITerm - INFO - logger:54 - Setting geometry to: 404x184+134+672
2025-01-23 20:28:09,658 - AITerm - INFO - logger:54 - Dropdown shown and configured
2025-01-23 20:28:09,677 - AITerm - DEBUG - logger:51 - Key released: e, current text: more te
2025-01-23 20:28:09,677 - AITerm - INFO - logger:54 - Updating suggestions for text: 'more te'
2025-01-23 20:28:09,677 - AITerm - INFO - logger:54 - Getting suggestions for text: 'more'
2025-01-23 20:28:09,677 - AITerm - INFO - logger:54 - Trying path completion for: ./te*
2025-01-23 20:28:09,677 - AITerm - INFO - logger:54 - Path suggestions: ['more ./test.txt']
2025-01-23 20:28:09,677 - AITerm - INFO - logger:54 - Final suggestions: ['more ./test.txt']
2025-01-23 20:28:09,677 - AITerm - INFO - logger:54 - Got suggestions: ['more ./test.txt']
2025-01-23 20:28:09,678 - AITerm - INFO - logger:54 - Showing dropdown with 1 suggestions at (134, 672)
2025-01-23 20:28:09,678 - AITerm - INFO - logger:54 - Setting geometry to: 404x184+134+672
2025-01-23 20:28:09,679 - AITerm - INFO - logger:54 - Dropdown shown and configured
2025-01-23 20:28:09,900 - AITerm - DEBUG - logger:51 - Key released: s, current text: more test
2025-01-23 20:28:09,901 - AITerm - INFO - logger:54 - Updating suggestions for text: 'more test'
2025-01-23 20:28:09,901 - AITerm - INFO - logger:54 - Getting suggestions for text: 'more'
2025-01-23 20:28:09,901 - AITerm - INFO - logger:54 - Trying path completion for: ./test*
2025-01-23 20:28:09,901 - AITerm - INFO - logger:54 - Path suggestions: ['more ./test.txt']
2025-01-23 20:28:09,901 - AITerm - INFO - logger:54 - Final suggestions: ['more ./test.txt']
2025-01-23 20:28:09,901 - AITerm - INFO - logger:54 - Got suggestions: ['more ./test.txt']
2025-01-23 20:28:09,901 - AITerm - INFO - logger:54 - Showing dropdown with 1 suggestions at (134, 672)
2025-01-23 20:28:09,902 - AITerm - INFO - logger:54 - Setting geometry to: 404x184+134+672
2025-01-23 20:28:09,903 - AITerm - INFO - logger:54 - Dropdown shown and configured
2025-01-23 20:28:10,041 - AITerm - DEBUG - logger:51 - Key released: t, current text: more test
2025-01-23 20:28:10,041 - AITerm - INFO - logger:54 - Updating suggestions for text: 'more test'
2025-01-23 20:28:10,041 - AITerm - INFO - logger:54 - Getting suggestions for text: 'more'
2025-01-23 20:28:10,041 - AITerm - INFO - logger:54 - Trying path completion for: ./test*
2025-01-23 20:28:10,041 - AITerm - INFO - logger:54 - Path suggestions: ['more ./test.txt']
2025-01-23 20:28:10,041 - AITerm - INFO - logger:54 - Final suggestions: ['more ./test.txt']
2025-01-23 20:28:10,041 - AITerm - INFO - logger:54 - Got suggestions: ['more ./test.txt']
2025-01-23 20:28:10,042 - AITerm - INFO - logger:54 - Showing dropdown with 1 suggestions at (134, 672)
2025-01-23 20:28:10,042 - AITerm - INFO - logger:54 - Setting geometry to: 404x184+134+672
2025-01-23 20:28:10,043 - AITerm - INFO - logger:54 - Dropdown shown and configured
2025-01-23 20:28:10,138 - AITerm - DEBUG - logger:51 - Key released: ., current text: more test.
2025-01-23 20:28:10,138 - AITerm - INFO - logger:54 - Updating suggestions for text: 'more test.'
2025-01-23 20:28:10,138 - AITerm - INFO - logger:54 - Getting suggestions for text: 'more'
2025-01-23 20:28:10,138 - AITerm - INFO - logger:54 - Trying path completion for: ./test.*
2025-01-23 20:28:10,138 - AITerm - INFO - logger:54 - Path suggestions: ['more ./test.txt']
2025-01-23 20:28:10,138 - AITerm - INFO - logger:54 - Final suggestions: ['more ./test.txt']
2025-01-23 20:28:10,138 - AITerm - INFO - logger:54 - Got suggestions: ['more ./test.txt']
2025-01-23 20:28:10,138 - AITerm - INFO - logger:54 - Showing dropdown with 1 suggestions at (134, 672)
2025-01-23 20:28:10,139 - AITerm - INFO - logger:54 - Setting geometry to: 404x184+134+672
2025-01-23 20:28:10,140 - AITerm - INFO - logger:54 - Dropdown shown and configured
2025-01-23 20:28:10,318 - AITerm - DEBUG - logger:51 - Key released: t, current text: more test.t
2025-01-23 20:28:10,318 - AITerm - INFO - logger:54 - Updating suggestions for text: 'more test.t'
2025-01-23 20:28:10,318 - AITerm - INFO - logger:54 - Getting suggestions for text: 'more'
2025-01-23 20:28:10,319 - AITerm - INFO - logger:54 - Trying path completion for: ./test.t*
2025-01-23 20:28:10,319 - AITerm - INFO - logger:54 - Path suggestions: ['more ./test.txt']
2025-01-23 20:28:10,319 - AITerm - INFO - logger:54 - Final suggestions: ['more ./test.txt']
2025-01-23 20:28:10,319 - AITerm - INFO - logger:54 - Got suggestions: ['more ./test.txt']
2025-01-23 20:28:10,319 - AITerm - INFO - logger:54 - Showing dropdown with 1 suggestions at (134, 672)
2025-01-23 20:28:10,320 - AITerm - INFO - logger:54 - Setting geometry to: 404x184+134+672
2025-01-23 20:28:10,321 - AITerm - INFO - logger:54 - Dropdown shown and configured
2025-01-23 20:28:10,610 - AITerm - DEBUG - logger:51 - Key released: x, current text: more test.tx
2025-01-23 20:28:10,610 - AITerm - INFO - logger:54 - Updating suggestions for text: 'more test.tx'
2025-01-23 20:28:10,610 - AITerm - INFO - logger:54 - Getting suggestions for text: 'more'
2025-01-23 20:28:10,610 - AITerm - INFO - logger:54 - Trying path completion for: ./test.tx*
2025-01-23 20:28:10,610 - AITerm - INFO - logger:54 - Path suggestions: ['more ./test.txt']
2025-01-23 20:28:10,610 - AITerm - INFO - logger:54 - Final suggestions: ['more ./test.txt']
2025-01-23 20:28:10,610 - AITerm - INFO - logger:54 - Got suggestions: ['more ./test.txt']
2025-01-23 20:28:10,610 - AITerm - INFO - logger:54 - Showing dropdown with 1 suggestions at (134, 672)
2025-01-23 20:28:10,611 - AITerm - INFO - logger:54 - Setting geometry to: 404x184+134+672
2025-01-23 20:28:10,612 - AITerm - INFO - logger:54 - Dropdown shown and configured
2025-01-23 20:28:10,812 - AITerm - DEBUG - logger:51 - Key released: t, current text: more test.txt
2025-01-23 20:28:10,812 - AITerm - INFO - logger:54 - Updating suggestions for text: 'more test.txt'
2025-01-23 20:28:10,812 - AITerm - INFO - logger:54 - Getting suggestions for text: 'more'
2025-01-23 20:28:10,812 - AITerm - INFO - logger:54 - Trying path completion for: ./test.txt*
2025-01-23 20:28:10,813 - AITerm - INFO - logger:54 - Path suggestions: ['more ./test.txt']
2025-01-23 20:28:10,813 - AITerm - INFO - logger:54 - Final suggestions: ['more ./test.txt']
2025-01-23 20:28:10,813 - AITerm - INFO - logger:54 - Got suggestions: ['more ./test.txt']
2025-01-23 20:28:10,813 - AITerm - INFO - logger:54 - Showing dropdown with 1 suggestions at (134, 672)
2025-01-23 20:28:10,814 - AITerm - INFO - logger:54 - Setting geometry to: 404x184+134+672
2025-01-23 20:28:10,815 - AITerm - INFO - logger:54 - Dropdown shown and configured
2025-01-23 20:28:10,892 - AITerm - INFO - logger:54 - Hiding dropdown
2025-01-23 20:28:11,533 - AITerm - INFO - logger:54 - Interpreted command 'more test.txt' as 'cat test.txt'
2025-01-23 20:28:11,533 - AITerm - INFO - logger:54 - Executing command: cat test.txt in /Volumes/wd/code/Python/AITerm
2025-01-23 20:28:11,556 - AITerm - DEBUG - logger:51 - Command stdout: This is a test.

2025-01-23 20:28:11,556 - AITerm - DEBUG - logger:51 - Command stderr: 
2025-01-23 20:28:11,557 - AITerm - DEBUG - logger:51 - Key released: Return, current text: 
2025-01-23 20:28:11,557 - AITerm - INFO - logger:54 - Updating suggestions for text: ''
2025-01-23 20:28:11,557 - AITerm - INFO - logger:54 - No text to get suggestions for
2025-01-23 20:28:11,558 - AITerm - INFO - logger:54 - Got suggestions: []
2025-01-23 20:28:17,405 - AITerm - DEBUG - logger:51 - Key released: p, current text: pw
2025-01-23 20:28:17,405 - AITerm - INFO - logger:54 - Updating suggestions for text: 'pw'
2025-01-23 20:28:17,405 - AITerm - INFO - logger:54 - Getting suggestions for text: 'pw'
2025-01-23 20:28:17,406 - AITerm - INFO - logger:54 - Prefix matches for 'pw': ['pwd']
2025-01-23 20:28:17,406 - AITerm - INFO - logger:54 - Fuzzy matches for 'pw': ['pwd', 'wc', 'ps', 'cp']
2025-01-23 20:28:17,406 - AITerm - INFO - logger:54 - New fuzzy matches: ['wc', 'ps', 'cp']
2025-01-23 20:28:17,406 - AITerm - INFO - logger:54 - Final suggestions: ['pwd', 'wc', 'ps', 'cp']
2025-01-23 20:28:17,406 - AITerm - INFO - logger:54 - Got suggestions: ['pwd', 'wc', 'ps', 'cp']
2025-01-23 20:28:17,406 - AITerm - INFO - logger:54 - Showing dropdown with 4 suggestions at (134, 672)
2025-01-23 20:28:17,407 - AITerm - INFO - logger:54 - Setting geometry to: 404x184+134+672
2025-01-23 20:28:17,410 - AITerm - INFO - logger:54 - Dropdown shown and configured
2025-01-23 20:28:17,552 - AITerm - DEBUG - logger:51 - Key released: w, current text: pwd
2025-01-23 20:28:17,552 - AITerm - INFO - logger:54 - Updating suggestions for text: 'pwd'
2025-01-23 20:28:17,552 - AITerm - INFO - logger:54 - Getting suggestions for text: 'pwd'
2025-01-23 20:28:17,552 - AITerm - INFO - logger:54 - Prefix matches for 'pwd': ['pwd']
2025-01-23 20:28:17,552 - AITerm - INFO - logger:54 - Fuzzy matches for 'pwd': ['pwd', 'wc', 'ps', 'du']
2025-01-23 20:28:17,552 - AITerm - INFO - logger:54 - New fuzzy matches: ['wc', 'ps', 'du']
2025-01-23 20:28:17,552 - AITerm - INFO - logger:54 - Final suggestions: ['pwd', 'wc', 'ps', 'du']
2025-01-23 20:28:17,552 - AITerm - INFO - logger:54 - Got suggestions: ['pwd', 'wc', 'ps', 'du']
2025-01-23 20:28:17,552 - AITerm - INFO - logger:54 - Showing dropdown with 4 suggestions at (134, 672)
2025-01-23 20:28:17,554 - AITerm - INFO - logger:54 - Setting geometry to: 404x184+134+672
2025-01-23 20:28:17,554 - AITerm - INFO - logger:54 - Dropdown shown and configured
2025-01-23 20:28:17,620 - AITerm - DEBUG - logger:51 - Key released: d, current text: pwd
2025-01-23 20:28:17,620 - AITerm - INFO - logger:54 - Updating suggestions for text: 'pwd'
2025-01-23 20:28:17,620 - AITerm - INFO - logger:54 - Getting suggestions for text: 'pwd'
2025-01-23 20:28:17,620 - AITerm - INFO - logger:54 - Prefix matches for 'pwd': ['pwd']
2025-01-23 20:28:17,620 - AITerm - INFO - logger:54 - Fuzzy matches for 'pwd': ['pwd', 'wc', 'ps', 'du']
2025-01-23 20:28:17,620 - AITerm - INFO - logger:54 - New fuzzy matches: ['wc', 'ps', 'du']
2025-01-23 20:28:17,620 - AITerm - INFO - logger:54 - Final suggestions: ['pwd', 'wc', 'ps', 'du']
2025-01-23 20:28:17,620 - AITerm - INFO - logger:54 - Got suggestions: ['pwd', 'wc', 'ps', 'du']
2025-01-23 20:28:17,620 - AITerm - INFO - logger:54 - Showing dropdown with 4 suggestions at (134, 672)
2025-01-23 20:28:17,622 - AITerm - INFO - logger:54 - Setting geometry to: 404x184+134+672
2025-01-23 20:28:17,622 - AITerm - INFO - logger:54 - Dropdown shown and configured
2025-01-23 20:28:17,675 - AITerm - INFO - logger:54 - Hiding dropdown
2025-01-23 20:28:18,150 - AITerm - INFO - logger:54 - Interpreted command 'pwd' as 'pwd'
2025-01-23 20:28:18,150 - AITerm - INFO - logger:54 - Executing command: pwd in /Volumes/wd/code/Python/AITerm
2025-01-23 20:28:18,167 - AITerm - DEBUG - logger:51 - Command stdout: /Volumes/wd/code/Python/AITerm

2025-01-23 20:28:18,167 - AITerm - DEBUG - logger:51 - Command stderr: 
2025-01-23 20:28:18,170 - AITerm - DEBUG - logger:51 - Key released: Return, current text: 
2025-01-23 20:28:18,170 - AITerm - INFO - logger:54 - Updating suggestions for text: ''
2025-01-23 20:28:18,170 - AITerm - INFO - logger:54 - No text to get suggestions for
2025-01-23 20:28:18,171 - AITerm - INFO - logger:54 - Got suggestions: []
2025-01-23 20:28:25,081 - AITerm - DEBUG - logger:51 - Key released: c, current text: c
2025-01-23 20:28:25,081 - AITerm - INFO - logger:54 - Updating suggestions for text: 'c'
2025-01-23 20:28:25,081 - AITerm - INFO - logger:54 - Getting suggestions for text: 'c'
2025-01-23 20:28:25,081 - AITerm - INFO - logger:54 - Prefix matches for 'c': ['cat', 'cd', 'clear', 'cp', 'curl']
2025-01-23 20:28:25,081 - AITerm - INFO - logger:54 - Final suggestions: ['cat', 'cd', 'clear', 'cp', 'curl']
2025-01-23 20:28:25,081 - AITerm - INFO - logger:54 - Got suggestions: ['cat', 'cd', 'clear', 'cp', 'curl']
2025-01-23 20:28:25,081 - AITerm - INFO - logger:54 - Showing dropdown with 5 suggestions at (134, 672)
2025-01-23 20:28:25,082 - AITerm - INFO - logger:54 - Setting geometry to: 404x184+134+672
2025-01-23 20:28:25,086 - AITerm - INFO - logger:54 - Dropdown shown and configured
2025-01-23 20:28:25,341 - AITerm - DEBUG - logger:51 - Key released: d, current text: cd
2025-01-23 20:28:25,341 - AITerm - INFO - logger:54 - Updating suggestions for text: 'cd'
2025-01-23 20:28:25,341 - AITerm - INFO - logger:54 - Getting suggestions for text: 'cd'
2025-01-23 20:28:25,341 - AITerm - INFO - logger:54 - Prefix matches for 'cd': ['cd']
2025-01-23 20:28:25,341 - AITerm - INFO - logger:54 - Fuzzy matches for 'cd': ['cd', 'wc', 'du', 'df']
2025-01-23 20:28:25,341 - AITerm - INFO - logger:54 - New fuzzy matches: ['wc', 'du', 'df']
2025-01-23 20:28:25,341 - AITerm - INFO - logger:54 - Final suggestions: ['cd', 'wc', 'du', 'df']
2025-01-23 20:28:25,341 - AITerm - INFO - logger:54 - Got suggestions: ['cd', 'wc', 'du', 'df']
2025-01-23 20:28:25,342 - AITerm - INFO - logger:54 - Showing dropdown with 4 suggestions at (134, 672)
2025-01-23 20:28:25,343 - AITerm - INFO - logger:54 - Setting geometry to: 404x184+134+672
2025-01-23 20:28:25,344 - AITerm - INFO - logger:54 - Dropdown shown and configured
2025-01-23 20:28:25,487 - AITerm - DEBUG - logger:51 - Key released: space, current text: cd 
2025-01-23 20:28:25,487 - AITerm - INFO - logger:54 - Updating suggestions for text: 'cd '
2025-01-23 20:28:25,487 - AITerm - INFO - logger:54 - Getting suggestions for text: 'cd'
2025-01-23 20:28:25,487 - AITerm - INFO - logger:54 - Prefix matches for 'cd': ['cd']
2025-01-23 20:28:25,487 - AITerm - INFO - logger:54 - Fuzzy matches for 'cd': ['cd', 'wc', 'du', 'df']
2025-01-23 20:28:25,488 - AITerm - INFO - logger:54 - New fuzzy matches: ['wc', 'du', 'df']
2025-01-23 20:28:25,488 - AITerm - INFO - logger:54 - Final suggestions: ['cd', 'wc', 'du', 'df']
2025-01-23 20:28:25,488 - AITerm - INFO - logger:54 - Got suggestions: ['cd', 'wc', 'du', 'df']
2025-01-23 20:28:25,488 - AITerm - INFO - logger:54 - Showing dropdown with 4 suggestions at (134, 672)
2025-01-23 20:28:25,489 - AITerm - INFO - logger:54 - Setting geometry to: 404x184+134+672
2025-01-23 20:28:25,490 - AITerm - INFO - logger:54 - Dropdown shown and configured
2025-01-23 20:28:26,061 - AITerm - DEBUG - logger:51 - Key released: ., current text: cd .
2025-01-23 20:28:26,061 - AITerm - INFO - logger:54 - Updating suggestions for text: 'cd .'
2025-01-23 20:28:26,061 - AITerm - INFO - logger:54 - Getting suggestions for text: 'cd'
2025-01-23 20:28:26,061 - AITerm - INFO - logger:54 - Trying path completion for: ./.*
2025-01-23 20:28:26,061 - AITerm - INFO - logger:54 - Path suggestions: ['cd ./.gitignore', 'cd ./.env', 'cd ./.venv/', 'cd ./.git/']
2025-01-23 20:28:26,061 - AITerm - INFO - logger:54 - Final suggestions: ['cd ./.gitignore', 'cd ./.env', 'cd ./.venv/', 'cd ./.git/']
2025-01-23 20:28:26,062 - AITerm - INFO - logger:54 - Got suggestions: ['cd ./.gitignore', 'cd ./.env', 'cd ./.venv/', 'cd ./.git/']
2025-01-23 20:28:26,062 - AITerm - INFO - logger:54 - Showing dropdown with 4 suggestions at (134, 672)
2025-01-23 20:28:26,063 - AITerm - INFO - logger:54 - Setting geometry to: 404x184+134+672
2025-01-23 20:28:26,064 - AITerm - INFO - logger:54 - Dropdown shown and configured
2025-01-23 20:28:26,196 - AITerm - DEBUG - logger:51 - Key released: ., current text: cd ..
2025-01-23 20:28:26,196 - AITerm - INFO - logger:54 - Updating suggestions for text: 'cd ..'
2025-01-23 20:28:26,196 - AITerm - INFO - logger:54 - Getting suggestions for text: 'cd'
2025-01-23 20:28:26,196 - AITerm - INFO - logger:54 - Trying path completion for: ./..*
2025-01-23 20:28:26,196 - AITerm - INFO - logger:54 - Final suggestions: []
2025-01-23 20:28:26,197 - AITerm - INFO - logger:54 - Got suggestions: []
2025-01-23 20:28:26,197 - AITerm - INFO - logger:54 - Hiding dropdown
2025-01-23 20:28:27,551 - AITerm - INFO - logger:54 - Interpreted command 'cd ..' as 'cd /Volumes/wd/code/Python'
2025-01-23 20:28:27,552 - AITerm - INFO - logger:54 - Executing command: cd /Volumes/wd/code/Python in /Volumes/wd/code/Python/AITerm
2025-01-23 20:28:27,568 - AITerm - DEBUG - logger:51 - Command stdout: 
2025-01-23 20:28:27,569 - AITerm - DEBUG - logger:51 - Command stderr: 
2025-01-23 20:28:27,571 - AITerm - DEBUG - logger:51 - Key released: Return, current text: 
2025-01-23 20:28:27,571 - AITerm - INFO - logger:54 - Updating suggestions for text: ''
2025-01-23 20:28:27,571 - AITerm - INFO - logger:54 - No text to get suggestions for
2025-01-23 20:28:27,571 - AITerm - INFO - logger:54 - Got suggestions: []
